task9.1_d21tDBmNERaLSVMw3d21tDBmNERaLSVMw3m1 does not follow the convention file name for the task!

Strict matching (boundaries + type)
cor	inc	par	mis	spu	total	prec	recall	F1
210	41	0	53	35	304	0.73	0.69	0.71



Exact matching
cor	inc	par	mis	spu	total	prec	recall	F1
220	31	0	53	35	304	0.77	0.72	0.75



Partial matching
cor	inc	par	mis	spu	total	prec	recall	F1
220	0	31	53	35	304	0.77	0.77	0.77



type matching
cor	inc	par	mis	spu	total	prec	recall	F1
237	14	0	53	35	304	0.83	0.78	0.8



SCORES FOR ENTITY TYPE
Exact matching on drug
cor	inc	par	mis	spu	total	prec	recall	F1
153	11	0	16	11	180	0.87	0.85	0.86


Exact matching on brand
cor	inc	par	mis	spu	total	prec	recall	F1
18	5	0	30	4	53	0.67	0.34	0.45


Exact matching on group
cor	inc	par	mis	spu	total	prec	recall	F1
39	11	0	15	11	65	0.64	0.6	0.62


Exact matching on drug_n
cor	inc	par	mis	spu	total	prec	recall	F1
0	0	0	6	0	6	0	0	0


MACRO-AVERAGE MEASURES:
P	R	F1
0.55	0.45	0.48
________________________________________________________________________

