task9.1_d20tMDmNERaCRFw3d20tMDmNERaCRFw3mod002 does not follow the convention file name for the task!

Strict matching (boundaries + type)
cor	inc	par	mis	spu	total	prec	recall	F1
146	39	0	197	23	382	0.7	0.38	0.49



Exact matching
cor	inc	par	mis	spu	total	prec	recall	F1
169	16	0	197	23	382	0.81	0.44	0.57



Partial matching
cor	inc	par	mis	spu	total	prec	recall	F1
169	0	16	197	23	382	0.81	0.46	0.59



type matching
cor	inc	par	mis	spu	total	prec	recall	F1
156	29	0	197	23	382	0.75	0.41	0.53



SCORES FOR ENTITY TYPE
Exact matching on drug
cor	inc	par	mis	spu	total	prec	recall	F1
93	3	0	75	11	171	0.87	0.54	0.67


Exact matching on brand
cor	inc	par	mis	spu	total	prec	recall	F1
3	0	0	3	0	6	1	0.5	0.67


Exact matching on group
cor	inc	par	mis	spu	total	prec	recall	F1
47	7	0	36	2	90	0.84	0.52	0.64


Exact matching on drug_n
cor	inc	par	mis	spu	total	prec	recall	F1
3	1	0	111	0	115	0.75	0.03	0.05


MACRO-AVERAGE MEASURES:
P	R	F1
0.86	0.4	0.51
________________________________________________________________________

