task9.1_d22btDBmNERaCRFw1d22btDBmNERaCRFw1m23 does not follow the convention file name for the task!

Strict matching (boundaries + type)
cor	inc	par	mis	spu	total	prec	recall	F1
244	15	0	45	12	304	0.9	0.8	0.85



Exact matching
cor	inc	par	mis	spu	total	prec	recall	F1
248	11	0	45	12	304	0.92	0.82	0.86



Partial matching
cor	inc	par	mis	spu	total	prec	recall	F1
248	0	11	45	12	304	0.92	0.83	0.87



type matching
cor	inc	par	mis	spu	total	prec	recall	F1
252	7	0	45	12	304	0.93	0.83	0.88



SCORES FOR ENTITY TYPE
Exact matching on drug
cor	inc	par	mis	spu	total	prec	recall	F1
157	6	0	17	5	180	0.93	0.87	0.9


Exact matching on brand
cor	inc	par	mis	spu	total	prec	recall	F1
35	0	0	18	3	53	0.92	0.66	0.77


Exact matching on group
cor	inc	par	mis	spu	total	prec	recall	F1
52	2	0	11	6	65	0.87	0.8	0.83


Exact matching on drug_n
cor	inc	par	mis	spu	total	prec	recall	F1
0	0	0	6	0	6	0	0	0


MACRO-AVERAGE MEASURES:
P	R	F1
0.68	0.58	0.63
________________________________________________________________________

