task9.1_d22btDBmNERaCRFw1d22btDBmNERaCRFw1m2 does not follow the convention file name for the task!

Strict matching (boundaries + type)
cor	inc	par	mis	spu	total	prec	recall	F1
248	15	0	41	13	304	0.9	0.82	0.86



Exact matching
cor	inc	par	mis	spu	total	prec	recall	F1
252	11	0	41	13	304	0.91	0.83	0.87



Partial matching
cor	inc	par	mis	spu	total	prec	recall	F1
252	0	11	41	13	304	0.91	0.85	0.88



type matching
cor	inc	par	mis	spu	total	prec	recall	F1
255	8	0	41	13	304	0.92	0.84	0.88



SCORES FOR ENTITY TYPE
Exact matching on drug
cor	inc	par	mis	spu	total	prec	recall	F1
159	4	0	17	5	180	0.95	0.88	0.91


Exact matching on brand
cor	inc	par	mis	spu	total	prec	recall	F1
36	0	0	17	2	53	0.95	0.68	0.79


Exact matching on group
cor	inc	par	mis	spu	total	prec	recall	F1
53	3	0	9	8	65	0.83	0.82	0.82


Exact matching on drug_n
cor	inc	par	mis	spu	total	prec	recall	F1
0	0	0	6	0	6	0	0	0


MACRO-AVERAGE MEASURES:
P	R	F1
0.68	0.59	0.63
________________________________________________________________________

