task9.1_d22btDBmNERaCRFw3d22btDBmNERaCRFw3m26 does not follow the convention file name for the task!

Strict matching (boundaries + type)
cor	inc	par	mis	spu	total	prec	recall	F1
243	16	0	45	18	304	0.88	0.8	0.84



Exact matching
cor	inc	par	mis	spu	total	prec	recall	F1
246	13	0	45	18	304	0.89	0.81	0.85



Partial matching
cor	inc	par	mis	spu	total	prec	recall	F1
246	0	13	45	18	304	0.89	0.83	0.86



type matching
cor	inc	par	mis	spu	total	prec	recall	F1
253	6	0	45	18	304	0.91	0.83	0.87



SCORES FOR ENTITY TYPE
Exact matching on drug
cor	inc	par	mis	spu	total	prec	recall	F1
158	6	0	16	7	180	0.92	0.88	0.9


Exact matching on brand
cor	inc	par	mis	spu	total	prec	recall	F1
38	0	0	15	2	53	0.95	0.72	0.82


Exact matching on group
cor	inc	par	mis	spu	total	prec	recall	F1
47	4	0	14	7	65	0.81	0.72	0.76


Exact matching on drug_n
cor	inc	par	mis	spu	total	prec	recall	F1
0	0	0	6	0	6	0	0	0


MACRO-AVERAGE MEASURES:
P	R	F1
0.67	0.58	0.62
________________________________________________________________________

