task9.1_d20tMDmNERaCRFw5d20tMDmNERaCRFw5mod061 does not follow the convention file name for the task!

Strict matching (boundaries + type)
cor	inc	par	mis	spu	total	prec	recall	F1
200	59	0	123	39	382	0.67	0.52	0.59



Exact matching
cor	inc	par	mis	spu	total	prec	recall	F1
243	16	0	123	39	382	0.82	0.64	0.71



Partial matching
cor	inc	par	mis	spu	total	prec	recall	F1
243	0	16	123	39	382	0.82	0.66	0.73



type matching
cor	inc	par	mis	spu	total	prec	recall	F1
210	49	0	123	39	382	0.7	0.55	0.62



SCORES FOR ENTITY TYPE
Exact matching on drug
cor	inc	par	mis	spu	total	prec	recall	F1
134	4	0	33	16	171	0.87	0.78	0.82


Exact matching on brand
cor	inc	par	mis	spu	total	prec	recall	F1
3	0	0	3	0	6	1	0.5	0.67


Exact matching on group
cor	inc	par	mis	spu	total	prec	recall	F1
60	6	0	24	0	90	0.91	0.67	0.77


Exact matching on drug_n
cor	inc	par	mis	spu	total	prec	recall	F1
3	0	0	112	0	115	1	0.03	0.05


MACRO-AVERAGE MEASURES:
P	R	F1
0.94	0.49	0.58
________________________________________________________________________

