task9.1_d20tMDmNERaCRFw5d20tMDmNERaCRFw5mod062 does not follow the convention file name for the task!

Strict matching (boundaries + type)
cor	inc	par	mis	spu	total	prec	recall	F1
197	60	0	125	40	382	0.66	0.52	0.58



Exact matching
cor	inc	par	mis	spu	total	prec	recall	F1
240	17	0	125	40	382	0.81	0.63	0.71



Partial matching
cor	inc	par	mis	spu	total	prec	recall	F1
240	0	17	125	40	382	0.81	0.65	0.72



type matching
cor	inc	par	mis	spu	total	prec	recall	F1
208	49	0	125	40	382	0.7	0.54	0.61



SCORES FOR ENTITY TYPE
Exact matching on drug
cor	inc	par	mis	spu	total	prec	recall	F1
134	4	0	33	15	171	0.88	0.78	0.83


Exact matching on brand
cor	inc	par	mis	spu	total	prec	recall	F1
3	0	0	3	0	6	1	0.5	0.67


Exact matching on group
cor	inc	par	mis	spu	total	prec	recall	F1
57	7	0	26	1	90	0.88	0.63	0.74


Exact matching on drug_n
cor	inc	par	mis	spu	total	prec	recall	F1
3	0	0	112	0	115	1	0.03	0.05


MACRO-AVERAGE MEASURES:
P	R	F1
0.94	0.49	0.57
________________________________________________________________________

