task9.1_d22btDBmNERaCRFw2d22btDBmNERaCRFw2m8 does not follow the convention file name for the task!

Strict matching (boundaries + type)
cor	inc	par	mis	spu	total	prec	recall	F1
245	14	0	45	16	304	0.89	0.81	0.85



Exact matching
cor	inc	par	mis	spu	total	prec	recall	F1
248	11	0	45	16	304	0.9	0.82	0.86



Partial matching
cor	inc	par	mis	spu	total	prec	recall	F1
248	0	11	45	16	304	0.9	0.83	0.87



type matching
cor	inc	par	mis	spu	total	prec	recall	F1
254	5	0	45	16	304	0.92	0.84	0.88



SCORES FOR ENTITY TYPE
Exact matching on drug
cor	inc	par	mis	spu	total	prec	recall	F1
159	5	0	16	5	180	0.94	0.88	0.91


Exact matching on brand
cor	inc	par	mis	spu	total	prec	recall	F1
34	0	0	19	3	53	0.92	0.64	0.76


Exact matching on group
cor	inc	par	mis	spu	total	prec	recall	F1
52	4	0	9	7	65	0.83	0.8	0.81


Exact matching on drug_n
cor	inc	par	mis	spu	total	prec	recall	F1
0	0	0	6	0	6	0	0	0


MACRO-AVERAGE MEASURES:
P	R	F1
0.67	0.58	0.62
________________________________________________________________________

