task9.1_d22btDBmNERaCRFw1d22btDBmNERaCRFw1m26 does not follow the convention file name for the task!

Strict matching (boundaries + type)
cor	inc	par	mis	spu	total	prec	recall	F1
246	17	0	41	15	304	0.88	0.81	0.85



Exact matching
cor	inc	par	mis	spu	total	prec	recall	F1
250	13	0	41	15	304	0.9	0.82	0.86



Partial matching
cor	inc	par	mis	spu	total	prec	recall	F1
250	0	13	41	15	304	0.9	0.84	0.87



type matching
cor	inc	par	mis	spu	total	prec	recall	F1
255	8	0	41	15	304	0.92	0.84	0.88



SCORES FOR ENTITY TYPE
Exact matching on drug
cor	inc	par	mis	spu	total	prec	recall	F1
159	4	0	17	5	180	0.95	0.88	0.91


Exact matching on brand
cor	inc	par	mis	spu	total	prec	recall	F1
36	0	0	17	2	53	0.95	0.68	0.79


Exact matching on group
cor	inc	par	mis	spu	total	prec	recall	F1
51	5	0	9	9	65	0.78	0.78	0.78


Exact matching on drug_n
cor	inc	par	mis	spu	total	prec	recall	F1
0	0	0	6	0	6	0	0	0


MACRO-AVERAGE MEASURES:
P	R	F1
0.67	0.59	0.62
________________________________________________________________________

