task9.1_d22btMDmNERaCRFw2d22btMDmNERaCRFw2m10 does not follow the convention file name for the task!

Strict matching (boundaries + type)
cor	inc	par	mis	spu	total	prec	recall	F1
177	67	0	138	41	382	0.62	0.46	0.53



Exact matching
cor	inc	par	mis	spu	total	prec	recall	F1
223	21	0	138	41	382	0.78	0.58	0.67



Partial matching
cor	inc	par	mis	spu	total	prec	recall	F1
223	0	21	138	41	382	0.78	0.61	0.69



type matching
cor	inc	par	mis	spu	total	prec	recall	F1
188	56	0	138	41	382	0.66	0.49	0.56



SCORES FOR ENTITY TYPE
Exact matching on drug
cor	inc	par	mis	spu	total	prec	recall	F1
130	3	0	38	17	171	0.87	0.76	0.81


Exact matching on brand
cor	inc	par	mis	spu	total	prec	recall	F1
3	0	0	3	1	6	0.75	0.5	0.6


Exact matching on group
cor	inc	par	mis	spu	total	prec	recall	F1
43	8	0	39	1	90	0.83	0.48	0.61


Exact matching on drug_n
cor	inc	par	mis	spu	total	prec	recall	F1
1	0	0	114	0	115	1	0.01	0.02


MACRO-AVERAGE MEASURES:
P	R	F1
0.86	0.44	0.51
________________________________________________________________________

