task9.1_d22tDBmNERaCRFw5d22tDBmNERaCRFw5m4 does not follow the convention file name for the task!

Strict matching (boundaries + type)
cor	inc	par	mis	spu	total	prec	recall	F1
251	19	0	34	16	304	0.88	0.83	0.85



Exact matching
cor	inc	par	mis	spu	total	prec	recall	F1
258	12	0	34	16	304	0.9	0.85	0.87



Partial matching
cor	inc	par	mis	spu	total	prec	recall	F1
258	0	12	34	16	304	0.9	0.87	0.88



type matching
cor	inc	par	mis	spu	total	prec	recall	F1
261	9	0	34	16	304	0.91	0.86	0.88



SCORES FOR ENTITY TYPE
Exact matching on drug
cor	inc	par	mis	spu	total	prec	recall	F1
162	5	0	13	6	180	0.94	0.9	0.92


Exact matching on brand
cor	inc	par	mis	spu	total	prec	recall	F1
36	0	0	17	3	53	0.92	0.68	0.78


Exact matching on group
cor	inc	par	mis	spu	total	prec	recall	F1
53	5	0	7	6	65	0.83	0.82	0.82


Exact matching on drug_n
cor	inc	par	mis	spu	total	prec	recall	F1
0	0	0	6	0	6	0	0	0


MACRO-AVERAGE MEASURES:
P	R	F1
0.67	0.6	0.63
________________________________________________________________________

