task9.1_d22btDBmNERaCRFw3d22btDBmNERaCRFw3m32 does not follow the convention file name for the task!

Strict matching (boundaries + type)
cor	inc	par	mis	spu	total	prec	recall	F1
241	19	0	44	13	304	0.88	0.79	0.84



Exact matching
cor	inc	par	mis	spu	total	prec	recall	F1
245	15	0	44	13	304	0.9	0.81	0.85



Partial matching
cor	inc	par	mis	spu	total	prec	recall	F1
245	0	15	44	13	304	0.9	0.83	0.86



type matching
cor	inc	par	mis	spu	total	prec	recall	F1
252	8	0	44	13	304	0.92	0.83	0.87



SCORES FOR ENTITY TYPE
Exact matching on drug
cor	inc	par	mis	spu	total	prec	recall	F1
156	7	0	17	8	180	0.91	0.87	0.89


Exact matching on brand
cor	inc	par	mis	spu	total	prec	recall	F1
37	0	0	16	2	53	0.95	0.7	0.8


Exact matching on group
cor	inc	par	mis	spu	total	prec	recall	F1
48	4	0	13	7	65	0.81	0.74	0.77


Exact matching on drug_n
cor	inc	par	mis	spu	total	prec	recall	F1
0	0	0	6	0	6	0	0	0


MACRO-AVERAGE MEASURES:
P	R	F1
0.67	0.58	0.62
________________________________________________________________________

