task9.1_d22btDBmNERaCRFw2d22btDBmNERaCRFw2m54 does not follow the convention file name for the task!

Strict matching (boundaries + type)
cor	inc	par	mis	spu	total	prec	recall	F1
237	18	0	49	14	304	0.88	0.78	0.83



Exact matching
cor	inc	par	mis	spu	total	prec	recall	F1
240	15	0	49	14	304	0.89	0.79	0.84



Partial matching
cor	inc	par	mis	spu	total	prec	recall	F1
240	0	15	49	14	304	0.89	0.81	0.85



type matching
cor	inc	par	mis	spu	total	prec	recall	F1
249	6	0	49	14	304	0.93	0.82	0.87



SCORES FOR ENTITY TYPE
Exact matching on drug
cor	inc	par	mis	spu	total	prec	recall	F1
157	7	0	16	7	180	0.92	0.87	0.89


Exact matching on brand
cor	inc	par	mis	spu	total	prec	recall	F1
31	0	0	22	2	53	0.94	0.58	0.72


Exact matching on group
cor	inc	par	mis	spu	total	prec	recall	F1
49	5	0	11	7	65	0.8	0.75	0.78


Exact matching on drug_n
cor	inc	par	mis	spu	total	prec	recall	F1
0	0	0	6	0	6	0	0	0


MACRO-AVERAGE MEASURES:
P	R	F1
0.67	0.55	0.6
________________________________________________________________________

