task9.1_d22btMDmNERaCRFw5d22btMDmNERaCRFw5m13 does not follow the convention file name for the task!

Strict matching (boundaries + type)
cor	inc	par	mis	spu	total	prec	recall	F1
175	57	0	150	45	382	0.63	0.46	0.53



Exact matching
cor	inc	par	mis	spu	total	prec	recall	F1
214	18	0	150	45	382	0.77	0.56	0.65



Partial matching
cor	inc	par	mis	spu	total	prec	recall	F1
214	0	18	150	45	382	0.77	0.58	0.67



type matching
cor	inc	par	mis	spu	total	prec	recall	F1
183	49	0	150	45	382	0.66	0.48	0.56



SCORES FOR ENTITY TYPE
Exact matching on drug
cor	inc	par	mis	spu	total	prec	recall	F1
138	3	0	30	20	171	0.86	0.81	0.83


Exact matching on brand
cor	inc	par	mis	spu	total	prec	recall	F1
4	0	0	2	0	6	1	0.67	0.8


Exact matching on group
cor	inc	par	mis	spu	total	prec	recall	F1
32	4	0	54	2	90	0.84	0.36	0.5


Exact matching on drug_n
cor	inc	par	mis	spu	total	prec	recall	F1
1	1	0	113	0	115	0.5	0.01	0.02


MACRO-AVERAGE MEASURES:
P	R	F1
0.8	0.46	0.54
________________________________________________________________________

