task9.1_d22btMDmNERaCRFw5d22btMDmNERaCRFw5m1 does not follow the convention file name for the task!

Strict matching (boundaries + type)
cor	inc	par	mis	spu	total	prec	recall	F1
180	49	0	153	45	382	0.66	0.47	0.55



Exact matching
cor	inc	par	mis	spu	total	prec	recall	F1
214	15	0	153	45	382	0.78	0.56	0.65



Partial matching
cor	inc	par	mis	spu	total	prec	recall	F1
214	0	15	153	45	382	0.78	0.58	0.67



type matching
cor	inc	par	mis	spu	total	prec	recall	F1
188	41	0	153	45	382	0.69	0.49	0.57



SCORES FOR ENTITY TYPE
Exact matching on drug
cor	inc	par	mis	spu	total	prec	recall	F1
138	3	0	30	18	171	0.87	0.81	0.84


Exact matching on brand
cor	inc	par	mis	spu	total	prec	recall	F1
4	0	0	2	0	6	1	0.67	0.8


Exact matching on group
cor	inc	par	mis	spu	total	prec	recall	F1
36	4	0	50	2	90	0.86	0.4	0.55


Exact matching on drug_n
cor	inc	par	mis	spu	total	prec	recall	F1
2	1	0	112	1	115	0.5	0.02	0.03


MACRO-AVERAGE MEASURES:
P	R	F1
0.81	0.47	0.55
________________________________________________________________________

