task9.1_d22btDBmNERaCRFw1d22btDBmNERaCRFw1m11 does not follow the convention file name for the task!

Strict matching (boundaries + type)
cor	inc	par	mis	spu	total	prec	recall	F1
248	16	0	40	16	304	0.89	0.82	0.85



Exact matching
cor	inc	par	mis	spu	total	prec	recall	F1
252	12	0	40	16	304	0.9	0.83	0.86



Partial matching
cor	inc	par	mis	spu	total	prec	recall	F1
252	0	12	40	16	304	0.9	0.85	0.87



type matching
cor	inc	par	mis	spu	total	prec	recall	F1
256	8	0	40	16	304	0.91	0.84	0.88



SCORES FOR ENTITY TYPE
Exact matching on drug
cor	inc	par	mis	spu	total	prec	recall	F1
158	5	0	17	5	180	0.94	0.88	0.91


Exact matching on brand
cor	inc	par	mis	spu	total	prec	recall	F1
37	0	0	16	2	53	0.95	0.7	0.8


Exact matching on group
cor	inc	par	mis	spu	total	prec	recall	F1
53	3	0	9	9	65	0.82	0.82	0.82


Exact matching on drug_n
cor	inc	par	mis	spu	total	prec	recall	F1
0	0	0	6	0	6	0	0	0


MACRO-AVERAGE MEASURES:
P	R	F1
0.68	0.6	0.63
________________________________________________________________________

