task9.1_d20tMDmNERaCRFw5d20tMDmNERaCRFw5mod017 does not follow the convention file name for the task!

Strict matching (boundaries + type)
cor	inc	par	mis	spu	total	prec	recall	F1
155	22	0	205	26	382	0.76	0.41	0.53



Exact matching
cor	inc	par	mis	spu	total	prec	recall	F1
167	10	0	205	26	382	0.82	0.44	0.57



Partial matching
cor	inc	par	mis	spu	total	prec	recall	F1
167	0	10	205	26	382	0.82	0.45	0.58



type matching
cor	inc	par	mis	spu	total	prec	recall	F1
162	15	0	205	26	382	0.8	0.42	0.55



SCORES FOR ENTITY TYPE
Exact matching on drug
cor	inc	par	mis	spu	total	prec	recall	F1
86	2	0	83	4	171	0.93	0.5	0.65


Exact matching on brand
cor	inc	par	mis	spu	total	prec	recall	F1
2	0	0	4	0	6	1	0.33	0.5


Exact matching on group
cor	inc	par	mis	spu	total	prec	recall	F1
60	4	0	26	1	90	0.92	0.67	0.77


Exact matching on drug_n
cor	inc	par	mis	spu	total	prec	recall	F1
7	1	0	107	0	115	0.88	0.06	0.11


MACRO-AVERAGE MEASURES:
P	R	F1
0.93	0.39	0.51
________________________________________________________________________

