task9.1_d22btMDmNERaCRFw5d22btMDmNERaCRFw5m8 does not follow the convention file name for the task!

Strict matching (boundaries + type)
cor	inc	par	mis	spu	total	prec	recall	F1
172	65	0	145	46	382	0.61	0.45	0.52



Exact matching
cor	inc	par	mis	spu	total	prec	recall	F1
216	21	0	145	46	382	0.76	0.57	0.65



Partial matching
cor	inc	par	mis	spu	total	prec	recall	F1
216	0	21	145	46	382	0.76	0.59	0.67



type matching
cor	inc	par	mis	spu	total	prec	recall	F1
185	52	0	145	46	382	0.65	0.48	0.56



SCORES FOR ENTITY TYPE
Exact matching on drug
cor	inc	par	mis	spu	total	prec	recall	F1
132	3	0	36	22	171	0.84	0.77	0.8


Exact matching on brand
cor	inc	par	mis	spu	total	prec	recall	F1
4	0	0	2	1	6	0.8	0.67	0.73


Exact matching on group
cor	inc	par	mis	spu	total	prec	recall	F1
35	9	0	46	3	90	0.74	0.39	0.51


Exact matching on drug_n
cor	inc	par	mis	spu	total	prec	recall	F1
1	1	0	113	0	115	0.5	0.01	0.02


MACRO-AVERAGE MEASURES:
P	R	F1
0.72	0.46	0.52
________________________________________________________________________

