task9.1_d20tMDmNERaCRFw5d20tMDmNERaCRFw5mod060 does not follow the convention file name for the task!

Strict matching (boundaries + type)
cor	inc	par	mis	spu	total	prec	recall	F1
202	62	0	118	35	382	0.68	0.53	0.59



Exact matching
cor	inc	par	mis	spu	total	prec	recall	F1
247	17	0	118	35	382	0.83	0.65	0.73



Partial matching
cor	inc	par	mis	spu	total	prec	recall	F1
247	0	17	118	35	382	0.83	0.67	0.74



type matching
cor	inc	par	mis	spu	total	prec	recall	F1
211	53	0	118	35	382	0.71	0.55	0.62



SCORES FOR ENTITY TYPE
Exact matching on drug
cor	inc	par	mis	spu	total	prec	recall	F1
134	4	0	33	18	171	0.86	0.78	0.82


Exact matching on brand
cor	inc	par	mis	spu	total	prec	recall	F1
3	0	0	3	0	6	1	0.5	0.67


Exact matching on group
cor	inc	par	mis	spu	total	prec	recall	F1
62	6	0	22	0	90	0.91	0.69	0.78


Exact matching on drug_n
cor	inc	par	mis	spu	total	prec	recall	F1
3	0	0	112	1	115	0.75	0.03	0.05


MACRO-AVERAGE MEASURES:
P	R	F1
0.88	0.5	0.58
________________________________________________________________________

