task9.1_d22btMDmNERaCRFw2d22btMDmNERaCRFw2m23 does not follow the convention file name for the task!

Strict matching (boundaries + type)
cor	inc	par	mis	spu	total	prec	recall	F1
183	61	0	138	42	382	0.64	0.48	0.55



Exact matching
cor	inc	par	mis	spu	total	prec	recall	F1
227	17	0	138	42	382	0.79	0.59	0.68



Partial matching
cor	inc	par	mis	spu	total	prec	recall	F1
227	0	17	138	42	382	0.79	0.62	0.69



type matching
cor	inc	par	mis	spu	total	prec	recall	F1
193	51	0	138	42	382	0.67	0.51	0.58



SCORES FOR ENTITY TYPE
Exact matching on drug
cor	inc	par	mis	spu	total	prec	recall	F1
131	3	0	37	23	171	0.83	0.77	0.8


Exact matching on brand
cor	inc	par	mis	spu	total	prec	recall	F1
4	0	0	2	1	6	0.8	0.67	0.73


Exact matching on group
cor	inc	par	mis	spu	total	prec	recall	F1
46	7	0	37	1	90	0.85	0.51	0.64


Exact matching on drug_n
cor	inc	par	mis	spu	total	prec	recall	F1
2	0	0	113	1	115	0.67	0.02	0.03


MACRO-AVERAGE MEASURES:
P	R	F1
0.79	0.49	0.55
________________________________________________________________________

