task9.1_d20tMDmNERaCRFw5d20tMDmNERaCRFw5mod045 does not follow the convention file name for the task!

Strict matching (boundaries + type)
cor	inc	par	mis	spu	total	prec	recall	F1
206	63	0	113	37	382	0.67	0.54	0.6



Exact matching
cor	inc	par	mis	spu	total	prec	recall	F1
253	16	0	113	37	382	0.83	0.66	0.74



Partial matching
cor	inc	par	mis	spu	total	prec	recall	F1
253	0	16	113	37	382	0.83	0.68	0.75



type matching
cor	inc	par	mis	spu	total	prec	recall	F1
216	53	0	113	37	382	0.71	0.57	0.63



SCORES FOR ENTITY TYPE
Exact matching on drug
cor	inc	par	mis	spu	total	prec	recall	F1
134	3	0	34	19	171	0.86	0.78	0.82


Exact matching on brand
cor	inc	par	mis	spu	total	prec	recall	F1
4	0	0	2	0	6	1	0.67	0.8


Exact matching on group
cor	inc	par	mis	spu	total	prec	recall	F1
66	7	0	17	3	90	0.87	0.73	0.8


Exact matching on drug_n
cor	inc	par	mis	spu	total	prec	recall	F1
2	0	0	113	1	115	0.67	0.02	0.03


MACRO-AVERAGE MEASURES:
P	R	F1
0.85	0.55	0.61
________________________________________________________________________

