task9.1_d22btMDmNERaCRFw3d22btMDmNERaCRFw3m44 does not follow the convention file name for the task!

Strict matching (boundaries + type)
cor	inc	par	mis	spu	total	prec	recall	F1
176	65	0	141	50	382	0.6	0.46	0.52



Exact matching
cor	inc	par	mis	spu	total	prec	recall	F1
223	18	0	141	50	382	0.77	0.58	0.66



Partial matching
cor	inc	par	mis	spu	total	prec	recall	F1
223	0	18	141	50	382	0.77	0.61	0.68



type matching
cor	inc	par	mis	spu	total	prec	recall	F1
186	55	0	141	50	382	0.64	0.49	0.55



SCORES FOR ENTITY TYPE
Exact matching on drug
cor	inc	par	mis	spu	total	prec	recall	F1
131	4	0	36	24	171	0.82	0.77	0.79


Exact matching on brand
cor	inc	par	mis	spu	total	prec	recall	F1
3	0	0	3	1	6	0.75	0.5	0.6


Exact matching on group
cor	inc	par	mis	spu	total	prec	recall	F1
40	6	0	44	2	90	0.83	0.44	0.58


Exact matching on drug_n
cor	inc	par	mis	spu	total	prec	recall	F1
2	0	0	113	0	115	1	0.02	0.03


MACRO-AVERAGE MEASURES:
P	R	F1
0.85	0.43	0.5
________________________________________________________________________

