task9.1_d22btMDmNERaCRFw5d22btMDmNERaCRFw5m4 does not follow the convention file name for the task!

Strict matching (boundaries + type)
cor	inc	par	mis	spu	total	prec	recall	F1
178	55	0	149	50	382	0.63	0.47	0.54



Exact matching
cor	inc	par	mis	spu	total	prec	recall	F1
217	16	0	149	50	382	0.77	0.57	0.65



Partial matching
cor	inc	par	mis	spu	total	prec	recall	F1
217	0	16	149	50	382	0.77	0.59	0.67



type matching
cor	inc	par	mis	spu	total	prec	recall	F1
185	48	0	149	50	382	0.65	0.48	0.56



SCORES FOR ENTITY TYPE
Exact matching on drug
cor	inc	par	mis	spu	total	prec	recall	F1
136	4	0	31	21	171	0.84	0.8	0.82


Exact matching on brand
cor	inc	par	mis	spu	total	prec	recall	F1
3	0	0	3	1	6	0.75	0.5	0.6


Exact matching on group
cor	inc	par	mis	spu	total	prec	recall	F1
37	2	0	51	2	90	0.9	0.41	0.56


Exact matching on drug_n
cor	inc	par	mis	spu	total	prec	recall	F1
2	1	0	112	1	115	0.5	0.02	0.03


MACRO-AVERAGE MEASURES:
P	R	F1
0.75	0.43	0.5
________________________________________________________________________

