task9.1_d20tMDmNERaCRFw3d20tMDmNERaCRFw3mod001 does not follow the convention file name for the task!

Strict matching (boundaries + type)
cor	inc	par	mis	spu	total	prec	recall	F1
141	45	0	196	25	382	0.67	0.37	0.48



Exact matching
cor	inc	par	mis	spu	total	prec	recall	F1
169	17	0	196	25	382	0.8	0.44	0.57



Partial matching
cor	inc	par	mis	spu	total	prec	recall	F1
169	0	17	196	25	382	0.8	0.46	0.59



type matching
cor	inc	par	mis	spu	total	prec	recall	F1
151	35	0	196	25	382	0.72	0.4	0.51



SCORES FOR ENTITY TYPE
Exact matching on drug
cor	inc	par	mis	spu	total	prec	recall	F1
88	4	0	79	10	171	0.86	0.51	0.64


Exact matching on brand
cor	inc	par	mis	spu	total	prec	recall	F1
3	0	0	3	0	6	1	0.5	0.67


Exact matching on group
cor	inc	par	mis	spu	total	prec	recall	F1
46	6	0	38	2	90	0.85	0.51	0.64


Exact matching on drug_n
cor	inc	par	mis	spu	total	prec	recall	F1
4	1	0	110	0	115	0.8	0.03	0.07


MACRO-AVERAGE MEASURES:
P	R	F1
0.88	0.39	0.5
________________________________________________________________________

