task9.1_d22btDBmNERaCRFw3d22btDBmNERaCRFw3m18 does not follow the convention file name for the task!

Strict matching (boundaries + type)
cor	inc	par	mis	spu	total	prec	recall	F1
235	19	0	50	15	304	0.87	0.77	0.82



Exact matching
cor	inc	par	mis	spu	total	prec	recall	F1
241	13	0	50	15	304	0.9	0.79	0.84



Partial matching
cor	inc	par	mis	spu	total	prec	recall	F1
241	0	13	50	15	304	0.9	0.81	0.85



type matching
cor	inc	par	mis	spu	total	prec	recall	F1
246	8	0	50	15	304	0.91	0.81	0.86



SCORES FOR ENTITY TYPE
Exact matching on drug
cor	inc	par	mis	spu	total	prec	recall	F1
156	7	0	17	7	180	0.92	0.87	0.89


Exact matching on brand
cor	inc	par	mis	spu	total	prec	recall	F1
31	0	0	22	4	53	0.89	0.58	0.7


Exact matching on group
cor	inc	par	mis	spu	total	prec	recall	F1
48	4	0	13	6	65	0.83	0.74	0.78


Exact matching on drug_n
cor	inc	par	mis	spu	total	prec	recall	F1
0	0	0	6	0	6	0	0	0


MACRO-AVERAGE MEASURES:
P	R	F1
0.66	0.55	0.59
________________________________________________________________________

