task9.1_d20tMDmNERaCRFw5d20tMDmNERaCRFw5mod023 does not follow the convention file name for the task!

Strict matching (boundaries + type)
cor	inc	par	mis	spu	total	prec	recall	F1
161	56	0	165	32	382	0.65	0.42	0.51



Exact matching
cor	inc	par	mis	spu	total	prec	recall	F1
199	18	0	165	32	382	0.8	0.52	0.63



Partial matching
cor	inc	par	mis	spu	total	prec	recall	F1
199	0	18	165	32	382	0.8	0.54	0.65



type matching
cor	inc	par	mis	spu	total	prec	recall	F1
171	46	0	165	32	382	0.69	0.45	0.54



SCORES FOR ENTITY TYPE
Exact matching on drug
cor	inc	par	mis	spu	total	prec	recall	F1
102	3	0	66	20	171	0.82	0.6	0.69


Exact matching on brand
cor	inc	par	mis	spu	total	prec	recall	F1
3	0	0	3	0	6	1	0.5	0.67


Exact matching on group
cor	inc	par	mis	spu	total	prec	recall	F1
54	7	0	29	1	90	0.87	0.6	0.71


Exact matching on drug_n
cor	inc	par	mis	spu	total	prec	recall	F1
2	0	0	113	1	115	0.67	0.02	0.03


MACRO-AVERAGE MEASURES:
P	R	F1
0.84	0.43	0.53
________________________________________________________________________

