task9.1_d20tMXmNWEaCRFd20tMXmNWEaCRFmod001 does not follow the convention file name for the task!

Strict matching (boundaries + type)
cor	inc	par	mis	spu	total	prec	recall	F1
174	15	0	115	10	304	0.87	0.57	0.69



Exact matching
cor	inc	par	mis	spu	total	prec	recall	F1
176	13	0	115	10	304	0.88	0.58	0.7



Partial matching
cor	inc	par	mis	spu	total	prec	recall	F1
176	0	13	115	10	304	0.88	0.6	0.72



type matching
cor	inc	par	mis	spu	total	prec	recall	F1
183	6	0	115	10	304	0.92	0.6	0.73



SCORES FOR ENTITY TYPE
Exact matching on drug
cor	inc	par	mis	spu	total	prec	recall	F1
116	2	0	62	3	180	0.96	0.64	0.77


Exact matching on brand
cor	inc	par	mis	spu	total	prec	recall	F1
11	1	0	41	1	53	0.85	0.21	0.33


Exact matching on group
cor	inc	par	mis	spu	total	prec	recall	F1
47	6	0	12	6	65	0.8	0.72	0.76


Exact matching on drug_n
cor	inc	par	mis	spu	total	prec	recall	F1
0	0	0	6	0	6	0	0	0


MACRO-AVERAGE MEASURES:
P	R	F1
0.65	0.39	0.47
________________________________________________________________________

