task9.1_d22btDBmNERaCRFw1d22btDBmNERaCRFw1m12 does not follow the convention file name for the task!

Strict matching (boundaries + type)
cor	inc	par	mis	spu	total	prec	recall	F1
247	13	0	44	15	304	0.9	0.81	0.85



Exact matching
cor	inc	par	mis	spu	total	prec	recall	F1
251	9	0	44	15	304	0.91	0.83	0.87



Partial matching
cor	inc	par	mis	spu	total	prec	recall	F1
251	0	9	44	15	304	0.91	0.84	0.88



type matching
cor	inc	par	mis	spu	total	prec	recall	F1
253	7	0	44	15	304	0.92	0.83	0.87



SCORES FOR ENTITY TYPE
Exact matching on drug
cor	inc	par	mis	spu	total	prec	recall	F1
158	4	0	18	5	180	0.95	0.88	0.91


Exact matching on brand
cor	inc	par	mis	spu	total	prec	recall	F1
36	0	0	17	2	53	0.95	0.68	0.79


Exact matching on group
cor	inc	par	mis	spu	total	prec	recall	F1
53	2	0	10	7	65	0.85	0.82	0.83


Exact matching on drug_n
cor	inc	par	mis	spu	total	prec	recall	F1
0	0	0	6	0	6	0	0	0


MACRO-AVERAGE MEASURES:
P	R	F1
0.69	0.59	0.63
________________________________________________________________________

