task9.1_d20tMXmERaCS00d20tMXmERaCS00m06b does not follow the convention file name for the task!

Strict matching (boundaries + type)
cor	inc	par	mis	spu	total	prec	recall	F1
449	81	0	156	57	686	0.76	0.65	0.71



Exact matching
cor	inc	par	mis	spu	total	prec	recall	F1
499	31	0	156	57	686	0.85	0.73	0.78



Partial matching
cor	inc	par	mis	spu	total	prec	recall	F1
499	0	31	156	57	686	0.85	0.75	0.8



type matching
cor	inc	par	mis	spu	total	prec	recall	F1
469	61	0	156	57	686	0.8	0.68	0.74



SCORES FOR ENTITY TYPE
Exact matching on drug
cor	inc	par	mis	spu	total	prec	recall	F1
291	10	0	50	25	351	0.89	0.83	0.86


Exact matching on brand
cor	inc	par	mis	spu	total	prec	recall	F1
40	0	0	19	3	59	0.93	0.68	0.78


Exact matching on group
cor	inc	par	mis	spu	total	prec	recall	F1
115	11	0	29	10	155	0.85	0.74	0.79


Exact matching on drug_n
cor	inc	par	mis	spu	total	prec	recall	F1
3	0	0	118	0	121	1	0.02	0.05


MACRO-AVERAGE MEASURES:
P	R	F1
0.92	0.57	0.62
________________________________________________________________________

