SCORES FOR the file: task9.1_ddi006ddi006m58.txt
Gold Dataset: /DrugBank

Partial Evaluation: only detection of DDI (regadless to the type)
tp	fp	fn	total	prec	recall	F1
390	281	494	884	0,5812	0,4412	0,5016


Detection and Classification of DDI
tp	fp	fn	total	prec	recall	F1
281	390	603	884	0,4188	0,3179	0,3614


________________________________________________________________________

SCORES FOR DDI TYPE
Scores for ddi with type mechanism
tp	fp	fn	total	prec	recall	F1
75	114	203	278	0,3968	0,2698	0,3212


Scores for ddi with type effect
tp	fp	fn	total	prec	recall	F1
127	210	171	298	0,3769	0,4262	0,4


Scores for ddi with type advise
tp	fp	fn	total	prec	recall	F1
77	61	137	214	0,558	0,3598	0,4375


Scores for ddi with type int
tp	fp	fn	total	prec	recall	F1
2	5	92	94	0,2857	0,0213	0,0396


MACRO-AVERAGE MEASURES:
	P	R	F1
	0,4043	0,2693	0,3233
________________________________________________________________________

