task9.1_d20tMXmNWEaCRFd20tMXmNWEaCRFmod042 does not follow the convention file name for the task!

Strict matching (boundaries + type)
cor	inc	par	mis	spu	total	prec	recall	F1
227	18	0	59	19	304	0.86	0.75	0.8



Exact matching
cor	inc	par	mis	spu	total	prec	recall	F1
234	11	0	59	19	304	0.89	0.77	0.82



Partial matching
cor	inc	par	mis	spu	total	prec	recall	F1
234	0	11	59	19	304	0.89	0.79	0.83



type matching
cor	inc	par	mis	spu	total	prec	recall	F1
234	11	0	59	19	304	0.89	0.77	0.82



SCORES FOR ENTITY TYPE
Exact matching on drug
cor	inc	par	mis	spu	total	prec	recall	F1
135	3	0	42	7	180	0.93	0.75	0.83


Exact matching on brand
cor	inc	par	mis	spu	total	prec	recall	F1
36	2	0	15	4	53	0.86	0.68	0.76


Exact matching on group
cor	inc	par	mis	spu	total	prec	recall	F1
56	2	0	7	7	65	0.86	0.86	0.86


Exact matching on drug_n
cor	inc	par	mis	spu	total	prec	recall	F1
0	0	0	6	0	6	0	0	0


MACRO-AVERAGE MEASURES:
P	R	F1
0.66	0.57	0.61
________________________________________________________________________

