task9.1_d22btMDmNERaCRFw5d22btMDmNERaCRFw5m53 does not follow the convention file name for the task!

Strict matching (boundaries + type)
cor	inc	par	mis	spu	total	prec	recall	F1
171	63	0	148	46	382	0.61	0.45	0.52



Exact matching
cor	inc	par	mis	spu	total	prec	recall	F1
216	18	0	148	46	382	0.77	0.57	0.65



Partial matching
cor	inc	par	mis	spu	total	prec	recall	F1
216	0	18	148	46	382	0.77	0.59	0.67



type matching
cor	inc	par	mis	spu	total	prec	recall	F1
181	53	0	148	46	382	0.65	0.47	0.55



SCORES FOR ENTITY TYPE
Exact matching on drug
cor	inc	par	mis	spu	total	prec	recall	F1
135	4	0	32	26	171	0.82	0.79	0.8


Exact matching on brand
cor	inc	par	mis	spu	total	prec	recall	F1
3	0	0	3	0	6	1	0.5	0.67


Exact matching on group
cor	inc	par	mis	spu	total	prec	recall	F1
32	6	0	52	2	90	0.8	0.36	0.49


Exact matching on drug_n
cor	inc	par	mis	spu	total	prec	recall	F1
1	0	0	114	0	115	1	0.01	0.02


MACRO-AVERAGE MEASURES:
P	R	F1
0.9	0.41	0.49
________________________________________________________________________

