task9.1_d22btDBmNERaCRFw2d22btDBmNERaCRFw2m15 does not follow the convention file name for the task!

Strict matching (boundaries + type)
cor	inc	par	mis	spu	total	prec	recall	F1
240	17	0	47	15	304	0.88	0.79	0.83



Exact matching
cor	inc	par	mis	spu	total	prec	recall	F1
243	14	0	47	15	304	0.89	0.8	0.84



Partial matching
cor	inc	par	mis	spu	total	prec	recall	F1
243	0	14	47	15	304	0.89	0.82	0.86



type matching
cor	inc	par	mis	spu	total	prec	recall	F1
251	6	0	47	15	304	0.92	0.83	0.87



SCORES FOR ENTITY TYPE
Exact matching on drug
cor	inc	par	mis	spu	total	prec	recall	F1
156	7	0	17	6	180	0.92	0.87	0.89


Exact matching on brand
cor	inc	par	mis	spu	total	prec	recall	F1
34	0	0	19	2	53	0.94	0.64	0.76


Exact matching on group
cor	inc	par	mis	spu	total	prec	recall	F1
50	4	0	11	8	65	0.81	0.77	0.79


Exact matching on drug_n
cor	inc	par	mis	spu	total	prec	recall	F1
0	0	0	6	0	6	0	0	0


MACRO-AVERAGE MEASURES:
P	R	F1
0.67	0.57	0.61
________________________________________________________________________

