task9.1_d22btMDmNERaCRFw5d22btMDmNERaCRFw5m25 does not follow the convention file name for the task!

Strict matching (boundaries + type)
cor	inc	par	mis	spu	total	prec	recall	F1
177	62	0	143	46	382	0.62	0.46	0.53



Exact matching
cor	inc	par	mis	spu	total	prec	recall	F1
219	20	0	143	46	382	0.77	0.57	0.66



Partial matching
cor	inc	par	mis	spu	total	prec	recall	F1
219	0	20	143	46	382	0.77	0.6	0.67



type matching
cor	inc	par	mis	spu	total	prec	recall	F1
189	50	0	143	46	382	0.66	0.49	0.57



SCORES FOR ENTITY TYPE
Exact matching on drug
cor	inc	par	mis	spu	total	prec	recall	F1
134	5	0	32	23	171	0.83	0.78	0.8


Exact matching on brand
cor	inc	par	mis	spu	total	prec	recall	F1
3	0	0	3	1	6	0.75	0.5	0.6


Exact matching on group
cor	inc	par	mis	spu	total	prec	recall	F1
39	7	0	44	2	90	0.81	0.43	0.57


Exact matching on drug_n
cor	inc	par	mis	spu	total	prec	recall	F1
1	0	0	114	0	115	1	0.01	0.02


MACRO-AVERAGE MEASURES:
P	R	F1
0.85	0.43	0.5
________________________________________________________________________

