task9.1_d20tMDmNERaCRFw5d20tMDmNERaCRFw5mod048 does not follow the convention file name for the task!

Strict matching (boundaries + type)
cor	inc	par	mis	spu	total	prec	recall	F1
198	62	0	122	36	382	0.67	0.52	0.58



Exact matching
cor	inc	par	mis	spu	total	prec	recall	F1
244	16	0	122	36	382	0.82	0.64	0.72



Partial matching
cor	inc	par	mis	spu	total	prec	recall	F1
244	0	16	122	36	382	0.82	0.66	0.73



type matching
cor	inc	par	mis	spu	total	prec	recall	F1
210	50	0	122	36	382	0.71	0.55	0.62



SCORES FOR ENTITY TYPE
Exact matching on drug
cor	inc	par	mis	spu	total	prec	recall	F1
131	4	0	36	18	171	0.86	0.77	0.81


Exact matching on brand
cor	inc	par	mis	spu	total	prec	recall	F1
4	0	0	2	0	6	1	0.67	0.8


Exact matching on group
cor	inc	par	mis	spu	total	prec	recall	F1
59	8	0	23	1	90	0.87	0.66	0.75


Exact matching on drug_n
cor	inc	par	mis	spu	total	prec	recall	F1
4	0	0	111	0	115	1	0.03	0.07


MACRO-AVERAGE MEASURES:
P	R	F1
0.93	0.53	0.61
________________________________________________________________________

