task9.1_d22btMDmNERaCRFw5d22btMDmNERaCRFw5m39 does not follow the convention file name for the task!

Strict matching (boundaries + type)
cor	inc	par	mis	spu	total	prec	recall	F1
171	65	0	146	52	382	0.59	0.45	0.51



Exact matching
cor	inc	par	mis	spu	total	prec	recall	F1
216	20	0	146	52	382	0.75	0.57	0.64



Partial matching
cor	inc	par	mis	spu	total	prec	recall	F1
216	0	20	146	52	382	0.75	0.59	0.66



type matching
cor	inc	par	mis	spu	total	prec	recall	F1
183	53	0	146	52	382	0.64	0.48	0.55



SCORES FOR ENTITY TYPE
Exact matching on drug
cor	inc	par	mis	spu	total	prec	recall	F1
132	4	0	35	25	171	0.82	0.77	0.8


Exact matching on brand
cor	inc	par	mis	spu	total	prec	recall	F1
3	0	0	3	1	6	0.75	0.5	0.6


Exact matching on group
cor	inc	par	mis	spu	total	prec	recall	F1
35	8	0	47	2	90	0.78	0.39	0.52


Exact matching on drug_n
cor	inc	par	mis	spu	total	prec	recall	F1
1	0	0	114	0	115	1	0.01	0.02


MACRO-AVERAGE MEASURES:
P	R	F1
0.84	0.42	0.48
________________________________________________________________________

