task9.1_d20tMDmNERaCRFw3d20tMDmNERaCRFw3mod031 does not follow the convention file name for the task!

Strict matching (boundaries + type)
cor	inc	par	mis	spu	total	prec	recall	F1
138	32	0	212	27	382	0.7	0.36	0.48



Exact matching
cor	inc	par	mis	spu	total	prec	recall	F1
159	11	0	212	27	382	0.81	0.42	0.55



Partial matching
cor	inc	par	mis	spu	total	prec	recall	F1
159	0	11	212	27	382	0.81	0.43	0.56



type matching
cor	inc	par	mis	spu	total	prec	recall	F1
147	23	0	212	27	382	0.75	0.38	0.51



SCORES FOR ENTITY TYPE
Exact matching on drug
cor	inc	par	mis	spu	total	prec	recall	F1
85	3	0	83	8	171	0.89	0.5	0.64


Exact matching on brand
cor	inc	par	mis	spu	total	prec	recall	F1
3	0	0	3	0	6	1	0.5	0.67


Exact matching on group
cor	inc	par	mis	spu	total	prec	recall	F1
46	5	0	39	2	90	0.87	0.51	0.64


Exact matching on drug_n
cor	inc	par	mis	spu	total	prec	recall	F1
4	1	0	110	0	115	0.8	0.03	0.07


MACRO-AVERAGE MEASURES:
P	R	F1
0.89	0.39	0.5
________________________________________________________________________

