task9.1_crf01crf01mod158 does not follow the convention file name for the task!

Strict matching (boundaries + type)
cor	inc	par	mis	spu	total	prec	recall	F1
453	81	0	152	55	686	0.77	0.66	0.71



Exact matching
cor	inc	par	mis	spu	total	prec	recall	F1
502	32	0	152	55	686	0.85	0.73	0.79



Partial matching
cor	inc	par	mis	spu	total	prec	recall	F1
502	0	32	152	55	686	0.85	0.76	0.8



type matching
cor	inc	par	mis	spu	total	prec	recall	F1
475	59	0	152	55	686	0.81	0.69	0.75



SCORES FOR ENTITY TYPE
Exact matching on drug
cor	inc	par	mis	spu	total	prec	recall	F1
297	8	0	46	21	351	0.91	0.85	0.88


Exact matching on brand
cor	inc	par	mis	spu	total	prec	recall	F1
40	1	0	18	1	59	0.95	0.68	0.79


Exact matching on group
cor	inc	par	mis	spu	total	prec	recall	F1
114	13	0	28	10	155	0.83	0.74	0.78


Exact matching on drug_n
cor	inc	par	mis	spu	total	prec	recall	F1
2	0	0	119	0	121	1	0.02	0.03


MACRO-AVERAGE MEASURES:
P	R	F1
0.92	0.57	0.62
________________________________________________________________________

