task9.1_d22btMDmNERaCRFw3d22btMDmNERaCRFw3m54 does not follow the convention file name for the task!

Strict matching (boundaries + type)
cor	inc	par	mis	spu	total	prec	recall	F1
178	59	0	145	47	382	0.63	0.47	0.53



Exact matching
cor	inc	par	mis	spu	total	prec	recall	F1
221	16	0	145	47	382	0.78	0.58	0.66



Partial matching
cor	inc	par	mis	spu	total	prec	recall	F1
221	0	16	145	47	382	0.78	0.6	0.68



type matching
cor	inc	par	mis	spu	total	prec	recall	F1
187	50	0	145	47	382	0.66	0.49	0.56



SCORES FOR ENTITY TYPE
Exact matching on drug
cor	inc	par	mis	spu	total	prec	recall	F1
134	2	0	35	21	171	0.85	0.78	0.82


Exact matching on brand
cor	inc	par	mis	spu	total	prec	recall	F1
3	0	0	3	0	6	1	0.5	0.67


Exact matching on group
cor	inc	par	mis	spu	total	prec	recall	F1
39	7	0	44	2	90	0.81	0.43	0.57


Exact matching on drug_n
cor	inc	par	mis	spu	total	prec	recall	F1
2	0	0	113	0	115	1	0.02	0.03


MACRO-AVERAGE MEASURES:
P	R	F1
0.92	0.43	0.52
________________________________________________________________________

