SCORES FOR the file: task9.1_ddi007ddi007m47.txt
Gold Dataset: /MedLine

Partial Evaluation: only detection of DDI (regadless to the type)
tp	fp	fn	total	prec	recall	F1
22	42	73	95	0,3438	0,2316	0,2767


Detection and Classification of DDI
tp	fp	fn	total	prec	recall	F1
16	48	79	95	0,25	0,1684	0,2013


________________________________________________________________________

SCORES FOR DDI TYPE
Scores for ddi with type mechanism
tp	fp	fn	total	prec	recall	F1
3	14	21	24	0,1765	0,125	0,1463


Scores for ddi with type effect
tp	fp	fn	total	prec	recall	F1
11	30	51	62	0,2683	0,1774	0,2136


Scores for ddi with type advise
tp	fp	fn	total	prec	recall	F1
1	2	6	7	0,3333	0,1429	0,2


Scores for ddi with type int
tp	fp	fn	total	prec	recall	F1
1	2	1	2	0,3333	0,5	0,4


MACRO-AVERAGE MEASURES:
	P	R	F1
	0,2779	0,2363	0,2554
________________________________________________________________________

