task9.1_crf01crf01m124 does not follow the convention file name for the task!

Strict matching (boundaries + type)
cor	inc	par	mis	spu	total	prec	recall	F1
398	62	0	226	38	686	0.8	0.58	0.67



Exact matching
cor	inc	par	mis	spu	total	prec	recall	F1
426	34	0	226	38	686	0.86	0.62	0.72



Partial matching
cor	inc	par	mis	spu	total	prec	recall	F1
426	0	34	226	38	686	0.86	0.65	0.74



type matching
cor	inc	par	mis	spu	total	prec	recall	F1
414	46	0	226	38	686	0.83	0.6	0.7



SCORES FOR ENTITY TYPE
Exact matching on drug
cor	inc	par	mis	spu	total	prec	recall	F1
237	6	0	108	17	351	0.91	0.68	0.78


Exact matching on brand
cor	inc	par	mis	spu	total	prec	recall	F1
32	0	0	27	1	59	0.97	0.54	0.7


Exact matching on group
cor	inc	par	mis	spu	total	prec	recall	F1
121	9	0	25	10	155	0.86	0.78	0.82


Exact matching on drug_n
cor	inc	par	mis	spu	total	prec	recall	F1
8	1	0	112	0	121	0.89	0.07	0.12


MACRO-AVERAGE MEASURES:
P	R	F1
0.91	0.52	0.6
________________________________________________________________________

