task9.1_d20tMDmNERaCRFw3d20tMDmNERaCRFw3mod016 does not follow the convention file name for the task!

Strict matching (boundaries + type)
cor	inc	par	mis	spu	total	prec	recall	F1
164	52	0	166	35	382	0.65	0.43	0.52



Exact matching
cor	inc	par	mis	spu	total	prec	recall	F1
199	17	0	166	35	382	0.79	0.52	0.63



Partial matching
cor	inc	par	mis	spu	total	prec	recall	F1
199	0	17	166	35	382	0.79	0.54	0.64



type matching
cor	inc	par	mis	spu	total	prec	recall	F1
175	41	0	166	35	382	0.7	0.46	0.55



SCORES FOR ENTITY TYPE
Exact matching on drug
cor	inc	par	mis	spu	total	prec	recall	F1
102	3	0	66	20	171	0.82	0.6	0.69


Exact matching on brand
cor	inc	par	mis	spu	total	prec	recall	F1
4	0	0	2	0	6	1	0.67	0.8


Exact matching on group
cor	inc	par	mis	spu	total	prec	recall	F1
56	8	0	26	1	90	0.86	0.62	0.72


Exact matching on drug_n
cor	inc	par	mis	spu	total	prec	recall	F1
2	0	0	113	1	115	0.67	0.02	0.03


MACRO-AVERAGE MEASURES:
P	R	F1
0.84	0.48	0.56
________________________________________________________________________

