task9.1_d20tMXmNWEaCRFd20tMXmNWEaCRFmod055 does not follow the convention file name for the task!

Strict matching (boundaries + type)
cor	inc	par	mis	spu	total	prec	recall	F1
245	18	0	41	16	304	0.88	0.81	0.84



Exact matching
cor	inc	par	mis	spu	total	prec	recall	F1
251	12	0	41	16	304	0.9	0.83	0.86



Partial matching
cor	inc	par	mis	spu	total	prec	recall	F1
251	0	12	41	16	304	0.9	0.85	0.87



type matching
cor	inc	par	mis	spu	total	prec	recall	F1
254	9	0	41	16	304	0.91	0.84	0.87



SCORES FOR ENTITY TYPE
Exact matching on drug
cor	inc	par	mis	spu	total	prec	recall	F1
160	4	0	16	5	180	0.95	0.89	0.92


Exact matching on brand
cor	inc	par	mis	spu	total	prec	recall	F1
32	1	0	20	2	53	0.91	0.6	0.73


Exact matching on group
cor	inc	par	mis	spu	total	prec	recall	F1
53	4	0	8	10	65	0.79	0.82	0.8


Exact matching on drug_n
cor	inc	par	mis	spu	total	prec	recall	F1
0	0	0	6	0	6	0	0	0


MACRO-AVERAGE MEASURES:
P	R	F1
0.66	0.58	0.61
________________________________________________________________________

