task9.1_d22tDBmNERaCRFw1d22tDBmNERaCRFw1m2 does not follow the convention file name for the task!

Strict matching (boundaries + type)
cor	inc	par	mis	spu	total	prec	recall	F1
240	15	0	49	16	304	0.89	0.79	0.83



Exact matching
cor	inc	par	mis	spu	total	prec	recall	F1
244	11	0	49	16	304	0.9	0.8	0.85



Partial matching
cor	inc	par	mis	spu	total	prec	recall	F1
244	0	11	49	16	304	0.9	0.82	0.86



type matching
cor	inc	par	mis	spu	total	prec	recall	F1
251	4	0	49	16	304	0.93	0.83	0.87



SCORES FOR ENTITY TYPE
Exact matching on drug
cor	inc	par	mis	spu	total	prec	recall	F1
161	4	0	15	5	180	0.95	0.89	0.92


Exact matching on brand
cor	inc	par	mis	spu	total	prec	recall	F1
28	2	0	23	3	53	0.85	0.53	0.65


Exact matching on group
cor	inc	par	mis	spu	total	prec	recall	F1
51	5	0	9	5	65	0.84	0.78	0.81


Exact matching on drug_n
cor	inc	par	mis	spu	total	prec	recall	F1
0	0	0	6	0	6	0	0	0


MACRO-AVERAGE MEASURES:
P	R	F1
0.66	0.55	0.6
________________________________________________________________________

