task9.1_d20tMDmNERaCRFw3d20tMDmNERaCRFw3mod033 does not follow the convention file name for the task!

Strict matching (boundaries + type)
cor	inc	par	mis	spu	total	prec	recall	F1
164	27	0	191	8	382	0.82	0.43	0.56



Exact matching
cor	inc	par	mis	spu	total	prec	recall	F1
173	18	0	191	8	382	0.87	0.45	0.6



Partial matching
cor	inc	par	mis	spu	total	prec	recall	F1
173	0	18	191	8	382	0.87	0.48	0.62



type matching
cor	inc	par	mis	spu	total	prec	recall	F1
176	15	0	191	8	382	0.88	0.46	0.61



SCORES FOR ENTITY TYPE
Exact matching on drug
cor	inc	par	mis	spu	total	prec	recall	F1
101	4	0	66	5	171	0.92	0.59	0.72


Exact matching on brand
cor	inc	par	mis	spu	total	prec	recall	F1
2	0	0	4	0	6	1	0.33	0.5


Exact matching on group
cor	inc	par	mis	spu	total	prec	recall	F1
55	8	0	27	1	90	0.86	0.61	0.71


Exact matching on drug_n
cor	inc	par	mis	spu	total	prec	recall	F1
6	1	0	108	0	115	0.86	0.05	0.1


MACRO-AVERAGE MEASURES:
P	R	F1
0.91	0.4	0.51
________________________________________________________________________

