task9.1_d22btDBmNERaCRFw1d22btDBmNERaCRFw1m34 does not follow the convention file name for the task!

Strict matching (boundaries + type)
cor	inc	par	mis	spu	total	prec	recall	F1
244	15	0	45	11	304	0.9	0.8	0.85



Exact matching
cor	inc	par	mis	spu	total	prec	recall	F1
248	11	0	45	11	304	0.92	0.82	0.86



Partial matching
cor	inc	par	mis	spu	total	prec	recall	F1
248	0	11	45	11	304	0.92	0.83	0.87



type matching
cor	inc	par	mis	spu	total	prec	recall	F1
252	7	0	45	11	304	0.93	0.83	0.88



SCORES FOR ENTITY TYPE
Exact matching on drug
cor	inc	par	mis	spu	total	prec	recall	F1
158	6	0	16	5	180	0.93	0.88	0.91


Exact matching on brand
cor	inc	par	mis	spu	total	prec	recall	F1
36	0	0	17	2	53	0.95	0.68	0.79


Exact matching on group
cor	inc	par	mis	spu	total	prec	recall	F1
50	2	0	13	6	65	0.86	0.77	0.81


Exact matching on drug_n
cor	inc	par	mis	spu	total	prec	recall	F1
0	0	0	6	0	6	0	0	0


MACRO-AVERAGE MEASURES:
P	R	F1
0.69	0.58	0.63
________________________________________________________________________

