task9.1_d22btDBmNERaCRFw2d22btDBmNERaCRFw2m10 does not follow the convention file name for the task!

Strict matching (boundaries + type)
cor	inc	par	mis	spu	total	prec	recall	F1
238	18	0	48	14	304	0.88	0.78	0.83



Exact matching
cor	inc	par	mis	spu	total	prec	recall	F1
242	14	0	48	14	304	0.9	0.8	0.84



Partial matching
cor	inc	par	mis	spu	total	prec	recall	F1
242	0	14	48	14	304	0.9	0.82	0.86



type matching
cor	inc	par	mis	spu	total	prec	recall	F1
249	7	0	48	14	304	0.92	0.82	0.87



SCORES FOR ENTITY TYPE
Exact matching on drug
cor	inc	par	mis	spu	total	prec	recall	F1
156	7	0	17	6	180	0.92	0.87	0.89


Exact matching on brand
cor	inc	par	mis	spu	total	prec	recall	F1
32	0	0	21	2	53	0.94	0.6	0.74


Exact matching on group
cor	inc	par	mis	spu	total	prec	recall	F1
50	4	0	11	7	65	0.82	0.77	0.79


Exact matching on drug_n
cor	inc	par	mis	spu	total	prec	recall	F1
0	0	0	6	0	6	0	0	0


MACRO-AVERAGE MEASURES:
P	R	F1
0.67	0.56	0.61
________________________________________________________________________

