task9.1_d22btDBmNERaCRFw3d22btDBmNERaCRFw3m16 does not follow the convention file name for the task!

Strict matching (boundaries + type)
cor	inc	par	mis	spu	total	prec	recall	F1
235	18	0	51	15	304	0.88	0.77	0.82



Exact matching
cor	inc	par	mis	spu	total	prec	recall	F1
239	14	0	51	15	304	0.89	0.79	0.84



Partial matching
cor	inc	par	mis	spu	total	prec	recall	F1
239	0	14	51	15	304	0.89	0.81	0.85



type matching
cor	inc	par	mis	spu	total	prec	recall	F1
246	7	0	51	15	304	0.92	0.81	0.86



SCORES FOR ENTITY TYPE
Exact matching on drug
cor	inc	par	mis	spu	total	prec	recall	F1
156	7	0	17	8	180	0.91	0.87	0.89


Exact matching on brand
cor	inc	par	mis	spu	total	prec	recall	F1
30	0	0	23	3	53	0.91	0.57	0.7


Exact matching on group
cor	inc	par	mis	spu	total	prec	recall	F1
49	5	0	11	5	65	0.83	0.75	0.79


Exact matching on drug_n
cor	inc	par	mis	spu	total	prec	recall	F1
0	0	0	6	0	6	0	0	0


MACRO-AVERAGE MEASURES:
P	R	F1
0.66	0.55	0.59
________________________________________________________________________

