task9.1_d22tDBmNERaCRFw1d22tDBmNERaCRFw1m7 does not follow the convention file name for the task!

Strict matching (boundaries + type)
cor	inc	par	mis	spu	total	prec	recall	F1
259	15	0	30	17	304	0.89	0.85	0.87



Exact matching
cor	inc	par	mis	spu	total	prec	recall	F1
264	10	0	30	17	304	0.91	0.87	0.89



Partial matching
cor	inc	par	mis	spu	total	prec	recall	F1
264	0	10	30	17	304	0.91	0.88	0.9



type matching
cor	inc	par	mis	spu	total	prec	recall	F1
266	8	0	30	17	304	0.91	0.88	0.89



SCORES FOR ENTITY TYPE
Exact matching on drug
cor	inc	par	mis	spu	total	prec	recall	F1
163	4	0	13	6	180	0.94	0.91	0.92


Exact matching on brand
cor	inc	par	mis	spu	total	prec	recall	F1
38	0	0	15	2	53	0.95	0.72	0.82


Exact matching on group
cor	inc	par	mis	spu	total	prec	recall	F1
58	3	0	4	7	65	0.85	0.89	0.87


Exact matching on drug_n
cor	inc	par	mis	spu	total	prec	recall	F1
0	0	0	6	0	6	0	0	0


MACRO-AVERAGE MEASURES:
P	R	F1
0.69	0.63	0.65
________________________________________________________________________

