task9.1_d22btMDmNERaCRFw2d22btMDmNERaCRFw2m3 does not follow the convention file name for the task!

Strict matching (boundaries + type)
cor	inc	par	mis	spu	total	prec	recall	F1
184	54	0	144	38	382	0.67	0.48	0.56



Exact matching
cor	inc	par	mis	spu	total	prec	recall	F1
222	16	0	144	38	382	0.8	0.58	0.67



Partial matching
cor	inc	par	mis	spu	total	prec	recall	F1
222	0	16	144	38	382	0.8	0.6	0.69



type matching
cor	inc	par	mis	spu	total	prec	recall	F1
192	46	0	144	38	382	0.7	0.5	0.58



SCORES FOR ENTITY TYPE
Exact matching on drug
cor	inc	par	mis	spu	total	prec	recall	F1
131	3	0	37	17	171	0.87	0.77	0.81


Exact matching on brand
cor	inc	par	mis	spu	total	prec	recall	F1
4	0	0	2	0	6	1	0.67	0.8


Exact matching on group
cor	inc	par	mis	spu	total	prec	recall	F1
47	5	0	38	0	90	0.9	0.52	0.66


Exact matching on drug_n
cor	inc	par	mis	spu	total	prec	recall	F1
2	0	0	113	0	115	1	0.02	0.03


MACRO-AVERAGE MEASURES:
P	R	F1
0.94	0.49	0.58
________________________________________________________________________

