task9.1_d20tMDmNERaCRFw3d20tMDmNERaCRFw3mod039 does not follow the convention file name for the task!

Strict matching (boundaries + type)
cor	inc	par	mis	spu	total	prec	recall	F1
180	51	0	151	36	382	0.67	0.47	0.55



Exact matching
cor	inc	par	mis	spu	total	prec	recall	F1
213	18	0	151	36	382	0.8	0.56	0.66



Partial matching
cor	inc	par	mis	spu	total	prec	recall	F1
213	0	18	151	36	382	0.8	0.58	0.67



type matching
cor	inc	par	mis	spu	total	prec	recall	F1
190	41	0	151	36	382	0.71	0.5	0.59



SCORES FOR ENTITY TYPE
Exact matching on drug
cor	inc	par	mis	spu	total	prec	recall	F1
106	4	0	61	18	171	0.83	0.62	0.71


Exact matching on brand
cor	inc	par	mis	spu	total	prec	recall	F1
5	0	0	1	0	6	1	0.83	0.91


Exact matching on group
cor	inc	par	mis	spu	total	prec	recall	F1
65	7	0	18	1	90	0.89	0.72	0.8


Exact matching on drug_n
cor	inc	par	mis	spu	total	prec	recall	F1
4	0	0	111	0	115	1	0.03	0.07


MACRO-AVERAGE MEASURES:
P	R	F1
0.93	0.55	0.62
________________________________________________________________________

