task9.1_d20tMXmERaCRd20tMXmERaCRm145 does not follow the convention file name for the task!

Strict matching (boundaries + type)
cor	inc	par	mis	spu	total	prec	recall	F1
461	80	0	145	56	686	0.77	0.67	0.72



Exact matching
cor	inc	par	mis	spu	total	prec	recall	F1
512	29	0	145	56	686	0.86	0.75	0.8



Partial matching
cor	inc	par	mis	spu	total	prec	recall	F1
512	0	29	145	56	686	0.86	0.77	0.81



type matching
cor	inc	par	mis	spu	total	prec	recall	F1
480	61	0	145	56	686	0.8	0.7	0.75



SCORES FOR ENTITY TYPE
Exact matching on drug
cor	inc	par	mis	spu	total	prec	recall	F1
293	10	0	48	22	351	0.9	0.83	0.87


Exact matching on brand
cor	inc	par	mis	spu	total	prec	recall	F1
43	0	0	16	3	59	0.93	0.73	0.82


Exact matching on group
cor	inc	par	mis	spu	total	prec	recall	F1
121	10	0	24	11	155	0.85	0.78	0.81


Exact matching on drug_n
cor	inc	par	mis	spu	total	prec	recall	F1
4	0	0	117	0	121	1	0.03	0.06


MACRO-AVERAGE MEASURES:
P	R	F1
0.92	0.59	0.64
________________________________________________________________________

