task9.1_d22btMDmNERaCRFw2d22btMDmNERaCRFw2m43 does not follow the convention file name for the task!

Strict matching (boundaries + type)
cor	inc	par	mis	spu	total	prec	recall	F1
178	66	0	138	43	382	0.62	0.47	0.53



Exact matching
cor	inc	par	mis	spu	total	prec	recall	F1
224	20	0	138	43	382	0.78	0.59	0.67



Partial matching
cor	inc	par	mis	spu	total	prec	recall	F1
224	0	20	138	43	382	0.78	0.61	0.69



type matching
cor	inc	par	mis	spu	total	prec	recall	F1
189	55	0	138	43	382	0.66	0.49	0.57



SCORES FOR ENTITY TYPE
Exact matching on drug
cor	inc	par	mis	spu	total	prec	recall	F1
129	4	0	38	22	171	0.83	0.75	0.79


Exact matching on brand
cor	inc	par	mis	spu	total	prec	recall	F1
3	0	0	3	1	6	0.75	0.5	0.6


Exact matching on group
cor	inc	par	mis	spu	total	prec	recall	F1
44	6	0	40	1	90	0.86	0.49	0.62


Exact matching on drug_n
cor	inc	par	mis	spu	total	prec	recall	F1
2	1	0	112	0	115	0.67	0.02	0.03


MACRO-AVERAGE MEASURES:
P	R	F1
0.78	0.44	0.51
________________________________________________________________________

