task9.1_d22btMDmNERaCRFw5d22btMDmNERaCRFw5m23 does not follow the convention file name for the task!

Strict matching (boundaries + type)
cor	inc	par	mis	spu	total	prec	recall	F1
173	61	0	148	47	382	0.62	0.45	0.52



Exact matching
cor	inc	par	mis	spu	total	prec	recall	F1
217	17	0	148	47	382	0.77	0.57	0.65



Partial matching
cor	inc	par	mis	spu	total	prec	recall	F1
217	0	17	148	47	382	0.77	0.59	0.67



type matching
cor	inc	par	mis	spu	total	prec	recall	F1
183	51	0	148	47	382	0.65	0.48	0.55



SCORES FOR ENTITY TYPE
Exact matching on drug
cor	inc	par	mis	spu	total	prec	recall	F1
134	4	0	33	24	171	0.83	0.78	0.8


Exact matching on brand
cor	inc	par	mis	spu	total	prec	recall	F1
3	0	0	3	1	6	0.75	0.5	0.6


Exact matching on group
cor	inc	par	mis	spu	total	prec	recall	F1
35	5	0	50	2	90	0.83	0.39	0.53


Exact matching on drug_n
cor	inc	par	mis	spu	total	prec	recall	F1
1	1	0	113	0	115	0.5	0.01	0.02


MACRO-AVERAGE MEASURES:
P	R	F1
0.73	0.42	0.49
________________________________________________________________________

