task9.1_d22btMDmNERaCRFw2d22btMDmNERaCRFw2m51 does not follow the convention file name for the task!

Strict matching (boundaries + type)
cor	inc	par	mis	spu	total	prec	recall	F1
181	60	0	141	42	382	0.64	0.47	0.54



Exact matching
cor	inc	par	mis	spu	total	prec	recall	F1
222	19	0	141	42	382	0.78	0.58	0.67



Partial matching
cor	inc	par	mis	spu	total	prec	recall	F1
222	0	19	141	42	382	0.78	0.61	0.68



type matching
cor	inc	par	mis	spu	total	prec	recall	F1
191	50	0	141	42	382	0.67	0.5	0.57



SCORES FOR ENTITY TYPE
Exact matching on drug
cor	inc	par	mis	spu	total	prec	recall	F1
133	3	0	35	17	171	0.87	0.78	0.82


Exact matching on brand
cor	inc	par	mis	spu	total	prec	recall	F1
2	0	0	4	0	6	1	0.33	0.5


Exact matching on group
cor	inc	par	mis	spu	total	prec	recall	F1
44	6	0	40	2	90	0.85	0.49	0.62


Exact matching on drug_n
cor	inc	par	mis	spu	total	prec	recall	F1
2	1	0	112	0	115	0.67	0.02	0.03


MACRO-AVERAGE MEASURES:
P	R	F1
0.85	0.4	0.49
________________________________________________________________________

