task9.1_d22btMDmNERaCRFw2d22btMDmNERaCRFw2m14 does not follow the convention file name for the task!

Strict matching (boundaries + type)
cor	inc	par	mis	spu	total	prec	recall	F1
184	60	0	138	40	382	0.65	0.48	0.55



Exact matching
cor	inc	par	mis	spu	total	prec	recall	F1
225	19	0	138	40	382	0.79	0.59	0.68



Partial matching
cor	inc	par	mis	spu	total	prec	recall	F1
225	0	19	138	40	382	0.79	0.61	0.69



type matching
cor	inc	par	mis	spu	total	prec	recall	F1
193	51	0	138	40	382	0.68	0.51	0.58



SCORES FOR ENTITY TYPE
Exact matching on drug
cor	inc	par	mis	spu	total	prec	recall	F1
135	3	0	33	16	171	0.88	0.79	0.83


Exact matching on brand
cor	inc	par	mis	spu	total	prec	recall	F1
3	0	0	3	0	6	1	0.5	0.67


Exact matching on group
cor	inc	par	mis	spu	total	prec	recall	F1
45	6	0	39	2	90	0.85	0.5	0.63


Exact matching on drug_n
cor	inc	par	mis	spu	total	prec	recall	F1
1	0	0	114	0	115	1	0.01	0.02


MACRO-AVERAGE MEASURES:
P	R	F1
0.93	0.45	0.54
________________________________________________________________________

