task9.1_combER0517combER0517mod057 does not follow the convention file name for the task!

Strict matching (boundaries + type)
cor	inc	par	mis	spu	total	prec	recall	F1
0	108	0	196	0	304	0	0	0



Exact matching
cor	inc	par	mis	spu	total	prec	recall	F1
106	2	0	196	0	304	0.98	0.35	0.51



Partial matching
cor	inc	par	mis	spu	total	prec	recall	F1
106	0	2	196	0	304	0.98	0.35	0.52



type matching
cor	inc	par	mis	spu	total	prec	recall	F1
0	108	0	196	0	304	0	0	0



SCORES FOR ENTITY TYPE
Exact matching on drug
cor	inc	par	mis	spu	total	prec	recall	F1
0	0	0	180	0	180	0	0	0


Exact matching on brand
cor	inc	par	mis	spu	total	prec	recall	F1
0	0	0	53	0	53	0	0	0


Exact matching on group
cor	inc	par	mis	spu	total	prec	recall	F1
0	0	0	65	0	65	0	0	0


Exact matching on drug_n
cor	inc	par	mis	spu	total	prec	recall	F1
0	0	0	6	0	6	0	0	0


MACRO-AVERAGE MEASURES:
P	R	F1
0	0	0
________________________________________________________________________

