task9.1_d22btMDmNERaCRFw2d22btMDmNERaCRFw2m24 does not follow the convention file name for the task!

Strict matching (boundaries + type)
cor	inc	par	mis	spu	total	prec	recall	F1
178	65	0	139	45	382	0.62	0.47	0.53



Exact matching
cor	inc	par	mis	spu	total	prec	recall	F1
223	20	0	139	45	382	0.77	0.58	0.67



Partial matching
cor	inc	par	mis	spu	total	prec	recall	F1
223	0	20	139	45	382	0.77	0.61	0.68



type matching
cor	inc	par	mis	spu	total	prec	recall	F1
188	55	0	139	45	382	0.65	0.49	0.56



SCORES FOR ENTITY TYPE
Exact matching on drug
cor	inc	par	mis	spu	total	prec	recall	F1
130	4	0	37	21	171	0.84	0.76	0.8


Exact matching on brand
cor	inc	par	mis	spu	total	prec	recall	F1
3	0	0	3	1	6	0.75	0.5	0.6


Exact matching on group
cor	inc	par	mis	spu	total	prec	recall	F1
43	6	0	41	1	90	0.86	0.48	0.61


Exact matching on drug_n
cor	inc	par	mis	spu	total	prec	recall	F1
2	0	0	113	0	115	1	0.02	0.03


MACRO-AVERAGE MEASURES:
P	R	F1
0.86	0.44	0.51
________________________________________________________________________

