task9.1_d22btDBmNERaCRFw1d22btDBmNERaCRFw1m35 does not follow the convention file name for the task!

Strict matching (boundaries + type)
cor	inc	par	mis	spu	total	prec	recall	F1
244	13	0	47	10	304	0.91	0.8	0.85



Exact matching
cor	inc	par	mis	spu	total	prec	recall	F1
248	9	0	47	10	304	0.93	0.82	0.87



Partial matching
cor	inc	par	mis	spu	total	prec	recall	F1
248	0	9	47	10	304	0.93	0.83	0.88



type matching
cor	inc	par	mis	spu	total	prec	recall	F1
249	8	0	47	10	304	0.93	0.82	0.87



SCORES FOR ENTITY TYPE
Exact matching on drug
cor	inc	par	mis	spu	total	prec	recall	F1
160	3	0	17	5	180	0.95	0.89	0.92


Exact matching on brand
cor	inc	par	mis	spu	total	prec	recall	F1
35	0	0	18	2	53	0.95	0.66	0.78


Exact matching on group
cor	inc	par	mis	spu	total	prec	recall	F1
49	2	0	14	6	65	0.86	0.75	0.8


Exact matching on drug_n
cor	inc	par	mis	spu	total	prec	recall	F1
0	0	0	6	0	6	0	0	0


MACRO-AVERAGE MEASURES:
P	R	F1
0.69	0.58	0.63
________________________________________________________________________

