task9.1_d22btMDmNERaCRFw2d22btMDmNERaCRFw2m47 does not follow the convention file name for the task!

Strict matching (boundaries + type)
cor	inc	par	mis	spu	total	prec	recall	F1
184	62	0	136	43	382	0.64	0.48	0.55



Exact matching
cor	inc	par	mis	spu	total	prec	recall	F1
226	20	0	136	43	382	0.78	0.59	0.67



Partial matching
cor	inc	par	mis	spu	total	prec	recall	F1
226	0	20	136	43	382	0.78	0.62	0.69



type matching
cor	inc	par	mis	spu	total	prec	recall	F1
194	52	0	136	43	382	0.67	0.51	0.58



SCORES FOR ENTITY TYPE
Exact matching on drug
cor	inc	par	mis	spu	total	prec	recall	F1
135	3	0	33	19	171	0.86	0.79	0.82


Exact matching on brand
cor	inc	par	mis	spu	total	prec	recall	F1
3	0	0	3	0	6	1	0.5	0.67


Exact matching on group
cor	inc	par	mis	spu	total	prec	recall	F1
45	7	0	38	1	90	0.85	0.5	0.63


Exact matching on drug_n
cor	inc	par	mis	spu	total	prec	recall	F1
1	0	0	114	0	115	1	0.01	0.02


MACRO-AVERAGE MEASURES:
P	R	F1
0.93	0.45	0.53
________________________________________________________________________

