task9.1_d20tMDmNERaCRFw5d20tMDmNERaCRFw5mod013 does not follow the convention file name for the task!

Strict matching (boundaries + type)
cor	inc	par	mis	spu	total	prec	recall	F1
157	42	0	183	31	382	0.68	0.41	0.51



Exact matching
cor	inc	par	mis	spu	total	prec	recall	F1
185	14	0	183	31	382	0.8	0.48	0.6



Partial matching
cor	inc	par	mis	spu	total	prec	recall	F1
185	0	14	183	31	382	0.8	0.5	0.62



type matching
cor	inc	par	mis	spu	total	prec	recall	F1
167	32	0	183	31	382	0.73	0.44	0.55



SCORES FOR ENTITY TYPE
Exact matching on drug
cor	inc	par	mis	spu	total	prec	recall	F1
92	2	0	77	16	171	0.84	0.54	0.65


Exact matching on brand
cor	inc	par	mis	spu	total	prec	recall	F1
4	0	0	2	0	6	1	0.67	0.8


Exact matching on group
cor	inc	par	mis	spu	total	prec	recall	F1
58	7	0	25	0	90	0.89	0.64	0.75


Exact matching on drug_n
cor	inc	par	mis	spu	total	prec	recall	F1
3	1	0	111	1	115	0.6	0.03	0.05


MACRO-AVERAGE MEASURES:
P	R	F1
0.83	0.47	0.56
________________________________________________________________________

