task9.1_d22btMDmNERaCRFw5d22btMDmNERaCRFw5m19 does not follow the convention file name for the task!

Strict matching (boundaries + type)
cor	inc	par	mis	spu	total	prec	recall	F1
173	61	0	148	46	382	0.62	0.45	0.52



Exact matching
cor	inc	par	mis	spu	total	prec	recall	F1
215	19	0	148	46	382	0.77	0.56	0.65



Partial matching
cor	inc	par	mis	spu	total	prec	recall	F1
215	0	19	148	46	382	0.77	0.59	0.67



type matching
cor	inc	par	mis	spu	total	prec	recall	F1
182	52	0	148	46	382	0.65	0.48	0.55



SCORES FOR ENTITY TYPE
Exact matching on drug
cor	inc	par	mis	spu	total	prec	recall	F1
133	3	0	35	22	171	0.84	0.78	0.81


Exact matching on brand
cor	inc	par	mis	spu	total	prec	recall	F1
3	0	0	3	0	6	1	0.5	0.67


Exact matching on group
cor	inc	par	mis	spu	total	prec	recall	F1
36	5	0	49	2	90	0.84	0.4	0.54


Exact matching on drug_n
cor	inc	par	mis	spu	total	prec	recall	F1
1	1	0	113	0	115	0.5	0.01	0.02


MACRO-AVERAGE MEASURES:
P	R	F1
0.79	0.42	0.51
________________________________________________________________________

