task9.1_d20tMXmERaCRd20tMXmERaCRm025 does not follow the convention file name for the task!

Strict matching (boundaries + type)
cor	inc	par	mis	spu	total	prec	recall	F1
0	489	0	197	69	686	0	0	0



Exact matching
cor	inc	par	mis	spu	total	prec	recall	F1
454	35	0	197	69	686	0.81	0.66	0.73



Partial matching
cor	inc	par	mis	spu	total	prec	recall	F1
454	0	35	197	69	686	0.81	0.69	0.75



type matching
cor	inc	par	mis	spu	total	prec	recall	F1
0	489	0	197	69	686	0	0	0



SCORES FOR ENTITY TYPE
Exact matching on drug
cor	inc	par	mis	spu	total	prec	recall	F1
0	0	0	351	0	351	0	0	0


Exact matching on brand
cor	inc	par	mis	spu	total	prec	recall	F1
0	0	0	59	0	59	0	0	0


Exact matching on group
cor	inc	par	mis	spu	total	prec	recall	F1
0	0	0	155	0	155	0	0	0


Exact matching on drug_n
cor	inc	par	mis	spu	total	prec	recall	F1
0	0	0	121	0	121	0	0	0


MACRO-AVERAGE MEASURES:
P	R	F1
0	0	0
________________________________________________________________________

