task9.1_crf01crf01m100 does not follow the convention file name for the task!

Strict matching (boundaries + type)
cor	inc	par	mis	spu	total	prec	recall	F1
322	44	0	320	21	686	0.83	0.47	0.6



Exact matching
cor	inc	par	mis	spu	total	prec	recall	F1
341	25	0	320	21	686	0.88	0.5	0.64



Partial matching
cor	inc	par	mis	spu	total	prec	recall	F1
341	0	25	320	21	686	0.88	0.52	0.65



type matching
cor	inc	par	mis	spu	total	prec	recall	F1
338	28	0	320	21	686	0.87	0.49	0.63



SCORES FOR ENTITY TYPE
Exact matching on drug
cor	inc	par	mis	spu	total	prec	recall	F1
203	6	0	142	8	351	0.94	0.58	0.71


Exact matching on brand
cor	inc	par	mis	spu	total	prec	recall	F1
14	0	0	45	1	59	0.93	0.24	0.38


Exact matching on group
cor	inc	par	mis	spu	total	prec	recall	F1
101	11	0	43	7	155	0.85	0.65	0.74


Exact matching on drug_n
cor	inc	par	mis	spu	total	prec	recall	F1
4	0	0	117	0	121	1	0.03	0.06


MACRO-AVERAGE MEASURES:
P	R	F1
0.93	0.38	0.47
________________________________________________________________________

