task9.1_d22btMDmNERaCRFw3d22btMDmNERaCRFw3m15 does not follow the convention file name for the task!

Strict matching (boundaries + type)
cor	inc	par	mis	spu	total	prec	recall	F1
179	60	0	143	42	382	0.64	0.47	0.54



Exact matching
cor	inc	par	mis	spu	total	prec	recall	F1
221	18	0	143	42	382	0.79	0.58	0.67



Partial matching
cor	inc	par	mis	spu	total	prec	recall	F1
221	0	18	143	42	382	0.79	0.6	0.68



type matching
cor	inc	par	mis	spu	total	prec	recall	F1
187	52	0	143	42	382	0.67	0.49	0.56



SCORES FOR ENTITY TYPE
Exact matching on drug
cor	inc	par	mis	spu	total	prec	recall	F1
134	3	0	34	18	171	0.86	0.78	0.82


Exact matching on brand
cor	inc	par	mis	spu	total	prec	recall	F1
4	0	0	2	0	6	1	0.67	0.8


Exact matching on group
cor	inc	par	mis	spu	total	prec	recall	F1
40	5	0	45	2	90	0.85	0.44	0.58


Exact matching on drug_n
cor	inc	par	mis	spu	total	prec	recall	F1
1	0	0	114	0	115	1	0.01	0.02


MACRO-AVERAGE MEASURES:
P	R	F1
0.93	0.48	0.56
________________________________________________________________________

