task9.1_d22btMDmNERaCRFw2d22btMDmNERaCRFw2m50 does not follow the convention file name for the task!

Strict matching (boundaries + type)
cor	inc	par	mis	spu	total	prec	recall	F1
179	63	0	140	37	382	0.64	0.47	0.54



Exact matching
cor	inc	par	mis	spu	total	prec	recall	F1
223	19	0	140	37	382	0.8	0.58	0.67



Partial matching
cor	inc	par	mis	spu	total	prec	recall	F1
223	0	19	140	37	382	0.8	0.61	0.69



type matching
cor	inc	par	mis	spu	total	prec	recall	F1
188	54	0	140	37	382	0.67	0.49	0.57



SCORES FOR ENTITY TYPE
Exact matching on drug
cor	inc	par	mis	spu	total	prec	recall	F1
131	3	0	37	19	171	0.86	0.77	0.81


Exact matching on brand
cor	inc	par	mis	spu	total	prec	recall	F1
2	0	0	4	0	6	1	0.33	0.5


Exact matching on group
cor	inc	par	mis	spu	total	prec	recall	F1
45	6	0	39	1	90	0.87	0.5	0.63


Exact matching on drug_n
cor	inc	par	mis	spu	total	prec	recall	F1
1	0	0	114	0	115	1	0.01	0.02


MACRO-AVERAGE MEASURES:
P	R	F1
0.93	0.4	0.49
________________________________________________________________________

