task9.1_d20tMDmNERaCRFw5d20tMDmNERaCRFw5mod049 does not follow the convention file name for the task!

Strict matching (boundaries + type)
cor	inc	par	mis	spu	total	prec	recall	F1
195	58	0	129	45	382	0.65	0.51	0.57



Exact matching
cor	inc	par	mis	spu	total	prec	recall	F1
234	19	0	129	45	382	0.79	0.61	0.69



Partial matching
cor	inc	par	mis	spu	total	prec	recall	F1
234	0	19	129	45	382	0.79	0.64	0.7



type matching
cor	inc	par	mis	spu	total	prec	recall	F1
205	48	0	129	45	382	0.69	0.54	0.6



SCORES FOR ENTITY TYPE
Exact matching on drug
cor	inc	par	mis	spu	total	prec	recall	F1
136	3	0	32	21	171	0.85	0.8	0.82


Exact matching on brand
cor	inc	par	mis	spu	total	prec	recall	F1
3	0	0	3	0	6	1	0.5	0.67


Exact matching on group
cor	inc	par	mis	spu	total	prec	recall	F1
53	7	0	30	0	90	0.88	0.59	0.71


Exact matching on drug_n
cor	inc	par	mis	spu	total	prec	recall	F1
3	0	0	112	1	115	0.75	0.03	0.05


MACRO-AVERAGE MEASURES:
P	R	F1
0.87	0.48	0.56
________________________________________________________________________

