task9.1_d22btMDmNERaCRFw5d22btMDmNERaCRFw5m26 does not follow the convention file name for the task!

Strict matching (boundaries + type)
cor	inc	par	mis	spu	total	prec	recall	F1
180	56	0	146	44	382	0.64	0.47	0.54



Exact matching
cor	inc	par	mis	spu	total	prec	recall	F1
215	21	0	146	44	382	0.77	0.56	0.65



Partial matching
cor	inc	par	mis	spu	total	prec	recall	F1
215	0	21	146	44	382	0.77	0.59	0.67



type matching
cor	inc	par	mis	spu	total	prec	recall	F1
194	42	0	146	44	382	0.69	0.51	0.59



SCORES FOR ENTITY TYPE
Exact matching on drug
cor	inc	par	mis	spu	total	prec	recall	F1
139	3	0	29	22	171	0.85	0.81	0.83


Exact matching on brand
cor	inc	par	mis	spu	total	prec	recall	F1
3	0	0	3	0	6	1	0.5	0.67


Exact matching on group
cor	inc	par	mis	spu	total	prec	recall	F1
37	9	0	44	2	90	0.77	0.41	0.54


Exact matching on drug_n
cor	inc	par	mis	spu	total	prec	recall	F1
1	2	0	112	0	115	0.33	0.01	0.02


MACRO-AVERAGE MEASURES:
P	R	F1
0.74	0.43	0.51
________________________________________________________________________

