task9.1_d20tMXmNWEaCRFd20tMXmNWEaCRFmod019 does not follow the convention file name for the task!

Strict matching (boundaries + type)
cor	inc	par	mis	spu	total	prec	recall	F1
222	22	0	60	19	304	0.84	0.73	0.78



Exact matching
cor	inc	par	mis	spu	total	prec	recall	F1
231	13	0	60	19	304	0.88	0.76	0.81



Partial matching
cor	inc	par	mis	spu	total	prec	recall	F1
231	0	13	60	19	304	0.88	0.78	0.83



type matching
cor	inc	par	mis	spu	total	prec	recall	F1
230	14	0	60	19	304	0.87	0.76	0.81



SCORES FOR ENTITY TYPE
Exact matching on drug
cor	inc	par	mis	spu	total	prec	recall	F1
134	2	0	44	9	180	0.92	0.74	0.82


Exact matching on brand
cor	inc	par	mis	spu	total	prec	recall	F1
35	1	0	17	2	53	0.92	0.66	0.77


Exact matching on group
cor	inc	par	mis	spu	total	prec	recall	F1
53	5	0	7	9	65	0.79	0.82	0.8


Exact matching on drug_n
cor	inc	par	mis	spu	total	prec	recall	F1
0	0	0	6	0	6	0	0	0


MACRO-AVERAGE MEASURES:
P	R	F1
0.66	0.56	0.6
________________________________________________________________________

