task9.1_d22btMDmNERaCRFw2d22btMDmNERaCRFw2m25 does not follow the convention file name for the task!

Strict matching (boundaries + type)
cor	inc	par	mis	spu	total	prec	recall	F1
179	65	0	138	41	382	0.63	0.47	0.54



Exact matching
cor	inc	par	mis	spu	total	prec	recall	F1
224	20	0	138	41	382	0.79	0.59	0.67



Partial matching
cor	inc	par	mis	spu	total	prec	recall	F1
224	0	20	138	41	382	0.79	0.61	0.69



type matching
cor	inc	par	mis	spu	total	prec	recall	F1
189	55	0	138	41	382	0.66	0.49	0.57



SCORES FOR ENTITY TYPE
Exact matching on drug
cor	inc	par	mis	spu	total	prec	recall	F1
132	3	0	36	20	171	0.85	0.77	0.81


Exact matching on brand
cor	inc	par	mis	spu	total	prec	recall	F1
3	0	0	3	1	6	0.75	0.5	0.6


Exact matching on group
cor	inc	par	mis	spu	total	prec	recall	F1
43	7	0	40	1	90	0.84	0.48	0.61


Exact matching on drug_n
cor	inc	par	mis	spu	total	prec	recall	F1
1	0	0	114	0	115	1	0.01	0.02


MACRO-AVERAGE MEASURES:
P	R	F1
0.86	0.44	0.51
________________________________________________________________________

