task9.1_d20tMXmERaCRd20tMXmERaCRmod160 does not follow the convention file name for the task!

Strict matching (boundaries + type)
cor	inc	par	mis	spu	total	prec	recall	F1
460	81	0	145	59	686	0.77	0.67	0.72



Exact matching
cor	inc	par	mis	spu	total	prec	recall	F1
511	30	0	145	59	686	0.85	0.74	0.79



Partial matching
cor	inc	par	mis	spu	total	prec	recall	F1
511	0	30	145	59	686	0.85	0.77	0.81



type matching
cor	inc	par	mis	spu	total	prec	recall	F1
480	61	0	145	59	686	0.8	0.7	0.75



SCORES FOR ENTITY TYPE
Exact matching on drug
cor	inc	par	mis	spu	total	prec	recall	F1
294	10	0	47	24	351	0.9	0.84	0.87


Exact matching on brand
cor	inc	par	mis	spu	total	prec	recall	F1
42	0	0	17	3	59	0.93	0.71	0.81


Exact matching on group
cor	inc	par	mis	spu	total	prec	recall	F1
120	11	0	24	11	155	0.85	0.77	0.81


Exact matching on drug_n
cor	inc	par	mis	spu	total	prec	recall	F1
4	0	0	117	0	121	1	0.03	0.06


MACRO-AVERAGE MEASURES:
P	R	F1
0.92	0.59	0.64
________________________________________________________________________

