task9.1_d22btDBmNERaCRFw1d22btDBmNERaCRFw1m1 does not follow the convention file name for the task!

Strict matching (boundaries + type)
cor	inc	par	mis	spu	total	prec	recall	F1
248	14	0	42	14	304	0.9	0.82	0.86



Exact matching
cor	inc	par	mis	spu	total	prec	recall	F1
252	10	0	42	14	304	0.91	0.83	0.87



Partial matching
cor	inc	par	mis	spu	total	prec	recall	F1
252	0	10	42	14	304	0.91	0.85	0.88



type matching
cor	inc	par	mis	spu	total	prec	recall	F1
255	7	0	42	14	304	0.92	0.84	0.88



SCORES FOR ENTITY TYPE
Exact matching on drug
cor	inc	par	mis	spu	total	prec	recall	F1
160	4	0	16	5	180	0.95	0.89	0.92


Exact matching on brand
cor	inc	par	mis	spu	total	prec	recall	F1
36	0	0	17	2	53	0.95	0.68	0.79


Exact matching on group
cor	inc	par	mis	spu	total	prec	recall	F1
52	3	0	10	7	65	0.84	0.8	0.82


Exact matching on drug_n
cor	inc	par	mis	spu	total	prec	recall	F1
0	0	0	6	0	6	0	0	0


MACRO-AVERAGE MEASURES:
P	R	F1
0.68	0.59	0.63
________________________________________________________________________

