task9.1_d22btDBmNERaCRFw3d22btDBmNERaCRFw3m45 does not follow the convention file name for the task!

Strict matching (boundaries + type)
cor	inc	par	mis	spu	total	prec	recall	F1
239	23	0	42	16	304	0.86	0.79	0.82



Exact matching
cor	inc	par	mis	spu	total	prec	recall	F1
243	19	0	42	16	304	0.87	0.8	0.84



Partial matching
cor	inc	par	mis	spu	total	prec	recall	F1
243	0	19	42	16	304	0.87	0.83	0.85



type matching
cor	inc	par	mis	spu	total	prec	recall	F1
254	8	0	42	16	304	0.91	0.84	0.87



SCORES FOR ENTITY TYPE
Exact matching on drug
cor	inc	par	mis	spu	total	prec	recall	F1
155	9	0	16	8	180	0.9	0.86	0.88


Exact matching on brand
cor	inc	par	mis	spu	total	prec	recall	F1
35	1	0	17	3	53	0.9	0.66	0.76


Exact matching on group
cor	inc	par	mis	spu	total	prec	recall	F1
49	5	0	11	7	65	0.8	0.75	0.78


Exact matching on drug_n
cor	inc	par	mis	spu	total	prec	recall	F1
0	0	0	6	0	6	0	0	0


MACRO-AVERAGE MEASURES:
P	R	F1
0.65	0.57	0.6
________________________________________________________________________

