task9.1_d22btDBmNERaCRFw3d22btDBmNERaCRFw3m24 does not follow the convention file name for the task!

Strict matching (boundaries + type)
cor	inc	par	mis	spu	total	prec	recall	F1
239	22	0	43	15	304	0.87	0.79	0.82



Exact matching
cor	inc	par	mis	spu	total	prec	recall	F1
242	19	0	43	15	304	0.88	0.8	0.83



Partial matching
cor	inc	par	mis	spu	total	prec	recall	F1
242	0	19	43	15	304	0.88	0.83	0.85



type matching
cor	inc	par	mis	spu	total	prec	recall	F1
254	7	0	43	15	304	0.92	0.84	0.88



SCORES FOR ENTITY TYPE
Exact matching on drug
cor	inc	par	mis	spu	total	prec	recall	F1
156	9	0	15	7	180	0.91	0.87	0.89


Exact matching on brand
cor	inc	par	mis	spu	total	prec	recall	F1
37	0	0	16	4	53	0.9	0.7	0.79


Exact matching on group
cor	inc	par	mis	spu	total	prec	recall	F1
46	6	0	13	7	65	0.78	0.71	0.74


Exact matching on drug_n
cor	inc	par	mis	spu	total	prec	recall	F1
0	0	0	6	0	6	0	0	0


MACRO-AVERAGE MEASURES:
P	R	F1
0.65	0.57	0.6
________________________________________________________________________

