task9.1_d22btMDmNERaCRFw5d22btMDmNERaCRFw5m6 does not follow the convention file name for the task!

Strict matching (boundaries + type)
cor	inc	par	mis	spu	total	prec	recall	F1
178	58	0	146	49	382	0.62	0.47	0.53



Exact matching
cor	inc	par	mis	spu	total	prec	recall	F1
219	17	0	146	49	382	0.77	0.57	0.66



Partial matching
cor	inc	par	mis	spu	total	prec	recall	F1
219	0	17	146	49	382	0.77	0.6	0.67



type matching
cor	inc	par	mis	spu	total	prec	recall	F1
189	47	0	146	49	382	0.66	0.49	0.57



SCORES FOR ENTITY TYPE
Exact matching on drug
cor	inc	par	mis	spu	total	prec	recall	F1
135	3	0	33	21	171	0.85	0.79	0.82


Exact matching on brand
cor	inc	par	mis	spu	total	prec	recall	F1
4	0	0	2	1	6	0.8	0.67	0.73


Exact matching on group
cor	inc	par	mis	spu	total	prec	recall	F1
37	7	0	46	3	90	0.79	0.41	0.54


Exact matching on drug_n
cor	inc	par	mis	spu	total	prec	recall	F1
2	1	0	112	0	115	0.67	0.02	0.03


MACRO-AVERAGE MEASURES:
P	R	F1
0.78	0.47	0.53
________________________________________________________________________

