task9.1_d20tMXmNWEaCRFd20tMXmNWEaCRFmod040 does not follow the convention file name for the task!

Strict matching (boundaries + type)
cor	inc	par	mis	spu	total	prec	recall	F1
230	20	0	54	20	304	0.85	0.76	0.8



Exact matching
cor	inc	par	mis	spu	total	prec	recall	F1
238	12	0	54	20	304	0.88	0.78	0.83



Partial matching
cor	inc	par	mis	spu	total	prec	recall	F1
238	0	12	54	20	304	0.88	0.8	0.84



type matching
cor	inc	par	mis	spu	total	prec	recall	F1
237	13	0	54	20	304	0.88	0.78	0.83



SCORES FOR ENTITY TYPE
Exact matching on drug
cor	inc	par	mis	spu	total	prec	recall	F1
139	3	0	38	9	180	0.92	0.77	0.84


Exact matching on brand
cor	inc	par	mis	spu	total	prec	recall	F1
37	1	0	15	2	53	0.93	0.7	0.8


Exact matching on group
cor	inc	par	mis	spu	total	prec	recall	F1
54	3	0	8	9	65	0.82	0.83	0.82


Exact matching on drug_n
cor	inc	par	mis	spu	total	prec	recall	F1
0	0	0	6	0	6	0	0	0


MACRO-AVERAGE MEASURES:
P	R	F1
0.67	0.58	0.62
________________________________________________________________________

