SCORES FOR THE GROUP: singleton20180515 RUN=4

Strict matching (boundaries + type)
cor	inc	par	mis	spu	total	prec	recall	F1
0	95	0	209	0	304	0	0	0



Exact matching
cor	inc	par	mis	spu	total	prec	recall	F1
0	95	0	209	0	304	0	0	0



Partial matching
cor	inc	par	mis	spu	total	prec	recall	F1
0	0	95	209	0	304	0	0.16	0



type matching
cor	inc	par	mis	spu	total	prec	recall	F1
95	0	0	209	0	304	1	0.31	0.48



SCORES FOR ENTITY TYPE
Exact matching on drug
cor	inc	par	mis	spu	total	prec	recall	F1
0	95	0	85	0	180	0	0	0


Exact matching on brand
cor	inc	par	mis	spu	total	prec	recall	F1
0	0	0	53	0	53	0	0	0


Exact matching on group
cor	inc	par	mis	spu	total	prec	recall	F1
0	0	0	65	0	65	0	0	0


Exact matching on drug_n
cor	inc	par	mis	spu	total	prec	recall	F1
0	0	0	6	0	6	0	0	0


MACRO-AVERAGE MEASURES:
P	R	F1
0	0	0
________________________________________________________________________

