task9.1_d22btMDmNERaCRFw2d22btMDmNERaCRFw2m20 does not follow the convention file name for the task!

Strict matching (boundaries + type)
cor	inc	par	mis	spu	total	prec	recall	F1
180	60	0	142	41	382	0.64	0.47	0.54



Exact matching
cor	inc	par	mis	spu	total	prec	recall	F1
222	18	0	142	41	382	0.79	0.58	0.67



Partial matching
cor	inc	par	mis	spu	total	prec	recall	F1
222	0	18	142	41	382	0.79	0.6	0.69



type matching
cor	inc	par	mis	spu	total	prec	recall	F1
189	51	0	142	41	382	0.67	0.49	0.57



SCORES FOR ENTITY TYPE
Exact matching on drug
cor	inc	par	mis	spu	total	prec	recall	F1
131	3	0	37	16	171	0.87	0.77	0.82


Exact matching on brand
cor	inc	par	mis	spu	total	prec	recall	F1
3	0	0	3	0	6	1	0.5	0.67


Exact matching on group
cor	inc	par	mis	spu	total	prec	recall	F1
44	6	0	40	2	90	0.85	0.49	0.62


Exact matching on drug_n
cor	inc	par	mis	spu	total	prec	recall	F1
2	0	0	113	0	115	1	0.02	0.03


MACRO-AVERAGE MEASURES:
P	R	F1
0.93	0.44	0.53
________________________________________________________________________

