task9.1_d22btMDmNERaCRFw3d22btMDmNERaCRFw3m13 does not follow the convention file name for the task!

Strict matching (boundaries + type)
cor	inc	par	mis	spu	total	prec	recall	F1
179	58	0	145	46	382	0.63	0.47	0.54



Exact matching
cor	inc	par	mis	spu	total	prec	recall	F1
220	17	0	145	46	382	0.78	0.58	0.66



Partial matching
cor	inc	par	mis	spu	total	prec	recall	F1
220	0	17	145	46	382	0.78	0.6	0.68



type matching
cor	inc	par	mis	spu	total	prec	recall	F1
187	50	0	145	46	382	0.66	0.49	0.56



SCORES FOR ENTITY TYPE
Exact matching on drug
cor	inc	par	mis	spu	total	prec	recall	F1
134	2	0	35	18	171	0.87	0.78	0.82


Exact matching on brand
cor	inc	par	mis	spu	total	prec	recall	F1
4	0	0	2	0	6	1	0.67	0.8


Exact matching on group
cor	inc	par	mis	spu	total	prec	recall	F1
40	6	0	44	2	90	0.83	0.44	0.58


Exact matching on drug_n
cor	inc	par	mis	spu	total	prec	recall	F1
1	0	0	114	1	115	0.5	0.01	0.02


MACRO-AVERAGE MEASURES:
P	R	F1
0.8	0.48	0.56
________________________________________________________________________

