task9.1_d22btDBmNERaCRFw1d22btDBmNERaCRFw1m13 does not follow the convention file name for the task!

Strict matching (boundaries + type)
cor	inc	par	mis	spu	total	prec	recall	F1
248	12	0	44	13	304	0.91	0.82	0.86



Exact matching
cor	inc	par	mis	spu	total	prec	recall	F1
252	8	0	44	13	304	0.92	0.83	0.87



Partial matching
cor	inc	par	mis	spu	total	prec	recall	F1
252	0	8	44	13	304	0.92	0.84	0.88



type matching
cor	inc	par	mis	spu	total	prec	recall	F1
253	7	0	44	13	304	0.93	0.83	0.88



SCORES FOR ENTITY TYPE
Exact matching on drug
cor	inc	par	mis	spu	total	prec	recall	F1
159	4	0	17	6	180	0.94	0.88	0.91


Exact matching on brand
cor	inc	par	mis	spu	total	prec	recall	F1
36	0	0	17	2	53	0.95	0.68	0.79


Exact matching on group
cor	inc	par	mis	spu	total	prec	recall	F1
53	1	0	11	5	65	0.9	0.82	0.85


Exact matching on drug_n
cor	inc	par	mis	spu	total	prec	recall	F1
0	0	0	6	0	6	0	0	0


MACRO-AVERAGE MEASURES:
P	R	F1
0.7	0.59	0.64
________________________________________________________________________

