task9.1_d22btDBmNERaCRFw3d22btDBmNERaCRFw3m30 does not follow the convention file name for the task!

Strict matching (boundaries + type)
cor	inc	par	mis	spu	total	prec	recall	F1
244	16	0	44	15	304	0.89	0.8	0.84



Exact matching
cor	inc	par	mis	spu	total	prec	recall	F1
247	13	0	44	15	304	0.9	0.81	0.85



Partial matching
cor	inc	par	mis	spu	total	prec	recall	F1
247	0	13	44	15	304	0.9	0.83	0.86



type matching
cor	inc	par	mis	spu	total	prec	recall	F1
255	5	0	44	15	304	0.93	0.84	0.88



SCORES FOR ENTITY TYPE
Exact matching on drug
cor	inc	par	mis	spu	total	prec	recall	F1
157	7	0	16	7	180	0.92	0.87	0.89


Exact matching on brand
cor	inc	par	mis	spu	total	prec	recall	F1
38	0	0	15	3	53	0.93	0.72	0.81


Exact matching on group
cor	inc	par	mis	spu	total	prec	recall	F1
49	4	0	12	6	65	0.83	0.75	0.79


Exact matching on drug_n
cor	inc	par	mis	spu	total	prec	recall	F1
0	0	0	6	0	6	0	0	0


MACRO-AVERAGE MEASURES:
P	R	F1
0.67	0.59	0.62
________________________________________________________________________

