task9.1_d24tMDmNERaCRFw1d24tMDmNERaCRFw1m10 does not follow the convention file name for the task!

Strict matching (boundaries + type)
cor	inc	par	mis	spu	total	prec	recall	F1
190	62	0	130	22	382	0.69	0.5	0.58



Exact matching
cor	inc	par	mis	spu	total	prec	recall	F1
232	20	0	130	22	382	0.85	0.61	0.71



Partial matching
cor	inc	par	mis	spu	total	prec	recall	F1
232	0	20	130	22	382	0.85	0.63	0.72



type matching
cor	inc	par	mis	spu	total	prec	recall	F1
196	56	0	130	22	382	0.72	0.51	0.6



SCORES FOR ENTITY TYPE
Exact matching on drug
cor	inc	par	mis	spu	total	prec	recall	F1
116	3	0	52	18	171	0.85	0.68	0.75


Exact matching on brand
cor	inc	par	mis	spu	total	prec	recall	F1
4	0	0	2	0	6	1	0.67	0.8


Exact matching on group
cor	inc	par	mis	spu	total	prec	recall	F1
66	5	0	19	1	90	0.92	0.73	0.81


Exact matching on drug_n
cor	inc	par	mis	spu	total	prec	recall	F1
4	0	0	111	0	115	1	0.03	0.07


MACRO-AVERAGE MEASURES:
P	R	F1
0.94	0.53	0.61
________________________________________________________________________

