task9.1_d22btMDmNERaCRFw5d22btMDmNERaCRFw5m12 does not follow the convention file name for the task!

Strict matching (boundaries + type)
cor	inc	par	mis	spu	total	prec	recall	F1
172	59	0	151	45	382	0.62	0.45	0.52



Exact matching
cor	inc	par	mis	spu	total	prec	recall	F1
212	19	0	151	45	382	0.77	0.55	0.64



Partial matching
cor	inc	par	mis	spu	total	prec	recall	F1
212	0	19	151	45	382	0.77	0.58	0.66



type matching
cor	inc	par	mis	spu	total	prec	recall	F1
184	47	0	151	45	382	0.67	0.48	0.56



SCORES FOR ENTITY TYPE
Exact matching on drug
cor	inc	par	mis	spu	total	prec	recall	F1
135	3	0	33	21	171	0.85	0.79	0.82


Exact matching on brand
cor	inc	par	mis	spu	total	prec	recall	F1
4	0	0	2	0	6	1	0.67	0.8


Exact matching on group
cor	inc	par	mis	spu	total	prec	recall	F1
32	8	0	50	2	90	0.76	0.36	0.48


Exact matching on drug_n
cor	inc	par	mis	spu	total	prec	recall	F1
1	1	0	113	0	115	0.5	0.01	0.02


MACRO-AVERAGE MEASURES:
P	R	F1
0.78	0.46	0.53
________________________________________________________________________

