task9.1_d22btMDmNERaCRFw2d22btMDmNERaCRFw2m29 does not follow the convention file name for the task!

Strict matching (boundaries + type)
cor	inc	par	mis	spu	total	prec	recall	F1
182	58	0	142	40	382	0.65	0.48	0.55



Exact matching
cor	inc	par	mis	spu	total	prec	recall	F1
224	16	0	142	40	382	0.8	0.59	0.68



Partial matching
cor	inc	par	mis	spu	total	prec	recall	F1
224	0	16	142	40	382	0.8	0.61	0.69



type matching
cor	inc	par	mis	spu	total	prec	recall	F1
192	48	0	142	40	382	0.69	0.5	0.58



SCORES FOR ENTITY TYPE
Exact matching on drug
cor	inc	par	mis	spu	total	prec	recall	F1
134	3	0	34	17	171	0.87	0.78	0.82


Exact matching on brand
cor	inc	par	mis	spu	total	prec	recall	F1
3	0	0	3	0	6	1	0.5	0.67


Exact matching on group
cor	inc	par	mis	spu	total	prec	recall	F1
44	7	0	39	2	90	0.83	0.49	0.62


Exact matching on drug_n
cor	inc	par	mis	spu	total	prec	recall	F1
1	0	0	114	0	115	1	0.01	0.02


MACRO-AVERAGE MEASURES:
P	R	F1
0.93	0.45	0.53
________________________________________________________________________

