task9.1_d20tMXmNWEaCRFd20tMXmNWEaCRFmod025 does not follow the convention file name for the task!

Strict matching (boundaries + type)
cor	inc	par	mis	spu	total	prec	recall	F1
208	18	0	78	17	304	0.86	0.68	0.76



Exact matching
cor	inc	par	mis	spu	total	prec	recall	F1
213	13	0	78	17	304	0.88	0.7	0.78



Partial matching
cor	inc	par	mis	spu	total	prec	recall	F1
213	0	13	78	17	304	0.88	0.72	0.79



type matching
cor	inc	par	mis	spu	total	prec	recall	F1
216	10	0	78	17	304	0.89	0.71	0.79



SCORES FOR ENTITY TYPE
Exact matching on drug
cor	inc	par	mis	spu	total	prec	recall	F1
129	3	0	48	7	180	0.93	0.72	0.81


Exact matching on brand
cor	inc	par	mis	spu	total	prec	recall	F1
26	0	0	27	1	53	0.96	0.49	0.65


Exact matching on group
cor	inc	par	mis	spu	total	prec	recall	F1
53	5	0	7	7	65	0.82	0.82	0.82


Exact matching on drug_n
cor	inc	par	mis	spu	total	prec	recall	F1
0	0	0	6	0	6	0	0	0


MACRO-AVERAGE MEASURES:
P	R	F1
0.68	0.51	0.57
________________________________________________________________________

