task9.1_d22btDBmNERaCRFw1d22btDBmNERaCRFw1m0 does not follow the convention file name for the task!

Strict matching (boundaries + type)
cor	inc	par	mis	spu	total	prec	recall	F1
247	14	0	43	16	304	0.89	0.81	0.85



Exact matching
cor	inc	par	mis	spu	total	prec	recall	F1
251	10	0	43	16	304	0.91	0.83	0.86



Partial matching
cor	inc	par	mis	spu	total	prec	recall	F1
251	0	10	43	16	304	0.91	0.84	0.87



type matching
cor	inc	par	mis	spu	total	prec	recall	F1
253	8	0	43	16	304	0.91	0.83	0.87



SCORES FOR ENTITY TYPE
Exact matching on drug
cor	inc	par	mis	spu	total	prec	recall	F1
159	4	0	17	5	180	0.95	0.88	0.91


Exact matching on brand
cor	inc	par	mis	spu	total	prec	recall	F1
36	0	0	17	3	53	0.92	0.68	0.78


Exact matching on group
cor	inc	par	mis	spu	total	prec	recall	F1
52	2	0	11	9	65	0.83	0.8	0.81


Exact matching on drug_n
cor	inc	par	mis	spu	total	prec	recall	F1
0	0	0	6	0	6	0	0	0


MACRO-AVERAGE MEASURES:
P	R	F1
0.67	0.59	0.63
________________________________________________________________________

