task9.1_d22btMDmNERaCRFw2d22btMDmNERaCRFw2m7 does not follow the convention file name for the task!

Strict matching (boundaries + type)
cor	inc	par	mis	spu	total	prec	recall	F1
181	66	0	135	36	382	0.64	0.47	0.54



Exact matching
cor	inc	par	mis	spu	total	prec	recall	F1
228	19	0	135	36	382	0.81	0.6	0.69



Partial matching
cor	inc	par	mis	spu	total	prec	recall	F1
228	0	19	135	36	382	0.81	0.62	0.7



type matching
cor	inc	par	mis	spu	total	prec	recall	F1
192	55	0	135	36	382	0.68	0.5	0.58



SCORES FOR ENTITY TYPE
Exact matching on drug
cor	inc	par	mis	spu	total	prec	recall	F1
135	3	0	33	18	171	0.87	0.79	0.83


Exact matching on brand
cor	inc	par	mis	spu	total	prec	recall	F1
4	0	0	2	0	6	1	0.67	0.8


Exact matching on group
cor	inc	par	mis	spu	total	prec	recall	F1
41	7	0	42	0	90	0.85	0.46	0.59


Exact matching on drug_n
cor	inc	par	mis	spu	total	prec	recall	F1
1	1	0	113	0	115	0.5	0.01	0.02


MACRO-AVERAGE MEASURES:
P	R	F1
0.8	0.48	0.56
________________________________________________________________________

