task9.1_d22btMDmNERaCRFw3d22btMDmNERaCRFw3m4 does not follow the convention file name for the task!

Strict matching (boundaries + type)
cor	inc	par	mis	spu	total	prec	recall	F1
182	58	0	142	47	382	0.63	0.48	0.54



Exact matching
cor	inc	par	mis	spu	total	prec	recall	F1
221	19	0	142	47	382	0.77	0.58	0.66



Partial matching
cor	inc	par	mis	spu	total	prec	recall	F1
221	0	19	142	47	382	0.77	0.6	0.68



type matching
cor	inc	par	mis	spu	total	prec	recall	F1
192	48	0	142	47	382	0.67	0.5	0.57



SCORES FOR ENTITY TYPE
Exact matching on drug
cor	inc	par	mis	spu	total	prec	recall	F1
132	4	0	35	19	171	0.85	0.77	0.81


Exact matching on brand
cor	inc	par	mis	spu	total	prec	recall	F1
2	0	0	4	0	6	1	0.33	0.5


Exact matching on group
cor	inc	par	mis	spu	total	prec	recall	F1
45	6	0	39	2	90	0.85	0.5	0.63


Exact matching on drug_n
cor	inc	par	mis	spu	total	prec	recall	F1
3	0	0	112	0	115	1	0.03	0.05


MACRO-AVERAGE MEASURES:
P	R	F1
0.93	0.41	0.5
________________________________________________________________________

