task9.1_d22btDBmNERaCRFw3d22btDBmNERaCRFw3m52 does not follow the convention file name for the task!

Strict matching (boundaries + type)
cor	inc	par	mis	spu	total	prec	recall	F1
243	15	0	46	15	304	0.89	0.8	0.84



Exact matching
cor	inc	par	mis	spu	total	prec	recall	F1
246	12	0	46	15	304	0.9	0.81	0.85



Partial matching
cor	inc	par	mis	spu	total	prec	recall	F1
246	0	12	46	15	304	0.9	0.83	0.86



type matching
cor	inc	par	mis	spu	total	prec	recall	F1
253	5	0	46	15	304	0.93	0.83	0.88



SCORES FOR ENTITY TYPE
Exact matching on drug
cor	inc	par	mis	spu	total	prec	recall	F1
158	6	0	16	7	180	0.92	0.88	0.9


Exact matching on brand
cor	inc	par	mis	spu	total	prec	recall	F1
36	0	0	17	4	53	0.9	0.68	0.77


Exact matching on group
cor	inc	par	mis	spu	total	prec	recall	F1
49	4	0	12	5	65	0.84	0.75	0.8


Exact matching on drug_n
cor	inc	par	mis	spu	total	prec	recall	F1
0	0	0	6	0	6	0	0	0


MACRO-AVERAGE MEASURES:
P	R	F1
0.67	0.58	0.62
________________________________________________________________________

