task9.1_d22btMDmNERaCRFw5d22btMDmNERaCRFw5m28 does not follow the convention file name for the task!

Strict matching (boundaries + type)
cor	inc	par	mis	spu	total	prec	recall	F1
175	58	0	149	47	382	0.62	0.46	0.53



Exact matching
cor	inc	par	mis	spu	total	prec	recall	F1
215	18	0	149	47	382	0.77	0.56	0.65



Partial matching
cor	inc	par	mis	spu	total	prec	recall	F1
215	0	18	149	47	382	0.77	0.59	0.66



type matching
cor	inc	par	mis	spu	total	prec	recall	F1
185	48	0	149	47	382	0.66	0.48	0.56



SCORES FOR ENTITY TYPE
Exact matching on drug
cor	inc	par	mis	spu	total	prec	recall	F1
137	5	0	29	21	171	0.84	0.8	0.82


Exact matching on brand
cor	inc	par	mis	spu	total	prec	recall	F1
4	0	0	2	1	6	0.8	0.67	0.73


Exact matching on group
cor	inc	par	mis	spu	total	prec	recall	F1
33	5	0	52	2	90	0.82	0.37	0.51


Exact matching on drug_n
cor	inc	par	mis	spu	total	prec	recall	F1
1	0	0	114	0	115	1	0.01	0.02


MACRO-AVERAGE MEASURES:
P	R	F1
0.87	0.46	0.52
________________________________________________________________________

