task9.1_d22tDBmNERaCRFw5d22tDBmNERaCRFw5m9 does not follow the convention file name for the task!

Strict matching (boundaries + type)
cor	inc	par	mis	spu	total	prec	recall	F1
239	25	0	40	15	304	0.86	0.79	0.82



Exact matching
cor	inc	par	mis	spu	total	prec	recall	F1
246	18	0	40	15	304	0.88	0.81	0.84



Partial matching
cor	inc	par	mis	spu	total	prec	recall	F1
246	0	18	40	15	304	0.88	0.84	0.86



type matching
cor	inc	par	mis	spu	total	prec	recall	F1
252	12	0	40	15	304	0.9	0.83	0.86



SCORES FOR ENTITY TYPE
Exact matching on drug
cor	inc	par	mis	spu	total	prec	recall	F1
150	7	0	23	9	180	0.9	0.83	0.87


Exact matching on brand
cor	inc	par	mis	spu	total	prec	recall	F1
36	0	0	17	1	53	0.97	0.68	0.8


Exact matching on group
cor	inc	par	mis	spu	total	prec	recall	F1
53	6	0	6	6	65	0.82	0.82	0.82


Exact matching on drug_n
cor	inc	par	mis	spu	total	prec	recall	F1
0	0	0	6	0	6	0	0	0


MACRO-AVERAGE MEASURES:
P	R	F1
0.67	0.58	0.62
________________________________________________________________________

