task9.1_d22btDBmNERaCRFw2d22btDBmNERaCRFw2m6 does not follow the convention file name for the task!

Strict matching (boundaries + type)
cor	inc	par	mis	spu	total	prec	recall	F1
240	16	0	48	16	304	0.88	0.79	0.83



Exact matching
cor	inc	par	mis	spu	total	prec	recall	F1
242	14	0	48	16	304	0.89	0.8	0.84



Partial matching
cor	inc	par	mis	spu	total	prec	recall	F1
242	0	14	48	16	304	0.89	0.82	0.85



type matching
cor	inc	par	mis	spu	total	prec	recall	F1
251	5	0	48	16	304	0.92	0.83	0.87



SCORES FOR ENTITY TYPE
Exact matching on drug
cor	inc	par	mis	spu	total	prec	recall	F1
157	6	0	17	5	180	0.93	0.87	0.9


Exact matching on brand
cor	inc	par	mis	spu	total	prec	recall	F1
33	0	0	20	2	53	0.94	0.62	0.75


Exact matching on group
cor	inc	par	mis	spu	total	prec	recall	F1
50	5	0	10	8	65	0.79	0.77	0.78


Exact matching on drug_n
cor	inc	par	mis	spu	total	prec	recall	F1
0	0	0	6	0	6	0	0	0


MACRO-AVERAGE MEASURES:
P	R	F1
0.67	0.57	0.61
________________________________________________________________________

