task9.1_d20tMXmERaCRd20tMXmERaCRmod158 does not follow the convention file name for the task!

Strict matching (boundaries + type)
cor	inc	par	mis	spu	total	prec	recall	F1
455	80	0	151	56	686	0.77	0.66	0.71



Exact matching
cor	inc	par	mis	spu	total	prec	recall	F1
503	32	0	151	56	686	0.85	0.73	0.79



Partial matching
cor	inc	par	mis	spu	total	prec	recall	F1
503	0	32	151	56	686	0.85	0.76	0.8



type matching
cor	inc	par	mis	spu	total	prec	recall	F1
476	59	0	151	56	686	0.81	0.69	0.75



SCORES FOR ENTITY TYPE
Exact matching on drug
cor	inc	par	mis	spu	total	prec	recall	F1
295	8	0	48	21	351	0.91	0.84	0.87


Exact matching on brand
cor	inc	par	mis	spu	total	prec	recall	F1
43	0	0	16	3	59	0.93	0.73	0.82


Exact matching on group
cor	inc	par	mis	spu	total	prec	recall	F1
115	13	0	27	11	155	0.83	0.74	0.78


Exact matching on drug_n
cor	inc	par	mis	spu	total	prec	recall	F1
2	0	0	119	1	121	0.67	0.02	0.03


MACRO-AVERAGE MEASURES:
P	R	F1
0.83	0.58	0.63
________________________________________________________________________

