task9.1_d22btMDmNERaCRFw5d22btMDmNERaCRFw5m27 does not follow the convention file name for the task!

Strict matching (boundaries + type)
cor	inc	par	mis	spu	total	prec	recall	F1
173	55	0	154	46	382	0.63	0.45	0.53



Exact matching
cor	inc	par	mis	spu	total	prec	recall	F1
213	15	0	154	46	382	0.78	0.56	0.65



Partial matching
cor	inc	par	mis	spu	total	prec	recall	F1
213	0	15	154	46	382	0.78	0.58	0.66



type matching
cor	inc	par	mis	spu	total	prec	recall	F1
182	46	0	154	46	382	0.66	0.48	0.55



SCORES FOR ENTITY TYPE
Exact matching on drug
cor	inc	par	mis	spu	total	prec	recall	F1
136	4	0	31	22	171	0.84	0.8	0.82


Exact matching on brand
cor	inc	par	mis	spu	total	prec	recall	F1
3	0	0	3	0	6	1	0.5	0.67


Exact matching on group
cor	inc	par	mis	spu	total	prec	recall	F1
33	3	0	54	2	90	0.87	0.37	0.52


Exact matching on drug_n
cor	inc	par	mis	spu	total	prec	recall	F1
1	2	0	112	0	115	0.33	0.01	0.02


MACRO-AVERAGE MEASURES:
P	R	F1
0.76	0.42	0.5
________________________________________________________________________

