task9.1_d22btDBmNERaCRFw3d22btDBmNERaCRFw3m4 does not follow the convention file name for the task!

Strict matching (boundaries + type)
cor	inc	par	mis	spu	total	prec	recall	F1
243	15	0	46	13	304	0.9	0.8	0.85



Exact matching
cor	inc	par	mis	spu	total	prec	recall	F1
248	10	0	46	13	304	0.92	0.82	0.86



Partial matching
cor	inc	par	mis	spu	total	prec	recall	F1
248	0	10	46	13	304	0.92	0.83	0.87



type matching
cor	inc	par	mis	spu	total	prec	recall	F1
251	7	0	46	13	304	0.93	0.83	0.87



SCORES FOR ENTITY TYPE
Exact matching on drug
cor	inc	par	mis	spu	total	prec	recall	F1
158	5	0	17	6	180	0.93	0.88	0.91


Exact matching on brand
cor	inc	par	mis	spu	total	prec	recall	F1
36	0	0	17	3	53	0.92	0.68	0.78


Exact matching on group
cor	inc	par	mis	spu	total	prec	recall	F1
49	3	0	13	5	65	0.86	0.75	0.8


Exact matching on drug_n
cor	inc	par	mis	spu	total	prec	recall	F1
0	0	0	6	0	6	0	0	0


MACRO-AVERAGE MEASURES:
P	R	F1
0.68	0.58	0.62
________________________________________________________________________

