task9.1_d22btDBmNERaCRFw2d22btDBmNERaCRFw2m0 does not follow the convention file name for the task!

Strict matching (boundaries + type)
cor	inc	par	mis	spu	total	prec	recall	F1
242	18	0	44	16	304	0.88	0.8	0.83



Exact matching
cor	inc	par	mis	spu	total	prec	recall	F1
245	15	0	44	16	304	0.89	0.81	0.84



Partial matching
cor	inc	par	mis	spu	total	prec	recall	F1
245	0	15	44	16	304	0.89	0.83	0.86



type matching
cor	inc	par	mis	spu	total	prec	recall	F1
253	7	0	44	16	304	0.92	0.83	0.87



SCORES FOR ENTITY TYPE
Exact matching on drug
cor	inc	par	mis	spu	total	prec	recall	F1
158	5	0	17	5	180	0.94	0.88	0.91


Exact matching on brand
cor	inc	par	mis	spu	total	prec	recall	F1
36	0	0	17	3	53	0.92	0.68	0.78


Exact matching on group
cor	inc	par	mis	spu	total	prec	recall	F1
48	6	0	11	9	65	0.76	0.74	0.75


Exact matching on drug_n
cor	inc	par	mis	spu	total	prec	recall	F1
0	0	0	6	0	6	0	0	0


MACRO-AVERAGE MEASURES:
P	R	F1
0.66	0.57	0.61
________________________________________________________________________

