task9.1_d22tDBmNERaCRFw1d22tDBmNERaCRFw1m8 does not follow the convention file name for the task!

Strict matching (boundaries + type)
cor	inc	par	mis	spu	total	prec	recall	F1
243	21	0	40	16	304	0.87	0.8	0.83



Exact matching
cor	inc	par	mis	spu	total	prec	recall	F1
251	13	0	40	16	304	0.9	0.83	0.86



Partial matching
cor	inc	par	mis	spu	total	prec	recall	F1
251	0	13	40	16	304	0.9	0.85	0.87



type matching
cor	inc	par	mis	spu	total	prec	recall	F1
251	13	0	40	16	304	0.9	0.83	0.86



SCORES FOR ENTITY TYPE
Exact matching on drug
cor	inc	par	mis	spu	total	prec	recall	F1
150	5	0	25	10	180	0.91	0.83	0.87


Exact matching on brand
cor	inc	par	mis	spu	total	prec	recall	F1
35	0	0	18	2	53	0.95	0.66	0.78


Exact matching on group
cor	inc	par	mis	spu	total	prec	recall	F1
58	3	0	4	6	65	0.87	0.89	0.88


Exact matching on drug_n
cor	inc	par	mis	spu	total	prec	recall	F1
0	0	0	6	0	6	0	0	0


MACRO-AVERAGE MEASURES:
P	R	F1
0.68	0.6	0.63
________________________________________________________________________

