task9.1_d22btMDmNERaCRFw5d22btMDmNERaCRFw5m3 does not follow the convention file name for the task!

Strict matching (boundaries + type)
cor	inc	par	mis	spu	total	prec	recall	F1
178	55	0	149	47	382	0.64	0.47	0.54



Exact matching
cor	inc	par	mis	spu	total	prec	recall	F1
217	16	0	149	47	382	0.78	0.57	0.66



Partial matching
cor	inc	par	mis	spu	total	prec	recall	F1
217	0	16	149	47	382	0.78	0.59	0.67



type matching
cor	inc	par	mis	spu	total	prec	recall	F1
187	46	0	149	47	382	0.67	0.49	0.56



SCORES FOR ENTITY TYPE
Exact matching on drug
cor	inc	par	mis	spu	total	prec	recall	F1
135	5	0	31	20	171	0.84	0.79	0.82


Exact matching on brand
cor	inc	par	mis	spu	total	prec	recall	F1
3	0	0	3	0	6	1	0.5	0.67


Exact matching on group
cor	inc	par	mis	spu	total	prec	recall	F1
39	3	0	48	3	90	0.87	0.43	0.58


Exact matching on drug_n
cor	inc	par	mis	spu	total	prec	recall	F1
1	1	0	113	0	115	0.5	0.01	0.02


MACRO-AVERAGE MEASURES:
P	R	F1
0.8	0.43	0.52
________________________________________________________________________

