task9.1_d20tMXmNWEaCRFd20tMXmNWEaCRFmod059 does not follow the convention file name for the task!

Strict matching (boundaries + type)
cor	inc	par	mis	spu	total	prec	recall	F1
250	22	0	32	16	304	0.87	0.82	0.84



Exact matching
cor	inc	par	mis	spu	total	prec	recall	F1
254	18	0	32	16	304	0.88	0.84	0.86



Partial matching
cor	inc	par	mis	spu	total	prec	recall	F1
254	0	18	32	16	304	0.88	0.87	0.87



type matching
cor	inc	par	mis	spu	total	prec	recall	F1
264	8	0	32	16	304	0.92	0.87	0.89



SCORES FOR ENTITY TYPE
Exact matching on drug
cor	inc	par	mis	spu	total	prec	recall	F1
159	8	0	13	5	180	0.92	0.88	0.9


Exact matching on brand
cor	inc	par	mis	spu	total	prec	recall	F1
39	2	0	12	2	53	0.91	0.74	0.81


Exact matching on group
cor	inc	par	mis	spu	total	prec	recall	F1
52	5	0	8	9	65	0.79	0.8	0.79


Exact matching on drug_n
cor	inc	par	mis	spu	total	prec	recall	F1
0	0	0	6	0	6	0	0	0


MACRO-AVERAGE MEASURES:
P	R	F1
0.65	0.6	0.63
________________________________________________________________________

