task9.1_d22btMDmNERaCRFw2d22btMDmNERaCRFw2m6 does not follow the convention file name for the task!

Strict matching (boundaries + type)
cor	inc	par	mis	spu	total	prec	recall	F1
184	67	0	131	37	382	0.64	0.48	0.55



Exact matching
cor	inc	par	mis	spu	total	prec	recall	F1
230	21	0	131	37	382	0.8	0.6	0.69



Partial matching
cor	inc	par	mis	spu	total	prec	recall	F1
230	0	21	131	37	382	0.8	0.63	0.7



type matching
cor	inc	par	mis	spu	total	prec	recall	F1
195	56	0	131	37	382	0.68	0.51	0.58



SCORES FOR ENTITY TYPE
Exact matching on drug
cor	inc	par	mis	spu	total	prec	recall	F1
135	3	0	33	17	171	0.87	0.79	0.83


Exact matching on brand
cor	inc	par	mis	spu	total	prec	recall	F1
4	0	0	2	0	6	1	0.67	0.8


Exact matching on group
cor	inc	par	mis	spu	total	prec	recall	F1
44	7	0	39	0	90	0.86	0.49	0.62


Exact matching on drug_n
cor	inc	par	mis	spu	total	prec	recall	F1
1	1	0	113	0	115	0.5	0.01	0.02


MACRO-AVERAGE MEASURES:
P	R	F1
0.81	0.49	0.57
________________________________________________________________________

