task9.1_d20tMDmNERaCRFw5d20tMDmNERaCRFw5mod054 does not follow the convention file name for the task!

Strict matching (boundaries + type)
cor	inc	par	mis	spu	total	prec	recall	F1
205	58	0	119	34	382	0.69	0.54	0.6



Exact matching
cor	inc	par	mis	spu	total	prec	recall	F1
248	15	0	119	34	382	0.84	0.65	0.73



Partial matching
cor	inc	par	mis	spu	total	prec	recall	F1
248	0	15	119	34	382	0.84	0.67	0.74



type matching
cor	inc	par	mis	spu	total	prec	recall	F1
215	48	0	119	34	382	0.72	0.56	0.63



SCORES FOR ENTITY TYPE
Exact matching on drug
cor	inc	par	mis	spu	total	prec	recall	F1
134	3	0	34	15	171	0.88	0.78	0.83


Exact matching on brand
cor	inc	par	mis	spu	total	prec	recall	F1
3	0	0	3	0	6	1	0.5	0.67


Exact matching on group
cor	inc	par	mis	spu	total	prec	recall	F1
65	7	0	18	1	90	0.89	0.72	0.8


Exact matching on drug_n
cor	inc	par	mis	spu	total	prec	recall	F1
3	0	0	112	0	115	1	0.03	0.05


MACRO-AVERAGE MEASURES:
P	R	F1
0.94	0.51	0.59
________________________________________________________________________

