task9.1_d22btMDmNERaCRFw3d22btMDmNERaCRFw3m34 does not follow the convention file name for the task!

Strict matching (boundaries + type)
cor	inc	par	mis	spu	total	prec	recall	F1
179	57	0	146	53	382	0.62	0.47	0.53



Exact matching
cor	inc	par	mis	spu	total	prec	recall	F1
223	13	0	146	53	382	0.77	0.58	0.66



Partial matching
cor	inc	par	mis	spu	total	prec	recall	F1
223	0	13	146	53	382	0.77	0.6	0.68



type matching
cor	inc	par	mis	spu	total	prec	recall	F1
187	49	0	146	53	382	0.65	0.49	0.56



SCORES FOR ENTITY TYPE
Exact matching on drug
cor	inc	par	mis	spu	total	prec	recall	F1
131	4	0	36	23	171	0.83	0.77	0.8


Exact matching on brand
cor	inc	par	mis	spu	total	prec	recall	F1
2	0	0	4	0	6	1	0.33	0.5


Exact matching on group
cor	inc	par	mis	spu	total	prec	recall	F1
43	4	0	43	2	90	0.88	0.48	0.62


Exact matching on drug_n
cor	inc	par	mis	spu	total	prec	recall	F1
3	0	0	112	0	115	1	0.03	0.05


MACRO-AVERAGE MEASURES:
P	R	F1
0.93	0.4	0.49
________________________________________________________________________

