task9.1_d22btMDmNERaCRFw2d22btMDmNERaCRFw2m42 does not follow the convention file name for the task!

Strict matching (boundaries + type)
cor	inc	par	mis	spu	total	prec	recall	F1
180	64	0	138	39	382	0.64	0.47	0.54



Exact matching
cor	inc	par	mis	spu	total	prec	recall	F1
224	20	0	138	39	382	0.79	0.59	0.67



Partial matching
cor	inc	par	mis	spu	total	prec	recall	F1
224	0	20	138	39	382	0.79	0.61	0.69



type matching
cor	inc	par	mis	spu	total	prec	recall	F1
189	55	0	138	39	382	0.67	0.49	0.57



SCORES FOR ENTITY TYPE
Exact matching on drug
cor	inc	par	mis	spu	total	prec	recall	F1
135	3	0	33	21	171	0.85	0.79	0.82


Exact matching on brand
cor	inc	par	mis	spu	total	prec	recall	F1
3	0	0	3	1	6	0.75	0.5	0.6


Exact matching on group
cor	inc	par	mis	spu	total	prec	recall	F1
41	6	0	43	0	90	0.87	0.46	0.6


Exact matching on drug_n
cor	inc	par	mis	spu	total	prec	recall	F1
1	0	0	114	0	115	1	0.01	0.02


MACRO-AVERAGE MEASURES:
P	R	F1
0.87	0.44	0.51
________________________________________________________________________

