task9.1_d22btDBmNERaCRFw2d22btDBmNERaCRFw2m52 does not follow the convention file name for the task!

Strict matching (boundaries + type)
cor	inc	par	mis	spu	total	prec	recall	F1
239	17	0	48	15	304	0.88	0.79	0.83



Exact matching
cor	inc	par	mis	spu	total	prec	recall	F1
242	14	0	48	15	304	0.89	0.8	0.84



Partial matching
cor	inc	par	mis	spu	total	prec	recall	F1
242	0	14	48	15	304	0.89	0.82	0.85



type matching
cor	inc	par	mis	spu	total	prec	recall	F1
250	6	0	48	15	304	0.92	0.82	0.87



SCORES FOR ENTITY TYPE
Exact matching on drug
cor	inc	par	mis	spu	total	prec	recall	F1
158	6	0	16	7	180	0.92	0.88	0.9


Exact matching on brand
cor	inc	par	mis	spu	total	prec	recall	F1
32	0	0	21	2	53	0.94	0.6	0.74


Exact matching on group
cor	inc	par	mis	spu	total	prec	recall	F1
49	5	0	11	7	65	0.8	0.75	0.78


Exact matching on drug_n
cor	inc	par	mis	spu	total	prec	recall	F1
0	0	0	6	0	6	0	0	0


MACRO-AVERAGE MEASURES:
P	R	F1
0.67	0.56	0.6
________________________________________________________________________

