task9.1_d22btMDmNERaCRFw2d22btMDmNERaCRFw2m54 does not follow the convention file name for the task!

Strict matching (boundaries + type)
cor	inc	par	mis	spu	total	prec	recall	F1
183	60	0	139	42	382	0.64	0.48	0.55



Exact matching
cor	inc	par	mis	spu	total	prec	recall	F1
225	18	0	139	42	382	0.79	0.59	0.67



Partial matching
cor	inc	par	mis	spu	total	prec	recall	F1
225	0	18	139	42	382	0.79	0.61	0.69



type matching
cor	inc	par	mis	spu	total	prec	recall	F1
192	51	0	139	42	382	0.67	0.5	0.58



SCORES FOR ENTITY TYPE
Exact matching on drug
cor	inc	par	mis	spu	total	prec	recall	F1
134	3	0	34	17	171	0.87	0.78	0.82


Exact matching on brand
cor	inc	par	mis	spu	total	prec	recall	F1
3	0	0	3	0	6	1	0.5	0.67


Exact matching on group
cor	inc	par	mis	spu	total	prec	recall	F1
44	6	0	40	1	90	0.86	0.49	0.62


Exact matching on drug_n
cor	inc	par	mis	spu	total	prec	recall	F1
2	0	0	113	0	115	1	0.02	0.03


MACRO-AVERAGE MEASURES:
P	R	F1
0.93	0.45	0.54
________________________________________________________________________

