task9.1_d22btDBmNERaCRFw2d22btDBmNERaCRFw2m49 does not follow the convention file name for the task!

Strict matching (boundaries + type)
cor	inc	par	mis	spu	total	prec	recall	F1
240	15	0	49	15	304	0.89	0.79	0.84



Exact matching
cor	inc	par	mis	spu	total	prec	recall	F1
243	12	0	49	15	304	0.9	0.8	0.85



Partial matching
cor	inc	par	mis	spu	total	prec	recall	F1
243	0	12	49	15	304	0.9	0.82	0.86



type matching
cor	inc	par	mis	spu	total	prec	recall	F1
249	6	0	49	15	304	0.92	0.82	0.87



SCORES FOR ENTITY TYPE
Exact matching on drug
cor	inc	par	mis	spu	total	prec	recall	F1
158	5	0	17	7	180	0.93	0.88	0.9


Exact matching on brand
cor	inc	par	mis	spu	total	prec	recall	F1
31	0	0	22	2	53	0.94	0.58	0.72


Exact matching on group
cor	inc	par	mis	spu	total	prec	recall	F1
51	4	0	10	7	65	0.82	0.78	0.8


Exact matching on drug_n
cor	inc	par	mis	spu	total	prec	recall	F1
0	0	0	6	0	6	0	0	0


MACRO-AVERAGE MEASURES:
P	R	F1
0.67	0.56	0.61
________________________________________________________________________

