task9.1_d20tMXmERaCRd20tMXmERaCRm107 does not follow the convention file name for the task!

Strict matching (boundaries + type)
cor	inc	par	mis	spu	total	prec	recall	F1
334	48	0	304	31	686	0.81	0.49	0.61



Exact matching
cor	inc	par	mis	spu	total	prec	recall	F1
357	25	0	304	31	686	0.86	0.52	0.65



Partial matching
cor	inc	par	mis	spu	total	prec	recall	F1
357	0	25	304	31	686	0.86	0.54	0.66



type matching
cor	inc	par	mis	spu	total	prec	recall	F1
353	29	0	304	31	686	0.85	0.51	0.64



SCORES FOR ENTITY TYPE
Exact matching on drug
cor	inc	par	mis	spu	total	prec	recall	F1
206	6	0	139	12	351	0.92	0.59	0.72


Exact matching on brand
cor	inc	par	mis	spu	total	prec	recall	F1
30	3	0	26	2	59	0.86	0.51	0.64


Exact matching on group
cor	inc	par	mis	spu	total	prec	recall	F1
95	11	0	49	7	155	0.84	0.61	0.71


Exact matching on drug_n
cor	inc	par	mis	spu	total	prec	recall	F1
3	0	0	118	0	121	1	0.02	0.05


MACRO-AVERAGE MEASURES:
P	R	F1
0.9	0.43	0.53
________________________________________________________________________

