task9.1_d22btDBmNERaCRFw1d22btDBmNERaCRFw1m4 does not follow the convention file name for the task!

Strict matching (boundaries + type)
cor	inc	par	mis	spu	total	prec	recall	F1
243	14	0	47	11	304	0.91	0.8	0.85



Exact matching
cor	inc	par	mis	spu	total	prec	recall	F1
247	10	0	47	11	304	0.92	0.81	0.86



Partial matching
cor	inc	par	mis	spu	total	prec	recall	F1
247	0	10	47	11	304	0.92	0.83	0.87



type matching
cor	inc	par	mis	spu	total	prec	recall	F1
250	7	0	47	11	304	0.93	0.82	0.87



SCORES FOR ENTITY TYPE
Exact matching on drug
cor	inc	par	mis	spu	total	prec	recall	F1
159	4	0	17	5	180	0.95	0.88	0.91


Exact matching on brand
cor	inc	par	mis	spu	total	prec	recall	F1
35	0	0	18	2	53	0.95	0.66	0.78


Exact matching on group
cor	inc	par	mis	spu	total	prec	recall	F1
49	3	0	13	5	65	0.86	0.75	0.8


Exact matching on drug_n
cor	inc	par	mis	spu	total	prec	recall	F1
0	0	0	6	0	6	0	0	0


MACRO-AVERAGE MEASURES:
P	R	F1
0.69	0.57	0.62
________________________________________________________________________

