task9.1_d22btMDmNERaCRFw2d22btMDmNERaCRFw2m21 does not follow the convention file name for the task!

Strict matching (boundaries + type)
cor	inc	par	mis	spu	total	prec	recall	F1
186	62	0	134	38	382	0.65	0.49	0.56



Exact matching
cor	inc	par	mis	spu	total	prec	recall	F1
230	18	0	134	38	382	0.8	0.6	0.69



Partial matching
cor	inc	par	mis	spu	total	prec	recall	F1
230	0	18	134	38	382	0.8	0.63	0.7



type matching
cor	inc	par	mis	spu	total	prec	recall	F1
197	51	0	134	38	382	0.69	0.52	0.59



SCORES FOR ENTITY TYPE
Exact matching on drug
cor	inc	par	mis	spu	total	prec	recall	F1
137	4	0	30	20	171	0.85	0.8	0.83


Exact matching on brand
cor	inc	par	mis	spu	total	prec	recall	F1
4	0	0	2	0	6	1	0.67	0.8


Exact matching on group
cor	inc	par	mis	spu	total	prec	recall	F1
43	7	0	40	0	90	0.86	0.48	0.61


Exact matching on drug_n
cor	inc	par	mis	spu	total	prec	recall	F1
2	0	0	113	0	115	1	0.02	0.03


MACRO-AVERAGE MEASURES:
P	R	F1
0.93	0.49	0.57
________________________________________________________________________

