task9.1_d22btMDmNERaCRFw3d22btMDmNERaCRFw3m5 does not follow the convention file name for the task!

Strict matching (boundaries + type)
cor	inc	par	mis	spu	total	prec	recall	F1
184	62	0	136	45	382	0.63	0.48	0.55



Exact matching
cor	inc	par	mis	spu	total	prec	recall	F1
227	19	0	136	45	382	0.78	0.59	0.67



Partial matching
cor	inc	par	mis	spu	total	prec	recall	F1
227	0	19	136	45	382	0.78	0.62	0.69



type matching
cor	inc	par	mis	spu	total	prec	recall	F1
194	52	0	136	45	382	0.67	0.51	0.58



SCORES FOR ENTITY TYPE
Exact matching on drug
cor	inc	par	mis	spu	total	prec	recall	F1
134	4	0	33	18	171	0.86	0.78	0.82


Exact matching on brand
cor	inc	par	mis	spu	total	prec	recall	F1
3	0	0	3	1	6	0.75	0.5	0.6


Exact matching on group
cor	inc	par	mis	spu	total	prec	recall	F1
44	6	0	40	2	90	0.85	0.49	0.62


Exact matching on drug_n
cor	inc	par	mis	spu	total	prec	recall	F1
3	0	0	112	0	115	1	0.03	0.05


MACRO-AVERAGE MEASURES:
P	R	F1
0.86	0.45	0.52
________________________________________________________________________

