task9.1_d20tMDmNERaCRFw3d20tMDmNERaCRFw3mod047 does not follow the convention file name for the task!

Strict matching (boundaries + type)
cor	inc	par	mis	spu	total	prec	recall	F1
192	63	0	127	41	382	0.65	0.5	0.57



Exact matching
cor	inc	par	mis	spu	total	prec	recall	F1
237	18	0	127	41	382	0.8	0.62	0.7



Partial matching
cor	inc	par	mis	spu	total	prec	recall	F1
237	0	18	127	41	382	0.8	0.64	0.71



type matching
cor	inc	par	mis	spu	total	prec	recall	F1
202	53	0	127	41	382	0.68	0.53	0.6



SCORES FOR ENTITY TYPE
Exact matching on drug
cor	inc	par	mis	spu	total	prec	recall	F1
132	4	0	35	17	171	0.86	0.77	0.81


Exact matching on brand
cor	inc	par	mis	spu	total	prec	recall	F1
3	0	0	3	0	6	1	0.5	0.67


Exact matching on group
cor	inc	par	mis	spu	total	prec	recall	F1
54	6	0	30	2	90	0.87	0.6	0.71


Exact matching on drug_n
cor	inc	par	mis	spu	total	prec	recall	F1
3	0	0	112	2	115	0.6	0.03	0.05


MACRO-AVERAGE MEASURES:
P	R	F1
0.83	0.47	0.56
________________________________________________________________________

