task9.1_d20tMXmNWEaCRFd20tMXmNWEaCRFmod035 does not follow the convention file name for the task!

Strict matching (boundaries + type)
cor	inc	par	mis	spu	total	prec	recall	F1
151	10	0	143	8	304	0.89	0.5	0.64



Exact matching
cor	inc	par	mis	spu	total	prec	recall	F1
154	7	0	143	8	304	0.91	0.51	0.65



Partial matching
cor	inc	par	mis	spu	total	prec	recall	F1
154	0	7	143	8	304	0.91	0.52	0.66



type matching
cor	inc	par	mis	spu	total	prec	recall	F1
157	4	0	143	8	304	0.93	0.52	0.66



SCORES FOR ENTITY TYPE
Exact matching on drug
cor	inc	par	mis	spu	total	prec	recall	F1
98	1	0	81	4	180	0.95	0.54	0.69


Exact matching on brand
cor	inc	par	mis	spu	total	prec	recall	F1
5	0	0	48	0	53	1	0.09	0.17


Exact matching on group
cor	inc	par	mis	spu	total	prec	recall	F1
48	5	0	12	5	65	0.83	0.74	0.78


Exact matching on drug_n
cor	inc	par	mis	spu	total	prec	recall	F1
0	0	0	6	0	6	0	0	0


MACRO-AVERAGE MEASURES:
P	R	F1
0.69	0.34	0.41
________________________________________________________________________

