task9.1_d20tMDmNERaCRFw3d20tMDmNERaCRFw3mod034 does not follow the convention file name for the task!

Strict matching (boundaries + type)
cor	inc	par	mis	spu	total	prec	recall	F1
164	26	0	192	8	382	0.83	0.43	0.57



Exact matching
cor	inc	par	mis	spu	total	prec	recall	F1
174	16	0	192	8	382	0.88	0.46	0.6



Partial matching
cor	inc	par	mis	spu	total	prec	recall	F1
174	0	16	192	8	382	0.88	0.48	0.62



type matching
cor	inc	par	mis	spu	total	prec	recall	F1
175	15	0	192	8	382	0.88	0.46	0.6



SCORES FOR ENTITY TYPE
Exact matching on drug
cor	inc	par	mis	spu	total	prec	recall	F1
101	4	0	66	5	171	0.92	0.59	0.72


Exact matching on brand
cor	inc	par	mis	spu	total	prec	recall	F1
2	0	0	4	0	6	1	0.33	0.5


Exact matching on group
cor	inc	par	mis	spu	total	prec	recall	F1
54	8	0	28	1	90	0.86	0.6	0.71


Exact matching on drug_n
cor	inc	par	mis	spu	total	prec	recall	F1
7	0	0	108	0	115	1	0.06	0.11


MACRO-AVERAGE MEASURES:
P	R	F1
0.94	0.4	0.51
________________________________________________________________________

