task9.1_d22btMDmNERaCRFw3d22btMDmNERaCRFw3m10 does not follow the convention file name for the task!

Strict matching (boundaries + type)
cor	inc	par	mis	spu	total	prec	recall	F1
183	63	0	136	47	382	0.62	0.48	0.54



Exact matching
cor	inc	par	mis	spu	total	prec	recall	F1
226	20	0	136	47	382	0.77	0.59	0.67



Partial matching
cor	inc	par	mis	spu	total	prec	recall	F1
226	0	20	136	47	382	0.77	0.62	0.69



type matching
cor	inc	par	mis	spu	total	prec	recall	F1
192	54	0	136	47	382	0.66	0.5	0.57



SCORES FOR ENTITY TYPE
Exact matching on drug
cor	inc	par	mis	spu	total	prec	recall	F1
132	3	0	36	20	171	0.85	0.77	0.81


Exact matching on brand
cor	inc	par	mis	spu	total	prec	recall	F1
3	0	0	3	1	6	0.75	0.5	0.6


Exact matching on group
cor	inc	par	mis	spu	total	prec	recall	F1
46	6	0	38	2	90	0.85	0.51	0.64


Exact matching on drug_n
cor	inc	par	mis	spu	total	prec	recall	F1
2	0	0	113	0	115	1	0.02	0.03


MACRO-AVERAGE MEASURES:
P	R	F1
0.86	0.45	0.52
________________________________________________________________________

