task9.1_d20tMDmNERaCRFw5d20tMDmNERaCRFw5mod025 does not follow the convention file name for the task!

Strict matching (boundaries + type)
cor	inc	par	mis	spu	total	prec	recall	F1
173	48	0	161	35	382	0.68	0.45	0.54



Exact matching
cor	inc	par	mis	spu	total	prec	recall	F1
201	20	0	161	35	382	0.79	0.53	0.63



Partial matching
cor	inc	par	mis	spu	total	prec	recall	F1
201	0	20	161	35	382	0.79	0.55	0.65



type matching
cor	inc	par	mis	spu	total	prec	recall	F1
182	39	0	161	35	382	0.71	0.48	0.57



SCORES FOR ENTITY TYPE
Exact matching on drug
cor	inc	par	mis	spu	total	prec	recall	F1
106	2	0	63	13	171	0.88	0.62	0.73


Exact matching on brand
cor	inc	par	mis	spu	total	prec	recall	F1
4	0	0	2	0	6	1	0.67	0.8


Exact matching on group
cor	inc	par	mis	spu	total	prec	recall	F1
60	6	0	24	4	90	0.86	0.67	0.75


Exact matching on drug_n
cor	inc	par	mis	spu	total	prec	recall	F1
3	1	0	111	0	115	0.75	0.03	0.05


MACRO-AVERAGE MEASURES:
P	R	F1
0.87	0.49	0.58
________________________________________________________________________

