task9.1_d20tMXmERaCRd20tMXmERaCRm026 does not follow the convention file name for the task!

Strict matching (boundaries + type)
cor	inc	par	mis	spu	total	prec	recall	F1
0	487	0	199	60	686	0	0	0



Exact matching
cor	inc	par	mis	spu	total	prec	recall	F1
448	39	0	199	60	686	0.82	0.65	0.73



Partial matching
cor	inc	par	mis	spu	total	prec	recall	F1
448	0	39	199	60	686	0.82	0.68	0.74



type matching
cor	inc	par	mis	spu	total	prec	recall	F1
0	487	0	199	60	686	0	0	0



SCORES FOR ENTITY TYPE
Exact matching on drug
cor	inc	par	mis	spu	total	prec	recall	F1
0	0	0	351	0	351	0	0	0


Exact matching on brand
cor	inc	par	mis	spu	total	prec	recall	F1
0	0	0	59	0	59	0	0	0


Exact matching on group
cor	inc	par	mis	spu	total	prec	recall	F1
0	0	0	155	0	155	0	0	0


Exact matching on drug_n
cor	inc	par	mis	spu	total	prec	recall	F1
0	0	0	121	0	121	0	0	0


MACRO-AVERAGE MEASURES:
P	R	F1
0	0	0
________________________________________________________________________

