task9.1_d22btDBmNERaCRFw2d22btDBmNERaCRFw2m41 does not follow the convention file name for the task!

Strict matching (boundaries + type)
cor	inc	par	mis	spu	total	prec	recall	F1
241	17	0	46	15	304	0.88	0.79	0.84



Exact matching
cor	inc	par	mis	spu	total	prec	recall	F1
244	14	0	46	15	304	0.89	0.8	0.85



Partial matching
cor	inc	par	mis	spu	total	prec	recall	F1
244	0	14	46	15	304	0.89	0.83	0.86



type matching
cor	inc	par	mis	spu	total	prec	recall	F1
252	6	0	46	15	304	0.92	0.83	0.87



SCORES FOR ENTITY TYPE
Exact matching on drug
cor	inc	par	mis	spu	total	prec	recall	F1
157	7	0	16	7	180	0.92	0.87	0.89


Exact matching on brand
cor	inc	par	mis	spu	total	prec	recall	F1
33	0	0	20	3	53	0.92	0.62	0.74


Exact matching on group
cor	inc	par	mis	spu	total	prec	recall	F1
51	4	0	10	7	65	0.82	0.78	0.8


Exact matching on drug_n
cor	inc	par	mis	spu	total	prec	recall	F1
0	0	0	6	0	6	0	0	0


MACRO-AVERAGE MEASURES:
P	R	F1
0.66	0.57	0.61
________________________________________________________________________

