task9.1_d20tMXmERaCRd20tMXmERaCRm161 does not follow the convention file name for the task!

Strict matching (boundaries + type)
cor	inc	par	mis	spu	total	prec	recall	F1
457	81	0	148	56	686	0.77	0.67	0.71



Exact matching
cor	inc	par	mis	spu	total	prec	recall	F1
507	31	0	148	56	686	0.85	0.74	0.79



Partial matching
cor	inc	par	mis	spu	total	prec	recall	F1
507	0	31	148	56	686	0.85	0.76	0.8



type matching
cor	inc	par	mis	spu	total	prec	recall	F1
478	60	0	148	56	686	0.8	0.7	0.75



SCORES FOR ENTITY TYPE
Exact matching on drug
cor	inc	par	mis	spu	total	prec	recall	F1
296	8	0	47	21	351	0.91	0.84	0.88


Exact matching on brand
cor	inc	par	mis	spu	total	prec	recall	F1
43	0	0	16	3	59	0.93	0.73	0.82


Exact matching on group
cor	inc	par	mis	spu	total	prec	recall	F1
116	13	0	26	10	155	0.83	0.75	0.79


Exact matching on drug_n
cor	inc	par	mis	spu	total	prec	recall	F1
2	0	0	119	0	121	1	0.02	0.03


MACRO-AVERAGE MEASURES:
P	R	F1
0.92	0.58	0.63
________________________________________________________________________

