task9.1_d20tMDmNERaCRFw5d20tMDmNERaCRFw5mod000 does not follow the convention file name for the task!

Strict matching (boundaries + type)
cor	inc	par	mis	spu	total	prec	recall	F1
141	43	0	198	29	382	0.66	0.37	0.47



Exact matching
cor	inc	par	mis	spu	total	prec	recall	F1
171	13	0	198	29	382	0.8	0.45	0.57



Partial matching
cor	inc	par	mis	spu	total	prec	recall	F1
171	0	13	198	29	382	0.8	0.46	0.59



type matching
cor	inc	par	mis	spu	total	prec	recall	F1
151	33	0	198	29	382	0.71	0.4	0.51



SCORES FOR ENTITY TYPE
Exact matching on drug
cor	inc	par	mis	spu	total	prec	recall	F1
91	3	0	77	14	171	0.84	0.53	0.65


Exact matching on brand
cor	inc	par	mis	spu	total	prec	recall	F1
3	0	0	3	0	6	1	0.5	0.67


Exact matching on group
cor	inc	par	mis	spu	total	prec	recall	F1
46	7	0	37	2	90	0.84	0.51	0.63


Exact matching on drug_n
cor	inc	par	mis	spu	total	prec	recall	F1
1	1	0	113	1	115	0.33	0.01	0.02


MACRO-AVERAGE MEASURES:
P	R	F1
0.75	0.39	0.49
________________________________________________________________________

