task9.1_d22btMDmNERaCRFw3d22btMDmNERaCRFw3m30 does not follow the convention file name for the task!

Strict matching (boundaries + type)
cor	inc	par	mis	spu	total	prec	recall	F1
175	61	0	146	44	382	0.62	0.46	0.53



Exact matching
cor	inc	par	mis	spu	total	prec	recall	F1
219	17	0	146	44	382	0.78	0.57	0.66



Partial matching
cor	inc	par	mis	spu	total	prec	recall	F1
219	0	17	146	44	382	0.78	0.6	0.68



type matching
cor	inc	par	mis	spu	total	prec	recall	F1
184	52	0	146	44	382	0.66	0.48	0.56



SCORES FOR ENTITY TYPE
Exact matching on drug
cor	inc	par	mis	spu	total	prec	recall	F1
132	4	0	35	24	171	0.82	0.77	0.8


Exact matching on brand
cor	inc	par	mis	spu	total	prec	recall	F1
4	0	0	2	0	6	1	0.67	0.8


Exact matching on group
cor	inc	par	mis	spu	total	prec	recall	F1
38	5	0	47	2	90	0.84	0.42	0.56


Exact matching on drug_n
cor	inc	par	mis	spu	total	prec	recall	F1
1	0	0	114	0	115	1	0.01	0.02


MACRO-AVERAGE MEASURES:
P	R	F1
0.92	0.47	0.54
________________________________________________________________________

