task9.1_d22btDBmNERaCRFw1d22btDBmNERaCRFw1m17 does not follow the convention file name for the task!

Strict matching (boundaries + type)
cor	inc	par	mis	spu	total	prec	recall	F1
246	16	0	42	13	304	0.89	0.81	0.85



Exact matching
cor	inc	par	mis	spu	total	prec	recall	F1
250	12	0	42	13	304	0.91	0.82	0.86



Partial matching
cor	inc	par	mis	spu	total	prec	recall	F1
250	0	12	42	13	304	0.91	0.84	0.87



type matching
cor	inc	par	mis	spu	total	prec	recall	F1
255	7	0	42	13	304	0.93	0.84	0.88



SCORES FOR ENTITY TYPE
Exact matching on drug
cor	inc	par	mis	spu	total	prec	recall	F1
157	6	0	17	6	180	0.93	0.87	0.9


Exact matching on brand
cor	inc	par	mis	spu	total	prec	recall	F1
37	0	0	16	2	53	0.95	0.7	0.8


Exact matching on group
cor	inc	par	mis	spu	total	prec	recall	F1
52	3	0	10	6	65	0.85	0.8	0.83


Exact matching on drug_n
cor	inc	par	mis	spu	total	prec	recall	F1
0	0	0	6	0	6	0	0	0


MACRO-AVERAGE MEASURES:
P	R	F1
0.68	0.59	0.63
________________________________________________________________________

