task9.1_d20tMDmNERaCRFw3d20tMDmNERaCRFw3mod052 does not follow the convention file name for the task!

Strict matching (boundaries + type)
cor	inc	par	mis	spu	total	prec	recall	F1
205	58	0	119	37	382	0.68	0.54	0.6



Exact matching
cor	inc	par	mis	spu	total	prec	recall	F1
246	17	0	119	37	382	0.82	0.64	0.72



Partial matching
cor	inc	par	mis	spu	total	prec	recall	F1
246	0	17	119	37	382	0.82	0.67	0.74



type matching
cor	inc	par	mis	spu	total	prec	recall	F1
216	47	0	119	37	382	0.72	0.57	0.63



SCORES FOR ENTITY TYPE
Exact matching on drug
cor	inc	par	mis	spu	total	prec	recall	F1
135	3	0	33	16	171	0.88	0.79	0.83


Exact matching on brand
cor	inc	par	mis	spu	total	prec	recall	F1
3	0	0	3	0	6	1	0.5	0.67


Exact matching on group
cor	inc	par	mis	spu	total	prec	recall	F1
64	8	0	18	0	90	0.89	0.71	0.79


Exact matching on drug_n
cor	inc	par	mis	spu	total	prec	recall	F1
3	0	0	112	1	115	0.75	0.03	0.05


MACRO-AVERAGE MEASURES:
P	R	F1
0.88	0.51	0.58
________________________________________________________________________

