task9.1_d22btDBmNERaCRFw1d22btDBmNERaCRFw1m44 does not follow the convention file name for the task!

Strict matching (boundaries + type)
cor	inc	par	mis	spu	total	prec	recall	F1
242	16	0	46	12	304	0.9	0.8	0.84



Exact matching
cor	inc	par	mis	spu	total	prec	recall	F1
246	12	0	46	12	304	0.91	0.81	0.86



Partial matching
cor	inc	par	mis	spu	total	prec	recall	F1
246	0	12	46	12	304	0.91	0.83	0.87



type matching
cor	inc	par	mis	spu	total	prec	recall	F1
251	7	0	46	12	304	0.93	0.83	0.87



SCORES FOR ENTITY TYPE
Exact matching on drug
cor	inc	par	mis	spu	total	prec	recall	F1
156	7	0	17	6	180	0.92	0.87	0.89


Exact matching on brand
cor	inc	par	mis	spu	total	prec	recall	F1
35	0	0	18	2	53	0.95	0.66	0.78


Exact matching on group
cor	inc	par	mis	spu	total	prec	recall	F1
51	2	0	12	6	65	0.86	0.78	0.82


Exact matching on drug_n
cor	inc	par	mis	spu	total	prec	recall	F1
0	0	0	6	0	6	0	0	0


MACRO-AVERAGE MEASURES:
P	R	F1
0.68	0.58	0.62
________________________________________________________________________

