task9.1_d20tMXmERaCRd20tMXmERaCRmod157 does not follow the convention file name for the task!

Strict matching (boundaries + type)
cor	inc	par	mis	spu	total	prec	recall	F1
462	81	0	143	62	686	0.76	0.67	0.72



Exact matching
cor	inc	par	mis	spu	total	prec	recall	F1
512	31	0	143	62	686	0.85	0.75	0.79



Partial matching
cor	inc	par	mis	spu	total	prec	recall	F1
512	0	31	143	62	686	0.85	0.77	0.81



type matching
cor	inc	par	mis	spu	total	prec	recall	F1
482	61	0	143	62	686	0.8	0.7	0.75



SCORES FOR ENTITY TYPE
Exact matching on drug
cor	inc	par	mis	spu	total	prec	recall	F1
293	10	0	48	24	351	0.9	0.83	0.86


Exact matching on brand
cor	inc	par	mis	spu	total	prec	recall	F1
43	0	0	16	3	59	0.93	0.73	0.82


Exact matching on group
cor	inc	par	mis	spu	total	prec	recall	F1
121	11	0	23	12	155	0.84	0.78	0.81


Exact matching on drug_n
cor	inc	par	mis	spu	total	prec	recall	F1
5	0	0	116	0	121	1	0.04	0.08


MACRO-AVERAGE MEASURES:
P	R	F1
0.92	0.6	0.64
________________________________________________________________________

