task9.1_d22btDBmNERaCRFw3d22btDBmNERaCRFw3m5 does not follow the convention file name for the task!

Strict matching (boundaries + type)
cor	inc	par	mis	spu	total	prec	recall	F1
245	17	0	42	14	304	0.89	0.81	0.84



Exact matching
cor	inc	par	mis	spu	total	prec	recall	F1
249	13	0	42	14	304	0.9	0.82	0.86



Partial matching
cor	inc	par	mis	spu	total	prec	recall	F1
249	0	13	42	14	304	0.9	0.84	0.87



type matching
cor	inc	par	mis	spu	total	prec	recall	F1
256	6	0	42	14	304	0.93	0.84	0.88



SCORES FOR ENTITY TYPE
Exact matching on drug
cor	inc	par	mis	spu	total	prec	recall	F1
157	7	0	16	6	180	0.92	0.87	0.9


Exact matching on brand
cor	inc	par	mis	spu	total	prec	recall	F1
37	0	0	16	3	53	0.93	0.7	0.8


Exact matching on group
cor	inc	par	mis	spu	total	prec	recall	F1
50	4	0	11	5	65	0.85	0.77	0.81


Exact matching on drug_n
cor	inc	par	mis	spu	total	prec	recall	F1
1	0	0	5	0	6	1	0.17	0.29


MACRO-AVERAGE MEASURES:
P	R	F1
0.92	0.63	0.7
________________________________________________________________________

