task9.1_d20tMXmNWEaCRFd20tMXmNWEaCRFmod052 does not follow the convention file name for the task!

Strict matching (boundaries + type)
cor	inc	par	mis	spu	total	prec	recall	F1
242	19	0	43	16	304	0.87	0.8	0.83



Exact matching
cor	inc	par	mis	spu	total	prec	recall	F1
248	13	0	43	16	304	0.9	0.82	0.85



Partial matching
cor	inc	par	mis	spu	total	prec	recall	F1
248	0	13	43	16	304	0.9	0.84	0.87



type matching
cor	inc	par	mis	spu	total	prec	recall	F1
252	9	0	43	16	304	0.91	0.83	0.87



SCORES FOR ENTITY TYPE
Exact matching on drug
cor	inc	par	mis	spu	total	prec	recall	F1
159	5	0	16	5	180	0.94	0.88	0.91


Exact matching on brand
cor	inc	par	mis	spu	total	prec	recall	F1
30	1	0	22	1	53	0.94	0.57	0.71


Exact matching on group
cor	inc	par	mis	spu	total	prec	recall	F1
53	4	0	8	10	65	0.79	0.82	0.8


Exact matching on drug_n
cor	inc	par	mis	spu	total	prec	recall	F1
0	0	0	6	0	6	0	0	0


MACRO-AVERAGE MEASURES:
P	R	F1
0.67	0.57	0.61
________________________________________________________________________

