task9.1_d20tMDmNERaCRFw3d20tMDmNERaCRFw3mod015 does not follow the convention file name for the task!

Strict matching (boundaries + type)
cor	inc	par	mis	spu	total	prec	recall	F1
172	44	0	166	28	382	0.7	0.45	0.55



Exact matching
cor	inc	par	mis	spu	total	prec	recall	F1
196	20	0	166	28	382	0.8	0.51	0.63



Partial matching
cor	inc	par	mis	spu	total	prec	recall	F1
196	0	20	166	28	382	0.8	0.54	0.65



type matching
cor	inc	par	mis	spu	total	prec	recall	F1
181	35	0	166	28	382	0.74	0.47	0.58



SCORES FOR ENTITY TYPE
Exact matching on drug
cor	inc	par	mis	spu	total	prec	recall	F1
96	3	0	72	13	171	0.86	0.56	0.68


Exact matching on brand
cor	inc	par	mis	spu	total	prec	recall	F1
4	0	0	2	0	6	1	0.67	0.8


Exact matching on group
cor	inc	par	mis	spu	total	prec	recall	F1
67	7	0	16	1	90	0.89	0.74	0.81


Exact matching on drug_n
cor	inc	par	mis	spu	total	prec	recall	F1
5	0	0	110	0	115	1	0.04	0.08


MACRO-AVERAGE MEASURES:
P	R	F1
0.94	0.5	0.59
________________________________________________________________________

