task9.1_d20tMDmNERaCRFw3d20tMDmNERaCRFw3mod051 does not follow the convention file name for the task!

Strict matching (boundaries + type)
cor	inc	par	mis	spu	total	prec	recall	F1
205	60	0	117	37	382	0.68	0.54	0.6



Exact matching
cor	inc	par	mis	spu	total	prec	recall	F1
248	17	0	117	37	382	0.82	0.65	0.73



Partial matching
cor	inc	par	mis	spu	total	prec	recall	F1
248	0	17	117	37	382	0.82	0.67	0.74



type matching
cor	inc	par	mis	spu	total	prec	recall	F1
216	49	0	117	37	382	0.72	0.57	0.63



SCORES FOR ENTITY TYPE
Exact matching on drug
cor	inc	par	mis	spu	total	prec	recall	F1
132	5	0	34	16	171	0.86	0.77	0.81


Exact matching on brand
cor	inc	par	mis	spu	total	prec	recall	F1
3	0	0	3	0	6	1	0.5	0.67


Exact matching on group
cor	inc	par	mis	spu	total	prec	recall	F1
66	7	0	17	1	90	0.89	0.73	0.8


Exact matching on drug_n
cor	inc	par	mis	spu	total	prec	recall	F1
4	0	0	111	0	115	1	0.03	0.07


MACRO-AVERAGE MEASURES:
P	R	F1
0.94	0.51	0.59
________________________________________________________________________

