task9.1_d20tMXmNWEaCRFd20tMXmNWEaCRFmod008 does not follow the convention file name for the task!

Strict matching (boundaries + type)
cor	inc	par	mis	spu	total	prec	recall	F1
204	19	0	81	12	304	0.87	0.67	0.76



Exact matching
cor	inc	par	mis	spu	total	prec	recall	F1
210	13	0	81	12	304	0.89	0.69	0.78



Partial matching
cor	inc	par	mis	spu	total	prec	recall	F1
210	0	13	81	12	304	0.89	0.71	0.79



type matching
cor	inc	par	mis	spu	total	prec	recall	F1
215	8	0	81	12	304	0.91	0.71	0.8



SCORES FOR ENTITY TYPE
Exact matching on drug
cor	inc	par	mis	spu	total	prec	recall	F1
128	2	0	50	6	180	0.94	0.71	0.81


Exact matching on brand
cor	inc	par	mis	spu	total	prec	recall	F1
27	3	0	23	0	53	0.9	0.51	0.65


Exact matching on group
cor	inc	par	mis	spu	total	prec	recall	F1
49	6	0	10	6	65	0.8	0.75	0.78


Exact matching on drug_n
cor	inc	par	mis	spu	total	prec	recall	F1
0	0	0	6	0	6	0	0	0


MACRO-AVERAGE MEASURES:
P	R	F1
0.66	0.49	0.56
________________________________________________________________________

