task9.1_d20tMDmNERaCRFw3d20tMDmNERaCRFw3mod008 does not follow the convention file name for the task!

Strict matching (boundaries + type)
cor	inc	par	mis	spu	total	prec	recall	F1
137	46	0	199	18	382	0.68	0.36	0.47



Exact matching
cor	inc	par	mis	spu	total	prec	recall	F1
167	16	0	199	18	382	0.83	0.44	0.57



Partial matching
cor	inc	par	mis	spu	total	prec	recall	F1
167	0	16	199	18	382	0.83	0.46	0.59



type matching
cor	inc	par	mis	spu	total	prec	recall	F1
146	37	0	199	18	382	0.73	0.38	0.5



SCORES FOR ENTITY TYPE
Exact matching on drug
cor	inc	par	mis	spu	total	prec	recall	F1
90	6	0	75	12	171	0.83	0.53	0.65


Exact matching on brand
cor	inc	par	mis	spu	total	prec	recall	F1
3	0	0	3	0	6	1	0.5	0.67


Exact matching on group
cor	inc	par	mis	spu	total	prec	recall	F1
43	4	0	43	0	90	0.91	0.48	0.63


Exact matching on drug_n
cor	inc	par	mis	spu	total	prec	recall	F1
1	0	0	114	0	115	1	0.01	0.02


MACRO-AVERAGE MEASURES:
P	R	F1
0.94	0.38	0.49
________________________________________________________________________

