task9.1_d22btMDmNERaCRFw5d22btMDmNERaCRFw5m10 does not follow the convention file name for the task!

Strict matching (boundaries + type)
cor	inc	par	mis	spu	total	prec	recall	F1
174	61	0	147	41	382	0.63	0.46	0.53



Exact matching
cor	inc	par	mis	spu	total	prec	recall	F1
215	20	0	147	41	382	0.78	0.56	0.65



Partial matching
cor	inc	par	mis	spu	total	prec	recall	F1
215	0	20	147	41	382	0.78	0.59	0.67



type matching
cor	inc	par	mis	spu	total	prec	recall	F1
183	52	0	147	41	382	0.66	0.48	0.56



SCORES FOR ENTITY TYPE
Exact matching on drug
cor	inc	par	mis	spu	total	prec	recall	F1
134	3	0	34	19	171	0.86	0.78	0.82


Exact matching on brand
cor	inc	par	mis	spu	total	prec	recall	F1
4	0	0	2	1	6	0.8	0.67	0.73


Exact matching on group
cor	inc	par	mis	spu	total	prec	recall	F1
34	6	0	50	2	90	0.81	0.38	0.52


Exact matching on drug_n
cor	inc	par	mis	spu	total	prec	recall	F1
2	0	0	113	0	115	1	0.02	0.03


MACRO-AVERAGE MEASURES:
P	R	F1
0.87	0.46	0.52
________________________________________________________________________

