task9.1_d22btMDmNERaCRFw2d22btMDmNERaCRFw2m2 does not follow the convention file name for the task!

Strict matching (boundaries + type)
cor	inc	par	mis	spu	total	prec	recall	F1
189	56	0	137	36	382	0.67	0.49	0.57



Exact matching
cor	inc	par	mis	spu	total	prec	recall	F1
227	18	0	137	36	382	0.81	0.59	0.68



Partial matching
cor	inc	par	mis	spu	total	prec	recall	F1
227	0	18	137	36	382	0.81	0.62	0.7



type matching
cor	inc	par	mis	spu	total	prec	recall	F1
198	47	0	137	36	382	0.7	0.52	0.6



SCORES FOR ENTITY TYPE
Exact matching on drug
cor	inc	par	mis	spu	total	prec	recall	F1
139	3	0	29	16	171	0.88	0.81	0.84


Exact matching on brand
cor	inc	par	mis	spu	total	prec	recall	F1
4	0	0	2	0	6	1	0.67	0.8


Exact matching on group
cor	inc	par	mis	spu	total	prec	recall	F1
45	6	0	39	0	90	0.88	0.5	0.64


Exact matching on drug_n
cor	inc	par	mis	spu	total	prec	recall	F1
1	0	0	114	1	115	0.5	0.01	0.02


MACRO-AVERAGE MEASURES:
P	R	F1
0.82	0.5	0.58
________________________________________________________________________

