task9.1_d22btMDmNERaCRFw3d22btMDmNERaCRFw3m9 does not follow the convention file name for the task!

Strict matching (boundaries + type)
cor	inc	par	mis	spu	total	prec	recall	F1
178	63	0	141	49	382	0.61	0.47	0.53



Exact matching
cor	inc	par	mis	spu	total	prec	recall	F1
221	20	0	141	49	382	0.76	0.58	0.66



Partial matching
cor	inc	par	mis	spu	total	prec	recall	F1
221	0	20	141	49	382	0.76	0.6	0.67



type matching
cor	inc	par	mis	spu	total	prec	recall	F1
188	53	0	141	49	382	0.65	0.49	0.56



SCORES FOR ENTITY TYPE
Exact matching on drug
cor	inc	par	mis	spu	total	prec	recall	F1
131	3	0	37	19	171	0.86	0.77	0.81


Exact matching on brand
cor	inc	par	mis	spu	total	prec	recall	F1
3	0	0	3	0	6	1	0.5	0.67


Exact matching on group
cor	inc	par	mis	spu	total	prec	recall	F1
42	7	0	41	2	90	0.82	0.47	0.6


Exact matching on drug_n
cor	inc	par	mis	spu	total	prec	recall	F1
2	0	0	113	0	115	1	0.02	0.03


MACRO-AVERAGE MEASURES:
P	R	F1
0.92	0.44	0.53
________________________________________________________________________

