task9.1_d22btDBmNERaCRFw3d22btDBmNERaCRFw3m33 does not follow the convention file name for the task!

Strict matching (boundaries + type)
cor	inc	par	mis	spu	total	prec	recall	F1
242	17	0	45	14	304	0.89	0.8	0.84



Exact matching
cor	inc	par	mis	spu	total	prec	recall	F1
247	12	0	45	14	304	0.9	0.81	0.86



Partial matching
cor	inc	par	mis	spu	total	prec	recall	F1
247	0	12	45	14	304	0.9	0.83	0.87



type matching
cor	inc	par	mis	spu	total	prec	recall	F1
252	7	0	45	14	304	0.92	0.83	0.87



SCORES FOR ENTITY TYPE
Exact matching on drug
cor	inc	par	mis	spu	total	prec	recall	F1
157	7	0	16	8	180	0.91	0.87	0.89


Exact matching on brand
cor	inc	par	mis	spu	total	prec	recall	F1
36	0	0	17	4	53	0.9	0.68	0.77


Exact matching on group
cor	inc	par	mis	spu	total	prec	recall	F1
49	3	0	13	6	65	0.84	0.75	0.8


Exact matching on drug_n
cor	inc	par	mis	spu	total	prec	recall	F1
0	0	0	6	0	6	0	0	0


MACRO-AVERAGE MEASURES:
P	R	F1
0.66	0.58	0.62
________________________________________________________________________

