task9.1_d22btMDmNERaCRFw5d22btMDmNERaCRFw5m43 does not follow the convention file name for the task!

Strict matching (boundaries + type)
cor	inc	par	mis	spu	total	prec	recall	F1
171	64	0	147	51	382	0.6	0.45	0.51



Exact matching
cor	inc	par	mis	spu	total	prec	recall	F1
217	18	0	147	51	382	0.76	0.57	0.65



Partial matching
cor	inc	par	mis	spu	total	prec	recall	F1
217	0	18	147	51	382	0.76	0.59	0.66



type matching
cor	inc	par	mis	spu	total	prec	recall	F1
181	54	0	147	51	382	0.63	0.47	0.54



SCORES FOR ENTITY TYPE
Exact matching on drug
cor	inc	par	mis	spu	total	prec	recall	F1
134	3	0	34	23	171	0.84	0.78	0.81


Exact matching on brand
cor	inc	par	mis	spu	total	prec	recall	F1
3	0	0	3	1	6	0.75	0.5	0.6


Exact matching on group
cor	inc	par	mis	spu	total	prec	recall	F1
33	7	0	50	2	90	0.79	0.37	0.5


Exact matching on drug_n
cor	inc	par	mis	spu	total	prec	recall	F1
1	0	0	114	0	115	1	0.01	0.02


MACRO-AVERAGE MEASURES:
P	R	F1
0.84	0.41	0.48
________________________________________________________________________

