task9.1_combER0517combER0517mod025 does not follow the convention file name for the task!

Strict matching (boundaries + type)
cor	inc	par	mis	spu	total	prec	recall	F1
0	269	0	35	0	304	0	0	0



Exact matching
cor	inc	par	mis	spu	total	prec	recall	F1
206	63	0	35	0	304	0.77	0.68	0.72



Partial matching
cor	inc	par	mis	spu	total	prec	recall	F1
206	0	63	35	0	304	0.77	0.78	0.77



type matching
cor	inc	par	mis	spu	total	prec	recall	F1
0	269	0	35	0	304	0	0	0



SCORES FOR ENTITY TYPE
Exact matching on drug
cor	inc	par	mis	spu	total	prec	recall	F1
0	0	0	180	0	180	0	0	0


Exact matching on brand
cor	inc	par	mis	spu	total	prec	recall	F1
0	0	0	53	0	53	0	0	0


Exact matching on group
cor	inc	par	mis	spu	total	prec	recall	F1
0	0	0	65	0	65	0	0	0


Exact matching on drug_n
cor	inc	par	mis	spu	total	prec	recall	F1
0	0	0	6	0	6	0	0	0


MACRO-AVERAGE MEASURES:
P	R	F1
0	0	0
________________________________________________________________________

