task9.1_d22btDBmNERaCRFw2d22btDBmNERaCRFw2m9 does not follow the convention file name for the task!

Strict matching (boundaries + type)
cor	inc	par	mis	spu	total	prec	recall	F1
239	16	0	49	14	304	0.89	0.79	0.83



Exact matching
cor	inc	par	mis	spu	total	prec	recall	F1
242	13	0	49	14	304	0.9	0.8	0.84



Partial matching
cor	inc	par	mis	spu	total	prec	recall	F1
242	0	13	49	14	304	0.9	0.82	0.86



type matching
cor	inc	par	mis	spu	total	prec	recall	F1
250	5	0	49	14	304	0.93	0.82	0.87



SCORES FOR ENTITY TYPE
Exact matching on drug
cor	inc	par	mis	spu	total	prec	recall	F1
157	7	0	16	5	180	0.93	0.87	0.9


Exact matching on brand
cor	inc	par	mis	spu	total	prec	recall	F1
32	0	0	21	3	53	0.91	0.6	0.73


Exact matching on group
cor	inc	par	mis	spu	total	prec	recall	F1
50	4	0	11	6	65	0.83	0.77	0.8


Exact matching on drug_n
cor	inc	par	mis	spu	total	prec	recall	F1
0	0	0	6	0	6	0	0	0


MACRO-AVERAGE MEASURES:
P	R	F1
0.67	0.56	0.61
________________________________________________________________________

