task9.1_d24tDBmNERaCRFw1d24tDBmNERaCRFw1m10 does not follow the convention file name for the task!

Strict matching (boundaries + type)
cor	inc	par	mis	spu	total	prec	recall	F1
248	22	0	34	17	304	0.86	0.82	0.84



Exact matching
cor	inc	par	mis	spu	total	prec	recall	F1
257	13	0	34	17	304	0.9	0.85	0.87



Partial matching
cor	inc	par	mis	spu	total	prec	recall	F1
257	0	13	34	17	304	0.9	0.87	0.88



type matching
cor	inc	par	mis	spu	total	prec	recall	F1
257	13	0	34	17	304	0.9	0.85	0.87



SCORES FOR ENTITY TYPE
Exact matching on drug
cor	inc	par	mis	spu	total	prec	recall	F1
151	6	0	23	8	180	0.92	0.84	0.88


Exact matching on brand
cor	inc	par	mis	spu	total	prec	recall	F1
38	0	0	15	3	53	0.93	0.72	0.81


Exact matching on group
cor	inc	par	mis	spu	total	prec	recall	F1
58	3	0	4	7	65	0.85	0.89	0.87


Exact matching on drug_n
cor	inc	par	mis	spu	total	prec	recall	F1
1	0	0	5	0	6	1	0.17	0.29


MACRO-AVERAGE MEASURES:
P	R	F1
0.92	0.65	0.71
________________________________________________________________________

