task9.1_d22btMDmNERaCRFw3d22btMDmNERaCRFw3m26 does not follow the convention file name for the task!

Strict matching (boundaries + type)
cor	inc	par	mis	spu	total	prec	recall	F1
182	62	0	138	44	382	0.63	0.48	0.54



Exact matching
cor	inc	par	mis	spu	total	prec	recall	F1
223	21	0	138	44	382	0.77	0.58	0.67



Partial matching
cor	inc	par	mis	spu	total	prec	recall	F1
223	0	21	138	44	382	0.77	0.61	0.68



type matching
cor	inc	par	mis	spu	total	prec	recall	F1
195	49	0	138	44	382	0.68	0.51	0.58



SCORES FOR ENTITY TYPE
Exact matching on drug
cor	inc	par	mis	spu	total	prec	recall	F1
135	5	0	31	20	171	0.84	0.79	0.82


Exact matching on brand
cor	inc	par	mis	spu	total	prec	recall	F1
4	0	0	2	0	6	1	0.67	0.8


Exact matching on group
cor	inc	par	mis	spu	total	prec	recall	F1
41	8	0	41	1	90	0.82	0.46	0.59


Exact matching on drug_n
cor	inc	par	mis	spu	total	prec	recall	F1
2	0	0	113	1	115	0.67	0.02	0.03


MACRO-AVERAGE MEASURES:
P	R	F1
0.83	0.48	0.56
________________________________________________________________________

