task9.1_d22btMDmNERaCRFw2d22btMDmNERaCRFw2m53 does not follow the convention file name for the task!

Strict matching (boundaries + type)
cor	inc	par	mis	spu	total	prec	recall	F1
180	61	0	141	37	382	0.65	0.47	0.55



Exact matching
cor	inc	par	mis	spu	total	prec	recall	F1
223	18	0	141	37	382	0.8	0.58	0.68



Partial matching
cor	inc	par	mis	spu	total	prec	recall	F1
223	0	18	141	37	382	0.8	0.61	0.69



type matching
cor	inc	par	mis	spu	total	prec	recall	F1
189	52	0	141	37	382	0.68	0.49	0.57



SCORES FOR ENTITY TYPE
Exact matching on drug
cor	inc	par	mis	spu	total	prec	recall	F1
132	3	0	36	18	171	0.86	0.77	0.81


Exact matching on brand
cor	inc	par	mis	spu	total	prec	recall	F1
3	0	0	3	0	6	1	0.5	0.67


Exact matching on group
cor	inc	par	mis	spu	total	prec	recall	F1
43	6	0	41	1	90	0.86	0.48	0.61


Exact matching on drug_n
cor	inc	par	mis	spu	total	prec	recall	F1
2	0	0	113	0	115	1	0.02	0.03


MACRO-AVERAGE MEASURES:
P	R	F1
0.93	0.44	0.53
________________________________________________________________________

