task9.1_d20tMXmNWEaCRFd20tMXmNWEaCRFmod061 does not follow the convention file name for the task!

Strict matching (boundaries + type)
cor	inc	par	mis	spu	total	prec	recall	F1
251	20	0	33	18	304	0.87	0.83	0.85



Exact matching
cor	inc	par	mis	spu	total	prec	recall	F1
257	14	0	33	18	304	0.89	0.85	0.87



Partial matching
cor	inc	par	mis	spu	total	prec	recall	F1
257	0	14	33	18	304	0.89	0.87	0.88



type matching
cor	inc	par	mis	spu	total	prec	recall	F1
262	9	0	33	18	304	0.91	0.86	0.88



SCORES FOR ENTITY TYPE
Exact matching on drug
cor	inc	par	mis	spu	total	prec	recall	F1
159	5	0	16	5	180	0.94	0.88	0.91


Exact matching on brand
cor	inc	par	mis	spu	total	prec	recall	F1
40	1	0	12	2	53	0.93	0.75	0.83


Exact matching on group
cor	inc	par	mis	spu	total	prec	recall	F1
52	5	0	8	10	65	0.78	0.8	0.79


Exact matching on drug_n
cor	inc	par	mis	spu	total	prec	recall	F1
0	0	0	6	0	6	0	0	0


MACRO-AVERAGE MEASURES:
P	R	F1
0.66	0.61	0.63
________________________________________________________________________

