task9.1_d20tMDmNERaCRFw5d20tMDmNERaCRFw5mod053 does not follow the convention file name for the task!

Strict matching (boundaries + type)
cor	inc	par	mis	spu	total	prec	recall	F1
198	55	0	129	42	382	0.67	0.52	0.58



Exact matching
cor	inc	par	mis	spu	total	prec	recall	F1
238	15	0	129	42	382	0.81	0.62	0.7



Partial matching
cor	inc	par	mis	spu	total	prec	recall	F1
238	0	15	129	42	382	0.81	0.64	0.72



type matching
cor	inc	par	mis	spu	total	prec	recall	F1
208	45	0	129	42	382	0.71	0.54	0.61



SCORES FOR ENTITY TYPE
Exact matching on drug
cor	inc	par	mis	spu	total	prec	recall	F1
134	3	0	34	20	171	0.85	0.78	0.82


Exact matching on brand
cor	inc	par	mis	spu	total	prec	recall	F1
3	0	0	3	0	6	1	0.5	0.67


Exact matching on group
cor	inc	par	mis	spu	total	prec	recall	F1
58	7	0	25	0	90	0.89	0.64	0.75


Exact matching on drug_n
cor	inc	par	mis	spu	total	prec	recall	F1
3	0	0	112	0	115	1	0.03	0.05


MACRO-AVERAGE MEASURES:
P	R	F1
0.94	0.49	0.57
________________________________________________________________________

