task9.1_d22btMDmNERaCRFw3d22btMDmNERaCRFw3m20 does not follow the convention file name for the task!

Strict matching (boundaries + type)
cor	inc	par	mis	spu	total	prec	recall	F1
185	58	0	139	47	382	0.64	0.48	0.55



Exact matching
cor	inc	par	mis	spu	total	prec	recall	F1
227	16	0	139	47	382	0.78	0.59	0.68



Partial matching
cor	inc	par	mis	spu	total	prec	recall	F1
227	0	16	139	47	382	0.78	0.62	0.69



type matching
cor	inc	par	mis	spu	total	prec	recall	F1
192	51	0	139	47	382	0.66	0.5	0.57



SCORES FOR ENTITY TYPE
Exact matching on drug
cor	inc	par	mis	spu	total	prec	recall	F1
135	2	0	34	18	171	0.87	0.79	0.83


Exact matching on brand
cor	inc	par	mis	spu	total	prec	recall	F1
3	0	0	3	0	6	1	0.5	0.67


Exact matching on group
cor	inc	par	mis	spu	total	prec	recall	F1
43	5	0	42	2	90	0.86	0.48	0.61


Exact matching on drug_n
cor	inc	par	mis	spu	total	prec	recall	F1
4	0	0	111	0	115	1	0.03	0.07


MACRO-AVERAGE MEASURES:
P	R	F1
0.93	0.45	0.54
________________________________________________________________________

