task9.1_d22btMDmNERaCRFw2d22btMDmNERaCRFw2m26 does not follow the convention file name for the task!

Strict matching (boundaries + type)
cor	inc	par	mis	spu	total	prec	recall	F1
185	56	0	141	34	382	0.67	0.48	0.56



Exact matching
cor	inc	par	mis	spu	total	prec	recall	F1
226	15	0	141	34	382	0.82	0.59	0.69



Partial matching
cor	inc	par	mis	spu	total	prec	recall	F1
226	0	15	141	34	382	0.82	0.61	0.7



type matching
cor	inc	par	mis	spu	total	prec	recall	F1
195	46	0	141	34	382	0.71	0.51	0.59



SCORES FOR ENTITY TYPE
Exact matching on drug
cor	inc	par	mis	spu	total	prec	recall	F1
138	3	0	30	18	171	0.87	0.81	0.84


Exact matching on brand
cor	inc	par	mis	spu	total	prec	recall	F1
4	0	0	2	0	6	1	0.67	0.8


Exact matching on group
cor	inc	par	mis	spu	total	prec	recall	F1
41	6	0	43	0	90	0.87	0.46	0.6


Exact matching on drug_n
cor	inc	par	mis	spu	total	prec	recall	F1
2	1	0	112	0	115	0.67	0.02	0.03


MACRO-AVERAGE MEASURES:
P	R	F1
0.85	0.49	0.57
________________________________________________________________________

