task9.1_d22btMDmNERaCRFw2d22btMDmNERaCRFw2m46 does not follow the convention file name for the task!

Strict matching (boundaries + type)
cor	inc	par	mis	spu	total	prec	recall	F1
184	63	0	135	36	382	0.65	0.48	0.55



Exact matching
cor	inc	par	mis	spu	total	prec	recall	F1
226	21	0	135	36	382	0.8	0.59	0.68



Partial matching
cor	inc	par	mis	spu	total	prec	recall	F1
226	0	21	135	36	382	0.8	0.62	0.7



type matching
cor	inc	par	mis	spu	total	prec	recall	F1
194	53	0	135	36	382	0.69	0.51	0.58



SCORES FOR ENTITY TYPE
Exact matching on drug
cor	inc	par	mis	spu	total	prec	recall	F1
136	3	0	32	20	171	0.86	0.8	0.82


Exact matching on brand
cor	inc	par	mis	spu	total	prec	recall	F1
4	0	0	2	0	6	1	0.67	0.8


Exact matching on group
cor	inc	par	mis	spu	total	prec	recall	F1
43	6	0	41	0	90	0.88	0.48	0.62


Exact matching on drug_n
cor	inc	par	mis	spu	total	prec	recall	F1
1	1	0	113	0	115	0.5	0.01	0.02


MACRO-AVERAGE MEASURES:
P	R	F1
0.81	0.49	0.57
________________________________________________________________________

