task9.1_d22btMDmNERaCRFw5d22btMDmNERaCRFw5m30 does not follow the convention file name for the task!

Strict matching (boundaries + type)
cor	inc	par	mis	spu	total	prec	recall	F1
173	58	0	151	41	382	0.64	0.45	0.53



Exact matching
cor	inc	par	mis	spu	total	prec	recall	F1
214	17	0	151	41	382	0.79	0.56	0.65



Partial matching
cor	inc	par	mis	spu	total	prec	recall	F1
214	0	17	151	41	382	0.79	0.58	0.67



type matching
cor	inc	par	mis	spu	total	prec	recall	F1
183	48	0	151	41	382	0.67	0.48	0.56



SCORES FOR ENTITY TYPE
Exact matching on drug
cor	inc	par	mis	spu	total	prec	recall	F1
136	4	0	31	23	171	0.83	0.8	0.81


Exact matching on brand
cor	inc	par	mis	spu	total	prec	recall	F1
3	0	0	3	0	6	1	0.5	0.67


Exact matching on group
cor	inc	par	mis	spu	total	prec	recall	F1
33	4	0	53	2	90	0.85	0.37	0.51


Exact matching on drug_n
cor	inc	par	mis	spu	total	prec	recall	F1
1	2	0	112	0	115	0.33	0.01	0.02


MACRO-AVERAGE MEASURES:
P	R	F1
0.75	0.42	0.5
________________________________________________________________________

