task9.1_d22btMDmNERaCRFw2d22btMDmNERaCRFw2m52 does not follow the convention file name for the task!

Strict matching (boundaries + type)
cor	inc	par	mis	spu	total	prec	recall	F1
183	61	0	138	36	382	0.65	0.48	0.55



Exact matching
cor	inc	par	mis	spu	total	prec	recall	F1
226	18	0	138	36	382	0.81	0.59	0.68



Partial matching
cor	inc	par	mis	spu	total	prec	recall	F1
226	0	18	138	36	382	0.81	0.62	0.7



type matching
cor	inc	par	mis	spu	total	prec	recall	F1
194	50	0	138	36	382	0.69	0.51	0.59



SCORES FOR ENTITY TYPE
Exact matching on drug
cor	inc	par	mis	spu	total	prec	recall	F1
131	3	0	37	19	171	0.86	0.77	0.81


Exact matching on brand
cor	inc	par	mis	spu	total	prec	recall	F1
4	0	0	2	0	6	1	0.67	0.8


Exact matching on group
cor	inc	par	mis	spu	total	prec	recall	F1
46	7	0	37	0	90	0.87	0.51	0.64


Exact matching on drug_n
cor	inc	par	mis	spu	total	prec	recall	F1
2	1	0	112	0	115	0.67	0.02	0.03


MACRO-AVERAGE MEASURES:
P	R	F1
0.85	0.49	0.57
________________________________________________________________________

