task9.1_d22btMDmNERaCRFw3d22btMDmNERaCRFw3m23 does not follow the convention file name for the task!

Strict matching (boundaries + type)
cor	inc	par	mis	spu	total	prec	recall	F1
177	65	0	140	53	382	0.6	0.46	0.52



Exact matching
cor	inc	par	mis	spu	total	prec	recall	F1
224	18	0	140	53	382	0.76	0.59	0.66



Partial matching
cor	inc	par	mis	spu	total	prec	recall	F1
224	0	18	140	53	382	0.76	0.61	0.68



type matching
cor	inc	par	mis	spu	total	prec	recall	F1
188	54	0	140	53	382	0.64	0.49	0.56



SCORES FOR ENTITY TYPE
Exact matching on drug
cor	inc	par	mis	spu	total	prec	recall	F1
129	5	0	37	25	171	0.81	0.75	0.78


Exact matching on brand
cor	inc	par	mis	spu	total	prec	recall	F1
4	0	0	2	0	6	1	0.67	0.8


Exact matching on group
cor	inc	par	mis	spu	total	prec	recall	F1
42	6	0	42	2	90	0.84	0.47	0.6


Exact matching on drug_n
cor	inc	par	mis	spu	total	prec	recall	F1
2	0	0	113	0	115	1	0.02	0.03


MACRO-AVERAGE MEASURES:
P	R	F1
0.91	0.48	0.55
________________________________________________________________________

