task9.1_d22btMDmNERaCRFw3d22btMDmNERaCRFw3m43 does not follow the convention file name for the task!

Strict matching (boundaries + type)
cor	inc	par	mis	spu	total	prec	recall	F1
177	64	0	141	52	382	0.6	0.46	0.52



Exact matching
cor	inc	par	mis	spu	total	prec	recall	F1
222	19	0	141	52	382	0.76	0.58	0.66



Partial matching
cor	inc	par	mis	spu	total	prec	recall	F1
222	0	19	141	52	382	0.76	0.61	0.67



type matching
cor	inc	par	mis	spu	total	prec	recall	F1
187	54	0	141	52	382	0.64	0.49	0.55



SCORES FOR ENTITY TYPE
Exact matching on drug
cor	inc	par	mis	spu	total	prec	recall	F1
131	3	0	37	23	171	0.83	0.77	0.8


Exact matching on brand
cor	inc	par	mis	spu	total	prec	recall	F1
3	0	0	3	0	6	1	0.5	0.67


Exact matching on group
cor	inc	par	mis	spu	total	prec	recall	F1
40	7	0	43	3	90	0.8	0.44	0.57


Exact matching on drug_n
cor	inc	par	mis	spu	total	prec	recall	F1
3	0	0	112	0	115	1	0.03	0.05


MACRO-AVERAGE MEASURES:
P	R	F1
0.91	0.43	0.52
________________________________________________________________________

