task9.1_d22btMDmNERaCRFw3d22btMDmNERaCRFw3m41 does not follow the convention file name for the task!

Strict matching (boundaries + type)
cor	inc	par	mis	spu	total	prec	recall	F1
177	66	0	139	48	382	0.61	0.46	0.53



Exact matching
cor	inc	par	mis	spu	total	prec	recall	F1
223	20	0	139	48	382	0.77	0.58	0.66



Partial matching
cor	inc	par	mis	spu	total	prec	recall	F1
223	0	20	139	48	382	0.77	0.61	0.68



type matching
cor	inc	par	mis	spu	total	prec	recall	F1
187	56	0	139	48	382	0.64	0.49	0.56



SCORES FOR ENTITY TYPE
Exact matching on drug
cor	inc	par	mis	spu	total	prec	recall	F1
131	3	0	37	21	171	0.85	0.77	0.8


Exact matching on brand
cor	inc	par	mis	spu	total	prec	recall	F1
3	0	0	3	1	6	0.75	0.5	0.6


Exact matching on group
cor	inc	par	mis	spu	total	prec	recall	F1
42	7	0	41	2	90	0.82	0.47	0.6


Exact matching on drug_n
cor	inc	par	mis	spu	total	prec	recall	F1
1	0	0	114	0	115	1	0.01	0.02


MACRO-AVERAGE MEASURES:
P	R	F1
0.85	0.44	0.5
________________________________________________________________________

