task9.1_d22btDBmNERaCRFw2d22btDBmNERaCRFw2m34 does not follow the convention file name for the task!

Strict matching (boundaries + type)
cor	inc	par	mis	spu	total	prec	recall	F1
241	17	0	46	12	304	0.89	0.79	0.84



Exact matching
cor	inc	par	mis	spu	total	prec	recall	F1
246	12	0	46	12	304	0.91	0.81	0.86



Partial matching
cor	inc	par	mis	spu	total	prec	recall	F1
246	0	12	46	12	304	0.91	0.83	0.87



type matching
cor	inc	par	mis	spu	total	prec	recall	F1
250	8	0	46	12	304	0.93	0.82	0.87



SCORES FOR ENTITY TYPE
Exact matching on drug
cor	inc	par	mis	spu	total	prec	recall	F1
158	6	0	16	6	180	0.93	0.88	0.9


Exact matching on brand
cor	inc	par	mis	spu	total	prec	recall	F1
34	0	0	19	1	53	0.97	0.64	0.77


Exact matching on group
cor	inc	par	mis	spu	total	prec	recall	F1
49	3	0	13	7	65	0.83	0.75	0.79


Exact matching on drug_n
cor	inc	par	mis	spu	total	prec	recall	F1
0	0	0	6	0	6	0	0	0


MACRO-AVERAGE MEASURES:
P	R	F1
0.68	0.57	0.62
________________________________________________________________________

