task9.1_d22btMDmNERaCRFw2d22btMDmNERaCRFw2m34 does not follow the convention file name for the task!

Strict matching (boundaries + type)
cor	inc	par	mis	spu	total	prec	recall	F1
181	53	0	148	40	382	0.66	0.47	0.55



Exact matching
cor	inc	par	mis	spu	total	prec	recall	F1
221	13	0	148	40	382	0.81	0.58	0.67



Partial matching
cor	inc	par	mis	spu	total	prec	recall	F1
221	0	13	148	40	382	0.81	0.6	0.69



type matching
cor	inc	par	mis	spu	total	prec	recall	F1
189	45	0	148	40	382	0.69	0.49	0.58



SCORES FOR ENTITY TYPE
Exact matching on drug
cor	inc	par	mis	spu	total	prec	recall	F1
131	3	0	37	19	171	0.86	0.77	0.81


Exact matching on brand
cor	inc	par	mis	spu	total	prec	recall	F1
4	0	0	2	0	6	1	0.67	0.8


Exact matching on group
cor	inc	par	mis	spu	total	prec	recall	F1
44	4	0	42	2	90	0.88	0.49	0.63


Exact matching on drug_n
cor	inc	par	mis	spu	total	prec	recall	F1
2	1	0	112	0	115	0.67	0.02	0.03


MACRO-AVERAGE MEASURES:
P	R	F1
0.85	0.48	0.57
________________________________________________________________________

