task9.1_d22btDBmNERaCRFw1d22btDBmNERaCRFw1m45 does not follow the convention file name for the task!

Strict matching (boundaries + type)
cor	inc	par	mis	spu	total	prec	recall	F1
240	18	0	46	13	304	0.89	0.79	0.83



Exact matching
cor	inc	par	mis	spu	total	prec	recall	F1
244	14	0	46	13	304	0.9	0.8	0.85



Partial matching
cor	inc	par	mis	spu	total	prec	recall	F1
244	0	14	46	13	304	0.9	0.83	0.86



type matching
cor	inc	par	mis	spu	total	prec	recall	F1
250	8	0	46	13	304	0.92	0.82	0.87



SCORES FOR ENTITY TYPE
Exact matching on drug
cor	inc	par	mis	spu	total	prec	recall	F1
156	7	0	17	6	180	0.92	0.87	0.89


Exact matching on brand
cor	inc	par	mis	spu	total	prec	recall	F1
35	0	0	18	2	53	0.95	0.66	0.78


Exact matching on group
cor	inc	par	mis	spu	total	prec	recall	F1
49	3	0	13	7	65	0.83	0.75	0.79


Exact matching on drug_n
cor	inc	par	mis	spu	total	prec	recall	F1
0	0	0	6	0	6	0	0	0


MACRO-AVERAGE MEASURES:
P	R	F1
0.67	0.57	0.62
________________________________________________________________________

