task9.1_d22btMDmNERaCRFw3d22btMDmNERaCRFw3m24 does not follow the convention file name for the task!

Strict matching (boundaries + type)
cor	inc	par	mis	spu	total	prec	recall	F1
176	64	0	142	54	382	0.6	0.46	0.52



Exact matching
cor	inc	par	mis	spu	total	prec	recall	F1
221	19	0	142	54	382	0.75	0.58	0.65



Partial matching
cor	inc	par	mis	spu	total	prec	recall	F1
221	0	19	142	54	382	0.75	0.6	0.67



type matching
cor	inc	par	mis	spu	total	prec	recall	F1
186	54	0	142	54	382	0.63	0.49	0.55



SCORES FOR ENTITY TYPE
Exact matching on drug
cor	inc	par	mis	spu	total	prec	recall	F1
129	4	0	38	22	171	0.83	0.75	0.79


Exact matching on brand
cor	inc	par	mis	spu	total	prec	recall	F1
3	0	0	3	1	6	0.75	0.5	0.6


Exact matching on group
cor	inc	par	mis	spu	total	prec	recall	F1
42	6	0	42	2	90	0.84	0.47	0.6


Exact matching on drug_n
cor	inc	par	mis	spu	total	prec	recall	F1
2	0	0	113	0	115	1	0.02	0.03


MACRO-AVERAGE MEASURES:
P	R	F1
0.86	0.43	0.51
________________________________________________________________________

