SCORES FOR THE GROUP: basics RUN=4

Strict matching (boundaries + type)
cor	inc	par	mis	spu	total	prec	recall	F1
0	74	0	230	0	304	0	0	0



Exact matching
cor	inc	par	mis	spu	total	prec	recall	F1
0	74	0	230	0	304	0	0	0



Partial matching
cor	inc	par	mis	spu	total	prec	recall	F1
0	0	74	230	0	304	0	0.12	0



type matching
cor	inc	par	mis	spu	total	prec	recall	F1
74	0	0	230	0	304	1	0.24	0.39



SCORES FOR ENTITY TYPE
Exact matching on drug
cor	inc	par	mis	spu	total	prec	recall	F1
0	74	0	106	0	180	0	0	0


Exact matching on brand
cor	inc	par	mis	spu	total	prec	recall	F1
0	0	0	53	0	53	0	0	0


Exact matching on group
cor	inc	par	mis	spu	total	prec	recall	F1
0	0	0	65	0	65	0	0	0


Exact matching on drug_n
cor	inc	par	mis	spu	total	prec	recall	F1
0	0	0	6	0	6	0	0	0


MACRO-AVERAGE MEASURES:
P	R	F1
0	0	0
________________________________________________________________________

