task9.1_d22btMDmNERaCRFw3d22btMDmNERaCRFw3m18 does not follow the convention file name for the task!

Strict matching (boundaries + type)
cor	inc	par	mis	spu	total	prec	recall	F1
185	57	0	140	46	382	0.64	0.48	0.55



Exact matching
cor	inc	par	mis	spu	total	prec	recall	F1
224	18	0	140	46	382	0.78	0.59	0.67



Partial matching
cor	inc	par	mis	spu	total	prec	recall	F1
224	0	18	140	46	382	0.78	0.61	0.68



type matching
cor	inc	par	mis	spu	total	prec	recall	F1
193	49	0	140	46	382	0.67	0.51	0.58



SCORES FOR ENTITY TYPE
Exact matching on drug
cor	inc	par	mis	spu	total	prec	recall	F1
133	2	0	36	19	171	0.86	0.78	0.82


Exact matching on brand
cor	inc	par	mis	spu	total	prec	recall	F1
3	0	0	3	0	6	1	0.5	0.67


Exact matching on group
cor	inc	par	mis	spu	total	prec	recall	F1
46	6	0	38	3	90	0.84	0.51	0.63


Exact matching on drug_n
cor	inc	par	mis	spu	total	prec	recall	F1
3	0	0	112	0	115	1	0.03	0.05


MACRO-AVERAGE MEASURES:
P	R	F1
0.93	0.45	0.54
________________________________________________________________________

