task9.1_d22btMDmNERaCRFw5d22btMDmNERaCRFw5m45 does not follow the convention file name for the task!

Strict matching (boundaries + type)
cor	inc	par	mis	spu	total	prec	recall	F1
171	65	0	146	55	382	0.59	0.45	0.51



Exact matching
cor	inc	par	mis	spu	total	prec	recall	F1
215	21	0	146	55	382	0.74	0.56	0.64



Partial matching
cor	inc	par	mis	spu	total	prec	recall	F1
215	0	21	146	55	382	0.74	0.59	0.66



type matching
cor	inc	par	mis	spu	total	prec	recall	F1
182	54	0	146	55	382	0.63	0.48	0.54



SCORES FOR ENTITY TYPE
Exact matching on drug
cor	inc	par	mis	spu	total	prec	recall	F1
134	4	0	33	25	171	0.82	0.78	0.8


Exact matching on brand
cor	inc	par	mis	spu	total	prec	recall	F1
3	0	0	3	1	6	0.75	0.5	0.6


Exact matching on group
cor	inc	par	mis	spu	total	prec	recall	F1
33	7	0	50	2	90	0.79	0.37	0.5


Exact matching on drug_n
cor	inc	par	mis	spu	total	prec	recall	F1
1	0	0	114	0	115	1	0.01	0.02


MACRO-AVERAGE MEASURES:
P	R	F1
0.84	0.41	0.48
________________________________________________________________________

