task9.1_d20tMDmNERaCRFw3d20tMDmNERaCRFw3mod058 does not follow the convention file name for the task!

Strict matching (boundaries + type)
cor	inc	par	mis	spu	total	prec	recall	F1
205	60	0	117	37	382	0.68	0.54	0.6



Exact matching
cor	inc	par	mis	spu	total	prec	recall	F1
247	18	0	117	37	382	0.82	0.65	0.72



Partial matching
cor	inc	par	mis	spu	total	prec	recall	F1
247	0	18	117	37	382	0.82	0.67	0.74



type matching
cor	inc	par	mis	spu	total	prec	recall	F1
215	50	0	117	37	382	0.71	0.56	0.63



SCORES FOR ENTITY TYPE
Exact matching on drug
cor	inc	par	mis	spu	total	prec	recall	F1
137	3	0	31	16	171	0.88	0.8	0.84


Exact matching on brand
cor	inc	par	mis	spu	total	prec	recall	F1
3	0	0	3	0	6	1	0.5	0.67


Exact matching on group
cor	inc	par	mis	spu	total	prec	recall	F1
63	7	0	20	1	90	0.89	0.7	0.78


Exact matching on drug_n
cor	inc	par	mis	spu	total	prec	recall	F1
2	0	0	113	1	115	0.67	0.02	0.03


MACRO-AVERAGE MEASURES:
P	R	F1
0.86	0.5	0.58
________________________________________________________________________

