task9.1_d22tDBmNERaCRFw1d22tDBmNERaCRFw1m1 does not follow the convention file name for the task!

Strict matching (boundaries + type)
cor	inc	par	mis	spu	total	prec	recall	F1
248	16	0	40	15	304	0.89	0.82	0.85



Exact matching
cor	inc	par	mis	spu	total	prec	recall	F1
253	11	0	40	15	304	0.91	0.83	0.87



Partial matching
cor	inc	par	mis	spu	total	prec	recall	F1
253	0	11	40	15	304	0.91	0.85	0.88



type matching
cor	inc	par	mis	spu	total	prec	recall	F1
257	7	0	40	15	304	0.92	0.85	0.88



SCORES FOR ENTITY TYPE
Exact matching on drug
cor	inc	par	mis	spu	total	prec	recall	F1
161	4	0	15	5	180	0.95	0.89	0.92


Exact matching on brand
cor	inc	par	mis	spu	total	prec	recall	F1
35	0	0	18	3	53	0.92	0.66	0.77


Exact matching on group
cor	inc	par	mis	spu	total	prec	recall	F1
52	5	0	8	7	65	0.81	0.8	0.81


Exact matching on drug_n
cor	inc	par	mis	spu	total	prec	recall	F1
0	0	0	6	0	6	0	0	0


MACRO-AVERAGE MEASURES:
P	R	F1
0.67	0.59	0.62
________________________________________________________________________

