task9.1_d20tMDmNERaCRFw3d20tMDmNERaCRFw3mod007 does not follow the convention file name for the task!

Strict matching (boundaries + type)
cor	inc	par	mis	spu	total	prec	recall	F1
137	31	0	214	17	382	0.74	0.36	0.48



Exact matching
cor	inc	par	mis	spu	total	prec	recall	F1
157	11	0	214	17	382	0.85	0.41	0.55



Partial matching
cor	inc	par	mis	spu	total	prec	recall	F1
157	0	11	214	17	382	0.85	0.43	0.57



type matching
cor	inc	par	mis	spu	total	prec	recall	F1
145	23	0	214	17	382	0.78	0.38	0.51



SCORES FOR ENTITY TYPE
Exact matching on drug
cor	inc	par	mis	spu	total	prec	recall	F1
84	5	0	82	9	171	0.86	0.49	0.62


Exact matching on brand
cor	inc	par	mis	spu	total	prec	recall	F1
3	0	0	3	0	6	1	0.5	0.67


Exact matching on group
cor	inc	par	mis	spu	total	prec	recall	F1
47	4	0	39	0	90	0.92	0.52	0.67


Exact matching on drug_n
cor	inc	par	mis	spu	total	prec	recall	F1
3	0	0	112	0	115	1	0.03	0.05


MACRO-AVERAGE MEASURES:
P	R	F1
0.94	0.38	0.5
________________________________________________________________________

