task9.1_d22btMDmNERaCRFw5d22btMDmNERaCRFw5m14 does not follow the convention file name for the task!

Strict matching (boundaries + type)
cor	inc	par	mis	spu	total	prec	recall	F1
177	59	0	146	44	382	0.63	0.46	0.53



Exact matching
cor	inc	par	mis	spu	total	prec	recall	F1
217	19	0	146	44	382	0.78	0.57	0.66



Partial matching
cor	inc	par	mis	spu	total	prec	recall	F1
217	0	19	146	44	382	0.78	0.59	0.67



type matching
cor	inc	par	mis	spu	total	prec	recall	F1
187	49	0	146	44	382	0.67	0.49	0.56



SCORES FOR ENTITY TYPE
Exact matching on drug
cor	inc	par	mis	spu	total	prec	recall	F1
137	3	0	31	20	171	0.86	0.8	0.83


Exact matching on brand
cor	inc	par	mis	spu	total	prec	recall	F1
4	0	0	2	0	6	1	0.67	0.8


Exact matching on group
cor	inc	par	mis	spu	total	prec	recall	F1
34	6	0	50	2	90	0.81	0.38	0.52


Exact matching on drug_n
cor	inc	par	mis	spu	total	prec	recall	F1
2	1	0	112	0	115	0.67	0.02	0.03


MACRO-AVERAGE MEASURES:
P	R	F1
0.83	0.47	0.54
________________________________________________________________________

