task9.1_d20tMDmNERaCRFw3d20tMDmNERaCRFw3mod012 does not follow the convention file name for the task!

Strict matching (boundaries + type)
cor	inc	par	mis	spu	total	prec	recall	F1
167	52	0	163	28	382	0.68	0.44	0.53



Exact matching
cor	inc	par	mis	spu	total	prec	recall	F1
195	24	0	163	28	382	0.79	0.51	0.62



Partial matching
cor	inc	par	mis	spu	total	prec	recall	F1
195	0	24	163	28	382	0.79	0.54	0.64



type matching
cor	inc	par	mis	spu	total	prec	recall	F1
178	41	0	163	28	382	0.72	0.47	0.57



SCORES FOR ENTITY TYPE
Exact matching on drug
cor	inc	par	mis	spu	total	prec	recall	F1
95	3	0	73	13	171	0.86	0.56	0.67


Exact matching on brand
cor	inc	par	mis	spu	total	prec	recall	F1
4	0	0	2	0	6	1	0.67	0.8


Exact matching on group
cor	inc	par	mis	spu	total	prec	recall	F1
63	9	0	18	4	90	0.83	0.7	0.76


Exact matching on drug_n
cor	inc	par	mis	spu	total	prec	recall	F1
5	0	0	110	0	115	1	0.04	0.08


MACRO-AVERAGE MEASURES:
P	R	F1
0.92	0.49	0.58
________________________________________________________________________

