task9.1_d20tMDmNERaCRFw3d20tMDmNERaCRFw3mod021 does not follow the convention file name for the task!

Strict matching (boundaries + type)
cor	inc	par	mis	spu	total	prec	recall	F1
176	50	0	156	33	382	0.68	0.46	0.55



Exact matching
cor	inc	par	mis	spu	total	prec	recall	F1
205	21	0	156	33	382	0.79	0.54	0.64



Partial matching
cor	inc	par	mis	spu	total	prec	recall	F1
205	0	21	156	33	382	0.79	0.56	0.66



type matching
cor	inc	par	mis	spu	total	prec	recall	F1
187	39	0	156	33	382	0.72	0.49	0.58



SCORES FOR ENTITY TYPE
Exact matching on drug
cor	inc	par	mis	spu	total	prec	recall	F1
104	4	0	63	16	171	0.84	0.61	0.71


Exact matching on brand
cor	inc	par	mis	spu	total	prec	recall	F1
5	0	0	1	0	6	1	0.83	0.91


Exact matching on group
cor	inc	par	mis	spu	total	prec	recall	F1
63	8	0	19	0	90	0.89	0.7	0.78


Exact matching on drug_n
cor	inc	par	mis	spu	total	prec	recall	F1
4	0	0	111	0	115	1	0.03	0.07


MACRO-AVERAGE MEASURES:
P	R	F1
0.93	0.54	0.62
________________________________________________________________________

