task9.1_d20tMXmNWEaCRFd20tMXmNWEaCRFmod016 does not follow the convention file name for the task!

Strict matching (boundaries + type)
cor	inc	par	mis	spu	total	prec	recall	F1
232	20	0	52	20	304	0.85	0.76	0.81



Exact matching
cor	inc	par	mis	spu	total	prec	recall	F1
240	12	0	52	20	304	0.88	0.79	0.83



Partial matching
cor	inc	par	mis	spu	total	prec	recall	F1
240	0	12	52	20	304	0.88	0.81	0.84



type matching
cor	inc	par	mis	spu	total	prec	recall	F1
239	13	0	52	20	304	0.88	0.79	0.83



SCORES FOR ENTITY TYPE
Exact matching on drug
cor	inc	par	mis	spu	total	prec	recall	F1
140	3	0	37	9	180	0.92	0.78	0.84


Exact matching on brand
cor	inc	par	mis	spu	total	prec	recall	F1
37	1	0	15	2	53	0.93	0.7	0.8


Exact matching on group
cor	inc	par	mis	spu	total	prec	recall	F1
55	3	0	7	9	65	0.82	0.85	0.83


Exact matching on drug_n
cor	inc	par	mis	spu	total	prec	recall	F1
0	0	0	6	0	6	0	0	0


MACRO-AVERAGE MEASURES:
P	R	F1
0.67	0.58	0.62
________________________________________________________________________

