task9.1_d22btDBmNERaCRFw2d22btDBmNERaCRFw2m47 does not follow the convention file name for the task!

Strict matching (boundaries + type)
cor	inc	par	mis	spu	total	prec	recall	F1
242	16	0	46	15	304	0.89	0.8	0.84



Exact matching
cor	inc	par	mis	spu	total	prec	recall	F1
245	13	0	46	15	304	0.9	0.81	0.85



Partial matching
cor	inc	par	mis	spu	total	prec	recall	F1
245	0	13	46	15	304	0.9	0.83	0.86



type matching
cor	inc	par	mis	spu	total	prec	recall	F1
252	6	0	46	15	304	0.92	0.83	0.87



SCORES FOR ENTITY TYPE
Exact matching on drug
cor	inc	par	mis	spu	total	prec	recall	F1
158	6	0	16	7	180	0.92	0.88	0.9


Exact matching on brand
cor	inc	par	mis	spu	total	prec	recall	F1
32	0	0	21	2	53	0.94	0.6	0.74


Exact matching on group
cor	inc	par	mis	spu	total	prec	recall	F1
52	4	0	9	8	65	0.81	0.8	0.81


Exact matching on drug_n
cor	inc	par	mis	spu	total	prec	recall	F1
0	0	0	6	0	6	0	0	0


MACRO-AVERAGE MEASURES:
P	R	F1
0.67	0.57	0.61
________________________________________________________________________

