task9.1_d22btMDmNERaCRFw2d22btMDmNERaCRFw2m39 does not follow the convention file name for the task!

Strict matching (boundaries + type)
cor	inc	par	mis	spu	total	prec	recall	F1
177	64	0	141	39	382	0.63	0.46	0.53



Exact matching
cor	inc	par	mis	spu	total	prec	recall	F1
220	21	0	141	39	382	0.79	0.58	0.66



Partial matching
cor	inc	par	mis	spu	total	prec	recall	F1
220	0	21	141	39	382	0.79	0.6	0.68



type matching
cor	inc	par	mis	spu	total	prec	recall	F1
187	54	0	141	39	382	0.67	0.49	0.56



SCORES FOR ENTITY TYPE
Exact matching on drug
cor	inc	par	mis	spu	total	prec	recall	F1
133	3	0	35	20	171	0.85	0.78	0.81


Exact matching on brand
cor	inc	par	mis	spu	total	prec	recall	F1
2	0	0	4	0	6	1	0.33	0.5


Exact matching on group
cor	inc	par	mis	spu	total	prec	recall	F1
41	7	0	42	1	90	0.84	0.46	0.59


Exact matching on drug_n
cor	inc	par	mis	spu	total	prec	recall	F1
1	0	0	114	0	115	1	0.01	0.02


MACRO-AVERAGE MEASURES:
P	R	F1
0.92	0.39	0.48
________________________________________________________________________

