task9.1_d22btMDmNERaCRFw3d22btMDmNERaCRFw3m22 does not follow the convention file name for the task!

Strict matching (boundaries + type)
cor	inc	par	mis	spu	total	prec	recall	F1
184	60	0	138	44	382	0.64	0.48	0.55



Exact matching
cor	inc	par	mis	spu	total	prec	recall	F1
228	16	0	138	44	382	0.79	0.6	0.68



Partial matching
cor	inc	par	mis	spu	total	prec	recall	F1
228	0	16	138	44	382	0.79	0.62	0.69



type matching
cor	inc	par	mis	spu	total	prec	recall	F1
195	49	0	138	44	382	0.68	0.51	0.58



SCORES FOR ENTITY TYPE
Exact matching on drug
cor	inc	par	mis	spu	total	prec	recall	F1
134	4	0	33	21	171	0.84	0.78	0.81


Exact matching on brand
cor	inc	par	mis	spu	total	prec	recall	F1
4	0	0	2	0	6	1	0.67	0.8


Exact matching on group
cor	inc	par	mis	spu	total	prec	recall	F1
44	7	0	39	2	90	0.83	0.49	0.62


Exact matching on drug_n
cor	inc	par	mis	spu	total	prec	recall	F1
2	0	0	113	0	115	1	0.02	0.03


MACRO-AVERAGE MEASURES:
P	R	F1
0.92	0.49	0.57
________________________________________________________________________

