task9.1_d22btMDmNERaCRFw5d22btMDmNERaCRFw5m11 does not follow the convention file name for the task!

Strict matching (boundaries + type)
cor	inc	par	mis	spu	total	prec	recall	F1
180	55	0	147	44	382	0.65	0.47	0.54



Exact matching
cor	inc	par	mis	spu	total	prec	recall	F1
217	18	0	147	44	382	0.78	0.57	0.66



Partial matching
cor	inc	par	mis	spu	total	prec	recall	F1
217	0	18	147	44	382	0.78	0.59	0.67



type matching
cor	inc	par	mis	spu	total	prec	recall	F1
191	44	0	147	44	382	0.68	0.5	0.58



SCORES FOR ENTITY TYPE
Exact matching on drug
cor	inc	par	mis	spu	total	prec	recall	F1
137	3	0	31	21	171	0.85	0.8	0.83


Exact matching on brand
cor	inc	par	mis	spu	total	prec	recall	F1
4	0	0	2	0	6	1	0.67	0.8


Exact matching on group
cor	inc	par	mis	spu	total	prec	recall	F1
37	7	0	46	1	90	0.82	0.41	0.55


Exact matching on drug_n
cor	inc	par	mis	spu	total	prec	recall	F1
2	1	0	112	0	115	0.67	0.02	0.03


MACRO-AVERAGE MEASURES:
P	R	F1
0.83	0.47	0.55
________________________________________________________________________

