task9.1_d20tMXmNWEaCRFd20tMXmNWEaCRFmod034 does not follow the convention file name for the task!

Strict matching (boundaries + type)
cor	inc	par	mis	spu	total	prec	recall	F1
147	12	0	145	8	304	0.88	0.48	0.62



Exact matching
cor	inc	par	mis	spu	total	prec	recall	F1
149	10	0	145	8	304	0.89	0.49	0.63



Partial matching
cor	inc	par	mis	spu	total	prec	recall	F1
149	0	10	145	8	304	0.89	0.51	0.65



type matching
cor	inc	par	mis	spu	total	prec	recall	F1
156	3	0	145	8	304	0.93	0.51	0.66



SCORES FOR ENTITY TYPE
Exact matching on drug
cor	inc	par	mis	spu	total	prec	recall	F1
98	1	0	81	4	180	0.95	0.54	0.69


Exact matching on brand
cor	inc	par	mis	spu	total	prec	recall	F1
5	0	0	48	0	53	1	0.09	0.17


Exact matching on group
cor	inc	par	mis	spu	total	prec	recall	F1
44	8	0	13	5	65	0.77	0.68	0.72


Exact matching on drug_n
cor	inc	par	mis	spu	total	prec	recall	F1
0	0	0	6	0	6	0	0	0


MACRO-AVERAGE MEASURES:
P	R	F1
0.68	0.33	0.4
________________________________________________________________________

