task9.1_d20tMXmNWEaCRFd20tMXmNWEaCRFmod014 does not follow the convention file name for the task!

Strict matching (boundaries + type)
cor	inc	par	mis	spu	total	prec	recall	F1
224	22	0	58	19	304	0.85	0.74	0.79



Exact matching
cor	inc	par	mis	spu	total	prec	recall	F1
231	15	0	58	19	304	0.87	0.76	0.81



Partial matching
cor	inc	par	mis	spu	total	prec	recall	F1
231	0	15	58	19	304	0.87	0.78	0.83



type matching
cor	inc	par	mis	spu	total	prec	recall	F1
233	13	0	58	19	304	0.88	0.77	0.82



SCORES FOR ENTITY TYPE
Exact matching on drug
cor	inc	par	mis	spu	total	prec	recall	F1
134	4	0	42	8	180	0.92	0.74	0.82


Exact matching on brand
cor	inc	par	mis	spu	total	prec	recall	F1
36	2	0	15	2	53	0.9	0.68	0.77


Exact matching on group
cor	inc	par	mis	spu	total	prec	recall	F1
54	4	0	7	9	65	0.81	0.83	0.82


Exact matching on drug_n
cor	inc	par	mis	spu	total	prec	recall	F1
0	0	0	6	0	6	0	0	0


MACRO-AVERAGE MEASURES:
P	R	F1
0.66	0.56	0.6
________________________________________________________________________

