task9.1_d20tMDmNERaCRFw3d20tMDmNERaCRFw3mod057 does not follow the convention file name for the task!

Strict matching (boundaries + type)
cor	inc	par	mis	spu	total	prec	recall	F1
209	63	0	110	43	382	0.66	0.55	0.6



Exact matching
cor	inc	par	mis	spu	total	prec	recall	F1
254	18	0	110	43	382	0.81	0.66	0.73



Partial matching
cor	inc	par	mis	spu	total	prec	recall	F1
254	0	18	110	43	382	0.81	0.69	0.74



type matching
cor	inc	par	mis	spu	total	prec	recall	F1
220	52	0	110	43	382	0.7	0.58	0.63



SCORES FOR ENTITY TYPE
Exact matching on drug
cor	inc	par	mis	spu	total	prec	recall	F1
134	5	0	32	19	171	0.85	0.78	0.81


Exact matching on brand
cor	inc	par	mis	spu	total	prec	recall	F1
5	0	0	1	0	6	1	0.83	0.91


Exact matching on group
cor	inc	par	mis	spu	total	prec	recall	F1
65	7	0	18	2	90	0.88	0.72	0.79


Exact matching on drug_n
cor	inc	par	mis	spu	total	prec	recall	F1
5	0	0	110	0	115	1	0.04	0.08


MACRO-AVERAGE MEASURES:
P	R	F1
0.93	0.6	0.65
________________________________________________________________________

