task9.1_d22btDBmNERaCRFw3d22btDBmNERaCRFw3m15 does not follow the convention file name for the task!

Strict matching (boundaries + type)
cor	inc	par	mis	spu	total	prec	recall	F1
241	15	0	48	16	304	0.89	0.79	0.84



Exact matching
cor	inc	par	mis	spu	total	prec	recall	F1
244	12	0	48	16	304	0.9	0.8	0.85



Partial matching
cor	inc	par	mis	spu	total	prec	recall	F1
244	0	12	48	16	304	0.9	0.82	0.86



type matching
cor	inc	par	mis	spu	total	prec	recall	F1
251	5	0	48	16	304	0.92	0.83	0.87



SCORES FOR ENTITY TYPE
Exact matching on drug
cor	inc	par	mis	spu	total	prec	recall	F1
158	6	0	16	7	180	0.92	0.88	0.9


Exact matching on brand
cor	inc	par	mis	spu	total	prec	recall	F1
35	0	0	18	3	53	0.92	0.66	0.77


Exact matching on group
cor	inc	par	mis	spu	total	prec	recall	F1
48	4	0	13	6	65	0.83	0.74	0.78


Exact matching on drug_n
cor	inc	par	mis	spu	total	prec	recall	F1
0	0	0	6	0	6	0	0	0


MACRO-AVERAGE MEASURES:
P	R	F1
0.67	0.57	0.61
________________________________________________________________________

