task9.1_d22btMDmNERaCRFw5d22btMDmNERaCRFw5m32 does not follow the convention file name for the task!

Strict matching (boundaries + type)
cor	inc	par	mis	spu	total	prec	recall	F1
170	61	0	151	45	382	0.62	0.45	0.52



Exact matching
cor	inc	par	mis	spu	total	prec	recall	F1
212	19	0	151	45	382	0.77	0.55	0.64



Partial matching
cor	inc	par	mis	spu	total	prec	recall	F1
212	0	19	151	45	382	0.77	0.58	0.66



type matching
cor	inc	par	mis	spu	total	prec	recall	F1
182	49	0	151	45	382	0.66	0.48	0.55



SCORES FOR ENTITY TYPE
Exact matching on drug
cor	inc	par	mis	spu	total	prec	recall	F1
134	5	0	32	24	171	0.82	0.78	0.8


Exact matching on brand
cor	inc	par	mis	spu	total	prec	recall	F1
3	0	0	3	1	6	0.75	0.5	0.6


Exact matching on group
cor	inc	par	mis	spu	total	prec	recall	F1
32	6	0	52	2	90	0.8	0.36	0.49


Exact matching on drug_n
cor	inc	par	mis	spu	total	prec	recall	F1
1	1	0	113	0	115	0.5	0.01	0.02


MACRO-AVERAGE MEASURES:
P	R	F1
0.72	0.41	0.48
________________________________________________________________________

