task9.1_d22btDBmNERaCRFw3d22btDBmNERaCRFw3m35 does not follow the convention file name for the task!

Strict matching (boundaries + type)
cor	inc	par	mis	spu	total	prec	recall	F1
240	21	0	43	15	304	0.87	0.79	0.83



Exact matching
cor	inc	par	mis	spu	total	prec	recall	F1
244	17	0	43	15	304	0.88	0.8	0.84



Partial matching
cor	inc	par	mis	spu	total	prec	recall	F1
244	0	17	43	15	304	0.88	0.83	0.86



type matching
cor	inc	par	mis	spu	total	prec	recall	F1
254	7	0	43	15	304	0.92	0.84	0.88



SCORES FOR ENTITY TYPE
Exact matching on drug
cor	inc	par	mis	spu	total	prec	recall	F1
155	8	0	17	8	180	0.91	0.86	0.88


Exact matching on brand
cor	inc	par	mis	spu	total	prec	recall	F1
36	1	0	16	3	53	0.9	0.68	0.77


Exact matching on group
cor	inc	par	mis	spu	total	prec	recall	F1
49	5	0	11	7	65	0.8	0.75	0.78


Exact matching on drug_n
cor	inc	par	mis	spu	total	prec	recall	F1
0	0	0	6	0	6	0	0	0


MACRO-AVERAGE MEASURES:
P	R	F1
0.65	0.57	0.61
________________________________________________________________________

