task9.1_d22btMDmNERaCRFw2d22btMDmNERaCRFw2m0 does not follow the convention file name for the task!

Strict matching (boundaries + type)
cor	inc	par	mis	spu	total	prec	recall	F1
184	59	0	139	35	382	0.66	0.48	0.56



Exact matching
cor	inc	par	mis	spu	total	prec	recall	F1
225	18	0	139	35	382	0.81	0.59	0.68



Partial matching
cor	inc	par	mis	spu	total	prec	recall	F1
225	0	18	139	35	382	0.81	0.61	0.7



type matching
cor	inc	par	mis	spu	total	prec	recall	F1
193	50	0	139	35	382	0.69	0.51	0.58



SCORES FOR ENTITY TYPE
Exact matching on drug
cor	inc	par	mis	spu	total	prec	recall	F1
134	3	0	34	17	171	0.87	0.78	0.82


Exact matching on brand
cor	inc	par	mis	spu	total	prec	recall	F1
4	0	0	2	0	6	1	0.67	0.8


Exact matching on group
cor	inc	par	mis	spu	total	prec	recall	F1
44	6	0	40	0	90	0.88	0.49	0.63


Exact matching on drug_n
cor	inc	par	mis	spu	total	prec	recall	F1
2	0	0	113	0	115	1	0.02	0.03


MACRO-AVERAGE MEASURES:
P	R	F1
0.94	0.49	0.57
________________________________________________________________________

