task9.1_d22tDBmNERaCRFw1d22tDBmNERaCRFw1m6 does not follow the convention file name for the task!

Strict matching (boundaries + type)
cor	inc	par	mis	spu	total	prec	recall	F1
256	17	0	31	17	304	0.88	0.84	0.86



Exact matching
cor	inc	par	mis	spu	total	prec	recall	F1
262	11	0	31	17	304	0.9	0.86	0.88



Partial matching
cor	inc	par	mis	spu	total	prec	recall	F1
262	0	11	31	17	304	0.9	0.88	0.89



type matching
cor	inc	par	mis	spu	total	prec	recall	F1
264	9	0	31	17	304	0.91	0.87	0.89



SCORES FOR ENTITY TYPE
Exact matching on drug
cor	inc	par	mis	spu	total	prec	recall	F1
162	5	0	13	5	180	0.94	0.9	0.92


Exact matching on brand
cor	inc	par	mis	spu	total	prec	recall	F1
37	0	0	16	4	53	0.9	0.7	0.79


Exact matching on group
cor	inc	par	mis	spu	total	prec	recall	F1
57	3	0	5	7	65	0.85	0.88	0.86


Exact matching on drug_n
cor	inc	par	mis	spu	total	prec	recall	F1
0	0	0	6	0	6	0	0	0


MACRO-AVERAGE MEASURES:
P	R	F1
0.67	0.62	0.64
________________________________________________________________________

