task9.1_d22btDBmNERaCRFw2d22btDBmNERaCRFw2m38 does not follow the convention file name for the task!

Strict matching (boundaries + type)
cor	inc	par	mis	spu	total	prec	recall	F1
240	18	0	46	15	304	0.88	0.79	0.83



Exact matching
cor	inc	par	mis	spu	total	prec	recall	F1
243	15	0	46	15	304	0.89	0.8	0.84



Partial matching
cor	inc	par	mis	spu	total	prec	recall	F1
243	0	15	46	15	304	0.89	0.82	0.86



type matching
cor	inc	par	mis	spu	total	prec	recall	F1
252	6	0	46	15	304	0.92	0.83	0.87



SCORES FOR ENTITY TYPE
Exact matching on drug
cor	inc	par	mis	spu	total	prec	recall	F1
157	7	0	16	7	180	0.92	0.87	0.89


Exact matching on brand
cor	inc	par	mis	spu	total	prec	recall	F1
32	0	0	21	3	53	0.91	0.6	0.73


Exact matching on group
cor	inc	par	mis	spu	total	prec	recall	F1
51	5	0	9	7	65	0.81	0.78	0.8


Exact matching on drug_n
cor	inc	par	mis	spu	total	prec	recall	F1
0	0	0	6	0	6	0	0	0


MACRO-AVERAGE MEASURES:
P	R	F1
0.66	0.57	0.6
________________________________________________________________________

