task9.1_d22btDBmNERaCRFw1d22btDBmNERaCRFw1m9 does not follow the convention file name for the task!

Strict matching (boundaries + type)
cor	inc	par	mis	spu	total	prec	recall	F1
246	14	0	44	13	304	0.9	0.81	0.85



Exact matching
cor	inc	par	mis	spu	total	prec	recall	F1
250	10	0	44	13	304	0.92	0.82	0.87



Partial matching
cor	inc	par	mis	spu	total	prec	recall	F1
250	0	10	44	13	304	0.92	0.84	0.88



type matching
cor	inc	par	mis	spu	total	prec	recall	F1
253	7	0	44	13	304	0.93	0.83	0.88



SCORES FOR ENTITY TYPE
Exact matching on drug
cor	inc	par	mis	spu	total	prec	recall	F1
158	5	0	17	6	180	0.93	0.88	0.91


Exact matching on brand
cor	inc	par	mis	spu	total	prec	recall	F1
36	0	0	17	3	53	0.92	0.68	0.78


Exact matching on group
cor	inc	par	mis	spu	total	prec	recall	F1
52	2	0	11	5	65	0.88	0.8	0.84


Exact matching on drug_n
cor	inc	par	mis	spu	total	prec	recall	F1
0	0	0	6	0	6	0	0	0


MACRO-AVERAGE MEASURES:
P	R	F1
0.68	0.59	0.63
________________________________________________________________________

