task9.1_d22btDBmNERaCRFw2d22btDBmNERaCRFw2m3 does not follow the convention file name for the task!

Strict matching (boundaries + type)
cor	inc	par	mis	spu	total	prec	recall	F1
243	14	0	47	13	304	0.9	0.8	0.85



Exact matching
cor	inc	par	mis	spu	total	prec	recall	F1
247	10	0	47	13	304	0.91	0.81	0.86



Partial matching
cor	inc	par	mis	spu	total	prec	recall	F1
247	0	10	47	13	304	0.91	0.83	0.87



type matching
cor	inc	par	mis	spu	total	prec	recall	F1
250	7	0	47	13	304	0.93	0.82	0.87



SCORES FOR ENTITY TYPE
Exact matching on drug
cor	inc	par	mis	spu	total	prec	recall	F1
159	4	0	17	5	180	0.95	0.88	0.91


Exact matching on brand
cor	inc	par	mis	spu	total	prec	recall	F1
34	0	0	19	2	53	0.94	0.64	0.76


Exact matching on group
cor	inc	par	mis	spu	total	prec	recall	F1
50	3	0	12	6	65	0.85	0.77	0.81


Exact matching on drug_n
cor	inc	par	mis	spu	total	prec	recall	F1
0	0	0	6	0	6	0	0	0


MACRO-AVERAGE MEASURES:
P	R	F1
0.68	0.57	0.62
________________________________________________________________________

