task9.1_d22btMDmNERaCRFw5d22btMDmNERaCRFw5m0 does not follow the convention file name for the task!

Strict matching (boundaries + type)
cor	inc	par	mis	spu	total	prec	recall	F1
178	56	0	148	43	382	0.64	0.47	0.54



Exact matching
cor	inc	par	mis	spu	total	prec	recall	F1
217	17	0	148	43	382	0.78	0.57	0.66



Partial matching
cor	inc	par	mis	spu	total	prec	recall	F1
217	0	17	148	43	382	0.78	0.59	0.67



type matching
cor	inc	par	mis	spu	total	prec	recall	F1
188	46	0	148	43	382	0.68	0.49	0.57



SCORES FOR ENTITY TYPE
Exact matching on drug
cor	inc	par	mis	spu	total	prec	recall	F1
134	4	0	33	18	171	0.86	0.78	0.82


Exact matching on brand
cor	inc	par	mis	spu	total	prec	recall	F1
4	0	0	2	1	6	0.8	0.67	0.73


Exact matching on group
cor	inc	par	mis	spu	total	prec	recall	F1
38	6	0	46	2	90	0.83	0.42	0.56


Exact matching on drug_n
cor	inc	par	mis	spu	total	prec	recall	F1
2	0	0	113	1	115	0.67	0.02	0.03


MACRO-AVERAGE MEASURES:
P	R	F1
0.79	0.47	0.53
________________________________________________________________________

