task9.1_d22btMDmNERaCRFw3d22btMDmNERaCRFw3m53 does not follow the convention file name for the task!

Strict matching (boundaries + type)
cor	inc	par	mis	spu	total	prec	recall	F1
179	61	0	142	43	382	0.63	0.47	0.54



Exact matching
cor	inc	par	mis	spu	total	prec	recall	F1
224	16	0	142	43	382	0.79	0.59	0.67



Partial matching
cor	inc	par	mis	spu	total	prec	recall	F1
224	0	16	142	43	382	0.79	0.61	0.69



type matching
cor	inc	par	mis	spu	total	prec	recall	F1
188	52	0	142	43	382	0.66	0.49	0.57



SCORES FOR ENTITY TYPE
Exact matching on drug
cor	inc	par	mis	spu	total	prec	recall	F1
134	3	0	34	23	171	0.84	0.78	0.81


Exact matching on brand
cor	inc	par	mis	spu	total	prec	recall	F1
3	0	0	3	0	6	1	0.5	0.67


Exact matching on group
cor	inc	par	mis	spu	total	prec	recall	F1
40	6	0	44	2	90	0.83	0.44	0.58


Exact matching on drug_n
cor	inc	par	mis	spu	total	prec	recall	F1
2	0	0	113	0	115	1	0.02	0.03


MACRO-AVERAGE MEASURES:
P	R	F1
0.92	0.44	0.52
________________________________________________________________________

