task9.1_d22btDBmNERaCRFw1d22btDBmNERaCRFw1m3 does not follow the convention file name for the task!

Strict matching (boundaries + type)
cor	inc	par	mis	spu	total	prec	recall	F1
242	16	0	46	13	304	0.89	0.8	0.84



Exact matching
cor	inc	par	mis	spu	total	prec	recall	F1
246	12	0	46	13	304	0.91	0.81	0.86



Partial matching
cor	inc	par	mis	spu	total	prec	recall	F1
246	0	12	46	13	304	0.91	0.83	0.87



type matching
cor	inc	par	mis	spu	total	prec	recall	F1
250	8	0	46	13	304	0.92	0.82	0.87



SCORES FOR ENTITY TYPE
Exact matching on drug
cor	inc	par	mis	spu	total	prec	recall	F1
158	5	0	17	5	180	0.94	0.88	0.91


Exact matching on brand
cor	inc	par	mis	spu	total	prec	recall	F1
34	0	0	19	2	53	0.94	0.64	0.76


Exact matching on group
cor	inc	par	mis	spu	total	prec	recall	F1
50	3	0	12	7	65	0.83	0.77	0.8


Exact matching on drug_n
cor	inc	par	mis	spu	total	prec	recall	F1
0	0	0	6	0	6	0	0	0


MACRO-AVERAGE MEASURES:
P	R	F1
0.68	0.57	0.62
________________________________________________________________________

