task9.1_d22btMDmNERaCRFw5d22btMDmNERaCRFw5m17 does not follow the convention file name for the task!

Strict matching (boundaries + type)
cor	inc	par	mis	spu	total	prec	recall	F1
171	63	0	148	45	382	0.61	0.45	0.52



Exact matching
cor	inc	par	mis	spu	total	prec	recall	F1
213	21	0	148	45	382	0.76	0.56	0.64



Partial matching
cor	inc	par	mis	spu	total	prec	recall	F1
213	0	21	148	45	382	0.76	0.59	0.66



type matching
cor	inc	par	mis	spu	total	prec	recall	F1
182	52	0	148	45	382	0.65	0.48	0.55



SCORES FOR ENTITY TYPE
Exact matching on drug
cor	inc	par	mis	spu	total	prec	recall	F1
134	3	0	34	21	171	0.85	0.78	0.81


Exact matching on brand
cor	inc	par	mis	spu	total	prec	recall	F1
3	0	0	3	1	6	0.75	0.5	0.6


Exact matching on group
cor	inc	par	mis	spu	total	prec	recall	F1
33	7	0	50	2	90	0.79	0.37	0.5


Exact matching on drug_n
cor	inc	par	mis	spu	total	prec	recall	F1
1	1	0	113	0	115	0.5	0.01	0.02


MACRO-AVERAGE MEASURES:
P	R	F1
0.72	0.41	0.48
________________________________________________________________________

