task9.1_d22btMDmNERaCRFw3d22btMDmNERaCRFw3m3 does not follow the convention file name for the task!

Strict matching (boundaries + type)
cor	inc	par	mis	spu	total	prec	recall	F1
183	54	0	145	48	382	0.64	0.48	0.55



Exact matching
cor	inc	par	mis	spu	total	prec	recall	F1
221	16	0	145	48	382	0.78	0.58	0.66



Partial matching
cor	inc	par	mis	spu	total	prec	recall	F1
221	0	16	145	48	382	0.78	0.6	0.68



type matching
cor	inc	par	mis	spu	total	prec	recall	F1
192	45	0	145	48	382	0.67	0.5	0.58



SCORES FOR ENTITY TYPE
Exact matching on drug
cor	inc	par	mis	spu	total	prec	recall	F1
132	4	0	35	21	171	0.84	0.77	0.8


Exact matching on brand
cor	inc	par	mis	spu	total	prec	recall	F1
3	0	0	3	0	6	1	0.5	0.67


Exact matching on group
cor	inc	par	mis	spu	total	prec	recall	F1
44	5	0	41	2	90	0.86	0.49	0.62


Exact matching on drug_n
cor	inc	par	mis	spu	total	prec	recall	F1
4	0	0	111	0	115	1	0.03	0.07


MACRO-AVERAGE MEASURES:
P	R	F1
0.93	0.45	0.54
________________________________________________________________________

