task9.1_d20tMDmNERaCRFw3d20tMDmNERaCRFw3mod048 does not follow the convention file name for the task!

Strict matching (boundaries + type)
cor	inc	par	mis	spu	total	prec	recall	F1
203	62	0	117	38	382	0.67	0.53	0.59



Exact matching
cor	inc	par	mis	spu	total	prec	recall	F1
248	17	0	117	38	382	0.82	0.65	0.72



Partial matching
cor	inc	par	mis	spu	total	prec	recall	F1
248	0	17	117	38	382	0.82	0.67	0.74



type matching
cor	inc	par	mis	spu	total	prec	recall	F1
214	51	0	117	38	382	0.71	0.56	0.62



SCORES FOR ENTITY TYPE
Exact matching on drug
cor	inc	par	mis	spu	total	prec	recall	F1
132	4	0	35	17	171	0.86	0.77	0.81


Exact matching on brand
cor	inc	par	mis	spu	total	prec	recall	F1
4	0	0	2	0	6	1	0.67	0.8


Exact matching on group
cor	inc	par	mis	spu	total	prec	recall	F1
63	7	0	20	1	90	0.89	0.7	0.78


Exact matching on drug_n
cor	inc	par	mis	spu	total	prec	recall	F1
4	0	0	111	0	115	1	0.03	0.07


MACRO-AVERAGE MEASURES:
P	R	F1
0.94	0.54	0.62
________________________________________________________________________

