task9.1_d20tMDmNERaCRFw3d20tMDmNERaCRFw3mod045 does not follow the convention file name for the task!

Strict matching (boundaries + type)
cor	inc	par	mis	spu	total	prec	recall	F1
208	63	0	111	37	382	0.68	0.54	0.6



Exact matching
cor	inc	par	mis	spu	total	prec	recall	F1
254	17	0	111	37	382	0.82	0.66	0.74



Partial matching
cor	inc	par	mis	spu	total	prec	recall	F1
254	0	17	111	37	382	0.82	0.69	0.75



type matching
cor	inc	par	mis	spu	total	prec	recall	F1
219	52	0	111	37	382	0.71	0.57	0.63



SCORES FOR ENTITY TYPE
Exact matching on drug
cor	inc	par	mis	spu	total	prec	recall	F1
134	5	0	32	17	171	0.86	0.78	0.82


Exact matching on brand
cor	inc	par	mis	spu	total	prec	recall	F1
5	0	0	1	0	6	1	0.83	0.91


Exact matching on group
cor	inc	par	mis	spu	total	prec	recall	F1
65	7	0	18	1	90	0.89	0.72	0.8


Exact matching on drug_n
cor	inc	par	mis	spu	total	prec	recall	F1
4	0	0	111	0	115	1	0.03	0.07


MACRO-AVERAGE MEASURES:
P	R	F1
0.94	0.59	0.65
________________________________________________________________________

