task9.1_d22btMDmNERaCRFw5d22btMDmNERaCRFw5m16 does not follow the convention file name for the task!

Strict matching (boundaries + type)
cor	inc	par	mis	spu	total	prec	recall	F1
172	59	0	151	47	382	0.62	0.45	0.52



Exact matching
cor	inc	par	mis	spu	total	prec	recall	F1
212	19	0	151	47	382	0.76	0.55	0.64



Partial matching
cor	inc	par	mis	spu	total	prec	recall	F1
212	0	19	151	47	382	0.76	0.58	0.66



type matching
cor	inc	par	mis	spu	total	prec	recall	F1
181	50	0	151	47	382	0.65	0.47	0.55



SCORES FOR ENTITY TYPE
Exact matching on drug
cor	inc	par	mis	spu	total	prec	recall	F1
135	3	0	33	22	171	0.84	0.79	0.82


Exact matching on brand
cor	inc	par	mis	spu	total	prec	recall	F1
3	0	0	3	1	6	0.75	0.5	0.6


Exact matching on group
cor	inc	par	mis	spu	total	prec	recall	F1
33	5	0	52	2	90	0.82	0.37	0.51


Exact matching on drug_n
cor	inc	par	mis	spu	total	prec	recall	F1
1	1	0	113	0	115	0.5	0.01	0.02


MACRO-AVERAGE MEASURES:
P	R	F1
0.73	0.42	0.49
________________________________________________________________________

