task9.1_d22btMDmNERaCRFw5d22btMDmNERaCRFw5m24 does not follow the convention file name for the task!

Strict matching (boundaries + type)
cor	inc	par	mis	spu	total	prec	recall	F1
171	60	0	151	51	382	0.61	0.45	0.52



Exact matching
cor	inc	par	mis	spu	total	prec	recall	F1
214	17	0	151	51	382	0.76	0.56	0.64



Partial matching
cor	inc	par	mis	spu	total	prec	recall	F1
214	0	17	151	51	382	0.76	0.58	0.66



type matching
cor	inc	par	mis	spu	total	prec	recall	F1
180	51	0	151	51	382	0.64	0.47	0.54



SCORES FOR ENTITY TYPE
Exact matching on drug
cor	inc	par	mis	spu	total	prec	recall	F1
133	5	0	33	23	171	0.83	0.78	0.8


Exact matching on brand
cor	inc	par	mis	spu	total	prec	recall	F1
3	0	0	3	1	6	0.75	0.5	0.6


Exact matching on group
cor	inc	par	mis	spu	total	prec	recall	F1
34	4	0	52	2	90	0.85	0.38	0.52


Exact matching on drug_n
cor	inc	par	mis	spu	total	prec	recall	F1
1	0	0	114	0	115	1	0.01	0.02


MACRO-AVERAGE MEASURES:
P	R	F1
0.86	0.42	0.49
________________________________________________________________________

