task9.1_d22btDBmNERaCRFw3d22btDBmNERaCRFw3m36 does not follow the convention file name for the task!

Strict matching (boundaries + type)
cor	inc	par	mis	spu	total	prec	recall	F1
241	19	0	44	18	304	0.87	0.79	0.83



Exact matching
cor	inc	par	mis	spu	total	prec	recall	F1
243	17	0	44	18	304	0.87	0.8	0.84



Partial matching
cor	inc	par	mis	spu	total	prec	recall	F1
243	0	17	44	18	304	0.87	0.83	0.85



type matching
cor	inc	par	mis	spu	total	prec	recall	F1
254	6	0	44	18	304	0.91	0.84	0.87



SCORES FOR ENTITY TYPE
Exact matching on drug
cor	inc	par	mis	spu	total	prec	recall	F1
158	7	0	15	7	180	0.92	0.88	0.9


Exact matching on brand
cor	inc	par	mis	spu	total	prec	recall	F1
38	0	0	15	1	53	0.97	0.72	0.83


Exact matching on group
cor	inc	par	mis	spu	total	prec	recall	F1
45	6	0	14	8	65	0.76	0.69	0.73


Exact matching on drug_n
cor	inc	par	mis	spu	total	prec	recall	F1
0	0	0	6	0	6	0	0	0


MACRO-AVERAGE MEASURES:
P	R	F1
0.66	0.57	0.61
________________________________________________________________________

