task9.1_d20tMDmNERaCRFw3d20tMDmNERaCRFw3mod024 does not follow the convention file name for the task!

Strict matching (boundaries + type)
cor	inc	par	mis	spu	total	prec	recall	F1
187	45	0	150	30	382	0.71	0.49	0.58



Exact matching
cor	inc	par	mis	spu	total	prec	recall	F1
210	22	0	150	30	382	0.8	0.55	0.65



Partial matching
cor	inc	par	mis	spu	total	prec	recall	F1
210	0	22	150	30	382	0.8	0.58	0.67



type matching
cor	inc	par	mis	spu	total	prec	recall	F1
197	35	0	150	30	382	0.75	0.52	0.61



SCORES FOR ENTITY TYPE
Exact matching on drug
cor	inc	par	mis	spu	total	prec	recall	F1
108	3	0	60	11	171	0.89	0.63	0.74


Exact matching on brand
cor	inc	par	mis	spu	total	prec	recall	F1
5	0	0	1	0	6	1	0.83	0.91


Exact matching on group
cor	inc	par	mis	spu	total	prec	recall	F1
66	6	0	18	3	90	0.88	0.73	0.8


Exact matching on drug_n
cor	inc	par	mis	spu	total	prec	recall	F1
8	1	0	106	0	115	0.89	0.07	0.13


MACRO-AVERAGE MEASURES:
P	R	F1
0.91	0.57	0.64
________________________________________________________________________

