task9.1_d20tMXmNWEaCRFd20tMXmNWEaCRFmod051 does not follow the convention file name for the task!

Strict matching (boundaries + type)
cor	inc	par	mis	spu	total	prec	recall	F1
251	16	0	37	16	304	0.89	0.83	0.86



Exact matching
cor	inc	par	mis	spu	total	prec	recall	F1
256	11	0	37	16	304	0.9	0.84	0.87



Partial matching
cor	inc	par	mis	spu	total	prec	recall	F1
256	0	11	37	16	304	0.9	0.86	0.88



type matching
cor	inc	par	mis	spu	total	prec	recall	F1
259	8	0	37	16	304	0.92	0.85	0.88



SCORES FOR ENTITY TYPE
Exact matching on drug
cor	inc	par	mis	spu	total	prec	recall	F1
159	5	0	16	5	180	0.94	0.88	0.91


Exact matching on brand
cor	inc	par	mis	spu	total	prec	recall	F1
34	0	0	19	3	53	0.92	0.64	0.76


Exact matching on group
cor	inc	par	mis	spu	total	prec	recall	F1
58	3	0	4	8	65	0.84	0.89	0.87


Exact matching on drug_n
cor	inc	par	mis	spu	total	prec	recall	F1
0	0	0	6	0	6	0	0	0


MACRO-AVERAGE MEASURES:
P	R	F1
0.68	0.6	0.63
________________________________________________________________________

