task9.1_d20tMXmNWEaCRFd20tMXmNWEaCRFmod002 does not follow the convention file name for the task!

Strict matching (boundaries + type)
cor	inc	par	mis	spu	total	prec	recall	F1
183	17	0	104	11	304	0.87	0.6	0.71



Exact matching
cor	inc	par	mis	spu	total	prec	recall	F1
187	13	0	104	11	304	0.89	0.62	0.73



Partial matching
cor	inc	par	mis	spu	total	prec	recall	F1
187	0	13	104	11	304	0.89	0.64	0.74



type matching
cor	inc	par	mis	spu	total	prec	recall	F1
192	8	0	104	11	304	0.91	0.63	0.75



SCORES FOR ENTITY TYPE
Exact matching on drug
cor	inc	par	mis	spu	total	prec	recall	F1
118	2	0	60	4	180	0.95	0.66	0.78


Exact matching on brand
cor	inc	par	mis	spu	total	prec	recall	F1
17	2	0	34	1	53	0.85	0.32	0.47


Exact matching on group
cor	inc	par	mis	spu	total	prec	recall	F1
48	5	0	12	5	65	0.83	0.74	0.78


Exact matching on drug_n
cor	inc	par	mis	spu	total	prec	recall	F1
0	0	0	6	0	6	0	0	0


MACRO-AVERAGE MEASURES:
P	R	F1
0.66	0.43	0.51
________________________________________________________________________

