task9.1_d22btMDmNERaCRFw3d22btMDmNERaCRFw3m7 does not follow the convention file name for the task!

Strict matching (boundaries + type)
cor	inc	par	mis	spu	total	prec	recall	F1
180	65	0	137	43	382	0.62	0.47	0.54



Exact matching
cor	inc	par	mis	spu	total	prec	recall	F1
224	21	0	137	43	382	0.78	0.59	0.67



Partial matching
cor	inc	par	mis	spu	total	prec	recall	F1
224	0	21	137	43	382	0.78	0.61	0.69



type matching
cor	inc	par	mis	spu	total	prec	recall	F1
190	55	0	137	43	382	0.66	0.5	0.57



SCORES FOR ENTITY TYPE
Exact matching on drug
cor	inc	par	mis	spu	total	prec	recall	F1
134	3	0	34	22	171	0.84	0.78	0.81


Exact matching on brand
cor	inc	par	mis	spu	total	prec	recall	F1
4	0	0	2	0	6	1	0.67	0.8


Exact matching on group
cor	inc	par	mis	spu	total	prec	recall	F1
41	6	0	43	2	90	0.84	0.46	0.59


Exact matching on drug_n
cor	inc	par	mis	spu	total	prec	recall	F1
1	1	0	113	0	115	0.5	0.01	0.02


MACRO-AVERAGE MEASURES:
P	R	F1
0.79	0.48	0.55
________________________________________________________________________

