task9.1_d22btMDmNERaCRFw5d22btMDmNERaCRFw5m35 does not follow the convention file name for the task!

Strict matching (boundaries + type)
cor	inc	par	mis	spu	total	prec	recall	F1
173	59	0	150	55	382	0.6	0.45	0.52



Exact matching
cor	inc	par	mis	spu	total	prec	recall	F1
216	16	0	150	55	382	0.75	0.57	0.65



Partial matching
cor	inc	par	mis	spu	total	prec	recall	F1
216	0	16	150	55	382	0.75	0.59	0.66



type matching
cor	inc	par	mis	spu	total	prec	recall	F1
182	50	0	150	55	382	0.63	0.48	0.54



SCORES FOR ENTITY TYPE
Exact matching on drug
cor	inc	par	mis	spu	total	prec	recall	F1
135	5	0	31	24	171	0.82	0.79	0.81


Exact matching on brand
cor	inc	par	mis	spu	total	prec	recall	F1
2	0	0	4	1	6	0.67	0.33	0.44


Exact matching on group
cor	inc	par	mis	spu	total	prec	recall	F1
35	4	0	51	3	90	0.83	0.39	0.53


Exact matching on drug_n
cor	inc	par	mis	spu	total	prec	recall	F1
1	0	0	114	0	115	1	0.01	0.02


MACRO-AVERAGE MEASURES:
P	R	F1
0.83	0.38	0.45
________________________________________________________________________

