task9.1_d22btMDmNERaCRFw3d22btMDmNERaCRFw3m42 does not follow the convention file name for the task!

Strict matching (boundaries + type)
cor	inc	par	mis	spu	total	prec	recall	F1
179	64	0	139	44	382	0.62	0.47	0.54



Exact matching
cor	inc	par	mis	spu	total	prec	recall	F1
224	19	0	139	44	382	0.78	0.59	0.67



Partial matching
cor	inc	par	mis	spu	total	prec	recall	F1
224	0	19	139	44	382	0.78	0.61	0.69



type matching
cor	inc	par	mis	spu	total	prec	recall	F1
189	54	0	139	44	382	0.66	0.49	0.57



SCORES FOR ENTITY TYPE
Exact matching on drug
cor	inc	par	mis	spu	total	prec	recall	F1
135	2	0	34	22	171	0.85	0.79	0.82


Exact matching on brand
cor	inc	par	mis	spu	total	prec	recall	F1
3	0	0	3	0	6	1	0.5	0.67


Exact matching on group
cor	inc	par	mis	spu	total	prec	recall	F1
40	8	0	42	2	90	0.8	0.44	0.57


Exact matching on drug_n
cor	inc	par	mis	spu	total	prec	recall	F1
1	0	0	114	0	115	1	0.01	0.02


MACRO-AVERAGE MEASURES:
P	R	F1
0.91	0.44	0.52
________________________________________________________________________

