task9.1_d22btDBmNERaCRFw3d22btDBmNERaCRFw3m27 does not follow the convention file name for the task!

Strict matching (boundaries + type)
cor	inc	par	mis	spu	total	prec	recall	F1
249	15	0	40	15	304	0.89	0.82	0.85



Exact matching
cor	inc	par	mis	spu	total	prec	recall	F1
252	12	0	40	15	304	0.9	0.83	0.86



Partial matching
cor	inc	par	mis	spu	total	prec	recall	F1
252	0	12	40	15	304	0.9	0.85	0.88



type matching
cor	inc	par	mis	spu	total	prec	recall	F1
259	5	0	40	15	304	0.93	0.85	0.89



SCORES FOR ENTITY TYPE
Exact matching on drug
cor	inc	par	mis	spu	total	prec	recall	F1
159	6	0	15	7	180	0.92	0.88	0.9


Exact matching on brand
cor	inc	par	mis	spu	total	prec	recall	F1
38	0	0	15	3	53	0.93	0.72	0.81


Exact matching on group
cor	inc	par	mis	spu	total	prec	recall	F1
52	4	0	9	6	65	0.84	0.8	0.82


Exact matching on drug_n
cor	inc	par	mis	spu	total	prec	recall	F1
0	0	0	6	0	6	0	0	0


MACRO-AVERAGE MEASURES:
P	R	F1
0.67	0.6	0.63
________________________________________________________________________

