task9.1_d22btDBmNERaCRFw2d22btDBmNERaCRFw2m4 does not follow the convention file name for the task!

Strict matching (boundaries + type)
cor	inc	par	mis	spu	total	prec	recall	F1
239	17	0	48	13	304	0.89	0.79	0.83



Exact matching
cor	inc	par	mis	spu	total	prec	recall	F1
244	12	0	48	13	304	0.91	0.8	0.85



Partial matching
cor	inc	par	mis	spu	total	prec	recall	F1
244	0	12	48	13	304	0.91	0.82	0.86



type matching
cor	inc	par	mis	spu	total	prec	recall	F1
248	8	0	48	13	304	0.92	0.82	0.87



SCORES FOR ENTITY TYPE
Exact matching on drug
cor	inc	par	mis	spu	total	prec	recall	F1
157	6	0	17	5	180	0.93	0.87	0.9


Exact matching on brand
cor	inc	par	mis	spu	total	prec	recall	F1
33	0	0	20	3	53	0.92	0.62	0.74


Exact matching on group
cor	inc	par	mis	spu	total	prec	recall	F1
49	3	0	13	6	65	0.84	0.75	0.8


Exact matching on drug_n
cor	inc	par	mis	spu	total	prec	recall	F1
0	0	0	6	0	6	0	0	0


MACRO-AVERAGE MEASURES:
P	R	F1
0.67	0.56	0.61
________________________________________________________________________

