task9.1_d22btMDmNERaCRFw3d22btMDmNERaCRFw3m12 does not follow the convention file name for the task!

Strict matching (boundaries + type)
cor	inc	par	mis	spu	total	prec	recall	F1
181	61	0	140	45	382	0.63	0.47	0.54



Exact matching
cor	inc	par	mis	spu	total	prec	recall	F1
223	19	0	140	45	382	0.78	0.58	0.67



Partial matching
cor	inc	par	mis	spu	total	prec	recall	F1
223	0	19	140	45	382	0.78	0.61	0.68



type matching
cor	inc	par	mis	spu	total	prec	recall	F1
190	52	0	140	45	382	0.66	0.5	0.57



SCORES FOR ENTITY TYPE
Exact matching on drug
cor	inc	par	mis	spu	total	prec	recall	F1
134	3	0	34	18	171	0.86	0.78	0.82


Exact matching on brand
cor	inc	par	mis	spu	total	prec	recall	F1
4	0	0	2	0	6	1	0.67	0.8


Exact matching on group
cor	inc	par	mis	spu	total	prec	recall	F1
42	6	0	42	2	90	0.84	0.47	0.6


Exact matching on drug_n
cor	inc	par	mis	spu	total	prec	recall	F1
1	0	0	114	0	115	1	0.01	0.02


MACRO-AVERAGE MEASURES:
P	R	F1
0.93	0.48	0.56
________________________________________________________________________

