task9.1_d20tMXmNWEaCRFd20tMXmNWEaCRFmod024 does not follow the convention file name for the task!

Strict matching (boundaries + type)
cor	inc	par	mis	spu	total	prec	recall	F1
211	18	0	75	14	304	0.87	0.69	0.77



Exact matching
cor	inc	par	mis	spu	total	prec	recall	F1
218	11	0	75	14	304	0.9	0.72	0.8



Partial matching
cor	inc	par	mis	spu	total	prec	recall	F1
218	0	11	75	14	304	0.9	0.74	0.81



type matching
cor	inc	par	mis	spu	total	prec	recall	F1
217	12	0	75	14	304	0.89	0.71	0.79



SCORES FOR ENTITY TYPE
Exact matching on drug
cor	inc	par	mis	spu	total	prec	recall	F1
129	3	0	48	6	180	0.93	0.72	0.81


Exact matching on brand
cor	inc	par	mis	spu	total	prec	recall	F1
27	0	0	26	1	53	0.96	0.51	0.67


Exact matching on group
cor	inc	par	mis	spu	total	prec	recall	F1
55	3	0	7	7	65	0.85	0.85	0.85


Exact matching on drug_n
cor	inc	par	mis	spu	total	prec	recall	F1
0	0	0	6	0	6	0	0	0


MACRO-AVERAGE MEASURES:
P	R	F1
0.69	0.52	0.58
________________________________________________________________________

