task9.1_d22btMDmNERaCRFw3d22btMDmNERaCRFw3m8 does not follow the convention file name for the task!

Strict matching (boundaries + type)
cor	inc	par	mis	spu	total	prec	recall	F1
176	66	0	140	47	382	0.61	0.46	0.52



Exact matching
cor	inc	par	mis	spu	total	prec	recall	F1
222	20	0	140	47	382	0.77	0.58	0.66



Partial matching
cor	inc	par	mis	spu	total	prec	recall	F1
222	0	20	140	47	382	0.77	0.61	0.68



type matching
cor	inc	par	mis	spu	total	prec	recall	F1
186	56	0	140	47	382	0.64	0.49	0.55



SCORES FOR ENTITY TYPE
Exact matching on drug
cor	inc	par	mis	spu	total	prec	recall	F1
131	3	0	37	21	171	0.85	0.77	0.8


Exact matching on brand
cor	inc	par	mis	spu	total	prec	recall	F1
4	0	0	2	1	6	0.8	0.67	0.73


Exact matching on group
cor	inc	par	mis	spu	total	prec	recall	F1
39	7	0	44	2	90	0.81	0.43	0.57


Exact matching on drug_n
cor	inc	par	mis	spu	total	prec	recall	F1
2	0	0	113	0	115	1	0.02	0.03


MACRO-AVERAGE MEASURES:
P	R	F1
0.86	0.47	0.53
________________________________________________________________________

