task9.1_d20tMDmNERaCRFw3d20tMDmNERaCRFw3mod049 does not follow the convention file name for the task!

Strict matching (boundaries + type)
cor	inc	par	mis	spu	total	prec	recall	F1
198	65	0	119	42	382	0.65	0.52	0.58



Exact matching
cor	inc	par	mis	spu	total	prec	recall	F1
242	21	0	119	42	382	0.79	0.63	0.7



Partial matching
cor	inc	par	mis	spu	total	prec	recall	F1
242	0	21	119	42	382	0.79	0.66	0.72



type matching
cor	inc	par	mis	spu	total	prec	recall	F1
208	55	0	119	42	382	0.68	0.54	0.61



SCORES FOR ENTITY TYPE
Exact matching on drug
cor	inc	par	mis	spu	total	prec	recall	F1
134	3	0	34	16	171	0.88	0.78	0.83


Exact matching on brand
cor	inc	par	mis	spu	total	prec	recall	F1
3	0	0	3	0	6	1	0.5	0.67


Exact matching on group
cor	inc	par	mis	spu	total	prec	recall	F1
59	7	0	24	1	90	0.88	0.66	0.75


Exact matching on drug_n
cor	inc	par	mis	spu	total	prec	recall	F1
2	0	0	113	1	115	0.67	0.02	0.03


MACRO-AVERAGE MEASURES:
P	R	F1
0.86	0.49	0.57
________________________________________________________________________

