task9.1_d22btMDmNERaCRFw2d22btMDmNERaCRFw2m28 does not follow the convention file name for the task!

Strict matching (boundaries + type)
cor	inc	par	mis	spu	total	prec	recall	F1
182	61	0	139	44	382	0.63	0.48	0.54



Exact matching
cor	inc	par	mis	spu	total	prec	recall	F1
224	19	0	139	44	382	0.78	0.59	0.67



Partial matching
cor	inc	par	mis	spu	total	prec	recall	F1
224	0	19	139	44	382	0.78	0.61	0.69



type matching
cor	inc	par	mis	spu	total	prec	recall	F1
192	51	0	139	44	382	0.67	0.5	0.57



SCORES FOR ENTITY TYPE
Exact matching on drug
cor	inc	par	mis	spu	total	prec	recall	F1
132	4	0	35	19	171	0.85	0.77	0.81


Exact matching on brand
cor	inc	par	mis	spu	total	prec	recall	F1
3	0	0	3	1	6	0.75	0.5	0.6


Exact matching on group
cor	inc	par	mis	spu	total	prec	recall	F1
45	6	0	39	1	90	0.87	0.5	0.63


Exact matching on drug_n
cor	inc	par	mis	spu	total	prec	recall	F1
2	0	0	113	1	115	0.67	0.02	0.03


MACRO-AVERAGE MEASURES:
P	R	F1
0.78	0.45	0.52
________________________________________________________________________

