task9.1_d20tMDmNERaCRFw5d20tMDmNERaCRFw5mod012 does not follow the convention file name for the task!

Strict matching (boundaries + type)
cor	inc	par	mis	spu	total	prec	recall	F1
156	45	0	181	29	382	0.68	0.41	0.51



Exact matching
cor	inc	par	mis	spu	total	prec	recall	F1
184	17	0	181	29	382	0.8	0.48	0.6



Partial matching
cor	inc	par	mis	spu	total	prec	recall	F1
184	0	17	181	29	382	0.8	0.5	0.62



type matching
cor	inc	par	mis	spu	total	prec	recall	F1
166	35	0	181	29	382	0.72	0.43	0.54



SCORES FOR ENTITY TYPE
Exact matching on drug
cor	inc	par	mis	spu	total	prec	recall	F1
90	2	0	79	15	171	0.84	0.53	0.65


Exact matching on brand
cor	inc	par	mis	spu	total	prec	recall	F1
4	0	0	2	0	6	1	0.67	0.8


Exact matching on group
cor	inc	par	mis	spu	total	prec	recall	F1
59	7	0	24	0	90	0.89	0.66	0.76


Exact matching on drug_n
cor	inc	par	mis	spu	total	prec	recall	F1
3	1	0	111	1	115	0.6	0.03	0.05


MACRO-AVERAGE MEASURES:
P	R	F1
0.83	0.47	0.56
________________________________________________________________________

