task9.1_d20tMXmERaCRd20tMXmERaCRm106 does not follow the convention file name for the task!

Strict matching (boundaries + type)
cor	inc	par	mis	spu	total	prec	recall	F1
329	30	0	327	25	686	0.86	0.48	0.61



Exact matching
cor	inc	par	mis	spu	total	prec	recall	F1
338	21	0	327	25	686	0.88	0.49	0.63



Partial matching
cor	inc	par	mis	spu	total	prec	recall	F1
338	0	21	327	25	686	0.88	0.51	0.64



type matching
cor	inc	par	mis	spu	total	prec	recall	F1
346	13	0	327	25	686	0.9	0.5	0.65



SCORES FOR ENTITY TYPE
Exact matching on drug
cor	inc	par	mis	spu	total	prec	recall	F1
210	5	0	136	9	351	0.94	0.6	0.73


Exact matching on brand
cor	inc	par	mis	spu	total	prec	recall	F1
9	0	0	50	0	59	1	0.15	0.26


Exact matching on group
cor	inc	par	mis	spu	total	prec	recall	F1
105	13	0	37	8	155	0.83	0.68	0.75


Exact matching on drug_n
cor	inc	par	mis	spu	total	prec	recall	F1
5	0	0	116	0	121	1	0.04	0.08


MACRO-AVERAGE MEASURES:
P	R	F1
0.94	0.37	0.46
________________________________________________________________________

