task9.1_d22btDBmNERaCRFw2d22btDBmNERaCRFw2m55 does not follow the convention file name for the task!

Strict matching (boundaries + type)
cor	inc	par	mis	spu	total	prec	recall	F1
238	17	0	49	12	304	0.89	0.78	0.83



Exact matching
cor	inc	par	mis	spu	total	prec	recall	F1
243	12	0	49	12	304	0.91	0.8	0.85



Partial matching
cor	inc	par	mis	spu	total	prec	recall	F1
243	0	12	49	12	304	0.91	0.82	0.86



type matching
cor	inc	par	mis	spu	total	prec	recall	F1
247	8	0	49	12	304	0.93	0.81	0.87



SCORES FOR ENTITY TYPE
Exact matching on drug
cor	inc	par	mis	spu	total	prec	recall	F1
158	6	0	16	7	180	0.92	0.88	0.9


Exact matching on brand
cor	inc	par	mis	spu	total	prec	recall	F1
31	0	0	22	1	53	0.97	0.58	0.73


Exact matching on group
cor	inc	par	mis	spu	total	prec	recall	F1
49	3	0	13	6	65	0.84	0.75	0.8


Exact matching on drug_n
cor	inc	par	mis	spu	total	prec	recall	F1
0	0	0	6	0	6	0	0	0


MACRO-AVERAGE MEASURES:
P	R	F1
0.68	0.55	0.61
________________________________________________________________________

