task9.1_d20tMDmNERaCRFw3d20tMDmNERaCRFw3mod020 does not follow the convention file name for the task!

Strict matching (boundaries + type)
cor	inc	par	mis	spu	total	prec	recall	F1
153	45	0	184	22	382	0.7	0.4	0.51



Exact matching
cor	inc	par	mis	spu	total	prec	recall	F1
184	14	0	184	22	382	0.84	0.48	0.61



Partial matching
cor	inc	par	mis	spu	total	prec	recall	F1
184	0	14	184	22	382	0.84	0.5	0.63



type matching
cor	inc	par	mis	spu	total	prec	recall	F1
163	35	0	184	22	382	0.74	0.43	0.54



SCORES FOR ENTITY TYPE
Exact matching on drug
cor	inc	par	mis	spu	total	prec	recall	F1
89	3	0	79	15	171	0.83	0.52	0.64


Exact matching on brand
cor	inc	par	mis	spu	total	prec	recall	F1
3	0	0	3	0	6	1	0.5	0.67


Exact matching on group
cor	inc	par	mis	spu	total	prec	recall	F1
58	7	0	25	0	90	0.89	0.64	0.75


Exact matching on drug_n
cor	inc	par	mis	spu	total	prec	recall	F1
3	0	0	112	1	115	0.75	0.03	0.05


MACRO-AVERAGE MEASURES:
P	R	F1
0.87	0.42	0.53
________________________________________________________________________

