task9.1_d20tMXmNWEaCRFd20tMXmNWEaCRFmod039 does not follow the convention file name for the task!

Strict matching (boundaries + type)
cor	inc	par	mis	spu	total	prec	recall	F1
228	18	0	58	19	304	0.86	0.75	0.8



Exact matching
cor	inc	par	mis	spu	total	prec	recall	F1
234	12	0	58	19	304	0.88	0.77	0.82



Partial matching
cor	inc	par	mis	spu	total	prec	recall	F1
234	0	12	58	19	304	0.88	0.79	0.83



type matching
cor	inc	par	mis	spu	total	prec	recall	F1
235	11	0	58	19	304	0.89	0.77	0.83



SCORES FOR ENTITY TYPE
Exact matching on drug
cor	inc	par	mis	spu	total	prec	recall	F1
135	3	0	42	7	180	0.93	0.75	0.83


Exact matching on brand
cor	inc	par	mis	spu	total	prec	recall	F1
37	2	0	14	3	53	0.88	0.7	0.78


Exact matching on group
cor	inc	par	mis	spu	total	prec	recall	F1
56	2	0	7	8	65	0.85	0.86	0.85


Exact matching on drug_n
cor	inc	par	mis	spu	total	prec	recall	F1
0	0	0	6	0	6	0	0	0


MACRO-AVERAGE MEASURES:
P	R	F1
0.67	0.58	0.62
________________________________________________________________________

