task9.1_d22btDBmNERaCRFw3d22btDBmNERaCRFw3m43 does not follow the convention file name for the task!

Strict matching (boundaries + type)
cor	inc	par	mis	spu	total	prec	recall	F1
238	17	0	49	15	304	0.88	0.78	0.83



Exact matching
cor	inc	par	mis	spu	total	prec	recall	F1
241	14	0	49	15	304	0.89	0.79	0.84



Partial matching
cor	inc	par	mis	spu	total	prec	recall	F1
241	0	14	49	15	304	0.89	0.82	0.85



type matching
cor	inc	par	mis	spu	total	prec	recall	F1
250	5	0	49	15	304	0.93	0.82	0.87



SCORES FOR ENTITY TYPE
Exact matching on drug
cor	inc	par	mis	spu	total	prec	recall	F1
157	7	0	16	7	180	0.92	0.87	0.89


Exact matching on brand
cor	inc	par	mis	spu	total	prec	recall	F1
35	0	0	18	4	53	0.9	0.66	0.76


Exact matching on group
cor	inc	par	mis	spu	total	prec	recall	F1
46	5	0	14	5	65	0.82	0.71	0.76


Exact matching on drug_n
cor	inc	par	mis	spu	total	prec	recall	F1
0	0	0	6	0	6	0	0	0


MACRO-AVERAGE MEASURES:
P	R	F1
0.66	0.56	0.6
________________________________________________________________________

