task9.1_d22btMDmNERaCRFw3d22btMDmNERaCRFw3m55 does not follow the convention file name for the task!

Strict matching (boundaries + type)
cor	inc	par	mis	spu	total	prec	recall	F1
179	58	0	145	51	382	0.62	0.47	0.53



Exact matching
cor	inc	par	mis	spu	total	prec	recall	F1
223	14	0	145	51	382	0.77	0.58	0.67



Partial matching
cor	inc	par	mis	spu	total	prec	recall	F1
223	0	14	145	51	382	0.77	0.6	0.68



type matching
cor	inc	par	mis	spu	total	prec	recall	F1
186	51	0	145	51	382	0.65	0.49	0.56



SCORES FOR ENTITY TYPE
Exact matching on drug
cor	inc	par	mis	spu	total	prec	recall	F1
132	2	0	37	22	171	0.85	0.77	0.81


Exact matching on brand
cor	inc	par	mis	spu	total	prec	recall	F1
2	0	0	4	0	6	1	0.33	0.5


Exact matching on group
cor	inc	par	mis	spu	total	prec	recall	F1
42	5	0	43	3	90	0.84	0.47	0.6


Exact matching on drug_n
cor	inc	par	mis	spu	total	prec	recall	F1
3	0	0	112	0	115	1	0.03	0.05


MACRO-AVERAGE MEASURES:
P	R	F1
0.92	0.4	0.49
________________________________________________________________________

