task9.1_d20tMDmNERaCRFw3d20tMDmNERaCRFw3mod043 does not follow the convention file name for the task!

Strict matching (boundaries + type)
cor	inc	par	mis	spu	total	prec	recall	F1
166	49	0	167	37	382	0.66	0.43	0.52



Exact matching
cor	inc	par	mis	spu	total	prec	recall	F1
197	18	0	167	37	382	0.78	0.52	0.62



Partial matching
cor	inc	par	mis	spu	total	prec	recall	F1
197	0	18	167	37	382	0.78	0.54	0.64



type matching
cor	inc	par	mis	spu	total	prec	recall	F1
178	37	0	167	37	382	0.71	0.47	0.56



SCORES FOR ENTITY TYPE
Exact matching on drug
cor	inc	par	mis	spu	total	prec	recall	F1
102	4	0	65	20	171	0.81	0.6	0.69


Exact matching on brand
cor	inc	par	mis	spu	total	prec	recall	F1
4	0	0	2	0	6	1	0.67	0.8


Exact matching on group
cor	inc	par	mis	spu	total	prec	recall	F1
58	8	0	24	1	90	0.87	0.64	0.74


Exact matching on drug_n
cor	inc	par	mis	spu	total	prec	recall	F1
2	0	0	113	1	115	0.67	0.02	0.03


MACRO-AVERAGE MEASURES:
P	R	F1
0.84	0.48	0.56
________________________________________________________________________

