task9.1_d21tDBmNERaLSVMw3d21tDBmNERaLSVMw3m0 does not follow the convention file name for the task!

Strict matching (boundaries + type)
cor	inc	par	mis	spu	total	prec	recall	F1
210	34	0	60	27	304	0.77	0.69	0.73



Exact matching
cor	inc	par	mis	spu	total	prec	recall	F1
220	24	0	60	27	304	0.81	0.72	0.77



Partial matching
cor	inc	par	mis	spu	total	prec	recall	F1
220	0	24	60	27	304	0.81	0.76	0.79



type matching
cor	inc	par	mis	spu	total	prec	recall	F1
230	14	0	60	27	304	0.85	0.76	0.8



SCORES FOR ENTITY TYPE
Exact matching on drug
cor	inc	par	mis	spu	total	prec	recall	F1
150	10	0	20	10	180	0.88	0.83	0.86


Exact matching on brand
cor	inc	par	mis	spu	total	prec	recall	F1
22	1	0	30	3	53	0.85	0.42	0.56


Exact matching on group
cor	inc	par	mis	spu	total	prec	recall	F1
38	10	0	17	9	65	0.67	0.58	0.62


Exact matching on drug_n
cor	inc	par	mis	spu	total	prec	recall	F1
0	0	0	6	0	6	0	0	0


MACRO-AVERAGE MEASURES:
P	R	F1
0.6	0.46	0.51
________________________________________________________________________

