task9.1_d22btMDmNERaCRFw5d22btMDmNERaCRFw5m18 does not follow the convention file name for the task!

Strict matching (boundaries + type)
cor	inc	par	mis	spu	total	prec	recall	F1
173	59	0	150	45	382	0.62	0.45	0.53



Exact matching
cor	inc	par	mis	spu	total	prec	recall	F1
212	20	0	150	45	382	0.77	0.55	0.64



Partial matching
cor	inc	par	mis	spu	total	prec	recall	F1
212	0	20	150	45	382	0.77	0.58	0.66



type matching
cor	inc	par	mis	spu	total	prec	recall	F1
182	50	0	150	45	382	0.66	0.48	0.55



SCORES FOR ENTITY TYPE
Exact matching on drug
cor	inc	par	mis	spu	total	prec	recall	F1
135	5	0	31	22	171	0.83	0.79	0.81


Exact matching on brand
cor	inc	par	mis	spu	total	prec	recall	F1
2	0	0	4	0	6	1	0.33	0.5


Exact matching on group
cor	inc	par	mis	spu	total	prec	recall	F1
36	5	0	49	1	90	0.86	0.4	0.55


Exact matching on drug_n
cor	inc	par	mis	spu	total	prec	recall	F1
0	0	0	115	0	115	0	0	0


MACRO-AVERAGE MEASURES:
P	R	F1
0.67	0.38	0.46
________________________________________________________________________

