task9.1_d22btMDmNERaCRFw3d22btMDmNERaCRFw3m6 does not follow the convention file name for the task!

Strict matching (boundaries + type)
cor	inc	par	mis	spu	total	prec	recall	F1
180	64	0	138	42	382	0.63	0.47	0.54



Exact matching
cor	inc	par	mis	spu	total	prec	recall	F1
223	21	0	138	42	382	0.78	0.58	0.67



Partial matching
cor	inc	par	mis	spu	total	prec	recall	F1
223	0	21	138	42	382	0.78	0.61	0.69



type matching
cor	inc	par	mis	spu	total	prec	recall	F1
189	55	0	138	42	382	0.66	0.49	0.57



SCORES FOR ENTITY TYPE
Exact matching on drug
cor	inc	par	mis	spu	total	prec	recall	F1
135	3	0	33	23	171	0.84	0.79	0.81


Exact matching on brand
cor	inc	par	mis	spu	total	prec	recall	F1
4	0	0	2	0	6	1	0.67	0.8


Exact matching on group
cor	inc	par	mis	spu	total	prec	recall	F1
40	6	0	44	3	90	0.82	0.44	0.58


Exact matching on drug_n
cor	inc	par	mis	spu	total	prec	recall	F1
1	0	0	114	0	115	1	0.01	0.02


MACRO-AVERAGE MEASURES:
P	R	F1
0.91	0.48	0.55
________________________________________________________________________

