task9.1_d22btDBmNERaCRFw2d22btDBmNERaCRFw2m12 does not follow the convention file name for the task!

Strict matching (boundaries + type)
cor	inc	par	mis	spu	total	prec	recall	F1
247	14	0	43	15	304	0.89	0.81	0.85



Exact matching
cor	inc	par	mis	spu	total	prec	recall	F1
250	11	0	43	15	304	0.91	0.82	0.86



Partial matching
cor	inc	par	mis	spu	total	prec	recall	F1
250	0	11	43	15	304	0.91	0.84	0.87



type matching
cor	inc	par	mis	spu	total	prec	recall	F1
256	5	0	43	15	304	0.93	0.84	0.88



SCORES FOR ENTITY TYPE
Exact matching on drug
cor	inc	par	mis	spu	total	prec	recall	F1
160	5	0	15	5	180	0.94	0.89	0.91


Exact matching on brand
cor	inc	par	mis	spu	total	prec	recall	F1
34	0	0	19	2	53	0.94	0.64	0.76


Exact matching on group
cor	inc	par	mis	spu	total	prec	recall	F1
53	4	0	8	7	65	0.83	0.82	0.82


Exact matching on drug_n
cor	inc	par	mis	spu	total	prec	recall	F1
0	0	0	6	0	6	0	0	0


MACRO-AVERAGE MEASURES:
P	R	F1
0.68	0.59	0.63
________________________________________________________________________

