task9.1_d23tDBmNERaLSVMw3d23tDBmNERaLSVMw3m0 does not follow the convention file name for the task!

Strict matching (boundaries + type)
cor	inc	par	mis	spu	total	prec	recall	F1
233	28	0	43	29	304	0.8	0.77	0.78



Exact matching
cor	inc	par	mis	spu	total	prec	recall	F1
240	21	0	43	29	304	0.83	0.79	0.81



Partial matching
cor	inc	par	mis	spu	total	prec	recall	F1
240	0	21	43	29	304	0.83	0.82	0.83



type matching
cor	inc	par	mis	spu	total	prec	recall	F1
247	14	0	43	29	304	0.85	0.81	0.83



SCORES FOR ENTITY TYPE
Exact matching on drug
cor	inc	par	mis	spu	total	prec	recall	F1
154	8	0	18	9	180	0.9	0.86	0.88


Exact matching on brand
cor	inc	par	mis	spu	total	prec	recall	F1
31	0	0	22	4	53	0.89	0.58	0.7


Exact matching on group
cor	inc	par	mis	spu	total	prec	recall	F1
48	6	0	11	9	65	0.76	0.74	0.75


Exact matching on drug_n
cor	inc	par	mis	spu	total	prec	recall	F1
0	0	0	6	0	6	0	0	0


MACRO-AVERAGE MEASURES:
P	R	F1
0.64	0.54	0.58
________________________________________________________________________

