task9.1_d20tMDmNERaCRFw5d20tMDmNERaCRFw5mod032 does not follow the convention file name for the task!

Strict matching (boundaries + type)
cor	inc	par	mis	spu	total	prec	recall	F1
143	38	0	201	26	382	0.69	0.37	0.49



Exact matching
cor	inc	par	mis	spu	total	prec	recall	F1
167	14	0	201	26	382	0.81	0.44	0.57



Partial matching
cor	inc	par	mis	spu	total	prec	recall	F1
167	0	14	201	26	382	0.81	0.46	0.58



type matching
cor	inc	par	mis	spu	total	prec	recall	F1
152	29	0	201	26	382	0.73	0.4	0.52



SCORES FOR ENTITY TYPE
Exact matching on drug
cor	inc	par	mis	spu	total	prec	recall	F1
89	3	0	79	11	171	0.86	0.52	0.65


Exact matching on brand
cor	inc	par	mis	spu	total	prec	recall	F1
3	0	0	3	0	6	1	0.5	0.67


Exact matching on group
cor	inc	par	mis	spu	total	prec	recall	F1
48	6	0	36	2	90	0.86	0.53	0.66


Exact matching on drug_n
cor	inc	par	mis	spu	total	prec	recall	F1
3	1	0	111	0	115	0.75	0.03	0.05


MACRO-AVERAGE MEASURES:
P	R	F1
0.87	0.39	0.51
________________________________________________________________________

