SCORES FOR the file: task9.1_ddi007ddi007m43.txt
Gold Dataset: /MedLine

Partial Evaluation: only detection of DDI (regadless to the type)
tp	fp	fn	total	prec	recall	F1
25	31	70	95	0,4464	0,2632	0,3311


Detection and Classification of DDI
tp	fp	fn	total	prec	recall	F1
19	37	76	95	0,3393	0,2	0,2517


________________________________________________________________________

SCORES FOR DDI TYPE
Scores for ddi with type mechanism
tp	fp	fn	total	prec	recall	F1
6	11	18	24	0,3529	0,25	0,2927


Scores for ddi with type effect
tp	fp	fn	total	prec	recall	F1
12	26	50	62	0,3158	0,1935	0,24


Scores for ddi with type advise
tp	fp	fn	total	prec	recall	F1
1	0	6	7	1	0,1429	0,25


Scores for ddi with type int
tp	fp	fn	total	prec	recall	F1
0	0	2	2	0	0	0


MACRO-AVERAGE MEASURES:
	P	R	F1
	0,4172	0,1466	0,217
________________________________________________________________________

