task9.1_d20tMXmNWEaCRFd20tMXmNWEaCRFmod060 does not follow the convention file name for the task!

Strict matching (boundaries + type)
cor	inc	par	mis	spu	total	prec	recall	F1
251	20	0	33	19	304	0.87	0.83	0.85



Exact matching
cor	inc	par	mis	spu	total	prec	recall	F1
256	15	0	33	19	304	0.88	0.84	0.86



Partial matching
cor	inc	par	mis	spu	total	prec	recall	F1
256	0	15	33	19	304	0.88	0.87	0.87



type matching
cor	inc	par	mis	spu	total	prec	recall	F1
262	9	0	33	19	304	0.9	0.86	0.88



SCORES FOR ENTITY TYPE
Exact matching on drug
cor	inc	par	mis	spu	total	prec	recall	F1
158	6	0	16	5	180	0.93	0.88	0.91


Exact matching on brand
cor	inc	par	mis	spu	total	prec	recall	F1
38	1	0	14	3	53	0.9	0.72	0.8


Exact matching on group
cor	inc	par	mis	spu	total	prec	recall	F1
55	4	0	6	10	65	0.8	0.85	0.82


Exact matching on drug_n
cor	inc	par	mis	spu	total	prec	recall	F1
0	0	0	6	0	6	0	0	0


MACRO-AVERAGE MEASURES:
P	R	F1
0.66	0.61	0.63
________________________________________________________________________

