task9.1_d22btDBmNERaCRFw3d22btDBmNERaCRFw3m23 does not follow the convention file name for the task!

Strict matching (boundaries + type)
cor	inc	par	mis	spu	total	prec	recall	F1
247	15	0	42	16	304	0.89	0.81	0.85



Exact matching
cor	inc	par	mis	spu	total	prec	recall	F1
250	12	0	42	16	304	0.9	0.82	0.86



Partial matching
cor	inc	par	mis	spu	total	prec	recall	F1
250	0	12	42	16	304	0.9	0.84	0.87



type matching
cor	inc	par	mis	spu	total	prec	recall	F1
257	5	0	42	16	304	0.92	0.85	0.88



SCORES FOR ENTITY TYPE
Exact matching on drug
cor	inc	par	mis	spu	total	prec	recall	F1
159	6	0	15	6	180	0.93	0.88	0.91


Exact matching on brand
cor	inc	par	mis	spu	total	prec	recall	F1
37	0	0	16	4	53	0.9	0.7	0.79


Exact matching on group
cor	inc	par	mis	spu	total	prec	recall	F1
51	4	0	10	6	65	0.84	0.78	0.81


Exact matching on drug_n
cor	inc	par	mis	spu	total	prec	recall	F1
0	0	0	6	0	6	0	0	0


MACRO-AVERAGE MEASURES:
P	R	F1
0.67	0.59	0.63
________________________________________________________________________

