task9.1_d22tDBmNERaCRFw5d22tDBmNERaCRFw5m10 does not follow the convention file name for the task!

Strict matching (boundaries + type)
cor	inc	par	mis	spu	total	prec	recall	F1
244	24	0	36	16	304	0.86	0.8	0.83



Exact matching
cor	inc	par	mis	spu	total	prec	recall	F1
251	17	0	36	16	304	0.88	0.83	0.85



Partial matching
cor	inc	par	mis	spu	total	prec	recall	F1
251	0	17	36	16	304	0.88	0.85	0.87



type matching
cor	inc	par	mis	spu	total	prec	recall	F1
256	12	0	36	16	304	0.9	0.84	0.87



SCORES FOR ENTITY TYPE
Exact matching on drug
cor	inc	par	mis	spu	total	prec	recall	F1
151	6	0	23	9	180	0.91	0.84	0.87


Exact matching on brand
cor	inc	par	mis	spu	total	prec	recall	F1
39	0	0	14	2	53	0.95	0.74	0.83


Exact matching on group
cor	inc	par	mis	spu	total	prec	recall	F1
54	6	0	5	6	65	0.82	0.83	0.82


Exact matching on drug_n
cor	inc	par	mis	spu	total	prec	recall	F1
0	0	0	6	0	6	0	0	0


MACRO-AVERAGE MEASURES:
P	R	F1
0.67	0.6	0.63
________________________________________________________________________

