task9.1_d20tMDmNERaCRFw3d20tMDmNERaCRFw3mod005 does not follow the convention file name for the task!

Strict matching (boundaries + type)
cor	inc	par	mis	spu	total	prec	recall	F1
147	26	0	209	10	382	0.8	0.38	0.52



Exact matching
cor	inc	par	mis	spu	total	prec	recall	F1
165	8	0	209	10	382	0.9	0.43	0.58



Partial matching
cor	inc	par	mis	spu	total	prec	recall	F1
165	0	8	209	10	382	0.9	0.44	0.59



type matching
cor	inc	par	mis	spu	total	prec	recall	F1
154	19	0	209	10	382	0.84	0.4	0.55



SCORES FOR ENTITY TYPE
Exact matching on drug
cor	inc	par	mis	spu	total	prec	recall	F1
84	2	0	85	11	171	0.87	0.49	0.63


Exact matching on brand
cor	inc	par	mis	spu	total	prec	recall	F1
2	0	0	4	0	6	1	0.33	0.5


Exact matching on group
cor	inc	par	mis	spu	total	prec	recall	F1
58	5	0	27	0	90	0.92	0.64	0.76


Exact matching on drug_n
cor	inc	par	mis	spu	total	prec	recall	F1
3	0	0	112	0	115	1	0.03	0.05


MACRO-AVERAGE MEASURES:
P	R	F1
0.95	0.37	0.48
________________________________________________________________________

