task9.1_d22btDBmNERaCRFw3d22btDBmNERaCRFw3m8 does not follow the convention file name for the task!

Strict matching (boundaries + type)
cor	inc	par	mis	spu	total	prec	recall	F1
245	15	0	44	16	304	0.89	0.81	0.84



Exact matching
cor	inc	par	mis	spu	total	prec	recall	F1
248	12	0	44	16	304	0.9	0.82	0.86



Partial matching
cor	inc	par	mis	spu	total	prec	recall	F1
248	0	12	44	16	304	0.9	0.84	0.87



type matching
cor	inc	par	mis	spu	total	prec	recall	F1
255	5	0	44	16	304	0.92	0.84	0.88



SCORES FOR ENTITY TYPE
Exact matching on drug
cor	inc	par	mis	spu	total	prec	recall	F1
158	6	0	16	6	180	0.93	0.88	0.9


Exact matching on brand
cor	inc	par	mis	spu	total	prec	recall	F1
36	0	0	17	3	53	0.92	0.68	0.78


Exact matching on group
cor	inc	par	mis	spu	total	prec	recall	F1
51	4	0	10	6	65	0.84	0.78	0.81


Exact matching on drug_n
cor	inc	par	mis	spu	total	prec	recall	F1
0	0	0	6	0	6	0	0	0


MACRO-AVERAGE MEASURES:
P	R	F1
0.67	0.59	0.62
________________________________________________________________________

