task9.1_d22btMDmNERaCRFw3d22btMDmNERaCRFw3m1 does not follow the convention file name for the task!

Strict matching (boundaries + type)
cor	inc	par	mis	spu	total	prec	recall	F1
181	60	0	141	41	382	0.64	0.47	0.55



Exact matching
cor	inc	par	mis	spu	total	prec	recall	F1
221	20	0	141	41	382	0.78	0.58	0.67



Partial matching
cor	inc	par	mis	spu	total	prec	recall	F1
221	0	20	141	41	382	0.78	0.6	0.68



type matching
cor	inc	par	mis	spu	total	prec	recall	F1
191	50	0	141	41	382	0.68	0.5	0.58



SCORES FOR ENTITY TYPE
Exact matching on drug
cor	inc	par	mis	spu	total	prec	recall	F1
137	4	0	30	18	171	0.86	0.8	0.83


Exact matching on brand
cor	inc	par	mis	spu	total	prec	recall	F1
3	0	0	3	0	6	1	0.5	0.67


Exact matching on group
cor	inc	par	mis	spu	total	prec	recall	F1
40	6	0	44	2	90	0.83	0.44	0.58


Exact matching on drug_n
cor	inc	par	mis	spu	total	prec	recall	F1
1	0	0	114	2	115	0.33	0.01	0.02


MACRO-AVERAGE MEASURES:
P	R	F1
0.76	0.44	0.52
________________________________________________________________________

