task9.1_d22btDBmNERaCRFw2d22btDBmNERaCRFw2m24 does not follow the convention file name for the task!

Strict matching (boundaries + type)
cor	inc	par	mis	spu	total	prec	recall	F1
242	19	0	43	14	304	0.88	0.8	0.84



Exact matching
cor	inc	par	mis	spu	total	prec	recall	F1
247	14	0	43	14	304	0.9	0.81	0.85



Partial matching
cor	inc	par	mis	spu	total	prec	recall	F1
247	0	14	43	14	304	0.9	0.84	0.87



type matching
cor	inc	par	mis	spu	total	prec	recall	F1
253	8	0	43	14	304	0.92	0.83	0.87



SCORES FOR ENTITY TYPE
Exact matching on drug
cor	inc	par	mis	spu	total	prec	recall	F1
157	7	0	16	7	180	0.92	0.87	0.89


Exact matching on brand
cor	inc	par	mis	spu	total	prec	recall	F1
36	0	0	17	3	53	0.92	0.68	0.78


Exact matching on group
cor	inc	par	mis	spu	total	prec	recall	F1
49	4	0	12	7	65	0.82	0.75	0.78


Exact matching on drug_n
cor	inc	par	mis	spu	total	prec	recall	F1
0	0	0	6	0	6	0	0	0


MACRO-AVERAGE MEASURES:
P	R	F1
0.66	0.58	0.62
________________________________________________________________________

