task9.1_d22btMDmNERaCRFw5d22btMDmNERaCRFw5m34 does not follow the convention file name for the task!

Strict matching (boundaries + type)
cor	inc	par	mis	spu	total	prec	recall	F1
174	57	0	151	49	382	0.62	0.46	0.53



Exact matching
cor	inc	par	mis	spu	total	prec	recall	F1
216	15	0	151	49	382	0.77	0.57	0.65



Partial matching
cor	inc	par	mis	spu	total	prec	recall	F1
216	0	15	151	49	382	0.77	0.59	0.67



type matching
cor	inc	par	mis	spu	total	prec	recall	F1
182	49	0	151	49	382	0.65	0.48	0.55



SCORES FOR ENTITY TYPE
Exact matching on drug
cor	inc	par	mis	spu	total	prec	recall	F1
137	4	0	30	25	171	0.83	0.8	0.81


Exact matching on brand
cor	inc	par	mis	spu	total	prec	recall	F1
3	0	0	3	0	6	1	0.5	0.67


Exact matching on group
cor	inc	par	mis	spu	total	prec	recall	F1
33	4	0	53	3	90	0.82	0.37	0.51


Exact matching on drug_n
cor	inc	par	mis	spu	total	prec	recall	F1
1	0	0	114	0	115	1	0.01	0.02


MACRO-AVERAGE MEASURES:
P	R	F1
0.91	0.42	0.5
________________________________________________________________________

