task9.1_d20tMXmNWEaCRFd20tMXmNWEaCRFmod009 does not follow the convention file name for the task!

Strict matching (boundaries + type)
cor	inc	par	mis	spu	total	prec	recall	F1
158	11	0	135	10	304	0.88	0.52	0.65



Exact matching
cor	inc	par	mis	spu	total	prec	recall	F1
160	9	0	135	10	304	0.89	0.53	0.66



Partial matching
cor	inc	par	mis	spu	total	prec	recall	F1
160	0	9	135	10	304	0.89	0.54	0.67



type matching
cor	inc	par	mis	spu	total	prec	recall	F1
164	5	0	135	10	304	0.92	0.54	0.68



SCORES FOR ENTITY TYPE
Exact matching on drug
cor	inc	par	mis	spu	total	prec	recall	F1
101	1	0	78	3	180	0.96	0.56	0.71


Exact matching on brand
cor	inc	par	mis	spu	total	prec	recall	F1
6	0	0	47	0	53	1	0.11	0.2


Exact matching on group
cor	inc	par	mis	spu	total	prec	recall	F1
51	5	0	9	8	65	0.8	0.78	0.79


Exact matching on drug_n
cor	inc	par	mis	spu	total	prec	recall	F1
0	0	0	6	0	6	0	0	0


MACRO-AVERAGE MEASURES:
P	R	F1
0.69	0.36	0.43
________________________________________________________________________

