task9.1_d22btDBmNERaCRFw1d22btDBmNERaCRFw1m5 does not follow the convention file name for the task!

Strict matching (boundaries + type)
cor	inc	par	mis	spu	total	prec	recall	F1
245	14	0	45	10	304	0.91	0.81	0.86



Exact matching
cor	inc	par	mis	spu	total	prec	recall	F1
249	10	0	45	10	304	0.93	0.82	0.87



Partial matching
cor	inc	par	mis	spu	total	prec	recall	F1
249	0	10	45	10	304	0.93	0.84	0.88



type matching
cor	inc	par	mis	spu	total	prec	recall	F1
252	7	0	45	10	304	0.94	0.83	0.88



SCORES FOR ENTITY TYPE
Exact matching on drug
cor	inc	par	mis	spu	total	prec	recall	F1
158	5	0	17	5	180	0.94	0.88	0.91


Exact matching on brand
cor	inc	par	mis	spu	total	prec	recall	F1
36	0	0	17	2	53	0.95	0.68	0.79


Exact matching on group
cor	inc	par	mis	spu	total	prec	recall	F1
51	2	0	12	5	65	0.88	0.78	0.83


Exact matching on drug_n
cor	inc	par	mis	spu	total	prec	recall	F1
0	0	0	6	0	6	0	0	0


MACRO-AVERAGE MEASURES:
P	R	F1
0.69	0.59	0.63
________________________________________________________________________

