task9.1_d20tMDmNERaCRFw3d20tMDmNERaCRFw3mod000 does not follow the convention file name for the task!

Strict matching (boundaries + type)
cor	inc	par	mis	spu	total	prec	recall	F1
145	32	0	205	14	382	0.76	0.38	0.51



Exact matching
cor	inc	par	mis	spu	total	prec	recall	F1
163	14	0	205	14	382	0.85	0.43	0.57



Partial matching
cor	inc	par	mis	spu	total	prec	recall	F1
163	0	14	205	14	382	0.85	0.45	0.58



type matching
cor	inc	par	mis	spu	total	prec	recall	F1
155	22	0	205	14	382	0.81	0.41	0.54



SCORES FOR ENTITY TYPE
Exact matching on drug
cor	inc	par	mis	spu	total	prec	recall	F1
86	5	0	80	7	171	0.88	0.5	0.64


Exact matching on brand
cor	inc	par	mis	spu	total	prec	recall	F1
2	0	0	4	0	6	1	0.33	0.5


Exact matching on group
cor	inc	par	mis	spu	total	prec	recall	F1
53	6	0	31	2	90	0.87	0.59	0.7


Exact matching on drug_n
cor	inc	par	mis	spu	total	prec	recall	F1
4	0	0	111	0	115	1	0.03	0.07


MACRO-AVERAGE MEASURES:
P	R	F1
0.94	0.36	0.48
________________________________________________________________________

