task9.1_d20tMXmERaCRd20tMXmERaCRmod059 does not follow the convention file name for the task!

Strict matching (boundaries + type)
cor	inc	par	mis	spu	total	prec	recall	F1
0	536	0	150	62	686	0	0	0



Exact matching
cor	inc	par	mis	spu	total	prec	recall	F1
502	34	0	150	62	686	0.84	0.73	0.78



Partial matching
cor	inc	par	mis	spu	total	prec	recall	F1
502	0	34	150	62	686	0.84	0.76	0.8



type matching
cor	inc	par	mis	spu	total	prec	recall	F1
0	536	0	150	62	686	0	0	0



SCORES FOR ENTITY TYPE
Exact matching on drug
cor	inc	par	mis	spu	total	prec	recall	F1
0	0	0	351	0	351	0	0	0


Exact matching on brand
cor	inc	par	mis	spu	total	prec	recall	F1
0	0	0	59	0	59	0	0	0


Exact matching on group
cor	inc	par	mis	spu	total	prec	recall	F1
0	0	0	155	0	155	0	0	0


Exact matching on drug_n
cor	inc	par	mis	spu	total	prec	recall	F1
0	0	0	121	0	121	0	0	0


MACRO-AVERAGE MEASURES:
P	R	F1
0	0	0
________________________________________________________________________

