task9.1_d22btDBmNERaCRFw2d22btDBmNERaCRFw2m1 does not follow the convention file name for the task!

Strict matching (boundaries + type)
cor	inc	par	mis	spu	total	prec	recall	F1
243	17	0	44	15	304	0.88	0.8	0.84



Exact matching
cor	inc	par	mis	spu	total	prec	recall	F1
246	14	0	44	15	304	0.89	0.81	0.85



Partial matching
cor	inc	par	mis	spu	total	prec	recall	F1
246	0	14	44	15	304	0.89	0.83	0.86



type matching
cor	inc	par	mis	spu	total	prec	recall	F1
253	7	0	44	15	304	0.92	0.83	0.87



SCORES FOR ENTITY TYPE
Exact matching on drug
cor	inc	par	mis	spu	total	prec	recall	F1
157	5	0	18	5	180	0.94	0.87	0.9


Exact matching on brand
cor	inc	par	mis	spu	total	prec	recall	F1
37	0	0	16	2	53	0.95	0.7	0.8


Exact matching on group
cor	inc	par	mis	spu	total	prec	recall	F1
49	5	0	11	9	65	0.78	0.75	0.77


Exact matching on drug_n
cor	inc	par	mis	spu	total	prec	recall	F1
0	0	0	6	0	6	0	0	0


MACRO-AVERAGE MEASURES:
P	R	F1
0.67	0.58	0.62
________________________________________________________________________

