task9.1_d22btMDmNERaCRFw3d22btMDmNERaCRFw3m33 does not follow the convention file name for the task!

Strict matching (boundaries + type)
cor	inc	par	mis	spu	total	prec	recall	F1
181	59	0	142	55	382	0.61	0.47	0.53



Exact matching
cor	inc	par	mis	spu	total	prec	recall	F1
225	15	0	142	55	382	0.76	0.59	0.66



Partial matching
cor	inc	par	mis	spu	total	prec	recall	F1
225	0	15	142	55	382	0.76	0.61	0.68



type matching
cor	inc	par	mis	spu	total	prec	recall	F1
189	51	0	142	55	382	0.64	0.49	0.56



SCORES FOR ENTITY TYPE
Exact matching on drug
cor	inc	par	mis	spu	total	prec	recall	F1
131	3	0	37	23	171	0.83	0.77	0.8


Exact matching on brand
cor	inc	par	mis	spu	total	prec	recall	F1
3	0	0	3	0	6	1	0.5	0.67


Exact matching on group
cor	inc	par	mis	spu	total	prec	recall	F1
45	5	0	40	3	90	0.85	0.5	0.63


Exact matching on drug_n
cor	inc	par	mis	spu	total	prec	recall	F1
2	0	0	113	0	115	1	0.02	0.03


MACRO-AVERAGE MEASURES:
P	R	F1
0.92	0.45	0.53
________________________________________________________________________

