task9.1_d22btMDmNERaCRFw2d22btMDmNERaCRFw2m9 does not follow the convention file name for the task!

Strict matching (boundaries + type)
cor	inc	par	mis	spu	total	prec	recall	F1
180	67	0	135	44	382	0.62	0.47	0.53



Exact matching
cor	inc	par	mis	spu	total	prec	recall	F1
227	20	0	135	44	382	0.78	0.59	0.67



Partial matching
cor	inc	par	mis	spu	total	prec	recall	F1
227	0	20	135	44	382	0.78	0.62	0.69



type matching
cor	inc	par	mis	spu	total	prec	recall	F1
190	57	0	135	44	382	0.65	0.5	0.56



SCORES FOR ENTITY TYPE
Exact matching on drug
cor	inc	par	mis	spu	total	prec	recall	F1
130	4	0	37	19	171	0.85	0.76	0.8


Exact matching on brand
cor	inc	par	mis	spu	total	prec	recall	F1
3	0	0	3	1	6	0.75	0.5	0.6


Exact matching on group
cor	inc	par	mis	spu	total	prec	recall	F1
46	6	0	38	1	90	0.87	0.51	0.64


Exact matching on drug_n
cor	inc	par	mis	spu	total	prec	recall	F1
1	0	0	114	0	115	1	0.01	0.02


MACRO-AVERAGE MEASURES:
P	R	F1
0.87	0.45	0.52
________________________________________________________________________

