task9.1_d22btMDmNERaCRFw2d22btMDmNERaCRFw2m4 does not follow the convention file name for the task!

Strict matching (boundaries + type)
cor	inc	par	mis	spu	total	prec	recall	F1
187	62	0	133	44	382	0.64	0.49	0.55



Exact matching
cor	inc	par	mis	spu	total	prec	recall	F1
230	19	0	133	44	382	0.78	0.6	0.68



Partial matching
cor	inc	par	mis	spu	total	prec	recall	F1
230	0	19	133	44	382	0.78	0.63	0.7



type matching
cor	inc	par	mis	spu	total	prec	recall	F1
197	52	0	133	44	382	0.67	0.52	0.58



SCORES FOR ENTITY TYPE
Exact matching on drug
cor	inc	par	mis	spu	total	prec	recall	F1
131	4	0	36	17	171	0.86	0.77	0.81


Exact matching on brand
cor	inc	par	mis	spu	total	prec	recall	F1
4	0	0	2	1	6	0.8	0.67	0.73


Exact matching on group
cor	inc	par	mis	spu	total	prec	recall	F1
49	6	0	35	1	90	0.88	0.54	0.67


Exact matching on drug_n
cor	inc	par	mis	spu	total	prec	recall	F1
3	1	0	111	0	115	0.75	0.03	0.05


MACRO-AVERAGE MEASURES:
P	R	F1
0.82	0.5	0.57
________________________________________________________________________

