task9.1_d20tMDmNERaCRFw3d20tMDmNERaCRFw3mod042 does not follow the convention file name for the task!

Strict matching (boundaries + type)
cor	inc	par	mis	spu	total	prec	recall	F1
179	54	0	149	38	382	0.66	0.47	0.55



Exact matching
cor	inc	par	mis	spu	total	prec	recall	F1
215	18	0	149	38	382	0.79	0.56	0.66



Partial matching
cor	inc	par	mis	spu	total	prec	recall	F1
215	0	18	149	38	382	0.79	0.59	0.67



type matching
cor	inc	par	mis	spu	total	prec	recall	F1
189	44	0	149	38	382	0.7	0.49	0.58



SCORES FOR ENTITY TYPE
Exact matching on drug
cor	inc	par	mis	spu	total	prec	recall	F1
106	4	0	61	19	171	0.82	0.62	0.71


Exact matching on brand
cor	inc	par	mis	spu	total	prec	recall	F1
5	0	0	1	0	6	1	0.83	0.91


Exact matching on group
cor	inc	par	mis	spu	total	prec	recall	F1
65	7	0	18	1	90	0.89	0.72	0.8


Exact matching on drug_n
cor	inc	par	mis	spu	total	prec	recall	F1
3	0	0	112	0	115	1	0.03	0.05


MACRO-AVERAGE MEASURES:
P	R	F1
0.93	0.55	0.62
________________________________________________________________________

