task9.1_d22btMDmNERaCRFw2d22btMDmNERaCRFw2m18 does not follow the convention file name for the task!

Strict matching (boundaries + type)
cor	inc	par	mis	spu	total	prec	recall	F1
188	61	0	133	38	382	0.66	0.49	0.56



Exact matching
cor	inc	par	mis	spu	total	prec	recall	F1
231	18	0	133	38	382	0.8	0.6	0.69



Partial matching
cor	inc	par	mis	spu	total	prec	recall	F1
231	0	18	133	38	382	0.8	0.63	0.71



type matching
cor	inc	par	mis	spu	total	prec	recall	F1
196	53	0	133	38	382	0.68	0.51	0.59



SCORES FOR ENTITY TYPE
Exact matching on drug
cor	inc	par	mis	spu	total	prec	recall	F1
131	4	0	36	17	171	0.86	0.77	0.81


Exact matching on brand
cor	inc	par	mis	spu	total	prec	recall	F1
4	0	0	2	0	6	1	0.67	0.8


Exact matching on group
cor	inc	par	mis	spu	total	prec	recall	F1
51	5	0	34	1	90	0.89	0.57	0.69


Exact matching on drug_n
cor	inc	par	mis	spu	total	prec	recall	F1
2	0	0	113	0	115	1	0.02	0.03


MACRO-AVERAGE MEASURES:
P	R	F1
0.94	0.5	0.58
________________________________________________________________________

