SCORES FOR the file: task9.1_ddi003ddi003m2.txt
Gold Dataset: /DrugBank

Partial Evaluation: only detection of DDI (regadless to the type)
tp	fp	fn	total	prec	recall	F1
127	278	757	884	0,3136	0,1437	0,1971


Detection and Classification of DDI
tp	fp	fn	total	prec	recall	F1
66	339	818	884	0,163	0,0747	0,1024


________________________________________________________________________

SCORES FOR DDI TYPE
Scores for ddi with type mechanism
tp	fp	fn	total	prec	recall	F1
34	65	244	278	0,3434	0,1223	0,1804


Scores for ddi with type effect
tp	fp	fn	total	prec	recall	F1
25	169	273	298	0,1289	0,0839	0,1016


Scores for ddi with type advise
tp	fp	fn	total	prec	recall	F1
6	100	208	214	0,0566	0,028	0,0375


Scores for ddi with type int
tp	fp	fn	total	prec	recall	F1
1	5	93	94	0,1667	0,0106	0,02


MACRO-AVERAGE MEASURES:
	P	R	F1
	0,1739	0,0612	0,0906
________________________________________________________________________

