task9.1_d22btDBmNERaCRFw3d22btDBmNERaCRFw3m55 does not follow the convention file name for the task!

Strict matching (boundaries + type)
cor	inc	par	mis	spu	total	prec	recall	F1
239	19	0	46	13	304	0.88	0.79	0.83



Exact matching
cor	inc	par	mis	spu	total	prec	recall	F1
243	15	0	46	13	304	0.9	0.8	0.85



Partial matching
cor	inc	par	mis	spu	total	prec	recall	F1
243	0	15	46	13	304	0.9	0.82	0.86



type matching
cor	inc	par	mis	spu	total	prec	recall	F1
251	7	0	46	13	304	0.93	0.83	0.87



SCORES FOR ENTITY TYPE
Exact matching on drug
cor	inc	par	mis	spu	total	prec	recall	F1
156	7	0	17	7	180	0.92	0.87	0.89


Exact matching on brand
cor	inc	par	mis	spu	total	prec	recall	F1
34	1	0	18	4	53	0.87	0.64	0.74


Exact matching on group
cor	inc	par	mis	spu	total	prec	recall	F1
49	4	0	12	6	65	0.83	0.75	0.79


Exact matching on drug_n
cor	inc	par	mis	spu	total	prec	recall	F1
0	0	0	6	0	6	0	0	0


MACRO-AVERAGE MEASURES:
P	R	F1
0.65	0.57	0.61
________________________________________________________________________

