task9.1_d20tMXmNWEaCRFd20tMXmNWEaCRFmod007 does not follow the convention file name for the task!

Strict matching (boundaries + type)
cor	inc	par	mis	spu	total	prec	recall	F1
197	17	0	90	14	304	0.86	0.65	0.74



Exact matching
cor	inc	par	mis	spu	total	prec	recall	F1
200	14	0	90	14	304	0.88	0.66	0.75



Partial matching
cor	inc	par	mis	spu	total	prec	recall	F1
200	0	14	90	14	304	0.88	0.68	0.77



type matching
cor	inc	par	mis	spu	total	prec	recall	F1
208	6	0	90	14	304	0.91	0.68	0.78



SCORES FOR ENTITY TYPE
Exact matching on drug
cor	inc	par	mis	spu	total	prec	recall	F1
122	1	0	57	3	180	0.97	0.68	0.8


Exact matching on brand
cor	inc	par	mis	spu	total	prec	recall	F1
27	3	0	23	2	53	0.84	0.51	0.64


Exact matching on group
cor	inc	par	mis	spu	total	prec	recall	F1
48	7	0	10	7	65	0.77	0.74	0.76


Exact matching on drug_n
cor	inc	par	mis	spu	total	prec	recall	F1
0	0	0	6	0	6	0	0	0


MACRO-AVERAGE MEASURES:
P	R	F1
0.65	0.48	0.55
________________________________________________________________________

