task9.1_d20tMXmNWEaCRFd20tMXmNWEaCRFmod003 does not follow the convention file name for the task!

Strict matching (boundaries + type)
cor	inc	par	mis	spu	total	prec	recall	F1
173	8	0	123	8	304	0.92	0.57	0.7



Exact matching
cor	inc	par	mis	spu	total	prec	recall	F1
176	5	0	123	8	304	0.93	0.58	0.71



Partial matching
cor	inc	par	mis	spu	total	prec	recall	F1
176	0	5	123	8	304	0.93	0.59	0.72



type matching
cor	inc	par	mis	spu	total	prec	recall	F1
178	3	0	123	8	304	0.94	0.59	0.72



SCORES FOR ENTITY TYPE
Exact matching on drug
cor	inc	par	mis	spu	total	prec	recall	F1
114	1	0	65	2	180	0.97	0.63	0.77


Exact matching on brand
cor	inc	par	mis	spu	total	prec	recall	F1
6	0	0	47	0	53	1	0.11	0.2


Exact matching on group
cor	inc	par	mis	spu	total	prec	recall	F1
53	4	0	8	5	65	0.85	0.82	0.83


Exact matching on drug_n
cor	inc	par	mis	spu	total	prec	recall	F1
0	0	0	6	0	6	0	0	0


MACRO-AVERAGE MEASURES:
P	R	F1
0.71	0.39	0.45
________________________________________________________________________

