task9.1_d20tMDmNERaCRFw3d20tMDmNERaCRFw3mod022 does not follow the convention file name for the task!

Strict matching (boundaries + type)
cor	inc	par	mis	spu	total	prec	recall	F1
170	47	0	165	32	382	0.68	0.45	0.54



Exact matching
cor	inc	par	mis	spu	total	prec	recall	F1
200	17	0	165	32	382	0.8	0.52	0.63



Partial matching
cor	inc	par	mis	spu	total	prec	recall	F1
200	0	17	165	32	382	0.8	0.55	0.65



type matching
cor	inc	par	mis	spu	total	prec	recall	F1
182	35	0	165	32	382	0.73	0.48	0.58



SCORES FOR ENTITY TYPE
Exact matching on drug
cor	inc	par	mis	spu	total	prec	recall	F1
102	3	0	66	18	171	0.83	0.6	0.69


Exact matching on brand
cor	inc	par	mis	spu	total	prec	recall	F1
4	0	0	2	0	6	1	0.67	0.8


Exact matching on group
cor	inc	par	mis	spu	total	prec	recall	F1
62	9	0	19	1	90	0.86	0.69	0.77


Exact matching on drug_n
cor	inc	par	mis	spu	total	prec	recall	F1
2	0	0	113	0	115	1	0.02	0.03


MACRO-AVERAGE MEASURES:
P	R	F1
0.92	0.49	0.57
________________________________________________________________________

