task9.1_crf01crf01mod157 does not follow the convention file name for the task!

Strict matching (boundaries + type)
cor	inc	par	mis	spu	total	prec	recall	F1
464	81	0	141	59	686	0.77	0.68	0.72



Exact matching
cor	inc	par	mis	spu	total	prec	recall	F1
514	31	0	141	59	686	0.85	0.75	0.8



Partial matching
cor	inc	par	mis	spu	total	prec	recall	F1
514	0	31	141	59	686	0.85	0.77	0.81



type matching
cor	inc	par	mis	spu	total	prec	recall	F1
483	62	0	141	59	686	0.8	0.7	0.75



SCORES FOR ENTITY TYPE
Exact matching on drug
cor	inc	par	mis	spu	total	prec	recall	F1
293	10	0	48	23	351	0.9	0.83	0.87


Exact matching on brand
cor	inc	par	mis	spu	total	prec	recall	F1
42	0	0	17	3	59	0.93	0.71	0.81


Exact matching on group
cor	inc	par	mis	spu	total	prec	recall	F1
124	10	0	21	12	155	0.85	0.8	0.82


Exact matching on drug_n
cor	inc	par	mis	spu	total	prec	recall	F1
5	0	0	116	0	121	1	0.04	0.08


MACRO-AVERAGE MEASURES:
P	R	F1
0.92	0.6	0.64
________________________________________________________________________

