task9.1_crf01crf01m125 does not follow the convention file name for the task!

Strict matching (boundaries + type)
cor	inc	par	mis	spu	total	prec	recall	F1
383	66	0	237	48	686	0.77	0.56	0.65



Exact matching
cor	inc	par	mis	spu	total	prec	recall	F1
416	33	0	237	48	686	0.84	0.61	0.7



Partial matching
cor	inc	par	mis	spu	total	prec	recall	F1
416	0	33	237	48	686	0.84	0.63	0.72



type matching
cor	inc	par	mis	spu	total	prec	recall	F1
399	50	0	237	48	686	0.8	0.58	0.67



SCORES FOR ENTITY TYPE
Exact matching on drug
cor	inc	par	mis	spu	total	prec	recall	F1
237	5	0	109	20	351	0.9	0.68	0.77


Exact matching on brand
cor	inc	par	mis	spu	total	prec	recall	F1
30	0	0	29	1	59	0.97	0.51	0.67


Exact matching on group
cor	inc	par	mis	spu	total	prec	recall	F1
111	11	0	33	11	155	0.83	0.72	0.77


Exact matching on drug_n
cor	inc	par	mis	spu	total	prec	recall	F1
5	0	0	116	0	121	1	0.04	0.08


MACRO-AVERAGE MEASURES:
P	R	F1
0.93	0.49	0.57
________________________________________________________________________

