task9.1_d22btMDmNERaCRFw3d22btMDmNERaCRFw3m51 does not follow the convention file name for the task!

Strict matching (boundaries + type)
cor	inc	par	mis	spu	total	prec	recall	F1
178	60	0	144	52	382	0.61	0.47	0.53



Exact matching
cor	inc	par	mis	spu	total	prec	recall	F1
221	17	0	144	52	382	0.76	0.58	0.66



Partial matching
cor	inc	par	mis	spu	total	prec	recall	F1
221	0	17	144	52	382	0.76	0.6	0.67



type matching
cor	inc	par	mis	spu	total	prec	recall	F1
186	52	0	144	52	382	0.64	0.49	0.55



SCORES FOR ENTITY TYPE
Exact matching on drug
cor	inc	par	mis	spu	total	prec	recall	F1
132	2	0	37	22	171	0.85	0.77	0.81


Exact matching on brand
cor	inc	par	mis	spu	total	prec	recall	F1
3	0	0	3	0	6	1	0.5	0.67


Exact matching on group
cor	inc	par	mis	spu	total	prec	recall	F1
41	6	0	43	2	90	0.84	0.46	0.59


Exact matching on drug_n
cor	inc	par	mis	spu	total	prec	recall	F1
2	0	0	113	0	115	1	0.02	0.03


MACRO-AVERAGE MEASURES:
P	R	F1
0.92	0.44	0.52
________________________________________________________________________

