task9.1_d22btDBmNERaCRFw3d22btDBmNERaCRFw3m42 does not follow the convention file name for the task!

Strict matching (boundaries + type)
cor	inc	par	mis	spu	total	prec	recall	F1
237	22	0	45	18	304	0.86	0.78	0.82



Exact matching
cor	inc	par	mis	spu	total	prec	recall	F1
242	17	0	45	18	304	0.87	0.8	0.83



Partial matching
cor	inc	par	mis	spu	total	prec	recall	F1
242	0	17	45	18	304	0.87	0.82	0.85



type matching
cor	inc	par	mis	spu	total	prec	recall	F1
250	9	0	45	18	304	0.9	0.82	0.86



SCORES FOR ENTITY TYPE
Exact matching on drug
cor	inc	par	mis	spu	total	prec	recall	F1
155	8	0	17	9	180	0.9	0.86	0.88


Exact matching on brand
cor	inc	par	mis	spu	total	prec	recall	F1
35	0	0	18	2	53	0.95	0.66	0.78


Exact matching on group
cor	inc	par	mis	spu	total	prec	recall	F1
47	5	0	13	8	65	0.78	0.72	0.75


Exact matching on drug_n
cor	inc	par	mis	spu	total	prec	recall	F1
0	0	0	6	0	6	0	0	0


MACRO-AVERAGE MEASURES:
P	R	F1
0.66	0.56	0.6
________________________________________________________________________

