task9.1_d22btMDmNERaCRFw5d22btMDmNERaCRFw5m54 does not follow the convention file name for the task!

Strict matching (boundaries + type)
cor	inc	par	mis	spu	total	prec	recall	F1
172	61	0	149	51	382	0.61	0.45	0.52



Exact matching
cor	inc	par	mis	spu	total	prec	recall	F1
215	18	0	149	51	382	0.76	0.56	0.65



Partial matching
cor	inc	par	mis	spu	total	prec	recall	F1
215	0	18	149	51	382	0.76	0.59	0.66



type matching
cor	inc	par	mis	spu	total	prec	recall	F1
181	52	0	149	51	382	0.64	0.47	0.54



SCORES FOR ENTITY TYPE
Exact matching on drug
cor	inc	par	mis	spu	total	prec	recall	F1
135	4	0	32	25	171	0.82	0.79	0.81


Exact matching on brand
cor	inc	par	mis	spu	total	prec	recall	F1
3	0	0	3	1	6	0.75	0.5	0.6


Exact matching on group
cor	inc	par	mis	spu	total	prec	recall	F1
33	5	0	52	2	90	0.82	0.37	0.51


Exact matching on drug_n
cor	inc	par	mis	spu	total	prec	recall	F1
1	0	0	114	0	115	1	0.01	0.02


MACRO-AVERAGE MEASURES:
P	R	F1
0.85	0.42	0.48
________________________________________________________________________

