task9.1_d20tMXmNWEaCRFd20tMXmNWEaCRFmod032 does not follow the convention file name for the task!

Strict matching (boundaries + type)
cor	inc	par	mis	spu	total	prec	recall	F1
184	18	0	102	12	304	0.86	0.61	0.71



Exact matching
cor	inc	par	mis	spu	total	prec	recall	F1
190	12	0	102	12	304	0.89	0.62	0.73



Partial matching
cor	inc	par	mis	spu	total	prec	recall	F1
190	0	12	102	12	304	0.89	0.64	0.75



type matching
cor	inc	par	mis	spu	total	prec	recall	F1
192	10	0	102	12	304	0.9	0.63	0.74



SCORES FOR ENTITY TYPE
Exact matching on drug
cor	inc	par	mis	spu	total	prec	recall	F1
116	2	0	62	4	180	0.95	0.64	0.77


Exact matching on brand
cor	inc	par	mis	spu	total	prec	recall	F1
20	1	0	32	3	53	0.83	0.38	0.52


Exact matching on group
cor	inc	par	mis	spu	total	prec	recall	F1
48	5	0	12	6	65	0.81	0.74	0.77


Exact matching on drug_n
cor	inc	par	mis	spu	total	prec	recall	F1
0	0	0	6	0	6	0	0	0


MACRO-AVERAGE MEASURES:
P	R	F1
0.65	0.44	0.52
________________________________________________________________________

