task9.1_d22btMDmNERaCRFw2d22btMDmNERaCRFw2m33 does not follow the convention file name for the task!

Strict matching (boundaries + type)
cor	inc	par	mis	spu	total	prec	recall	F1
186	63	0	133	40	382	0.64	0.49	0.55



Exact matching
cor	inc	par	mis	spu	total	prec	recall	F1
230	19	0	133	40	382	0.8	0.6	0.69



Partial matching
cor	inc	par	mis	spu	total	prec	recall	F1
230	0	19	133	40	382	0.8	0.63	0.7



type matching
cor	inc	par	mis	spu	total	prec	recall	F1
196	53	0	133	40	382	0.68	0.51	0.58



SCORES FOR ENTITY TYPE
Exact matching on drug
cor	inc	par	mis	spu	total	prec	recall	F1
130	5	0	36	20	171	0.84	0.76	0.8


Exact matching on brand
cor	inc	par	mis	spu	total	prec	recall	F1
4	0	0	2	0	6	1	0.67	0.8


Exact matching on group
cor	inc	par	mis	spu	total	prec	recall	F1
50	5	0	35	1	90	0.89	0.56	0.68


Exact matching on drug_n
cor	inc	par	mis	spu	total	prec	recall	F1
2	1	0	112	0	115	0.67	0.02	0.03


MACRO-AVERAGE MEASURES:
P	R	F1
0.85	0.5	0.58
________________________________________________________________________

