task9.1_d22tDBmNERaCRFw5d22tDBmNERaCRFw5m11 does not follow the convention file name for the task!

Strict matching (boundaries + type)
cor	inc	par	mis	spu	total	prec	recall	F1
238	18	0	48	13	304	0.88	0.78	0.83



Exact matching
cor	inc	par	mis	spu	total	prec	recall	F1
242	14	0	48	13	304	0.9	0.8	0.84



Partial matching
cor	inc	par	mis	spu	total	prec	recall	F1
242	0	14	48	13	304	0.9	0.82	0.86



type matching
cor	inc	par	mis	spu	total	prec	recall	F1
248	8	0	48	13	304	0.92	0.82	0.87



SCORES FOR ENTITY TYPE
Exact matching on drug
cor	inc	par	mis	spu	total	prec	recall	F1
157	6	0	17	6	180	0.93	0.87	0.9


Exact matching on brand
cor	inc	par	mis	spu	total	prec	recall	F1
34	0	0	19	2	53	0.94	0.64	0.76


Exact matching on group
cor	inc	par	mis	spu	total	prec	recall	F1
47	4	0	14	7	65	0.81	0.72	0.76


Exact matching on drug_n
cor	inc	par	mis	spu	total	prec	recall	F1
0	0	0	6	0	6	0	0	0


MACRO-AVERAGE MEASURES:
P	R	F1
0.67	0.56	0.61
________________________________________________________________________

