task9.1_d20tMXmNWEaCRFd20tMXmNWEaCRFmod005 does not follow the convention file name for the task!

Strict matching (boundaries + type)
cor	inc	par	mis	spu	total	prec	recall	F1
182	20	0	102	8	304	0.87	0.6	0.71



Exact matching
cor	inc	par	mis	spu	total	prec	recall	F1
189	13	0	102	8	304	0.9	0.62	0.74



Partial matching
cor	inc	par	mis	spu	total	prec	recall	F1
189	0	13	102	8	304	0.9	0.64	0.75



type matching
cor	inc	par	mis	spu	total	prec	recall	F1
192	10	0	102	8	304	0.91	0.63	0.75



SCORES FOR ENTITY TYPE
Exact matching on drug
cor	inc	par	mis	spu	total	prec	recall	F1
118	2	0	60	2	180	0.97	0.66	0.78


Exact matching on brand
cor	inc	par	mis	spu	total	prec	recall	F1
17	1	0	35	0	53	0.94	0.32	0.48


Exact matching on group
cor	inc	par	mis	spu	total	prec	recall	F1
47	7	0	11	9	65	0.75	0.72	0.73


Exact matching on drug_n
cor	inc	par	mis	spu	total	prec	recall	F1
0	0	0	6	0	6	0	0	0


MACRO-AVERAGE MEASURES:
P	R	F1
0.66	0.42	0.5
________________________________________________________________________

