task9.1_d20tMXmNWEaCRFd20tMXmNWEaCRFmod058 does not follow the convention file name for the task!

Strict matching (boundaries + type)
cor	inc	par	mis	spu	total	prec	recall	F1
247	20	0	37	17	304	0.87	0.81	0.84



Exact matching
cor	inc	par	mis	spu	total	prec	recall	F1
253	14	0	37	17	304	0.89	0.83	0.86



Partial matching
cor	inc	par	mis	spu	total	prec	recall	F1
253	0	14	37	17	304	0.89	0.86	0.87



type matching
cor	inc	par	mis	spu	total	prec	recall	F1
258	9	0	37	17	304	0.91	0.85	0.88



SCORES FOR ENTITY TYPE
Exact matching on drug
cor	inc	par	mis	spu	total	prec	recall	F1
158	5	0	17	5	180	0.94	0.88	0.91


Exact matching on brand
cor	inc	par	mis	spu	total	prec	recall	F1
37	1	0	15	1	53	0.95	0.7	0.8


Exact matching on group
cor	inc	par	mis	spu	total	prec	recall	F1
52	5	0	8	10	65	0.78	0.8	0.79


Exact matching on drug_n
cor	inc	par	mis	spu	total	prec	recall	F1
0	0	0	6	0	6	0	0	0


MACRO-AVERAGE MEASURES:
P	R	F1
0.67	0.59	0.63
________________________________________________________________________

