task9.1_d20tMXmNWEaCRFd20tMXmNWEaCRFmod020 does not follow the convention file name for the task!

Strict matching (boundaries + type)
cor	inc	par	mis	spu	total	prec	recall	F1
223	23	0	58	18	304	0.84	0.73	0.79



Exact matching
cor	inc	par	mis	spu	total	prec	recall	F1
230	16	0	58	18	304	0.87	0.76	0.81



Partial matching
cor	inc	par	mis	spu	total	prec	recall	F1
230	0	16	58	18	304	0.87	0.78	0.82



type matching
cor	inc	par	mis	spu	total	prec	recall	F1
233	13	0	58	18	304	0.88	0.77	0.82



SCORES FOR ENTITY TYPE
Exact matching on drug
cor	inc	par	mis	spu	total	prec	recall	F1
133	5	0	42	8	180	0.91	0.74	0.82


Exact matching on brand
cor	inc	par	mis	spu	total	prec	recall	F1
36	2	0	15	3	53	0.88	0.68	0.77


Exact matching on group
cor	inc	par	mis	spu	total	prec	recall	F1
54	4	0	7	9	65	0.81	0.83	0.82


Exact matching on drug_n
cor	inc	par	mis	spu	total	prec	recall	F1
0	0	0	6	0	6	0	0	0


MACRO-AVERAGE MEASURES:
P	R	F1
0.65	0.56	0.6
________________________________________________________________________

