task9.1_d20tMDmNERaCRFw5d20tMDmNERaCRFw5mod026 does not follow the convention file name for the task!

Strict matching (boundaries + type)
cor	inc	par	mis	spu	total	prec	recall	F1
171	44	0	167	34	382	0.69	0.45	0.54



Exact matching
cor	inc	par	mis	spu	total	prec	recall	F1
193	22	0	167	34	382	0.78	0.51	0.61



Partial matching
cor	inc	par	mis	spu	total	prec	recall	F1
193	0	22	167	34	382	0.78	0.53	0.63



type matching
cor	inc	par	mis	spu	total	prec	recall	F1
181	34	0	167	34	382	0.73	0.47	0.57



SCORES FOR ENTITY TYPE
Exact matching on drug
cor	inc	par	mis	spu	total	prec	recall	F1
103	3	0	65	15	171	0.85	0.6	0.71


Exact matching on brand
cor	inc	par	mis	spu	total	prec	recall	F1
4	0	0	2	0	6	1	0.67	0.8


Exact matching on group
cor	inc	par	mis	spu	total	prec	recall	F1
60	7	0	23	2	90	0.87	0.67	0.75


Exact matching on drug_n
cor	inc	par	mis	spu	total	prec	recall	F1
4	1	0	110	0	115	0.8	0.03	0.07


MACRO-AVERAGE MEASURES:
P	R	F1
0.88	0.49	0.58
________________________________________________________________________

