task9.1_d20tMXmNWEaCRFd20tMXmNWEaCRFmod046 does not follow the convention file name for the task!

Strict matching (boundaries + type)
cor	inc	par	mis	spu	total	prec	recall	F1
252	19	0	33	18	304	0.87	0.83	0.85



Exact matching
cor	inc	par	mis	spu	total	prec	recall	F1
257	14	0	33	18	304	0.89	0.85	0.87



Partial matching
cor	inc	par	mis	spu	total	prec	recall	F1
257	0	14	33	18	304	0.89	0.87	0.88



type matching
cor	inc	par	mis	spu	total	prec	recall	F1
263	8	0	33	18	304	0.91	0.87	0.89



SCORES FOR ENTITY TYPE
Exact matching on drug
cor	inc	par	mis	spu	total	prec	recall	F1
158	5	0	17	5	180	0.94	0.88	0.91


Exact matching on brand
cor	inc	par	mis	spu	total	prec	recall	F1
40	1	0	12	2	53	0.93	0.75	0.83


Exact matching on group
cor	inc	par	mis	spu	total	prec	recall	F1
54	5	0	6	10	65	0.78	0.83	0.81


Exact matching on drug_n
cor	inc	par	mis	spu	total	prec	recall	F1
0	0	0	6	0	6	0	0	0


MACRO-AVERAGE MEASURES:
P	R	F1
0.66	0.62	0.64
________________________________________________________________________

