task9.1_d20tMDmNERaCRFw5d20tMDmNERaCRFw5mod022 does not follow the convention file name for the task!

Strict matching (boundaries + type)
cor	inc	par	mis	spu	total	prec	recall	F1
163	54	0	165	35	382	0.65	0.43	0.51



Exact matching
cor	inc	par	mis	spu	total	prec	recall	F1
202	15	0	165	35	382	0.8	0.53	0.64



Partial matching
cor	inc	par	mis	spu	total	prec	recall	F1
202	0	15	165	35	382	0.8	0.55	0.65



type matching
cor	inc	par	mis	spu	total	prec	recall	F1
172	45	0	165	35	382	0.68	0.45	0.54



SCORES FOR ENTITY TYPE
Exact matching on drug
cor	inc	par	mis	spu	total	prec	recall	F1
103	3	0	65	20	171	0.82	0.6	0.69


Exact matching on brand
cor	inc	par	mis	spu	total	prec	recall	F1
3	0	0	3	0	6	1	0.5	0.67


Exact matching on group
cor	inc	par	mis	spu	total	prec	recall	F1
56	6	0	28	2	90	0.88	0.62	0.73


Exact matching on drug_n
cor	inc	par	mis	spu	total	prec	recall	F1
1	0	0	114	1	115	0.5	0.01	0.02


MACRO-AVERAGE MEASURES:
P	R	F1
0.8	0.43	0.53
________________________________________________________________________

