task9.1_d20tMDmNERaCRFw5d20tMDmNERaCRFw5mod010 does not follow the convention file name for the task!

Strict matching (boundaries + type)
cor	inc	par	mis	spu	total	prec	recall	F1
155	21	0	206	18	382	0.8	0.41	0.54



Exact matching
cor	inc	par	mis	spu	total	prec	recall	F1
165	11	0	206	18	382	0.85	0.43	0.57



Partial matching
cor	inc	par	mis	spu	total	prec	recall	F1
165	0	11	206	18	382	0.85	0.45	0.59



type matching
cor	inc	par	mis	spu	total	prec	recall	F1
163	13	0	206	18	382	0.84	0.43	0.57



SCORES FOR ENTITY TYPE
Exact matching on drug
cor	inc	par	mis	spu	total	prec	recall	F1
84	3	0	84	5	171	0.91	0.49	0.64


Exact matching on brand
cor	inc	par	mis	spu	total	prec	recall	F1
3	0	0	3	0	6	1	0.5	0.67


Exact matching on group
cor	inc	par	mis	spu	total	prec	recall	F1
61	5	0	24	0	90	0.92	0.68	0.78


Exact matching on drug_n
cor	inc	par	mis	spu	total	prec	recall	F1
7	0	0	108	0	115	1	0.06	0.11


MACRO-AVERAGE MEASURES:
P	R	F1
0.96	0.43	0.55
________________________________________________________________________

