task9.1_d22btMDmNERaCRFw2d22btMDmNERaCRFw2m48 does not follow the convention file name for the task!

Strict matching (boundaries + type)
cor	inc	par	mis	spu	total	prec	recall	F1
182	62	0	138	36	382	0.65	0.48	0.55



Exact matching
cor	inc	par	mis	spu	total	prec	recall	F1
225	19	0	138	36	382	0.8	0.59	0.68



Partial matching
cor	inc	par	mis	spu	total	prec	recall	F1
225	0	19	138	36	382	0.8	0.61	0.7



type matching
cor	inc	par	mis	spu	total	prec	recall	F1
191	53	0	138	36	382	0.68	0.5	0.58



SCORES FOR ENTITY TYPE
Exact matching on drug
cor	inc	par	mis	spu	total	prec	recall	F1
136	3	0	32	18	171	0.87	0.8	0.83


Exact matching on brand
cor	inc	par	mis	spu	total	prec	recall	F1
3	0	0	3	0	6	1	0.5	0.67


Exact matching on group
cor	inc	par	mis	spu	total	prec	recall	F1
42	6	0	42	0	90	0.88	0.47	0.61


Exact matching on drug_n
cor	inc	par	mis	spu	total	prec	recall	F1
1	0	0	114	0	115	1	0.01	0.02


MACRO-AVERAGE MEASURES:
P	R	F1
0.94	0.44	0.53
________________________________________________________________________

