task9.1_d22btMDmNERaCRFw3d22btMDmNERaCRFw3m25 does not follow the convention file name for the task!

Strict matching (boundaries + type)
cor	inc	par	mis	spu	total	prec	recall	F1
179	65	0	138	48	382	0.61	0.47	0.53



Exact matching
cor	inc	par	mis	spu	total	prec	recall	F1
225	19	0	138	48	382	0.77	0.59	0.67



Partial matching
cor	inc	par	mis	spu	total	prec	recall	F1
225	0	19	138	48	382	0.77	0.61	0.68



type matching
cor	inc	par	mis	spu	total	prec	recall	F1
189	55	0	138	48	382	0.65	0.49	0.56



SCORES FOR ENTITY TYPE
Exact matching on drug
cor	inc	par	mis	spu	total	prec	recall	F1
132	4	0	35	23	171	0.83	0.77	0.8


Exact matching on brand
cor	inc	par	mis	spu	total	prec	recall	F1
3	0	0	3	1	6	0.75	0.5	0.6


Exact matching on group
cor	inc	par	mis	spu	total	prec	recall	F1
42	6	0	42	2	90	0.84	0.47	0.6


Exact matching on drug_n
cor	inc	par	mis	spu	total	prec	recall	F1
2	0	0	113	0	115	1	0.02	0.03


MACRO-AVERAGE MEASURES:
P	R	F1
0.86	0.44	0.51
________________________________________________________________________

