task9.1_d20tMDmNERaCRFw5d20tMDmNERaCRFw5mod037 does not follow the convention file name for the task!

Strict matching (boundaries + type)
cor	inc	par	mis	spu	total	prec	recall	F1
166	26	0	190	7	382	0.83	0.43	0.57



Exact matching
cor	inc	par	mis	spu	total	prec	recall	F1
177	15	0	190	7	382	0.89	0.46	0.61



Partial matching
cor	inc	par	mis	spu	total	prec	recall	F1
177	0	15	190	7	382	0.89	0.48	0.63



type matching
cor	inc	par	mis	spu	total	prec	recall	F1
176	16	0	190	7	382	0.88	0.46	0.61



SCORES FOR ENTITY TYPE
Exact matching on drug
cor	inc	par	mis	spu	total	prec	recall	F1
101	4	0	66	5	171	0.92	0.59	0.72


Exact matching on brand
cor	inc	par	mis	spu	total	prec	recall	F1
2	0	0	4	0	6	1	0.33	0.5


Exact matching on group
cor	inc	par	mis	spu	total	prec	recall	F1
56	7	0	27	1	90	0.88	0.62	0.73


Exact matching on drug_n
cor	inc	par	mis	spu	total	prec	recall	F1
7	0	0	108	0	115	1	0.06	0.11


MACRO-AVERAGE MEASURES:
P	R	F1
0.95	0.4	0.52
________________________________________________________________________

