task9.1_d20tMXmERaCRd20tMXmERaCRmod060 does not follow the convention file name for the task!

Strict matching (boundaries + type)
cor	inc	par	mis	spu	total	prec	recall	F1
0	543	0	143	59	686	0	0	0



Exact matching
cor	inc	par	mis	spu	total	prec	recall	F1
513	30	0	143	59	686	0.85	0.75	0.8



Partial matching
cor	inc	par	mis	spu	total	prec	recall	F1
513	0	30	143	59	686	0.85	0.77	0.81



type matching
cor	inc	par	mis	spu	total	prec	recall	F1
0	543	0	143	59	686	0	0	0



SCORES FOR ENTITY TYPE
Exact matching on drug
cor	inc	par	mis	spu	total	prec	recall	F1
0	0	0	351	0	351	0	0	0


Exact matching on brand
cor	inc	par	mis	spu	total	prec	recall	F1
0	0	0	59	0	59	0	0	0


Exact matching on group
cor	inc	par	mis	spu	total	prec	recall	F1
0	0	0	155	0	155	0	0	0


Exact matching on drug_n
cor	inc	par	mis	spu	total	prec	recall	F1
0	0	0	121	0	121	0	0	0


MACRO-AVERAGE MEASURES:
P	R	F1
0	0	0
________________________________________________________________________

