task9.1_d22btDBmNERaCRFw1d22btDBmNERaCRFw1m36 does not follow the convention file name for the task!

Strict matching (boundaries + type)
cor	inc	par	mis	spu	total	prec	recall	F1
245	18	0	41	13	304	0.89	0.81	0.84



Exact matching
cor	inc	par	mis	spu	total	prec	recall	F1
249	14	0	41	13	304	0.9	0.82	0.86



Partial matching
cor	inc	par	mis	spu	total	prec	recall	F1
249	0	14	41	13	304	0.9	0.84	0.87



type matching
cor	inc	par	mis	spu	total	prec	recall	F1
255	8	0	41	13	304	0.92	0.84	0.88



SCORES FOR ENTITY TYPE
Exact matching on drug
cor	inc	par	mis	spu	total	prec	recall	F1
159	4	0	17	5	180	0.95	0.88	0.91


Exact matching on brand
cor	inc	par	mis	spu	total	prec	recall	F1
37	0	0	16	2	53	0.95	0.7	0.8


Exact matching on group
cor	inc	par	mis	spu	total	prec	recall	F1
49	6	0	10	8	65	0.78	0.75	0.77


Exact matching on drug_n
cor	inc	par	mis	spu	total	prec	recall	F1
0	0	0	6	0	6	0	0	0


MACRO-AVERAGE MEASURES:
P	R	F1
0.67	0.58	0.62
________________________________________________________________________

