task9.1_d22tDBmNERaCRFw5d22tDBmNERaCRFw5m1 does not follow the convention file name for the task!

Strict matching (boundaries + type)
cor	inc	par	mis	spu	total	prec	recall	F1
240	19	0	45	15	304	0.88	0.79	0.83



Exact matching
cor	inc	par	mis	spu	total	prec	recall	F1
244	15	0	45	15	304	0.89	0.8	0.84



Partial matching
cor	inc	par	mis	spu	total	prec	recall	F1
244	0	15	45	15	304	0.89	0.83	0.86



type matching
cor	inc	par	mis	spu	total	prec	recall	F1
252	7	0	45	15	304	0.92	0.83	0.87



SCORES FOR ENTITY TYPE
Exact matching on drug
cor	inc	par	mis	spu	total	prec	recall	F1
159	7	0	14	6	180	0.92	0.88	0.9


Exact matching on brand
cor	inc	par	mis	spu	total	prec	recall	F1
35	0	0	18	3	53	0.92	0.66	0.77


Exact matching on group
cor	inc	par	mis	spu	total	prec	recall	F1
46	5	0	14	8	65	0.78	0.71	0.74


Exact matching on drug_n
cor	inc	par	mis	spu	total	prec	recall	F1
0	0	0	6	0	6	0	0	0


MACRO-AVERAGE MEASURES:
P	R	F1
0.66	0.56	0.6
________________________________________________________________________

