task9.1_d22btDBmNERaCRFw1d22btDBmNERaCRFw1m52 does not follow the convention file name for the task!

Strict matching (boundaries + type)
cor	inc	par	mis	spu	total	prec	recall	F1
243	15	0	46	11	304	0.9	0.8	0.85



Exact matching
cor	inc	par	mis	spu	total	prec	recall	F1
247	11	0	46	11	304	0.92	0.81	0.86



Partial matching
cor	inc	par	mis	spu	total	prec	recall	F1
247	0	11	46	11	304	0.92	0.83	0.87



type matching
cor	inc	par	mis	spu	total	prec	recall	F1
252	6	0	46	11	304	0.94	0.83	0.88



SCORES FOR ENTITY TYPE
Exact matching on drug
cor	inc	par	mis	spu	total	prec	recall	F1
157	6	0	17	6	180	0.93	0.87	0.9


Exact matching on brand
cor	inc	par	mis	spu	total	prec	recall	F1
35	0	0	18	2	53	0.95	0.66	0.78


Exact matching on group
cor	inc	par	mis	spu	total	prec	recall	F1
51	3	0	11	4	65	0.88	0.78	0.83


Exact matching on drug_n
cor	inc	par	mis	spu	total	prec	recall	F1
0	0	0	6	0	6	0	0	0


MACRO-AVERAGE MEASURES:
P	R	F1
0.69	0.58	0.63
________________________________________________________________________

