task9.1_d22btMDmNERaCRFw5d22btMDmNERaCRFw5m37 does not follow the convention file name for the task!

Strict matching (boundaries + type)
cor	inc	par	mis	spu	total	prec	recall	F1
171	64	0	147	53	382	0.59	0.45	0.51



Exact matching
cor	inc	par	mis	spu	total	prec	recall	F1
217	18	0	147	53	382	0.75	0.57	0.65



Partial matching
cor	inc	par	mis	spu	total	prec	recall	F1
217	0	18	147	53	382	0.75	0.59	0.66



type matching
cor	inc	par	mis	spu	total	prec	recall	F1
182	53	0	147	53	382	0.63	0.48	0.54



SCORES FOR ENTITY TYPE
Exact matching on drug
cor	inc	par	mis	spu	total	prec	recall	F1
132	4	0	35	23	171	0.83	0.77	0.8


Exact matching on brand
cor	inc	par	mis	spu	total	prec	recall	F1
4	0	0	2	1	6	0.8	0.67	0.73


Exact matching on group
cor	inc	par	mis	spu	total	prec	recall	F1
34	7	0	49	3	90	0.77	0.38	0.51


Exact matching on drug_n
cor	inc	par	mis	spu	total	prec	recall	F1
1	0	0	114	0	115	1	0.01	0.02


MACRO-AVERAGE MEASURES:
P	R	F1
0.85	0.46	0.51
________________________________________________________________________

