task9.1_d22btDBmNERaCRFw3d22btDBmNERaCRFw3m10 does not follow the convention file name for the task!

Strict matching (boundaries + type)
cor	inc	par	mis	spu	total	prec	recall	F1
240	19	0	45	15	304	0.88	0.79	0.83



Exact matching
cor	inc	par	mis	spu	total	prec	recall	F1
245	14	0	45	15	304	0.89	0.81	0.85



Partial matching
cor	inc	par	mis	spu	total	prec	recall	F1
245	0	14	45	15	304	0.89	0.83	0.86



type matching
cor	inc	par	mis	spu	total	prec	recall	F1
251	8	0	45	15	304	0.92	0.83	0.87



SCORES FOR ENTITY TYPE
Exact matching on drug
cor	inc	par	mis	spu	total	prec	recall	F1
157	7	0	16	7	180	0.92	0.87	0.89


Exact matching on brand
cor	inc	par	mis	spu	total	prec	recall	F1
34	0	0	19	2	53	0.94	0.64	0.76


Exact matching on group
cor	inc	par	mis	spu	total	prec	recall	F1
49	4	0	12	7	65	0.82	0.75	0.78


Exact matching on drug_n
cor	inc	par	mis	spu	total	prec	recall	F1
0	0	0	6	0	6	0	0	0


MACRO-AVERAGE MEASURES:
P	R	F1
0.67	0.57	0.61
________________________________________________________________________

