task9.1_d20tMXmNWEaCRFd20tMXmNWEaCRFmod026 does not follow the convention file name for the task!

Strict matching (boundaries + type)
cor	inc	par	mis	spu	total	prec	recall	F1
219	20	0	65	18	304	0.85	0.72	0.78



Exact matching
cor	inc	par	mis	spu	total	prec	recall	F1
225	14	0	65	18	304	0.88	0.74	0.8



Partial matching
cor	inc	par	mis	spu	total	prec	recall	F1
225	0	14	65	18	304	0.88	0.76	0.82



type matching
cor	inc	par	mis	spu	total	prec	recall	F1
228	11	0	65	18	304	0.89	0.75	0.81



SCORES FOR ENTITY TYPE
Exact matching on drug
cor	inc	par	mis	spu	total	prec	recall	F1
134	3	0	43	8	180	0.92	0.74	0.82


Exact matching on brand
cor	inc	par	mis	spu	total	prec	recall	F1
31	1	0	21	1	53	0.94	0.58	0.72


Exact matching on group
cor	inc	par	mis	spu	total	prec	recall	F1
54	5	0	6	8	65	0.81	0.83	0.82


Exact matching on drug_n
cor	inc	par	mis	spu	total	prec	recall	F1
0	0	0	6	0	6	0	0	0


MACRO-AVERAGE MEASURES:
P	R	F1
0.67	0.54	0.59
________________________________________________________________________

