task9.1_d22btDBmNERaCRFw3d22btDBmNERaCRFw3m7 does not follow the convention file name for the task!

Strict matching (boundaries + type)
cor	inc	par	mis	spu	total	prec	recall	F1
241	17	0	46	17	304	0.88	0.79	0.83



Exact matching
cor	inc	par	mis	spu	total	prec	recall	F1
244	14	0	46	17	304	0.89	0.8	0.84



Partial matching
cor	inc	par	mis	spu	total	prec	recall	F1
244	0	14	46	17	304	0.89	0.83	0.86



type matching
cor	inc	par	mis	spu	total	prec	recall	F1
251	7	0	46	17	304	0.91	0.83	0.87



SCORES FOR ENTITY TYPE
Exact matching on drug
cor	inc	par	mis	spu	total	prec	recall	F1
157	6	0	17	6	180	0.93	0.87	0.9


Exact matching on brand
cor	inc	par	mis	spu	total	prec	recall	F1
37	0	0	16	2	53	0.95	0.7	0.8


Exact matching on group
cor	inc	par	mis	spu	total	prec	recall	F1
47	5	0	13	8	65	0.78	0.72	0.75


Exact matching on drug_n
cor	inc	par	mis	spu	total	prec	recall	F1
0	0	0	6	0	6	0	0	0


MACRO-AVERAGE MEASURES:
P	R	F1
0.67	0.57	0.61
________________________________________________________________________

