task9.1_d22btMDmNERaCRFw2d22btMDmNERaCRFw2m37 does not follow the convention file name for the task!

Strict matching (boundaries + type)
cor	inc	par	mis	spu	total	prec	recall	F1
182	64	0	136	42	382	0.63	0.48	0.54



Exact matching
cor	inc	par	mis	spu	total	prec	recall	F1
225	21	0	136	42	382	0.78	0.59	0.67



Partial matching
cor	inc	par	mis	spu	total	prec	recall	F1
225	0	21	136	42	382	0.78	0.62	0.69



type matching
cor	inc	par	mis	spu	total	prec	recall	F1
192	54	0	136	42	382	0.67	0.5	0.57



SCORES FOR ENTITY TYPE
Exact matching on drug
cor	inc	par	mis	spu	total	prec	recall	F1
132	3	0	36	22	171	0.84	0.77	0.8


Exact matching on brand
cor	inc	par	mis	spu	total	prec	recall	F1
4	0	0	2	0	6	1	0.67	0.8


Exact matching on group
cor	inc	par	mis	spu	total	prec	recall	F1
44	6	0	40	1	90	0.86	0.49	0.62


Exact matching on drug_n
cor	inc	par	mis	spu	total	prec	recall	F1
2	1	0	112	1	115	0.5	0.02	0.03


MACRO-AVERAGE MEASURES:
P	R	F1
0.8	0.49	0.57
________________________________________________________________________

