task9.1_d22btDBmNERaCRFw2d22btDBmNERaCRFw2m37 does not follow the convention file name for the task!

Strict matching (boundaries + type)
cor	inc	par	mis	spu	total	prec	recall	F1
250	13	0	41	14	304	0.9	0.82	0.86



Exact matching
cor	inc	par	mis	spu	total	prec	recall	F1
252	11	0	41	14	304	0.91	0.83	0.87



Partial matching
cor	inc	par	mis	spu	total	prec	recall	F1
252	0	11	41	14	304	0.91	0.85	0.88



type matching
cor	inc	par	mis	spu	total	prec	recall	F1
259	4	0	41	14	304	0.94	0.85	0.89



SCORES FOR ENTITY TYPE
Exact matching on drug
cor	inc	par	mis	spu	total	prec	recall	F1
161	5	0	14	6	180	0.94	0.89	0.91


Exact matching on brand
cor	inc	par	mis	spu	total	prec	recall	F1
35	0	0	18	2	53	0.95	0.66	0.78


Exact matching on group
cor	inc	par	mis	spu	total	prec	recall	F1
54	4	0	7	7	65	0.83	0.83	0.83


Exact matching on drug_n
cor	inc	par	mis	spu	total	prec	recall	F1
0	0	0	6	0	6	0	0	0


MACRO-AVERAGE MEASURES:
P	R	F1
0.68	0.6	0.63
________________________________________________________________________

