task9.1_d22btMDmNERaCRFw5d22btMDmNERaCRFw5m33 does not follow the convention file name for the task!

Strict matching (boundaries + type)
cor	inc	par	mis	spu	total	prec	recall	F1
178	60	0	144	50	382	0.62	0.47	0.53



Exact matching
cor	inc	par	mis	spu	total	prec	recall	F1
220	18	0	144	50	382	0.76	0.58	0.66



Partial matching
cor	inc	par	mis	spu	total	prec	recall	F1
220	0	18	144	50	382	0.76	0.6	0.67



type matching
cor	inc	par	mis	spu	total	prec	recall	F1
189	49	0	144	50	382	0.66	0.49	0.56



SCORES FOR ENTITY TYPE
Exact matching on drug
cor	inc	par	mis	spu	total	prec	recall	F1
136	4	0	31	22	171	0.84	0.8	0.82


Exact matching on brand
cor	inc	par	mis	spu	total	prec	recall	F1
3	0	0	3	0	6	1	0.5	0.67


Exact matching on group
cor	inc	par	mis	spu	total	prec	recall	F1
38	6	0	46	3	90	0.81	0.42	0.55


Exact matching on drug_n
cor	inc	par	mis	spu	total	prec	recall	F1
1	1	0	113	1	115	0.33	0.01	0.02


MACRO-AVERAGE MEASURES:
P	R	F1
0.75	0.43	0.51
________________________________________________________________________

