task9.1_d20tMDmNERaCRFw3d20tMDmNERaCRFw3mod019 does not follow the convention file name for the task!

Strict matching (boundaries + type)
cor	inc	par	mis	spu	total	prec	recall	F1
153	41	0	188	28	382	0.69	0.4	0.51



Exact matching
cor	inc	par	mis	spu	total	prec	recall	F1
179	15	0	188	28	382	0.81	0.47	0.59



Partial matching
cor	inc	par	mis	spu	total	prec	recall	F1
179	0	15	188	28	382	0.81	0.49	0.61



type matching
cor	inc	par	mis	spu	total	prec	recall	F1
164	30	0	188	28	382	0.74	0.43	0.54



SCORES FOR ENTITY TYPE
Exact matching on drug
cor	inc	par	mis	spu	total	prec	recall	F1
90	3	0	78	14	171	0.84	0.53	0.65


Exact matching on brand
cor	inc	par	mis	spu	total	prec	recall	F1
4	0	0	2	0	6	1	0.67	0.8


Exact matching on group
cor	inc	par	mis	spu	total	prec	recall	F1
57	8	0	25	0	90	0.88	0.63	0.74


Exact matching on drug_n
cor	inc	par	mis	spu	total	prec	recall	F1
2	0	0	113	1	115	0.67	0.02	0.03


MACRO-AVERAGE MEASURES:
P	R	F1
0.85	0.46	0.55
________________________________________________________________________

