task9.1_d20tMDmNERaCRFw5d20tMDmNERaCRFw5mod046 does not follow the convention file name for the task!

Strict matching (boundaries + type)
cor	inc	par	mis	spu	total	prec	recall	F1
198	59	0	125	40	382	0.67	0.52	0.58



Exact matching
cor	inc	par	mis	spu	total	prec	recall	F1
240	17	0	125	40	382	0.81	0.63	0.71



Partial matching
cor	inc	par	mis	spu	total	prec	recall	F1
240	0	17	125	40	382	0.81	0.65	0.72



type matching
cor	inc	par	mis	spu	total	prec	recall	F1
207	50	0	125	40	382	0.7	0.54	0.61



SCORES FOR ENTITY TYPE
Exact matching on drug
cor	inc	par	mis	spu	total	prec	recall	F1
136	3	0	32	18	171	0.87	0.8	0.83


Exact matching on brand
cor	inc	par	mis	spu	total	prec	recall	F1
3	0	0	3	0	6	1	0.5	0.67


Exact matching on group
cor	inc	par	mis	spu	total	prec	recall	F1
56	6	0	28	1	90	0.89	0.62	0.73


Exact matching on drug_n
cor	inc	par	mis	spu	total	prec	recall	F1
3	0	0	112	2	115	0.6	0.03	0.05


MACRO-AVERAGE MEASURES:
P	R	F1
0.84	0.49	0.57
________________________________________________________________________

