task9.1_d22btDBmNERaCRFw1d22btDBmNERaCRFw1m29 does not follow the convention file name for the task!

Strict matching (boundaries + type)
cor	inc	par	mis	spu	total	prec	recall	F1
243	17	0	44	13	304	0.89	0.8	0.84



Exact matching
cor	inc	par	mis	spu	total	prec	recall	F1
247	13	0	44	13	304	0.9	0.81	0.86



Partial matching
cor	inc	par	mis	spu	total	prec	recall	F1
247	0	13	44	13	304	0.9	0.83	0.87



type matching
cor	inc	par	mis	spu	total	prec	recall	F1
252	8	0	44	13	304	0.92	0.83	0.87



SCORES FOR ENTITY TYPE
Exact matching on drug
cor	inc	par	mis	spu	total	prec	recall	F1
158	5	0	17	6	180	0.93	0.88	0.91


Exact matching on brand
cor	inc	par	mis	spu	total	prec	recall	F1
35	0	0	18	2	53	0.95	0.66	0.78


Exact matching on group
cor	inc	par	mis	spu	total	prec	recall	F1
50	4	0	11	7	65	0.82	0.77	0.79


Exact matching on drug_n
cor	inc	par	mis	spu	total	prec	recall	F1
0	0	0	6	0	6	0	0	0


MACRO-AVERAGE MEASURES:
P	R	F1
0.68	0.58	0.62
________________________________________________________________________

