task9.1_d20tMXmNWEaCRFd20tMXmNWEaCRFmod004 does not follow the convention file name for the task!

Strict matching (boundaries + type)
cor	inc	par	mis	spu	total	prec	recall	F1
188	17	0	99	10	304	0.87	0.62	0.72



Exact matching
cor	inc	par	mis	spu	total	prec	recall	F1
194	11	0	99	10	304	0.9	0.64	0.75



Partial matching
cor	inc	par	mis	spu	total	prec	recall	F1
194	0	11	99	10	304	0.9	0.66	0.76



type matching
cor	inc	par	mis	spu	total	prec	recall	F1
197	8	0	99	10	304	0.92	0.65	0.76



SCORES FOR ENTITY TYPE
Exact matching on drug
cor	inc	par	mis	spu	total	prec	recall	F1
121	2	0	57	5	180	0.95	0.67	0.79


Exact matching on brand
cor	inc	par	mis	spu	total	prec	recall	F1
17	1	0	35	0	53	0.94	0.32	0.48


Exact matching on group
cor	inc	par	mis	spu	total	prec	recall	F1
50	6	0	9	7	65	0.79	0.77	0.78


Exact matching on drug_n
cor	inc	par	mis	spu	total	prec	recall	F1
0	0	0	6	0	6	0	0	0


MACRO-AVERAGE MEASURES:
P	R	F1
0.67	0.44	0.51
________________________________________________________________________

