task9.1_d22btMDmNERaCRFw2d22btMDmNERaCRFw2m44 does not follow the convention file name for the task!

Strict matching (boundaries + type)
cor	inc	par	mis	spu	total	prec	recall	F1
179	63	0	140	40	382	0.63	0.47	0.54



Exact matching
cor	inc	par	mis	spu	total	prec	recall	F1
225	17	0	140	40	382	0.8	0.59	0.68



Partial matching
cor	inc	par	mis	spu	total	prec	recall	F1
225	0	17	140	40	382	0.8	0.61	0.69



type matching
cor	inc	par	mis	spu	total	prec	recall	F1
187	55	0	140	40	382	0.66	0.49	0.56



SCORES FOR ENTITY TYPE
Exact matching on drug
cor	inc	par	mis	spu	total	prec	recall	F1
132	3	0	36	23	171	0.84	0.77	0.8


Exact matching on brand
cor	inc	par	mis	spu	total	prec	recall	F1
2	0	0	4	1	6	0.67	0.33	0.44


Exact matching on group
cor	inc	par	mis	spu	total	prec	recall	F1
43	5	0	42	1	90	0.88	0.48	0.62


Exact matching on drug_n
cor	inc	par	mis	spu	total	prec	recall	F1
2	0	0	113	0	115	1	0.02	0.03


MACRO-AVERAGE MEASURES:
P	R	F1
0.84	0.4	0.47
________________________________________________________________________

