task9.1_d21tDBmNERaLSVMw3d21tDBmNERaLSVMw3m3 does not follow the convention file name for the task!

Strict matching (boundaries + type)
cor	inc	par	mis	spu	total	prec	recall	F1
201	35	0	68	43	304	0.72	0.66	0.69



Exact matching
cor	inc	par	mis	spu	total	prec	recall	F1
211	25	0	68	43	304	0.76	0.69	0.72



Partial matching
cor	inc	par	mis	spu	total	prec	recall	F1
211	0	25	68	43	304	0.76	0.74	0.75



type matching
cor	inc	par	mis	spu	total	prec	recall	F1
223	13	0	68	43	304	0.8	0.73	0.77



SCORES FOR ENTITY TYPE
Exact matching on drug
cor	inc	par	mis	spu	total	prec	recall	F1
149	10	0	21	15	180	0.86	0.83	0.84


Exact matching on brand
cor	inc	par	mis	spu	total	prec	recall	F1
10	0	0	43	3	53	0.77	0.19	0.3


Exact matching on group
cor	inc	par	mis	spu	total	prec	recall	F1
42	12	0	11	22	65	0.55	0.65	0.6


Exact matching on drug_n
cor	inc	par	mis	spu	total	prec	recall	F1
0	0	0	6	0	6	0	0	0


MACRO-AVERAGE MEASURES:
P	R	F1
0.54	0.42	0.44
________________________________________________________________________

