task9.1_d22btMDmNERaCRFw5d22btMDmNERaCRFw5m22 does not follow the convention file name for the task!

Strict matching (boundaries + type)
cor	inc	par	mis	spu	total	prec	recall	F1
180	59	0	143	47	382	0.63	0.47	0.54



Exact matching
cor	inc	par	mis	spu	total	prec	recall	F1
218	21	0	143	47	382	0.76	0.57	0.65



Partial matching
cor	inc	par	mis	spu	total	prec	recall	F1
218	0	21	143	47	382	0.76	0.6	0.67



type matching
cor	inc	par	mis	spu	total	prec	recall	F1
194	45	0	143	47	382	0.68	0.51	0.58



SCORES FOR ENTITY TYPE
Exact matching on drug
cor	inc	par	mis	spu	total	prec	recall	F1
137	4	0	30	22	171	0.84	0.8	0.82


Exact matching on brand
cor	inc	par	mis	spu	total	prec	recall	F1
4	0	0	2	1	6	0.8	0.67	0.73


Exact matching on group
cor	inc	par	mis	spu	total	prec	recall	F1
38	9	0	43	2	90	0.78	0.42	0.55


Exact matching on drug_n
cor	inc	par	mis	spu	total	prec	recall	F1
1	1	0	113	0	115	0.5	0.01	0.02


MACRO-AVERAGE MEASURES:
P	R	F1
0.73	0.47	0.53
________________________________________________________________________

