task9.1_d22btMDmNERaCRFw3d22btMDmNERaCRFw3m2 does not follow the convention file name for the task!

Strict matching (boundaries + type)
cor	inc	par	mis	spu	total	prec	recall	F1
181	61	0	140	39	382	0.64	0.47	0.55



Exact matching
cor	inc	par	mis	spu	total	prec	recall	F1
222	20	0	140	39	382	0.79	0.58	0.67



Partial matching
cor	inc	par	mis	spu	total	prec	recall	F1
222	0	20	140	39	382	0.79	0.61	0.69



type matching
cor	inc	par	mis	spu	total	prec	recall	F1
191	51	0	140	39	382	0.68	0.5	0.58



SCORES FOR ENTITY TYPE
Exact matching on drug
cor	inc	par	mis	spu	total	prec	recall	F1
135	4	0	32	18	171	0.86	0.79	0.82


Exact matching on brand
cor	inc	par	mis	spu	total	prec	recall	F1
3	0	0	3	0	6	1	0.5	0.67


Exact matching on group
cor	inc	par	mis	spu	total	prec	recall	F1
42	6	0	42	1	90	0.86	0.47	0.6


Exact matching on drug_n
cor	inc	par	mis	spu	total	prec	recall	F1
1	0	0	114	1	115	0.5	0.01	0.02


MACRO-AVERAGE MEASURES:
P	R	F1
0.8	0.44	0.53
________________________________________________________________________

