task9.1_d22btMDmNERaCRFw5d22btMDmNERaCRFw5m55 does not follow the convention file name for the task!

Strict matching (boundaries + type)
cor	inc	par	mis	spu	total	prec	recall	F1
171	60	0	151	54	382	0.6	0.45	0.51



Exact matching
cor	inc	par	mis	spu	total	prec	recall	F1
216	15	0	151	54	382	0.76	0.57	0.65



Partial matching
cor	inc	par	mis	spu	total	prec	recall	F1
216	0	15	151	54	382	0.76	0.59	0.66



type matching
cor	inc	par	mis	spu	total	prec	recall	F1
178	53	0	151	54	382	0.62	0.47	0.53



SCORES FOR ENTITY TYPE
Exact matching on drug
cor	inc	par	mis	spu	total	prec	recall	F1
135	3	0	33	25	171	0.83	0.79	0.81


Exact matching on brand
cor	inc	par	mis	spu	total	prec	recall	F1
2	0	0	4	0	6	1	0.33	0.5


Exact matching on group
cor	inc	par	mis	spu	total	prec	recall	F1
33	4	0	53	2	90	0.85	0.37	0.51


Exact matching on drug_n
cor	inc	par	mis	spu	total	prec	recall	F1
1	0	0	114	1	115	0.5	0.01	0.02


MACRO-AVERAGE MEASURES:
P	R	F1
0.79	0.37	0.46
________________________________________________________________________

