task9.1_d20tMXmNWEaCRFd20tMXmNWEaCRFmod015 does not follow the convention file name for the task!

Strict matching (boundaries + type)
cor	inc	par	mis	spu	total	prec	recall	F1
222	16	0	66	16	304	0.87	0.73	0.8



Exact matching
cor	inc	par	mis	spu	total	prec	recall	F1
228	10	0	66	16	304	0.9	0.75	0.82



Partial matching
cor	inc	par	mis	spu	total	prec	recall	F1
228	0	10	66	16	304	0.9	0.77	0.83



type matching
cor	inc	par	mis	spu	total	prec	recall	F1
228	10	0	66	16	304	0.9	0.75	0.82



SCORES FOR ENTITY TYPE
Exact matching on drug
cor	inc	par	mis	spu	total	prec	recall	F1
131	1	0	48	6	180	0.95	0.73	0.82


Exact matching on brand
cor	inc	par	mis	spu	total	prec	recall	F1
35	1	0	17	2	53	0.92	0.66	0.77


Exact matching on group
cor	inc	par	mis	spu	total	prec	recall	F1
56	4	0	5	7	65	0.84	0.86	0.85


Exact matching on drug_n
cor	inc	par	mis	spu	total	prec	recall	F1
0	0	0	6	0	6	0	0	0


MACRO-AVERAGE MEASURES:
P	R	F1
0.68	0.56	0.61
________________________________________________________________________

