task9.1_d20tMDmNERaCRFw5d20tMDmNERaCRFw5mod004 does not follow the convention file name for the task!

Strict matching (boundaries + type)
cor	inc	par	mis	spu	total	prec	recall	F1
144	21	0	217	8	382	0.83	0.38	0.52



Exact matching
cor	inc	par	mis	spu	total	prec	recall	F1
158	7	0	217	8	382	0.91	0.41	0.57



Partial matching
cor	inc	par	mis	spu	total	prec	recall	F1
158	0	7	217	8	382	0.91	0.42	0.58



type matching
cor	inc	par	mis	spu	total	prec	recall	F1
149	16	0	217	8	382	0.86	0.39	0.54



SCORES FOR ENTITY TYPE
Exact matching on drug
cor	inc	par	mis	spu	total	prec	recall	F1
86	1	0	84	10	171	0.89	0.5	0.64


Exact matching on brand
cor	inc	par	mis	spu	total	prec	recall	F1
2	0	0	4	0	6	1	0.33	0.5


Exact matching on group
cor	inc	par	mis	spu	total	prec	recall	F1
53	4	0	33	0	90	0.93	0.59	0.72


Exact matching on drug_n
cor	inc	par	mis	spu	total	prec	recall	F1
3	0	0	112	0	115	1	0.03	0.05


MACRO-AVERAGE MEASURES:
P	R	F1
0.95	0.36	0.48
________________________________________________________________________

