task9.1_d20tMXmNWEaCRFd20tMXmNWEaCRFmod028 does not follow the convention file name for the task!

Strict matching (boundaries + type)
cor	inc	par	mis	spu	total	prec	recall	F1
231	22	0	51	20	304	0.85	0.76	0.8



Exact matching
cor	inc	par	mis	spu	total	prec	recall	F1
239	14	0	51	20	304	0.88	0.79	0.83



Partial matching
cor	inc	par	mis	spu	total	prec	recall	F1
239	0	14	51	20	304	0.88	0.81	0.84



type matching
cor	inc	par	mis	spu	total	prec	recall	F1
240	13	0	51	20	304	0.88	0.79	0.83



SCORES FOR ENTITY TYPE
Exact matching on drug
cor	inc	par	mis	spu	total	prec	recall	F1
140	3	0	37	8	180	0.93	0.78	0.85


Exact matching on brand
cor	inc	par	mis	spu	total	prec	recall	F1
39	1	0	13	3	53	0.91	0.74	0.81


Exact matching on group
cor	inc	par	mis	spu	total	prec	recall	F1
52	5	0	8	9	65	0.79	0.8	0.79


Exact matching on drug_n
cor	inc	par	mis	spu	total	prec	recall	F1
0	0	0	6	0	6	0	0	0


MACRO-AVERAGE MEASURES:
P	R	F1
0.66	0.58	0.61
________________________________________________________________________

