task9.1_d22btMDmNERaCRFw2d22btMDmNERaCRFw2m11 does not follow the convention file name for the task!

Strict matching (boundaries + type)
cor	inc	par	mis	spu	total	prec	recall	F1
183	60	0	139	37	382	0.65	0.48	0.55



Exact matching
cor	inc	par	mis	spu	total	prec	recall	F1
226	17	0	139	37	382	0.81	0.59	0.68



Partial matching
cor	inc	par	mis	spu	total	prec	recall	F1
226	0	17	139	37	382	0.81	0.61	0.7



type matching
cor	inc	par	mis	spu	total	prec	recall	F1
192	51	0	139	37	382	0.69	0.5	0.58



SCORES FOR ENTITY TYPE
Exact matching on drug
cor	inc	par	mis	spu	total	prec	recall	F1
138	3	0	30	17	171	0.87	0.81	0.84


Exact matching on brand
cor	inc	par	mis	spu	total	prec	recall	F1
4	0	0	2	0	6	1	0.67	0.8


Exact matching on group
cor	inc	par	mis	spu	total	prec	recall	F1
40	6	0	44	0	90	0.87	0.44	0.59


Exact matching on drug_n
cor	inc	par	mis	spu	total	prec	recall	F1
1	0	0	114	0	115	1	0.01	0.02


MACRO-AVERAGE MEASURES:
P	R	F1
0.94	0.48	0.56
________________________________________________________________________

