task9.1_d22btMDmNERaCRFw3d22btMDmNERaCRFw3m29 does not follow the convention file name for the task!

Strict matching (boundaries + type)
cor	inc	par	mis	spu	total	prec	recall	F1
180	62	0	140	46	382	0.62	0.47	0.54



Exact matching
cor	inc	par	mis	spu	total	prec	recall	F1
223	19	0	140	46	382	0.77	0.58	0.67



Partial matching
cor	inc	par	mis	spu	total	prec	recall	F1
223	0	19	140	46	382	0.77	0.61	0.68



type matching
cor	inc	par	mis	spu	total	prec	recall	F1
190	52	0	140	46	382	0.66	0.5	0.57



SCORES FOR ENTITY TYPE
Exact matching on drug
cor	inc	par	mis	spu	total	prec	recall	F1
134	4	0	33	22	171	0.84	0.78	0.81


Exact matching on brand
cor	inc	par	mis	spu	total	prec	recall	F1
3	0	0	3	1	6	0.75	0.5	0.6


Exact matching on group
cor	inc	par	mis	spu	total	prec	recall	F1
42	6	0	42	2	90	0.84	0.47	0.6


Exact matching on drug_n
cor	inc	par	mis	spu	total	prec	recall	F1
1	0	0	114	0	115	1	0.01	0.02


MACRO-AVERAGE MEASURES:
P	R	F1
0.86	0.44	0.51
________________________________________________________________________

