task9.1_d22btMDmNERaCRFw3d22btMDmNERaCRFw3m11 does not follow the convention file name for the task!

Strict matching (boundaries + type)
cor	inc	par	mis	spu	total	prec	recall	F1
182	62	0	138	42	382	0.64	0.48	0.54



Exact matching
cor	inc	par	mis	spu	total	prec	recall	F1
224	20	0	138	42	382	0.78	0.59	0.67



Partial matching
cor	inc	par	mis	spu	total	prec	recall	F1
224	0	20	138	42	382	0.78	0.61	0.69



type matching
cor	inc	par	mis	spu	total	prec	recall	F1
192	52	0	138	42	382	0.67	0.5	0.57



SCORES FOR ENTITY TYPE
Exact matching on drug
cor	inc	par	mis	spu	total	prec	recall	F1
137	3	0	31	19	171	0.86	0.8	0.83


Exact matching on brand
cor	inc	par	mis	spu	total	prec	recall	F1
4	0	0	2	0	6	1	0.67	0.8


Exact matching on group
cor	inc	par	mis	spu	total	prec	recall	F1
40	7	0	43	1	90	0.83	0.44	0.58


Exact matching on drug_n
cor	inc	par	mis	spu	total	prec	recall	F1
1	0	0	114	1	115	0.5	0.01	0.02


MACRO-AVERAGE MEASURES:
P	R	F1
0.8	0.48	0.56
________________________________________________________________________

