task9.1_d22btDBmNERaCRFw3d22btDBmNERaCRFw3m0 does not follow the convention file name for the task!

Strict matching (boundaries + type)
cor	inc	par	mis	spu	total	prec	recall	F1
241	18	0	45	14	304	0.88	0.79	0.84



Exact matching
cor	inc	par	mis	spu	total	prec	recall	F1
245	14	0	45	14	304	0.9	0.81	0.85



Partial matching
cor	inc	par	mis	spu	total	prec	recall	F1
245	0	14	45	14	304	0.9	0.83	0.86



type matching
cor	inc	par	mis	spu	total	prec	recall	F1
252	7	0	45	14	304	0.92	0.83	0.87



SCORES FOR ENTITY TYPE
Exact matching on drug
cor	inc	par	mis	spu	total	prec	recall	F1
159	5	0	16	5	180	0.94	0.88	0.91


Exact matching on brand
cor	inc	par	mis	spu	total	prec	recall	F1
37	0	0	16	1	53	0.97	0.7	0.81


Exact matching on group
cor	inc	par	mis	spu	total	prec	recall	F1
45	6	0	14	8	65	0.76	0.69	0.73


Exact matching on drug_n
cor	inc	par	mis	spu	total	prec	recall	F1
0	0	0	6	0	6	0	0	0


MACRO-AVERAGE MEASURES:
P	R	F1
0.67	0.57	0.61
________________________________________________________________________

