task9.1_d22btDBmNERaCRFw3d22btDBmNERaCRFw3m6 does not follow the convention file name for the task!

Strict matching (boundaries + type)
cor	inc	par	mis	spu	total	prec	recall	F1
243	16	0	45	17	304	0.88	0.8	0.84



Exact matching
cor	inc	par	mis	spu	total	prec	recall	F1
245	14	0	45	17	304	0.89	0.81	0.84



Partial matching
cor	inc	par	mis	spu	total	prec	recall	F1
245	0	14	45	17	304	0.89	0.83	0.86



type matching
cor	inc	par	mis	spu	total	prec	recall	F1
253	6	0	45	17	304	0.92	0.83	0.87



SCORES FOR ENTITY TYPE
Exact matching on drug
cor	inc	par	mis	spu	total	prec	recall	F1
158	6	0	16	6	180	0.93	0.88	0.9


Exact matching on brand
cor	inc	par	mis	spu	total	prec	recall	F1
36	0	0	17	2	53	0.95	0.68	0.79


Exact matching on group
cor	inc	par	mis	spu	total	prec	recall	F1
49	5	0	11	8	65	0.79	0.75	0.77


Exact matching on drug_n
cor	inc	par	mis	spu	total	prec	recall	F1
0	0	0	6	0	6	0	0	0


MACRO-AVERAGE MEASURES:
P	R	F1
0.67	0.58	0.62
________________________________________________________________________

