task9.1_d20tMXmNWEaCRFd20tMXmNWEaCRFmod057 does not follow the convention file name for the task!

Strict matching (boundaries + type)
cor	inc	par	mis	spu	total	prec	recall	F1
253	17	0	34	18	304	0.88	0.83	0.85



Exact matching
cor	inc	par	mis	spu	total	prec	recall	F1
258	12	0	34	18	304	0.9	0.85	0.87



Partial matching
cor	inc	par	mis	spu	total	prec	recall	F1
258	0	12	34	18	304	0.9	0.87	0.88



type matching
cor	inc	par	mis	spu	total	prec	recall	F1
261	9	0	34	18	304	0.91	0.86	0.88



SCORES FOR ENTITY TYPE
Exact matching on drug
cor	inc	par	mis	spu	total	prec	recall	F1
159	5	0	16	5	180	0.94	0.88	0.91


Exact matching on brand
cor	inc	par	mis	spu	total	prec	recall	F1
38	0	0	15	3	53	0.93	0.72	0.81


Exact matching on group
cor	inc	par	mis	spu	total	prec	recall	F1
56	3	0	6	9	65	0.82	0.86	0.84


Exact matching on drug_n
cor	inc	par	mis	spu	total	prec	recall	F1
0	0	0	6	0	6	0	0	0


MACRO-AVERAGE MEASURES:
P	R	F1
0.67	0.62	0.64
________________________________________________________________________

