task9.1_d22btMDmNERaCRFw5d22btMDmNERaCRFw5m49 does not follow the convention file name for the task!

Strict matching (boundaries + type)
cor	inc	par	mis	spu	total	prec	recall	F1
173	60	0	149	50	382	0.61	0.45	0.52



Exact matching
cor	inc	par	mis	spu	total	prec	recall	F1
215	18	0	149	50	382	0.76	0.56	0.65



Partial matching
cor	inc	par	mis	spu	total	prec	recall	F1
215	0	18	149	50	382	0.76	0.59	0.66



type matching
cor	inc	par	mis	spu	total	prec	recall	F1
182	51	0	149	50	382	0.64	0.48	0.55



SCORES FOR ENTITY TYPE
Exact matching on drug
cor	inc	par	mis	spu	total	prec	recall	F1
137	3	0	31	23	171	0.84	0.8	0.82


Exact matching on brand
cor	inc	par	mis	spu	total	prec	recall	F1
3	0	0	3	0	6	1	0.5	0.67


Exact matching on group
cor	inc	par	mis	spu	total	prec	recall	F1
32	6	0	52	2	90	0.8	0.36	0.49


Exact matching on drug_n
cor	inc	par	mis	spu	total	prec	recall	F1
1	0	0	114	0	115	1	0.01	0.02


MACRO-AVERAGE MEASURES:
P	R	F1
0.91	0.42	0.5
________________________________________________________________________

