task9.1_d22btDBmNERaCRFw1d22btDBmNERaCRFw1m40 does not follow the convention file name for the task!

Strict matching (boundaries + type)
cor	inc	par	mis	spu	total	prec	recall	F1
246	17	0	41	12	304	0.89	0.81	0.85



Exact matching
cor	inc	par	mis	spu	total	prec	recall	F1
250	13	0	41	12	304	0.91	0.82	0.86



Partial matching
cor	inc	par	mis	spu	total	prec	recall	F1
250	0	13	41	12	304	0.91	0.84	0.88



type matching
cor	inc	par	mis	spu	total	prec	recall	F1
256	7	0	41	12	304	0.93	0.84	0.88



SCORES FOR ENTITY TYPE
Exact matching on drug
cor	inc	par	mis	spu	total	prec	recall	F1
157	6	0	17	5	180	0.93	0.87	0.9


Exact matching on brand
cor	inc	par	mis	spu	total	prec	recall	F1
37	0	0	16	2	53	0.95	0.7	0.8


Exact matching on group
cor	inc	par	mis	spu	total	prec	recall	F1
52	4	0	9	7	65	0.83	0.8	0.81


Exact matching on drug_n
cor	inc	par	mis	spu	total	prec	recall	F1
0	0	0	6	0	6	0	0	0


MACRO-AVERAGE MEASURES:
P	R	F1
0.68	0.59	0.63
________________________________________________________________________

