task9.1_d22btDBmNERaCRFw1d22btDBmNERaCRFw1m55 does not follow the convention file name for the task!

Strict matching (boundaries + type)
cor	inc	par	mis	spu	total	prec	recall	F1
242	15	0	47	11	304	0.9	0.8	0.85



Exact matching
cor	inc	par	mis	spu	total	prec	recall	F1
246	11	0	47	11	304	0.92	0.81	0.86



Partial matching
cor	inc	par	mis	spu	total	prec	recall	F1
246	0	11	47	11	304	0.92	0.83	0.87



type matching
cor	inc	par	mis	spu	total	prec	recall	F1
250	7	0	47	11	304	0.93	0.82	0.87



SCORES FOR ENTITY TYPE
Exact matching on drug
cor	inc	par	mis	spu	total	prec	recall	F1
157	6	0	17	5	180	0.93	0.87	0.9


Exact matching on brand
cor	inc	par	mis	spu	total	prec	recall	F1
35	0	0	18	2	53	0.95	0.66	0.78


Exact matching on group
cor	inc	par	mis	spu	total	prec	recall	F1
50	2	0	13	6	65	0.86	0.77	0.81


Exact matching on drug_n
cor	inc	par	mis	spu	total	prec	recall	F1
0	0	0	6	0	6	0	0	0


MACRO-AVERAGE MEASURES:
P	R	F1
0.69	0.58	0.62
________________________________________________________________________

