task9.1_d20tMDmNERaCRFw5d20tMDmNERaCRFw5mod056 does not follow the convention file name for the task!

Strict matching (boundaries + type)
cor	inc	par	mis	spu	total	prec	recall	F1
199	60	0	123	40	382	0.67	0.52	0.58



Exact matching
cor	inc	par	mis	spu	total	prec	recall	F1
240	19	0	123	40	382	0.8	0.63	0.7



Partial matching
cor	inc	par	mis	spu	total	prec	recall	F1
240	0	19	123	40	382	0.8	0.65	0.72



type matching
cor	inc	par	mis	spu	total	prec	recall	F1
209	50	0	123	40	382	0.7	0.55	0.61



SCORES FOR ENTITY TYPE
Exact matching on drug
cor	inc	par	mis	spu	total	prec	recall	F1
137	3	0	31	19	171	0.86	0.8	0.83


Exact matching on brand
cor	inc	par	mis	spu	total	prec	recall	F1
3	0	0	3	0	6	1	0.5	0.67


Exact matching on group
cor	inc	par	mis	spu	total	prec	recall	F1
56	7	0	27	1	90	0.88	0.62	0.73


Exact matching on drug_n
cor	inc	par	mis	spu	total	prec	recall	F1
3	0	0	112	1	115	0.75	0.03	0.05


MACRO-AVERAGE MEASURES:
P	R	F1
0.87	0.49	0.57
________________________________________________________________________

