task9.1_d20tMXmNWEaCRFd20tMXmNWEaCRFmod049 does not follow the convention file name for the task!

Strict matching (boundaries + type)
cor	inc	par	mis	spu	total	prec	recall	F1
249	21	0	34	19	304	0.86	0.82	0.84



Exact matching
cor	inc	par	mis	spu	total	prec	recall	F1
255	15	0	34	19	304	0.88	0.84	0.86



Partial matching
cor	inc	par	mis	spu	total	prec	recall	F1
255	0	15	34	19	304	0.88	0.86	0.87



type matching
cor	inc	par	mis	spu	total	prec	recall	F1
261	9	0	34	19	304	0.9	0.86	0.88



SCORES FOR ENTITY TYPE
Exact matching on drug
cor	inc	par	mis	spu	total	prec	recall	F1
159	5	0	16	5	180	0.94	0.88	0.91


Exact matching on brand
cor	inc	par	mis	spu	total	prec	recall	F1
37	1	0	15	3	53	0.9	0.7	0.79


Exact matching on group
cor	inc	par	mis	spu	total	prec	recall	F1
53	6	0	6	10	65	0.77	0.82	0.79


Exact matching on drug_n
cor	inc	par	mis	spu	total	prec	recall	F1
0	0	0	6	0	6	0	0	0


MACRO-AVERAGE MEASURES:
P	R	F1
0.65	0.6	0.62
________________________________________________________________________

