task9.1_d22btDBmNERaCRFw3d22btDBmNERaCRFw3m20 does not follow the convention file name for the task!

Strict matching (boundaries + type)
cor	inc	par	mis	spu	total	prec	recall	F1
236	19	0	49	13	304	0.88	0.78	0.83



Exact matching
cor	inc	par	mis	spu	total	prec	recall	F1
242	13	0	49	13	304	0.9	0.8	0.85



Partial matching
cor	inc	par	mis	spu	total	prec	recall	F1
242	0	13	49	13	304	0.9	0.82	0.86



type matching
cor	inc	par	mis	spu	total	prec	recall	F1
247	8	0	49	13	304	0.92	0.81	0.86



SCORES FOR ENTITY TYPE
Exact matching on drug
cor	inc	par	mis	spu	total	prec	recall	F1
156	7	0	17	8	180	0.91	0.87	0.89


Exact matching on brand
cor	inc	par	mis	spu	total	prec	recall	F1
29	0	0	24	2	53	0.94	0.55	0.69


Exact matching on group
cor	inc	par	mis	spu	total	prec	recall	F1
51	4	0	10	6	65	0.84	0.78	0.81


Exact matching on drug_n
cor	inc	par	mis	spu	total	prec	recall	F1
0	0	0	6	0	6	0	0	0


MACRO-AVERAGE MEASURES:
P	R	F1
0.67	0.55	0.6
________________________________________________________________________

