task9.1_d20tMDmNERaCRFw3d20tMDmNERaCRFw3mod027 does not follow the convention file name for the task!

Strict matching (boundaries + type)
cor	inc	par	mis	spu	total	prec	recall	F1
178	49	0	155	30	382	0.69	0.47	0.56



Exact matching
cor	inc	par	mis	spu	total	prec	recall	F1
207	20	0	155	30	382	0.81	0.54	0.65



Partial matching
cor	inc	par	mis	spu	total	prec	recall	F1
207	0	20	155	30	382	0.81	0.57	0.67



type matching
cor	inc	par	mis	spu	total	prec	recall	F1
187	40	0	155	30	382	0.73	0.49	0.59



SCORES FOR ENTITY TYPE
Exact matching on drug
cor	inc	par	mis	spu	total	prec	recall	F1
103	3	0	65	17	171	0.84	0.6	0.7


Exact matching on brand
cor	inc	par	mis	spu	total	prec	recall	F1
5	0	0	1	0	6	1	0.83	0.91


Exact matching on group
cor	inc	par	mis	spu	total	prec	recall	F1
65	7	0	18	1	90	0.89	0.72	0.8


Exact matching on drug_n
cor	inc	par	mis	spu	total	prec	recall	F1
5	0	0	110	0	115	1	0.04	0.08


MACRO-AVERAGE MEASURES:
P	R	F1
0.93	0.55	0.62
________________________________________________________________________

