task9.1_d22btMDmNERaCRFw3d22btMDmNERaCRFw3m36 does not follow the convention file name for the task!

Strict matching (boundaries + type)
cor	inc	par	mis	spu	total	prec	recall	F1
177	71	0	134	47	382	0.6	0.46	0.52



Exact matching
cor	inc	par	mis	spu	total	prec	recall	F1
222	26	0	134	47	382	0.75	0.58	0.66



Partial matching
cor	inc	par	mis	spu	total	prec	recall	F1
222	0	26	134	47	382	0.75	0.62	0.68



type matching
cor	inc	par	mis	spu	total	prec	recall	F1
191	57	0	134	47	382	0.65	0.5	0.56



SCORES FOR ENTITY TYPE
Exact matching on drug
cor	inc	par	mis	spu	total	prec	recall	F1
133	5	0	33	23	171	0.83	0.78	0.8


Exact matching on brand
cor	inc	par	mis	spu	total	prec	recall	F1
4	0	0	2	0	6	1	0.67	0.8


Exact matching on group
cor	inc	par	mis	spu	total	prec	recall	F1
39	8	0	43	2	90	0.8	0.43	0.56


Exact matching on drug_n
cor	inc	par	mis	spu	total	prec	recall	F1
1	1	0	113	0	115	0.5	0.01	0.02


MACRO-AVERAGE MEASURES:
P	R	F1
0.78	0.47	0.54
________________________________________________________________________

