task9.1_d20tMDmNERaCRFw3d20tMDmNERaCRFw3mod023 does not follow the convention file name for the task!

Strict matching (boundaries + type)
cor	inc	par	mis	spu	total	prec	recall	F1
167	52	0	163	30	382	0.67	0.44	0.53



Exact matching
cor	inc	par	mis	spu	total	prec	recall	F1
203	16	0	163	30	382	0.82	0.53	0.64



Partial matching
cor	inc	par	mis	spu	total	prec	recall	F1
203	0	16	163	30	382	0.82	0.55	0.66



type matching
cor	inc	par	mis	spu	total	prec	recall	F1
177	42	0	163	30	382	0.71	0.46	0.56



SCORES FOR ENTITY TYPE
Exact matching on drug
cor	inc	par	mis	spu	total	prec	recall	F1
101	3	0	67	19	171	0.82	0.59	0.69


Exact matching on brand
cor	inc	par	mis	spu	total	prec	recall	F1
4	0	0	2	0	6	1	0.67	0.8


Exact matching on group
cor	inc	par	mis	spu	total	prec	recall	F1
60	7	0	23	1	90	0.88	0.67	0.76


Exact matching on drug_n
cor	inc	par	mis	spu	total	prec	recall	F1
2	0	0	113	1	115	0.67	0.02	0.03


MACRO-AVERAGE MEASURES:
P	R	F1
0.84	0.49	0.57
________________________________________________________________________

