task9.1_d22btMDmNERaCRFw2d22btMDmNERaCRFw2m40 does not follow the convention file name for the task!

Strict matching (boundaries + type)
cor	inc	par	mis	spu	total	prec	recall	F1
179	63	0	140	38	382	0.64	0.47	0.54



Exact matching
cor	inc	par	mis	spu	total	prec	recall	F1
223	19	0	140	38	382	0.8	0.58	0.67



Partial matching
cor	inc	par	mis	spu	total	prec	recall	F1
223	0	19	140	38	382	0.8	0.61	0.69



type matching
cor	inc	par	mis	spu	total	prec	recall	F1
189	53	0	140	38	382	0.68	0.49	0.57



SCORES FOR ENTITY TYPE
Exact matching on drug
cor	inc	par	mis	spu	total	prec	recall	F1
133	3	0	35	22	171	0.84	0.78	0.81


Exact matching on brand
cor	inc	par	mis	spu	total	prec	recall	F1
4	0	0	2	0	6	1	0.67	0.8


Exact matching on group
cor	inc	par	mis	spu	total	prec	recall	F1
41	6	0	43	0	90	0.87	0.46	0.6


Exact matching on drug_n
cor	inc	par	mis	spu	total	prec	recall	F1
1	1	0	113	2	115	0.25	0.01	0.02


MACRO-AVERAGE MEASURES:
P	R	F1
0.74	0.48	0.56
________________________________________________________________________

