task9.1_d22btMDmNERaCRFw3d22btMDmNERaCRFw3m28 does not follow the convention file name for the task!

Strict matching (boundaries + type)
cor	inc	par	mis	spu	total	prec	recall	F1
177	61	0	144	51	382	0.61	0.46	0.53



Exact matching
cor	inc	par	mis	spu	total	prec	recall	F1
220	18	0	144	51	382	0.76	0.58	0.66



Partial matching
cor	inc	par	mis	spu	total	prec	recall	F1
220	0	18	144	51	382	0.76	0.6	0.67



type matching
cor	inc	par	mis	spu	total	prec	recall	F1
186	52	0	144	51	382	0.64	0.49	0.55



SCORES FOR ENTITY TYPE
Exact matching on drug
cor	inc	par	mis	spu	total	prec	recall	F1
133	3	0	35	24	171	0.83	0.78	0.8


Exact matching on brand
cor	inc	par	mis	spu	total	prec	recall	F1
3	0	0	3	1	6	0.75	0.5	0.6


Exact matching on group
cor	inc	par	mis	spu	total	prec	recall	F1
40	6	0	44	2	90	0.83	0.44	0.58


Exact matching on drug_n
cor	inc	par	mis	spu	total	prec	recall	F1
1	0	0	114	1	115	0.5	0.01	0.02


MACRO-AVERAGE MEASURES:
P	R	F1
0.73	0.43	0.5
________________________________________________________________________

