task9.1_d22btDBmNERaCRFw1d22btDBmNERaCRFw1m16 does not follow the convention file name for the task!

Strict matching (boundaries + type)
cor	inc	par	mis	spu	total	prec	recall	F1
246	12	0	46	13	304	0.91	0.81	0.86



Exact matching
cor	inc	par	mis	spu	total	prec	recall	F1
250	8	0	46	13	304	0.92	0.82	0.87



Partial matching
cor	inc	par	mis	spu	total	prec	recall	F1
250	0	8	46	13	304	0.92	0.84	0.88



type matching
cor	inc	par	mis	spu	total	prec	recall	F1
252	6	0	46	13	304	0.93	0.83	0.88



SCORES FOR ENTITY TYPE
Exact matching on drug
cor	inc	par	mis	spu	total	prec	recall	F1
158	5	0	17	6	180	0.93	0.88	0.91


Exact matching on brand
cor	inc	par	mis	spu	total	prec	recall	F1
36	0	0	17	2	53	0.95	0.68	0.79


Exact matching on group
cor	inc	par	mis	spu	total	prec	recall	F1
52	1	0	12	4	65	0.91	0.8	0.85


Exact matching on drug_n
cor	inc	par	mis	spu	total	prec	recall	F1
0	0	0	6	0	6	0	0	0


MACRO-AVERAGE MEASURES:
P	R	F1
0.7	0.59	0.64
________________________________________________________________________

