task9.1_d20tMDmNERaCRFw3d20tMDmNERaCRFw3mod004 does not follow the convention file name for the task!

Strict matching (boundaries + type)
cor	inc	par	mis	spu	total	prec	recall	F1
145	24	0	213	15	382	0.79	0.38	0.51



Exact matching
cor	inc	par	mis	spu	total	prec	recall	F1
158	11	0	213	15	382	0.86	0.41	0.56



Partial matching
cor	inc	par	mis	spu	total	prec	recall	F1
158	0	11	213	15	382	0.86	0.43	0.57



type matching
cor	inc	par	mis	spu	total	prec	recall	F1
153	16	0	213	15	382	0.83	0.4	0.54



SCORES FOR ENTITY TYPE
Exact matching on drug
cor	inc	par	mis	spu	total	prec	recall	F1
84	3	0	84	6	171	0.9	0.49	0.64


Exact matching on brand
cor	inc	par	mis	spu	total	prec	recall	F1
2	0	0	4	0	6	1	0.33	0.5


Exact matching on group
cor	inc	par	mis	spu	total	prec	recall	F1
56	6	0	28	0	90	0.9	0.62	0.74


Exact matching on drug_n
cor	inc	par	mis	spu	total	prec	recall	F1
3	0	0	112	1	115	0.75	0.03	0.05


MACRO-AVERAGE MEASURES:
P	R	F1
0.89	0.37	0.48
________________________________________________________________________

