task9.1_d20tMDmNERaCRFw5d20tMDmNERaCRFw5mod051 does not follow the convention file name for the task!

Strict matching (boundaries + type)
cor	inc	par	mis	spu	total	prec	recall	F1
205	57	0	120	32	382	0.7	0.54	0.61



Exact matching
cor	inc	par	mis	spu	total	prec	recall	F1
243	19	0	120	32	382	0.83	0.64	0.72



Partial matching
cor	inc	par	mis	spu	total	prec	recall	F1
243	0	19	120	32	382	0.83	0.66	0.73



type matching
cor	inc	par	mis	spu	total	prec	recall	F1
215	47	0	120	32	382	0.73	0.56	0.64



SCORES FOR ENTITY TYPE
Exact matching on drug
cor	inc	par	mis	spu	total	prec	recall	F1
137	3	0	31	17	171	0.87	0.8	0.84


Exact matching on brand
cor	inc	par	mis	spu	total	prec	recall	F1
3	0	0	3	0	6	1	0.5	0.67


Exact matching on group
cor	inc	par	mis	spu	total	prec	recall	F1
61	7	0	22	0	90	0.9	0.68	0.77


Exact matching on drug_n
cor	inc	par	mis	spu	total	prec	recall	F1
4	0	0	111	0	115	1	0.03	0.07


MACRO-AVERAGE MEASURES:
P	R	F1
0.94	0.5	0.59
________________________________________________________________________

