task9.1_d20tMDmNERaCRFw5d20tMDmNERaCRFw5mod050 does not follow the convention file name for the task!

Strict matching (boundaries + type)
cor	inc	par	mis	spu	total	prec	recall	F1
192	57	0	133	42	382	0.66	0.5	0.57



Exact matching
cor	inc	par	mis	spu	total	prec	recall	F1
232	17	0	133	42	382	0.8	0.61	0.69



Partial matching
cor	inc	par	mis	spu	total	prec	recall	F1
232	0	17	133	42	382	0.8	0.63	0.7



type matching
cor	inc	par	mis	spu	total	prec	recall	F1
203	46	0	133	42	382	0.7	0.53	0.6



SCORES FOR ENTITY TYPE
Exact matching on drug
cor	inc	par	mis	spu	total	prec	recall	F1
133	3	0	35	20	171	0.85	0.78	0.81


Exact matching on brand
cor	inc	par	mis	spu	total	prec	recall	F1
3	0	0	3	0	6	1	0.5	0.67


Exact matching on group
cor	inc	par	mis	spu	total	prec	recall	F1
53	7	0	30	0	90	0.88	0.59	0.71


Exact matching on drug_n
cor	inc	par	mis	spu	total	prec	recall	F1
3	1	0	111	0	115	0.75	0.03	0.05


MACRO-AVERAGE MEASURES:
P	R	F1
0.87	0.47	0.56
________________________________________________________________________

