task9.1_d22btMDmNERaCRFw3d22btMDmNERaCRFw3m46 does not follow the convention file name for the task!

Strict matching (boundaries + type)
cor	inc	par	mis	spu	total	prec	recall	F1
178	64	0	140	47	382	0.62	0.47	0.53



Exact matching
cor	inc	par	mis	spu	total	prec	recall	F1
223	19	0	140	47	382	0.77	0.58	0.66



Partial matching
cor	inc	par	mis	spu	total	prec	recall	F1
223	0	19	140	47	382	0.77	0.61	0.68



type matching
cor	inc	par	mis	spu	total	prec	recall	F1
188	54	0	140	47	382	0.65	0.49	0.56



SCORES FOR ENTITY TYPE
Exact matching on drug
cor	inc	par	mis	spu	total	prec	recall	F1
135	3	0	33	22	171	0.84	0.79	0.82


Exact matching on brand
cor	inc	par	mis	spu	total	prec	recall	F1
4	0	0	2	0	6	1	0.67	0.8


Exact matching on group
cor	inc	par	mis	spu	total	prec	recall	F1
38	7	0	45	2	90	0.81	0.42	0.55


Exact matching on drug_n
cor	inc	par	mis	spu	total	prec	recall	F1
1	0	0	114	0	115	1	0.01	0.02


MACRO-AVERAGE MEASURES:
P	R	F1
0.91	0.47	0.55
________________________________________________________________________

