task9.1_d20tMDmNERaCRFw5d20tMDmNERaCRFw5mod059 does not follow the convention file name for the task!

Strict matching (boundaries + type)
cor	inc	par	mis	spu	total	prec	recall	F1
193	60	0	129	39	382	0.66	0.51	0.57



Exact matching
cor	inc	par	mis	spu	total	prec	recall	F1
234	19	0	129	39	382	0.8	0.61	0.69



Partial matching
cor	inc	par	mis	spu	total	prec	recall	F1
234	0	19	129	39	382	0.8	0.64	0.71



type matching
cor	inc	par	mis	spu	total	prec	recall	F1
205	48	0	129	39	382	0.7	0.54	0.61



SCORES FOR ENTITY TYPE
Exact matching on drug
cor	inc	par	mis	spu	total	prec	recall	F1
133	4	0	34	18	171	0.86	0.78	0.82


Exact matching on brand
cor	inc	par	mis	spu	total	prec	recall	F1
3	0	0	3	0	6	1	0.5	0.67


Exact matching on group
cor	inc	par	mis	spu	total	prec	recall	F1
54	7	0	29	0	90	0.89	0.6	0.72


Exact matching on drug_n
cor	inc	par	mis	spu	total	prec	recall	F1
3	1	0	111	0	115	0.75	0.03	0.05


MACRO-AVERAGE MEASURES:
P	R	F1
0.87	0.48	0.56
________________________________________________________________________

