task9.1_d20tMXmNWEaCRFd20tMXmNWEaCRFmod029 does not follow the convention file name for the task!

Strict matching (boundaries + type)
cor	inc	par	mis	spu	total	prec	recall	F1
226	24	0	54	17	304	0.85	0.74	0.79



Exact matching
cor	inc	par	mis	spu	total	prec	recall	F1
233	17	0	54	17	304	0.87	0.77	0.82



Partial matching
cor	inc	par	mis	spu	total	prec	recall	F1
233	0	17	54	17	304	0.87	0.79	0.83



type matching
cor	inc	par	mis	spu	total	prec	recall	F1
237	13	0	54	17	304	0.89	0.78	0.83



SCORES FOR ENTITY TYPE
Exact matching on drug
cor	inc	par	mis	spu	total	prec	recall	F1
139	4	0	37	9	180	0.91	0.77	0.84


Exact matching on brand
cor	inc	par	mis	spu	total	prec	recall	F1
36	2	0	15	2	53	0.9	0.68	0.77


Exact matching on group
cor	inc	par	mis	spu	total	prec	recall	F1
51	6	0	8	9	65	0.77	0.78	0.78


Exact matching on drug_n
cor	inc	par	mis	spu	total	prec	recall	F1
0	0	0	6	0	6	0	0	0


MACRO-AVERAGE MEASURES:
P	R	F1
0.65	0.56	0.6
________________________________________________________________________

