task9.1_d20tMDmNERaCRFw5d20tMDmNERaCRFw5mod030 does not follow the convention file name for the task!

Strict matching (boundaries + type)
cor	inc	par	mis	spu	total	prec	recall	F1
140	33	0	209	20	382	0.73	0.37	0.49



Exact matching
cor	inc	par	mis	spu	total	prec	recall	F1
158	15	0	209	20	382	0.82	0.41	0.55



Partial matching
cor	inc	par	mis	spu	total	prec	recall	F1
158	0	15	209	20	382	0.82	0.43	0.57



type matching
cor	inc	par	mis	spu	total	prec	recall	F1
151	22	0	209	20	382	0.78	0.4	0.53



SCORES FOR ENTITY TYPE
Exact matching on drug
cor	inc	par	mis	spu	total	prec	recall	F1
82	5	0	84	7	171	0.87	0.48	0.62


Exact matching on brand
cor	inc	par	mis	spu	total	prec	recall	F1
2	0	0	4	0	6	1	0.33	0.5


Exact matching on group
cor	inc	par	mis	spu	total	prec	recall	F1
53	6	0	31	3	90	0.85	0.59	0.7


Exact matching on drug_n
cor	inc	par	mis	spu	total	prec	recall	F1
3	1	0	111	0	115	0.75	0.03	0.05


MACRO-AVERAGE MEASURES:
P	R	F1
0.87	0.36	0.47
________________________________________________________________________

