task9.1_d20tMDmNERaCRFw3d20tMDmNERaCRFw3mod053 does not follow the convention file name for the task!

Strict matching (boundaries + type)
cor	inc	par	mis	spu	total	prec	recall	F1
200	59	0	123	39	382	0.67	0.52	0.59



Exact matching
cor	inc	par	mis	spu	total	prec	recall	F1
239	20	0	123	39	382	0.8	0.63	0.7



Partial matching
cor	inc	par	mis	spu	total	prec	recall	F1
239	0	20	123	39	382	0.8	0.65	0.72



type matching
cor	inc	par	mis	spu	total	prec	recall	F1
210	49	0	123	39	382	0.7	0.55	0.62



SCORES FOR ENTITY TYPE
Exact matching on drug
cor	inc	par	mis	spu	total	prec	recall	F1
135	4	0	32	18	171	0.86	0.79	0.82


Exact matching on brand
cor	inc	par	mis	spu	total	prec	recall	F1
3	0	0	3	0	6	1	0.5	0.67


Exact matching on group
cor	inc	par	mis	spu	total	prec	recall	F1
59	6	0	25	1	90	0.89	0.66	0.76


Exact matching on drug_n
cor	inc	par	mis	spu	total	prec	recall	F1
3	0	0	112	1	115	0.75	0.03	0.05


MACRO-AVERAGE MEASURES:
P	R	F1
0.88	0.49	0.57
________________________________________________________________________

