task9.1_d22btMDmNERaCRFw2d22btMDmNERaCRFw2m8 does not follow the convention file name for the task!

Strict matching (boundaries + type)
cor	inc	par	mis	spu	total	prec	recall	F1
182	65	0	135	40	382	0.63	0.48	0.54



Exact matching
cor	inc	par	mis	spu	total	prec	recall	F1
228	19	0	135	40	382	0.79	0.6	0.68



Partial matching
cor	inc	par	mis	spu	total	prec	recall	F1
228	0	19	135	40	382	0.79	0.62	0.7



type matching
cor	inc	par	mis	spu	total	prec	recall	F1
191	56	0	135	40	382	0.67	0.5	0.57



SCORES FOR ENTITY TYPE
Exact matching on drug
cor	inc	par	mis	spu	total	prec	recall	F1
133	3	0	35	19	171	0.86	0.78	0.82


Exact matching on brand
cor	inc	par	mis	spu	total	prec	recall	F1
3	0	0	3	1	6	0.75	0.5	0.6


Exact matching on group
cor	inc	par	mis	spu	total	prec	recall	F1
45	6	0	39	1	90	0.87	0.5	0.63


Exact matching on drug_n
cor	inc	par	mis	spu	total	prec	recall	F1
1	0	0	114	0	115	1	0.01	0.02


MACRO-AVERAGE MEASURES:
P	R	F1
0.87	0.45	0.52
________________________________________________________________________

