task9.1_d22btMDmNERaCRFw2d22btMDmNERaCRFw2m5 does not follow the convention file name for the task!

Strict matching (boundaries + type)
cor	inc	par	mis	spu	total	prec	recall	F1
184	59	0	139	43	382	0.64	0.48	0.55



Exact matching
cor	inc	par	mis	spu	total	prec	recall	F1
226	17	0	139	43	382	0.79	0.59	0.68



Partial matching
cor	inc	par	mis	spu	total	prec	recall	F1
226	0	17	139	43	382	0.79	0.61	0.69



type matching
cor	inc	par	mis	spu	total	prec	recall	F1
192	51	0	139	43	382	0.67	0.5	0.57



SCORES FOR ENTITY TYPE
Exact matching on drug
cor	inc	par	mis	spu	total	prec	recall	F1
131	3	0	37	16	171	0.87	0.77	0.82


Exact matching on brand
cor	inc	par	mis	spu	total	prec	recall	F1
3	0	0	3	1	6	0.75	0.5	0.6


Exact matching on group
cor	inc	par	mis	spu	total	prec	recall	F1
48	5	0	37	2	90	0.87	0.53	0.66


Exact matching on drug_n
cor	inc	par	mis	spu	total	prec	recall	F1
2	0	0	113	0	115	1	0.02	0.03


MACRO-AVERAGE MEASURES:
P	R	F1
0.87	0.45	0.53
________________________________________________________________________

