task9.1_d22btDBmNERaCRFw1d22btDBmNERaCRFw1m33 does not follow the convention file name for the task!

Strict matching (boundaries + type)
cor	inc	par	mis	spu	total	prec	recall	F1
243	14	0	47	10	304	0.91	0.8	0.85



Exact matching
cor	inc	par	mis	spu	total	prec	recall	F1
247	10	0	47	10	304	0.93	0.81	0.87



Partial matching
cor	inc	par	mis	spu	total	prec	recall	F1
247	0	10	47	10	304	0.93	0.83	0.87



type matching
cor	inc	par	mis	spu	total	prec	recall	F1
250	7	0	47	10	304	0.94	0.82	0.88



SCORES FOR ENTITY TYPE
Exact matching on drug
cor	inc	par	mis	spu	total	prec	recall	F1
159	5	0	16	5	180	0.94	0.88	0.91


Exact matching on brand
cor	inc	par	mis	spu	total	prec	recall	F1
35	0	0	18	2	53	0.95	0.66	0.78


Exact matching on group
cor	inc	par	mis	spu	total	prec	recall	F1
49	2	0	14	5	65	0.88	0.75	0.81


Exact matching on drug_n
cor	inc	par	mis	spu	total	prec	recall	F1
0	0	0	6	0	6	0	0	0


MACRO-AVERAGE MEASURES:
P	R	F1
0.69	0.57	0.62
________________________________________________________________________

