task9.1_crf01crf01m162 does not follow the convention file name for the task!

Strict matching (boundaries + type)
cor	inc	par	mis	spu	total	prec	recall	F1
444	85	0	157	56	686	0.76	0.65	0.7



Exact matching
cor	inc	par	mis	spu	total	prec	recall	F1
494	35	0	157	56	686	0.84	0.72	0.78



Partial matching
cor	inc	par	mis	spu	total	prec	recall	F1
494	0	35	157	56	686	0.84	0.75	0.79



type matching
cor	inc	par	mis	spu	total	prec	recall	F1
469	60	0	157	56	686	0.8	0.68	0.74



SCORES FOR ENTITY TYPE
Exact matching on drug
cor	inc	par	mis	spu	total	prec	recall	F1
292	12	0	47	20	351	0.9	0.83	0.87


Exact matching on brand
cor	inc	par	mis	spu	total	prec	recall	F1
42	2	0	15	2	59	0.91	0.71	0.8


Exact matching on group
cor	inc	par	mis	spu	total	prec	recall	F1
107	12	0	36	10	155	0.83	0.69	0.75


Exact matching on drug_n
cor	inc	par	mis	spu	total	prec	recall	F1
3	0	0	118	0	121	1	0.02	0.05


MACRO-AVERAGE MEASURES:
P	R	F1
0.91	0.56	0.62
________________________________________________________________________

