task9.1_d22btMDmNERaCRFw2d22btMDmNERaCRFw2m22 does not follow the convention file name for the task!

Strict matching (boundaries + type)
cor	inc	par	mis	spu	total	prec	recall	F1
186	61	0	135	37	382	0.65	0.49	0.56



Exact matching
cor	inc	par	mis	spu	total	prec	recall	F1
230	17	0	135	37	382	0.81	0.6	0.69



Partial matching
cor	inc	par	mis	spu	total	prec	recall	F1
230	0	17	135	37	382	0.81	0.62	0.71



type matching
cor	inc	par	mis	spu	total	prec	recall	F1
197	50	0	135	37	382	0.69	0.52	0.59



SCORES FOR ENTITY TYPE
Exact matching on drug
cor	inc	par	mis	spu	total	prec	recall	F1
138	4	0	29	21	171	0.85	0.81	0.83


Exact matching on brand
cor	inc	par	mis	spu	total	prec	recall	F1
4	0	0	2	0	6	1	0.67	0.8


Exact matching on group
cor	inc	par	mis	spu	total	prec	recall	F1
43	7	0	40	0	90	0.86	0.48	0.61


Exact matching on drug_n
cor	inc	par	mis	spu	total	prec	recall	F1
1	0	0	114	0	115	1	0.01	0.02


MACRO-AVERAGE MEASURES:
P	R	F1
0.93	0.49	0.56
________________________________________________________________________

