task9.1_d22btMDmNERaCRFw5d22btMDmNERaCRFw5m36 does not follow the convention file name for the task!

Strict matching (boundaries + type)
cor	inc	par	mis	spu	total	prec	recall	F1
177	63	0	142	53	382	0.6	0.46	0.52



Exact matching
cor	inc	par	mis	spu	total	prec	recall	F1
220	20	0	142	53	382	0.75	0.58	0.65



Partial matching
cor	inc	par	mis	spu	total	prec	recall	F1
220	0	20	142	53	382	0.75	0.6	0.67



type matching
cor	inc	par	mis	spu	total	prec	recall	F1
190	50	0	142	53	382	0.65	0.5	0.56



SCORES FOR ENTITY TYPE
Exact matching on drug
cor	inc	par	mis	spu	total	prec	recall	F1
135	4	0	32	25	171	0.82	0.79	0.81


Exact matching on brand
cor	inc	par	mis	spu	total	prec	recall	F1
4	0	0	2	1	6	0.8	0.67	0.73


Exact matching on group
cor	inc	par	mis	spu	total	prec	recall	F1
37	9	0	44	2	90	0.77	0.41	0.54


Exact matching on drug_n
cor	inc	par	mis	spu	total	prec	recall	F1
1	0	0	114	0	115	1	0.01	0.02


MACRO-AVERAGE MEASURES:
P	R	F1
0.85	0.47	0.52
________________________________________________________________________

