task9.1_d20tMXmNWEaCRFd20tMXmNWEaCRFmod006 does not follow the convention file name for the task!

Strict matching (boundaries + type)
cor	inc	par	mis	spu	total	prec	recall	F1
168	9	0	127	10	304	0.9	0.55	0.68



Exact matching
cor	inc	par	mis	spu	total	prec	recall	F1
171	6	0	127	10	304	0.91	0.56	0.7



Partial matching
cor	inc	par	mis	spu	total	prec	recall	F1
171	0	6	127	10	304	0.91	0.57	0.7



type matching
cor	inc	par	mis	spu	total	prec	recall	F1
173	4	0	127	10	304	0.93	0.57	0.7



SCORES FOR ENTITY TYPE
Exact matching on drug
cor	inc	par	mis	spu	total	prec	recall	F1
112	1	0	67	3	180	0.97	0.62	0.76


Exact matching on brand
cor	inc	par	mis	spu	total	prec	recall	F1
7	0	0	46	0	53	1	0.13	0.23


Exact matching on group
cor	inc	par	mis	spu	total	prec	recall	F1
49	4	0	12	5	65	0.84	0.75	0.8


Exact matching on drug_n
cor	inc	par	mis	spu	total	prec	recall	F1
0	0	0	6	0	6	0	0	0


MACRO-AVERAGE MEASURES:
P	R	F1
0.7	0.38	0.45
________________________________________________________________________

