task9.1_d22btMDmNERaCRFw5d22btMDmNERaCRFw5m5 does not follow the convention file name for the task!

Strict matching (boundaries + type)
cor	inc	par	mis	spu	total	prec	recall	F1
179	58	0	145	48	382	0.63	0.47	0.54



Exact matching
cor	inc	par	mis	spu	total	prec	recall	F1
221	16	0	145	48	382	0.78	0.58	0.66



Partial matching
cor	inc	par	mis	spu	total	prec	recall	F1
221	0	16	145	48	382	0.78	0.6	0.68



type matching
cor	inc	par	mis	spu	total	prec	recall	F1
189	48	0	145	48	382	0.66	0.49	0.57



SCORES FOR ENTITY TYPE
Exact matching on drug
cor	inc	par	mis	spu	total	prec	recall	F1
133	5	0	33	21	171	0.84	0.78	0.81


Exact matching on brand
cor	inc	par	mis	spu	total	prec	recall	F1
3	0	0	3	1	6	0.75	0.5	0.6


Exact matching on group
cor	inc	par	mis	spu	total	prec	recall	F1
41	4	0	45	2	90	0.87	0.46	0.6


Exact matching on drug_n
cor	inc	par	mis	spu	total	prec	recall	F1
2	1	0	112	1	115	0.5	0.02	0.03


MACRO-AVERAGE MEASURES:
P	R	F1
0.74	0.44	0.51
________________________________________________________________________

