task9.1_d22tDBmNERaCRFw1d22tDBmNERaCRFw1m4 does not follow the convention file name for the task!

Strict matching (boundaries + type)
cor	inc	par	mis	spu	total	prec	recall	F1
255	15	0	34	15	304	0.89	0.84	0.87



Exact matching
cor	inc	par	mis	spu	total	prec	recall	F1
260	10	0	34	15	304	0.91	0.86	0.88



Partial matching
cor	inc	par	mis	spu	total	prec	recall	F1
260	0	10	34	15	304	0.91	0.87	0.89



type matching
cor	inc	par	mis	spu	total	prec	recall	F1
262	8	0	34	15	304	0.92	0.86	0.89



SCORES FOR ENTITY TYPE
Exact matching on drug
cor	inc	par	mis	spu	total	prec	recall	F1
161	4	0	15	5	180	0.95	0.89	0.92


Exact matching on brand
cor	inc	par	mis	spu	total	prec	recall	F1
35	0	0	18	3	53	0.92	0.66	0.77


Exact matching on group
cor	inc	par	mis	spu	total	prec	recall	F1
59	3	0	3	7	65	0.86	0.91	0.88


Exact matching on drug_n
cor	inc	par	mis	spu	total	prec	recall	F1
0	0	0	6	0	6	0	0	0


MACRO-AVERAGE MEASURES:
P	R	F1
0.68	0.62	0.64
________________________________________________________________________

