task9.1_d22btDBmNERaCRFw3d22btDBmNERaCRFw3m19 does not follow the convention file name for the task!

Strict matching (boundaries + type)
cor	inc	par	mis	spu	total	prec	recall	F1
237	17	0	50	16	304	0.88	0.78	0.83



Exact matching
cor	inc	par	mis	spu	total	prec	recall	F1
241	13	0	50	16	304	0.89	0.79	0.84



Partial matching
cor	inc	par	mis	spu	total	prec	recall	F1
241	0	13	50	16	304	0.89	0.81	0.85



type matching
cor	inc	par	mis	spu	total	prec	recall	F1
248	6	0	50	16	304	0.92	0.82	0.86



SCORES FOR ENTITY TYPE
Exact matching on drug
cor	inc	par	mis	spu	total	prec	recall	F1
156	7	0	17	7	180	0.92	0.87	0.89


Exact matching on brand
cor	inc	par	mis	spu	total	prec	recall	F1
31	0	0	22	4	53	0.89	0.58	0.7


Exact matching on group
cor	inc	par	mis	spu	total	prec	recall	F1
50	4	0	11	5	65	0.85	0.77	0.81


Exact matching on drug_n
cor	inc	par	mis	spu	total	prec	recall	F1
0	0	0	6	0	6	0	0	0


MACRO-AVERAGE MEASURES:
P	R	F1
0.66	0.56	0.6
________________________________________________________________________

