task9.1_d20tMDmNERaCRFw5d20tMDmNERaCRFw5mod000b does not follow the convention file name for the task!

Strict matching (boundaries + type)
cor	inc	par	mis	spu	total	prec	recall	F1
143	38	0	201	23	382	0.7	0.37	0.49



Exact matching
cor	inc	par	mis	spu	total	prec	recall	F1
168	13	0	201	23	382	0.82	0.44	0.57



Partial matching
cor	inc	par	mis	spu	total	prec	recall	F1
168	0	13	201	23	382	0.82	0.46	0.59



type matching
cor	inc	par	mis	spu	total	prec	recall	F1
153	28	0	201	23	382	0.75	0.4	0.52



SCORES FOR ENTITY TYPE
Exact matching on drug
cor	inc	par	mis	spu	total	prec	recall	F1
93	3	0	75	13	171	0.85	0.54	0.66


Exact matching on brand
cor	inc	par	mis	spu	total	prec	recall	F1
3	0	0	3	0	6	1	0.5	0.67


Exact matching on group
cor	inc	par	mis	spu	total	prec	recall	F1
44	8	0	38	2	90	0.81	0.49	0.61


Exact matching on drug_n
cor	inc	par	mis	spu	total	prec	recall	F1
3	0	0	112	1	115	0.75	0.03	0.05


MACRO-AVERAGE MEASURES:
P	R	F1
0.85	0.39	0.5
________________________________________________________________________

