task9.1_d22btDBmNERaCRFw3d22btDBmNERaCRFw3m34 does not follow the convention file name for the task!

Strict matching (boundaries + type)
cor	inc	par	mis	spu	total	prec	recall	F1
244	17	0	43	13	304	0.89	0.8	0.84



Exact matching
cor	inc	par	mis	spu	total	prec	recall	F1
248	13	0	43	13	304	0.91	0.82	0.86



Partial matching
cor	inc	par	mis	spu	total	prec	recall	F1
248	0	13	43	13	304	0.91	0.84	0.87



type matching
cor	inc	par	mis	spu	total	prec	recall	F1
255	6	0	43	13	304	0.93	0.84	0.88



SCORES FOR ENTITY TYPE
Exact matching on drug
cor	inc	par	mis	spu	total	prec	recall	F1
156	7	0	17	7	180	0.92	0.87	0.89


Exact matching on brand
cor	inc	par	mis	spu	total	prec	recall	F1
37	0	0	16	2	53	0.95	0.7	0.8


Exact matching on group
cor	inc	par	mis	spu	total	prec	recall	F1
51	4	0	10	6	65	0.84	0.78	0.81


Exact matching on drug_n
cor	inc	par	mis	spu	total	prec	recall	F1
0	0	0	6	0	6	0	0	0


MACRO-AVERAGE MEASURES:
P	R	F1
0.68	0.59	0.63
________________________________________________________________________

