task9.1_d22btDBmNERaCRFw2d22btDBmNERaCRFw2m30 does not follow the convention file name for the task!

Strict matching (boundaries + type)
cor	inc	par	mis	spu	total	prec	recall	F1
247	17	0	40	14	304	0.89	0.81	0.85



Exact matching
cor	inc	par	mis	spu	total	prec	recall	F1
250	14	0	40	14	304	0.9	0.82	0.86



Partial matching
cor	inc	par	mis	spu	total	prec	recall	F1
250	0	14	40	14	304	0.9	0.85	0.87



type matching
cor	inc	par	mis	spu	total	prec	recall	F1
258	6	0	40	14	304	0.93	0.85	0.89



SCORES FOR ENTITY TYPE
Exact matching on drug
cor	inc	par	mis	spu	total	prec	recall	F1
158	6	0	16	7	180	0.92	0.88	0.9


Exact matching on brand
cor	inc	par	mis	spu	total	prec	recall	F1
39	0	0	14	2	53	0.95	0.74	0.83


Exact matching on group
cor	inc	par	mis	spu	total	prec	recall	F1
50	5	0	10	8	65	0.79	0.77	0.78


Exact matching on drug_n
cor	inc	par	mis	spu	total	prec	recall	F1
0	0	0	6	0	6	0	0	0


MACRO-AVERAGE MEASURES:
P	R	F1
0.67	0.6	0.63
________________________________________________________________________

