task9.1_d20tMXmNWEaCRFd20tMXmNWEaCRFmod013 does not follow the convention file name for the task!

Strict matching (boundaries + type)
cor	inc	par	mis	spu	total	prec	recall	F1
220	21	0	63	19	304	0.85	0.72	0.78



Exact matching
cor	inc	par	mis	spu	total	prec	recall	F1
230	11	0	63	19	304	0.88	0.76	0.82



Partial matching
cor	inc	par	mis	spu	total	prec	recall	F1
230	0	11	63	19	304	0.88	0.77	0.83



type matching
cor	inc	par	mis	spu	total	prec	recall	F1
227	14	0	63	19	304	0.87	0.75	0.8



SCORES FOR ENTITY TYPE
Exact matching on drug
cor	inc	par	mis	spu	total	prec	recall	F1
132	2	0	46	9	180	0.92	0.73	0.82


Exact matching on brand
cor	inc	par	mis	spu	total	prec	recall	F1
35	1	0	17	2	53	0.92	0.66	0.77


Exact matching on group
cor	inc	par	mis	spu	total	prec	recall	F1
53	4	0	8	9	65	0.8	0.82	0.81


Exact matching on drug_n
cor	inc	par	mis	spu	total	prec	recall	F1
0	0	0	6	0	6	0	0	0


MACRO-AVERAGE MEASURES:
P	R	F1
0.66	0.55	0.6
________________________________________________________________________

