task9.1_d22btDBmNERaCRFw2d22btDBmNERaCRFw2m28 does not follow the convention file name for the task!

Strict matching (boundaries + type)
cor	inc	par	mis	spu	total	prec	recall	F1
243	19	0	42	12	304	0.89	0.8	0.84



Exact matching
cor	inc	par	mis	spu	total	prec	recall	F1
248	14	0	42	12	304	0.91	0.82	0.86



Partial matching
cor	inc	par	mis	spu	total	prec	recall	F1
248	0	14	42	12	304	0.91	0.84	0.87



type matching
cor	inc	par	mis	spu	total	prec	recall	F1
254	8	0	42	12	304	0.93	0.84	0.88



SCORES FOR ENTITY TYPE
Exact matching on drug
cor	inc	par	mis	spu	total	prec	recall	F1
157	7	0	16	7	180	0.92	0.87	0.89


Exact matching on brand
cor	inc	par	mis	spu	total	prec	recall	F1
36	0	0	17	2	53	0.95	0.68	0.79


Exact matching on group
cor	inc	par	mis	spu	total	prec	recall	F1
50	4	0	11	6	65	0.83	0.77	0.8


Exact matching on drug_n
cor	inc	par	mis	spu	total	prec	recall	F1
0	0	0	6	0	6	0	0	0


MACRO-AVERAGE MEASURES:
P	R	F1
0.67	0.58	0.62
________________________________________________________________________

