task9.1_d22btMDmNERaCRFw2d22btMDmNERaCRFw2m1 does not follow the convention file name for the task!

Strict matching (boundaries + type)
cor	inc	par	mis	spu	total	prec	recall	F1
192	55	0	135	38	382	0.67	0.5	0.58



Exact matching
cor	inc	par	mis	spu	total	prec	recall	F1
231	16	0	135	38	382	0.81	0.6	0.69



Partial matching
cor	inc	par	mis	spu	total	prec	recall	F1
231	0	16	135	38	382	0.81	0.63	0.71



type matching
cor	inc	par	mis	spu	total	prec	recall	F1
201	46	0	135	38	382	0.71	0.53	0.6



SCORES FOR ENTITY TYPE
Exact matching on drug
cor	inc	par	mis	spu	total	prec	recall	F1
140	3	0	28	15	171	0.89	0.82	0.85


Exact matching on brand
cor	inc	par	mis	spu	total	prec	recall	F1
4	0	0	2	0	6	1	0.67	0.8


Exact matching on group
cor	inc	par	mis	spu	total	prec	recall	F1
47	5	0	38	0	90	0.9	0.52	0.66


Exact matching on drug_n
cor	inc	par	mis	spu	total	prec	recall	F1
1	1	0	113	1	115	0.33	0.01	0.02


MACRO-AVERAGE MEASURES:
P	R	F1
0.78	0.5	0.58
________________________________________________________________________

