task9.1_d22btMDmNERaCRFw5d22btMDmNERaCRFw5m15 does not follow the convention file name for the task!

Strict matching (boundaries + type)
cor	inc	par	mis	spu	total	prec	recall	F1
171	60	0	151	43	382	0.62	0.45	0.52



Exact matching
cor	inc	par	mis	spu	total	prec	recall	F1
212	19	0	151	43	382	0.77	0.55	0.65



Partial matching
cor	inc	par	mis	spu	total	prec	recall	F1
212	0	19	151	43	382	0.77	0.58	0.66



type matching
cor	inc	par	mis	spu	total	prec	recall	F1
182	49	0	151	43	382	0.66	0.48	0.55



SCORES FOR ENTITY TYPE
Exact matching on drug
cor	inc	par	mis	spu	total	prec	recall	F1
136	3	0	32	20	171	0.86	0.8	0.82


Exact matching on brand
cor	inc	par	mis	spu	total	prec	recall	F1
3	0	0	3	0	6	1	0.5	0.67


Exact matching on group
cor	inc	par	mis	spu	total	prec	recall	F1
31	7	0	52	2	90	0.78	0.34	0.48


Exact matching on drug_n
cor	inc	par	mis	spu	total	prec	recall	F1
1	1	0	113	0	115	0.5	0.01	0.02


MACRO-AVERAGE MEASURES:
P	R	F1
0.78	0.41	0.5
________________________________________________________________________

