task9.1_d21tDBmNERaLSVMw3d21tDBmNERaLSVMw3m2 does not follow the convention file name for the task!

Strict matching (boundaries + type)
cor	inc	par	mis	spu	total	prec	recall	F1
181	49	0	74	33	304	0.69	0.6	0.64



Exact matching
cor	inc	par	mis	spu	total	prec	recall	F1
201	29	0	74	33	304	0.76	0.66	0.71



Partial matching
cor	inc	par	mis	spu	total	prec	recall	F1
201	0	29	74	33	304	0.76	0.71	0.74



type matching
cor	inc	par	mis	spu	total	prec	recall	F1
202	28	0	74	33	304	0.77	0.66	0.71



SCORES FOR ENTITY TYPE
Exact matching on drug
cor	inc	par	mis	spu	total	prec	recall	F1
111	6	0	63	19	180	0.82	0.62	0.7


Exact matching on brand
cor	inc	par	mis	spu	total	prec	recall	F1
30	2	0	21	3	53	0.86	0.57	0.68


Exact matching on group
cor	inc	par	mis	spu	total	prec	recall	F1
40	13	0	12	8	65	0.66	0.62	0.63


Exact matching on drug_n
cor	inc	par	mis	spu	total	prec	recall	F1
0	0	0	6	0	6	0	0	0


MACRO-AVERAGE MEASURES:
P	R	F1
0.58	0.45	0.5
________________________________________________________________________

