task9.1_d22btMDmNERaCRFw3d22btMDmNERaCRFw3m38 does not follow the convention file name for the task!

Strict matching (boundaries + type)
cor	inc	par	mis	spu	total	prec	recall	F1
175	67	0	140	53	382	0.59	0.46	0.52



Exact matching
cor	inc	par	mis	spu	total	prec	recall	F1
220	22	0	140	53	382	0.75	0.58	0.65



Partial matching
cor	inc	par	mis	spu	total	prec	recall	F1
220	0	22	140	53	382	0.75	0.6	0.67



type matching
cor	inc	par	mis	spu	total	prec	recall	F1
187	55	0	140	53	382	0.63	0.49	0.55



SCORES FOR ENTITY TYPE
Exact matching on drug
cor	inc	par	mis	spu	total	prec	recall	F1
132	4	0	35	24	171	0.82	0.77	0.8


Exact matching on brand
cor	inc	par	mis	spu	total	prec	recall	F1
3	0	0	3	0	6	1	0.5	0.67


Exact matching on group
cor	inc	par	mis	spu	total	prec	recall	F1
39	8	0	43	2	90	0.8	0.43	0.56


Exact matching on drug_n
cor	inc	par	mis	spu	total	prec	recall	F1
1	0	0	114	0	115	1	0.01	0.02


MACRO-AVERAGE MEASURES:
P	R	F1
0.91	0.43	0.51
________________________________________________________________________

