task9.1_d22btDBmNERaCRFw2d22btDBmNERaCRFw2m35 does not follow the convention file name for the task!

Strict matching (boundaries + type)
cor	inc	par	mis	spu	total	prec	recall	F1
238	19	0	47	11	304	0.89	0.78	0.83



Exact matching
cor	inc	par	mis	spu	total	prec	recall	F1
243	14	0	47	11	304	0.91	0.8	0.85



Partial matching
cor	inc	par	mis	spu	total	prec	recall	F1
243	0	14	47	11	304	0.91	0.82	0.86



type matching
cor	inc	par	mis	spu	total	prec	recall	F1
249	8	0	47	11	304	0.93	0.82	0.87



SCORES FOR ENTITY TYPE
Exact matching on drug
cor	inc	par	mis	spu	total	prec	recall	F1
158	6	0	16	6	180	0.93	0.88	0.9


Exact matching on brand
cor	inc	par	mis	spu	total	prec	recall	F1
33	0	0	20	1	53	0.97	0.62	0.76


Exact matching on group
cor	inc	par	mis	spu	total	prec	recall	F1
47	5	0	13	6	65	0.81	0.72	0.76


Exact matching on drug_n
cor	inc	par	mis	spu	total	prec	recall	F1
0	0	0	6	0	6	0	0	0


MACRO-AVERAGE MEASURES:
P	R	F1
0.68	0.56	0.61
________________________________________________________________________

