task9.1_d22btDBmNERaCRFw2d22btDBmNERaCRFw2m17 does not follow the convention file name for the task!

Strict matching (boundaries + type)
cor	inc	par	mis	spu	total	prec	recall	F1
235	17	0	52	16	304	0.88	0.77	0.82



Exact matching
cor	inc	par	mis	spu	total	prec	recall	F1
239	13	0	52	16	304	0.89	0.79	0.84



Partial matching
cor	inc	par	mis	spu	total	prec	recall	F1
239	0	13	52	16	304	0.89	0.81	0.85



type matching
cor	inc	par	mis	spu	total	prec	recall	F1
246	6	0	52	16	304	0.92	0.81	0.86



SCORES FOR ENTITY TYPE
Exact matching on drug
cor	inc	par	mis	spu	total	prec	recall	F1
156	7	0	17	8	180	0.91	0.87	0.89


Exact matching on brand
cor	inc	par	mis	spu	total	prec	recall	F1
31	0	0	22	2	53	0.94	0.58	0.72


Exact matching on group
cor	inc	par	mis	spu	total	prec	recall	F1
48	4	0	13	6	65	0.83	0.74	0.78


Exact matching on drug_n
cor	inc	par	mis	spu	total	prec	recall	F1
0	0	0	6	0	6	0	0	0


MACRO-AVERAGE MEASURES:
P	R	F1
0.67	0.55	0.6
________________________________________________________________________

