task9.1_d20tMDmNERaCRFw5d20tMDmNERaCRFw5mod028 does not follow the convention file name for the task!

Strict matching (boundaries + type)
cor	inc	par	mis	spu	total	prec	recall	F1
165	44	0	173	32	382	0.68	0.43	0.53



Exact matching
cor	inc	par	mis	spu	total	prec	recall	F1
193	16	0	173	32	382	0.8	0.51	0.62



Partial matching
cor	inc	par	mis	spu	total	prec	recall	F1
193	0	16	173	32	382	0.8	0.53	0.64



type matching
cor	inc	par	mis	spu	total	prec	recall	F1
176	33	0	173	32	382	0.73	0.46	0.57



SCORES FOR ENTITY TYPE
Exact matching on drug
cor	inc	par	mis	spu	total	prec	recall	F1
100	3	0	68	19	171	0.82	0.58	0.68


Exact matching on brand
cor	inc	par	mis	spu	total	prec	recall	F1
4	0	0	2	0	6	1	0.67	0.8


Exact matching on group
cor	inc	par	mis	spu	total	prec	recall	F1
59	8	0	23	0	90	0.88	0.66	0.75


Exact matching on drug_n
cor	inc	par	mis	spu	total	prec	recall	F1
2	0	0	113	1	115	0.67	0.02	0.03


MACRO-AVERAGE MEASURES:
P	R	F1
0.84	0.48	0.57
________________________________________________________________________

