task9.1_d20tMDmNERaCRFw5d20tMDmNERaCRFw5mod015 does not follow the convention file name for the task!

Strict matching (boundaries + type)
cor	inc	par	mis	spu	total	prec	recall	F1
158	41	0	183	23	382	0.71	0.41	0.52



Exact matching
cor	inc	par	mis	spu	total	prec	recall	F1
181	18	0	183	23	382	0.82	0.47	0.6



Partial matching
cor	inc	par	mis	spu	total	prec	recall	F1
181	0	18	183	23	382	0.82	0.5	0.62



type matching
cor	inc	par	mis	spu	total	prec	recall	F1
168	31	0	183	23	382	0.76	0.44	0.56



SCORES FOR ENTITY TYPE
Exact matching on drug
cor	inc	par	mis	spu	total	prec	recall	F1
91	3	0	77	16	171	0.83	0.53	0.65


Exact matching on brand
cor	inc	par	mis	spu	total	prec	recall	F1
4	0	0	2	0	6	1	0.67	0.8


Exact matching on group
cor	inc	par	mis	spu	total	prec	recall	F1
59	7	0	24	0	90	0.89	0.66	0.76


Exact matching on drug_n
cor	inc	par	mis	spu	total	prec	recall	F1
4	0	0	111	0	115	1	0.03	0.07


MACRO-AVERAGE MEASURES:
P	R	F1
0.93	0.47	0.57
________________________________________________________________________

