SCORES FOR the file: task9.1_ddi006ddi006m57.txt
Gold Dataset: /DrugBank

Partial Evaluation: only detection of DDI (regadless to the type)
tp	fp	fn	total	prec	recall	F1
393	243	491	884	0,6179	0,4446	0,5171


Detection and Classification of DDI
tp	fp	fn	total	prec	recall	F1
292	344	592	884	0,4591	0,3303	0,3842


________________________________________________________________________

SCORES FOR DDI TYPE
Scores for ddi with type mechanism
tp	fp	fn	total	prec	recall	F1
76	93	202	278	0,4497	0,2734	0,34


Scores for ddi with type effect
tp	fp	fn	total	prec	recall	F1
133	193	165	298	0,408	0,4463	0,4263


Scores for ddi with type advise
tp	fp	fn	total	prec	recall	F1
82	52	132	214	0,6119	0,3832	0,4713


Scores for ddi with type int
tp	fp	fn	total	prec	recall	F1
1	6	93	94	0,1429	0,0106	0,0198


MACRO-AVERAGE MEASURES:
	P	R	F1
	0,4031	0,2784	0,3293
________________________________________________________________________

