task9.1_d20tMXmNWEaCRFd20tMXmNWEaCRFmod054 does not follow the convention file name for the task!

Strict matching (boundaries + type)
cor	inc	par	mis	spu	total	prec	recall	F1
250	16	0	38	15	304	0.89	0.82	0.85



Exact matching
cor	inc	par	mis	spu	total	prec	recall	F1
255	11	0	38	15	304	0.91	0.84	0.87



Partial matching
cor	inc	par	mis	spu	total	prec	recall	F1
255	0	11	38	15	304	0.91	0.86	0.88



type matching
cor	inc	par	mis	spu	total	prec	recall	F1
259	7	0	38	15	304	0.92	0.85	0.89



SCORES FOR ENTITY TYPE
Exact matching on drug
cor	inc	par	mis	spu	total	prec	recall	F1
160	5	0	15	5	180	0.94	0.89	0.91


Exact matching on brand
cor	inc	par	mis	spu	total	prec	recall	F1
32	1	0	20	2	53	0.91	0.6	0.73


Exact matching on group
cor	inc	par	mis	spu	total	prec	recall	F1
58	3	0	4	7	65	0.85	0.89	0.87


Exact matching on drug_n
cor	inc	par	mis	spu	total	prec	recall	F1
0	0	0	6	0	6	0	0	0


MACRO-AVERAGE MEASURES:
P	R	F1
0.68	0.6	0.63
________________________________________________________________________

