task9.1_d22tDBmNERaCRFw5d22tDBmNERaCRFw5m8 does not follow the convention file name for the task!

Strict matching (boundaries + type)
cor	inc	par	mis	spu	total	prec	recall	F1
242	24	0	38	14	304	0.86	0.8	0.83



Exact matching
cor	inc	par	mis	spu	total	prec	recall	F1
248	18	0	38	14	304	0.89	0.82	0.85



Partial matching
cor	inc	par	mis	spu	total	prec	recall	F1
248	0	18	38	14	304	0.89	0.85	0.87



type matching
cor	inc	par	mis	spu	total	prec	recall	F1
255	11	0	38	14	304	0.91	0.84	0.87



SCORES FOR ENTITY TYPE
Exact matching on drug
cor	inc	par	mis	spu	total	prec	recall	F1
151	8	0	21	7	180	0.91	0.84	0.87


Exact matching on brand
cor	inc	par	mis	spu	total	prec	recall	F1
37	0	0	16	1	53	0.97	0.7	0.81


Exact matching on group
cor	inc	par	mis	spu	total	prec	recall	F1
54	5	0	6	5	65	0.84	0.83	0.84


Exact matching on drug_n
cor	inc	par	mis	spu	total	prec	recall	F1
0	0	0	6	0	6	0	0	0


MACRO-AVERAGE MEASURES:
P	R	F1
0.68	0.59	0.63
________________________________________________________________________

